writing to  sigma_00.3000/initial_guess.pkl
optimisation finished successfully after 94 iterations, 148 evaluations
optimisation finished successfully after 83 iterations, 128 evaluations
optimisation finished successfully after 12 iterations, 30 evaluations
optimisation finished successfully after 112 iterations, 167 evaluations
optimisation finished successfully after 21 iterations, 47 evaluations
optimisation finished successfully after 17 iterations, 41 evaluations
optimisation finished successfully after 30 iterations, 60 evaluations
optimisation finished successfully after 12 iterations, 33 evaluations
optimisation finished successfully after 9 iterations, 25 evaluations
optimisation finished successfully after 29 iterations, 60 evaluations
optimisation finished successfully after 10 iterations, 27 evaluations
0 index 8 pvalue 0.00011426533750402701
optimisation finished successfully after 16 iterations, 38 evaluations
optimisation finished successfully after 16 iterations, 38 evaluations
score (3, 11, 28.804791884760043)
1 index 6 pvalue 0.11208007423202537
optimisation finished successfully after 19 iterations, 39 evaluations
optimisation finished successfully after 18 iterations, 38 evaluations
optimisation finished successfully after 22 iterations, 45 evaluations
optimisation finished successfully after 21 iterations, 43 evaluations
score (3, 11, 28.804791884760043)
2 index 9 pvalue 0.01815031134292755
optimisation finished successfully after 17 iterations, 38 evaluations
optimisation finished successfully after 13 iterations, 31 evaluations
optimisation finished successfully after 12 iterations, 31 evaluations
score (3, 11, 28.804791884760043)
3 index 2 pvalue 0.34984491658670247
score (3, 11, 28.804791884760043)
optimisation finished successfully after 7 iterations, 19 evaluations
score (3, 10, 27.10203949690525)
destroy without percolating (3, 11, 28.804791884760043) (3, 10, 27.10203949690525)
score (3, 10, 27.10203949690525)
4 index 1 pvalue 0.2691640860946267
score (3, 10, 27.10203949690525)
optimisation finished successfully after 16 iterations, 30 evaluations
score (3, 9, 25.368346716894273)
destroy without percolating (3, 10, 27.10203949690525) (3, 9, 25.368346716894273)
score (3, 9, 25.368346716894273)
5 index 4 pvalue 0.11208007423202537
score (3, 9, 25.368346716894273)
optimisation finished successfully after 70 iterations, 107 evaluations
score (3, 8, 24.23195574283394)
destroy without percolating (3, 9, 25.368346716894273) (3, 8, 24.23195574283394)
score (3, 8, 24.23195574283394)
6 index 0 pvalue 0.010148457158125623
score (3, 8, 24.23195574283394)
optimisation finished successfully after 19 iterations, 36 evaluations
score (3, 9, 26.11824871316562)
create False (3, 8, 24.23195574283394) (3, 9, 26.11824871316562)
score (3, 8, 24.23195574283394)
7 index 1 pvalue 0.34112936626622786
score (3, 8, 24.23195574283394)
optimisation finished successfully after 80 iterations, 126 evaluations
score (3, 7, 24.206080224456826)
destroy without percolating (3, 8, 24.23195574283394) (3, 7, 24.206080224456826)
score (3, 7, 24.206080224456826)
8 index 0 pvalue 0.004215648486497914
score (3, 7, 24.206080224456826)
9 index 4 pvalue 0.0001137864127064292
optimisation finished successfully after 24 iterations, 50 evaluations
optimisation finished successfully after 21 iterations, 48 evaluations
optimisation finished successfully after 14 iterations, 36 evaluations
optimisation finished successfully after 12 iterations, 33 evaluations
score (3, 7, 24.206080224456826)
10 index 1 pvalue 0.21585265356458117
optimisation finished successfully after 53 iterations, 88 evaluations
optimisation finished successfully after 11 iterations, 27 evaluations
optimisation finished successfully after 14 iterations, 31 evaluations
optimisation finished successfully after 11 iterations, 25 evaluations
score (3, 7, 24.206080224456826)
11 index 0 pvalue 0.004215648486497914
score (3, 7, 24.206080224456826)
optimisation finished successfully after 20 iterations, 37 evaluations
score (3, 8, 25.65970789793556)
create False (3, 7, 24.206080224456826) (3, 8, 25.65970789793556)
score (3, 7, 24.206080224456826)
12 index 2 pvalue 0.18254766217332918
score (3, 7, 24.206080224456826)
optimisation finished successfully after 71 iterations, 112 evaluations
score (4, 6, 26.51245459387751)
optimisation finished successfully after 18 iterations, 41 evaluations
optimisation finished successfully after 26 iterations, 50 evaluations
optimisation finished successfully after 21 iterations, 44 evaluations
optimisation finished successfully after 31 iterations, 60 evaluations
score (4, 6, 25.90900506585725)
destroy False (3, 7, 24.206080224456826) (4, 6, 25.90900506585725)
score (3, 7, 24.206080224456826)
13 index 2 pvalue 0.18254766217332918
optimisation finished successfully after 15 iterations, 37 evaluations
optimisation finished successfully after 26 iterations, 46 evaluations
optimisation finished successfully after 22 iterations, 44 evaluations
score (3, 7, 24.206080224456826)
14 index 4 pvalue 0.0001137864127064292
score (3, 7, 24.206080224456826)
optimisation finished successfully after 127 iterations, 186 evaluations
optimisation finished successfully after 21 iterations, 44 evaluations
optimisation finished successfully after 22 iterations, 45 evaluations
optimisation finished successfully after 16 iterations, 40 evaluations
optimisation finished successfully after 18 iterations, 40 evaluations
score (4, 8, 26.421498200539688)
create False (3, 7, 24.206080224456826) (4, 8, 26.421498200539688)
score (3, 7, 24.206080224456826)
15 index 3 pvalue 0.08954892705930484
optimisation finished successfully after 19 iterations, 40 evaluations
optimisation finished successfully after 26 iterations, 52 evaluations
optimisation finished successfully after 16 iterations, 38 evaluations
optimisation finished successfully after 93 iterations, 146 evaluations
score (3, 7, 24.206080224456826)
16 index 2 pvalue 0.18254766217332918
optimisation finished successfully after 15 iterations, 37 evaluations
optimisation finished successfully after 26 iterations, 46 evaluations
optimisation finished successfully after 22 iterations, 44 evaluations
score (3, 7, 24.206080224456826)
17 index 0 pvalue 0.004215648486497914
score (3, 7, 24.206080224456826)
optimisation finished successfully after 20 iterations, 37 evaluations
score (3, 8, 25.65970789793556)
create False (3, 7, 24.206080224456826) (3, 8, 25.65970789793556)
score (3, 7, 24.206080224456826)
18 index 0 pvalue 0.004215648486497914
score (3, 7, 24.206080224456826)
19 index 0 pvalue 0.004215648486497914
score (3, 7, 24.206080224456826)
20 index 5 pvalue 0.01815031134292766
score (3, 7, 24.206080224456826)
optimisation finished successfully after 42 iterations, 73 evaluations
optimisation finished successfully after 49 iterations, 85 evaluations
optimisation finished successfully after 401 iterations, 573 evaluations
score (2, 8, 23.29052448803168)
create True (3, 7, 24.206080224456826) (2, 8, 23.29052448803168)
score (2, 8, 23.29052448803168)
21 index 0 pvalue 0.004215648486497914
score (2, 8, 23.29052448803168)
optimisation finished successfully after 20 iterations, 37 evaluations
score (2, 9, 24.744152161510414)
create False (2, 8, 23.29052448803168) (2, 9, 24.744152161510414)
score (2, 8, 23.29052448803168)
22 index 0 pvalue 0.004215648486497914
score (2, 8, 23.29052448803168)
23 index 6 pvalue 0.11956383324891195
score (2, 8, 23.29052448803168)
optimisation finished successfully after 37 iterations, 65 evaluations
score (3, 7, 24.295627237828)
score (3, 7, 24.295627237828)
destroy False (2, 8, 23.29052448803168) (3, 7, 24.295627237828)
score (2, 8, 23.29052448803168)
24 index 6 pvalue 0.11956383324891195
optimisation finished successfully after 26 iterations, 51 evaluations
optimisation finished successfully after 18 iterations, 40 evaluations
score (2, 8, 23.29052448803168)
25 index 3 pvalue 0.0911351392183698
score (2, 8, 23.29052448803168)
optimisation finished successfully after 130 iterations, 195 evaluations
score (2, 7, 20.509437365233723)
destroy without percolating (2, 8, 23.29052448803168) (2, 7, 20.509437365233723)
score (2, 7, 20.509437365233723)
26 index 2 pvalue 0.1276964730540754
optimisation finished successfully after 192 iterations, 286 evaluations
optimisation finished successfully after 72 iterations, 126 evaluations
optimisation finished successfully after 59 iterations, 100 evaluations
optimisation finished successfully after 48 iterations, 86 evaluations
optimisation finished successfully after 49 iterations, 88 evaluations
score (2, 7, 20.509437365233723)
27 index 3 pvalue 0.00012850121463814368
score (2, 7, 20.509437365233723)
optimisation finished successfully after 97 iterations, 151 evaluations
optimisation finished successfully after 74 iterations, 121 evaluations
optimisation finished successfully after 140 iterations, 203 evaluations
optimisation finished successfully after 55 iterations, 97 evaluations
optimisation finished successfully after 52 iterations, 88 evaluations
optimisation finished successfully after 47 iterations, 84 evaluations
score (3, 8, 22.004221244054683)
create False (2, 7, 20.509437365233723) (3, 8, 22.004221244054683)
score (2, 7, 20.509437365233723)
28 index 2 pvalue 0.1276964730540754
score (2, 7, 20.509437365233723)
optimisation finished successfully after 95 iterations, 151 evaluations
score (3, 6, 25.511617185601814)
optimisation finished successfully after 166 iterations, 242 evaluations
optimisation finished successfully after 545 iterations, 766 evaluations
optimisation finished successfully after 63 iterations, 105 evaluations
optimisation finished successfully after 39 iterations, 71 evaluations
score (3, 6, 24.262772856377044)
destroy False (2, 7, 20.509437365233723) (3, 6, 24.262772856377044)
score (2, 7, 20.509437365233723)
29 index 3 pvalue 0.00012850121463814368
optimisation finished successfully after 17 iterations, 39 evaluations
optimisation finished successfully after 22 iterations, 47 evaluations
optimisation finished successfully after 18 iterations, 41 evaluations
score (2, 7, 20.509437365233723)
30 index 1 pvalue 0.3039939052508936
score (2, 7, 20.509437365233723)
optimisation finished successfully after 37 iterations, 63 evaluations
score (3, 6, 33.586229299783945)
optimisation finished successfully after 412 iterations, 599 evaluations
optimisation finished successfully after 146 iterations, 221 evaluations
optimisation finished successfully after 65 iterations, 104 evaluations
optimisation finished successfully after 76 iterations, 122 evaluations
optimisation finished successfully after 38 iterations, 72 evaluations
optimisation finished successfully after 42 iterations, 77 evaluations
score (3, 6, 21.895889696367824)
destroy False (2, 7, 20.509437365233723) (3, 6, 21.895889696367824)
score (2, 7, 20.509437365233723)
31 index 2 pvalue 0.1276964730540754
score (2, 7, 20.509437365233723)
optimisation finished successfully after 95 iterations, 151 evaluations
score (3, 6, 25.511617185601814)
optimisation finished successfully after 166 iterations, 242 evaluations
optimisation finished successfully after 545 iterations, 766 evaluations
optimisation finished successfully after 63 iterations, 105 evaluations
optimisation finished successfully after 39 iterations, 71 evaluations
score (3, 6, 24.262772856377044)
destroy False (2, 7, 20.509437365233723) (3, 6, 24.262772856377044)
score (2, 7, 20.509437365233723)
32 index 3 pvalue 0.00012850121463814368
optimisation finished successfully after 17 iterations, 39 evaluations
optimisation finished successfully after 22 iterations, 47 evaluations
optimisation finished successfully after 18 iterations, 41 evaluations
score (2, 7, 20.509437365233723)
33 index 0 pvalue 0.005164119810297962
score (2, 7, 20.509437365233723)
optimisation finished successfully after 19 iterations, 34 evaluations
score (2, 8, 22.00022168307622)
create False (2, 7, 20.509437365233723) (2, 8, 22.00022168307622)
score (2, 7, 20.509437365233723)
34 index 4 pvalue 0.4020845390219926
score (2, 7, 20.509437365233723)
optimisation finished successfully after 212 iterations, 311 evaluations
score (2, 6, 19.42896753648387)
destroy without percolating (2, 7, 20.509437365233723) (2, 6, 19.42896753648387)
score (2, 6, 19.42896753648387)
35 index 1 pvalue 0.27601590469887105
optimisation finished successfully after 20 iterations, 36 evaluations
optimisation finished successfully after 13 iterations, 27 evaluations
optimisation finished successfully after 11 iterations, 27 evaluations
optimisation finished successfully after 11 iterations, 28 evaluations
score (2, 6, 19.42896753648387)
36 index 3 pvalue 4.895412579797309e-05
score (2, 6, 19.42896753648387)
optimisation finished successfully after 173 iterations, 269 evaluations
optimisation finished successfully after 44 iterations, 75 evaluations
optimisation finished successfully after 129 iterations, 189 evaluations
optimisation finished successfully after 34 iterations, 68 evaluations
optimisation finished successfully after 47 iterations, 81 evaluations
optimisation finished successfully after 38 iterations, 70 evaluations
score (3, 7, 21.447952064885722)
create False (2, 6, 19.42896753648387) (3, 7, 21.447952064885722)
score (2, 6, 19.42896753648387)
37 index 0 pvalue 0.005164119810297962
score (2, 6, 19.42896753648387)
optimisation finished successfully after 19 iterations, 34 evaluations
score (2, 7, 20.919751854326364)
create False (2, 6, 19.42896753648387) (2, 7, 20.919751854326364)
score (2, 6, 19.42896753648387)
38 index 4 pvalue 0.43047157949905784
score (2, 6, 19.42896753648387)
optimisation finished successfully after 94 iterations, 149 evaluations
score (2, 5, 20.155177146350354)
destroy without percolating (2, 6, 19.42896753648387) (2, 5, 20.155177146350354)
score (2, 5, 20.155177146350354)
39 index 3 pvalue 2.410020323373452e-05
score (2, 5, 20.155177146350354)
optimisation finished successfully after 279 iterations, 409 evaluations
optimisation finished successfully after 34 iterations, 71 evaluations
optimisation finished successfully after 35 iterations, 69 evaluations
score (3, 6, 24.350410804567414)
create False (2, 5, 20.155177146350354) (3, 6, 24.350410804567414)
score (2, 5, 20.155177146350354)
40 index 0 pvalue 0.005164119810297962
score (2, 5, 20.155177146350354)
optimisation finished successfully after 19 iterations, 34 evaluations
score (2, 6, 21.64596146419284)
create False (2, 5, 20.155177146350354) (2, 6, 21.64596146419284)
score (2, 5, 20.155177146350354)
41 index 1 pvalue 0.10893195365731478
score (2, 5, 20.155177146350354)
optimisation finished successfully after 112 iterations, 175 evaluations
score (3, 4, 24.902503646078053)
optimisation finished successfully after 24 iterations, 48 evaluations
optimisation finished successfully after 19 iterations, 39 evaluations
score (3, 4, 24.902503646078053)
destroy False (2, 5, 20.155177146350354) (3, 4, 24.902503646078053)
score (2, 5, 20.155177146350354)
42 index 1 pvalue 0.10893195365731478
score (2, 5, 20.155177146350354)
optimisation finished successfully after 112 iterations, 175 evaluations
score (3, 4, 24.902503646078053)
optimisation finished successfully after 24 iterations, 48 evaluations
optimisation finished successfully after 19 iterations, 39 evaluations
score (3, 4, 24.902503646078053)
destroy False (2, 5, 20.155177146350354) (3, 4, 24.902503646078053)
score (2, 5, 20.155177146350354)
43 index 0 pvalue 0.005164119810297962
score (2, 5, 20.155177146350354)
44 index 1 pvalue 0.10893195365731478
score (2, 5, 20.155177146350354)
optimisation finished successfully after 112 iterations, 175 evaluations
score (3, 4, 24.902503646078053)
optimisation finished successfully after 24 iterations, 48 evaluations
optimisation finished successfully after 19 iterations, 39 evaluations
score (3, 4, 24.902503646078053)
destroy False (2, 5, 20.155177146350354) (3, 4, 24.902503646078053)
score (2, 5, 20.155177146350354)
45 index 1 pvalue 0.10893195365731478
optimisation finished successfully after 51 iterations, 86 evaluations
optimisation finished successfully after 56 iterations, 95 evaluations
score (2, 5, 20.155177146350354)
46 index 2 pvalue 0.13018036246420206
optimisation finished successfully after 74 iterations, 124 evaluations
optimisation finished successfully after 78 iterations, 134 evaluations
score (2, 5, 20.155177146350354)
47 index 0 pvalue 0.005164119810297962
score (2, 5, 20.155177146350354)
48 index 1 pvalue 0.10893195365731478
score (2, 5, 20.155177146350354)
optimisation finished successfully after 112 iterations, 175 evaluations
score (3, 4, 24.902503646078053)
optimisation finished successfully after 24 iterations, 48 evaluations
optimisation finished successfully after 19 iterations, 39 evaluations
score (3, 4, 24.902503646078053)
destroy False (2, 5, 20.155177146350354) (3, 4, 24.902503646078053)
score (2, 5, 20.155177146350354)
49 index 2 pvalue 0.13018036246420206
score (2, 5, 20.155177146350354)
optimisation finished successfully after 102 iterations, 164 evaluations
score (3, 4, 23.965560689527386)
optimisation finished successfully after 17 iterations, 38 evaluations
optimisation finished successfully after 20 iterations, 42 evaluations
score (3, 4, 23.965560689527386)
destroy False (2, 5, 20.155177146350354) (3, 4, 23.965560689527386)
score (2, 5, 20.155177146350354)
50 index 2 pvalue 0.13018036246420206
score (2, 5, 20.155177146350354)
optimisation finished successfully after 102 iterations, 164 evaluations
score (3, 4, 23.965560689527386)
optimisation finished successfully after 17 iterations, 38 evaluations
optimisation finished successfully after 20 iterations, 42 evaluations
score (3, 4, 23.965560689527386)
destroy False (2, 5, 20.155177146350354) (3, 4, 23.965560689527386)
score (2, 5, 20.155177146350354)
51 index 3 pvalue 2.410020323373452e-05
score (2, 5, 20.155177146350354)
optimisation finished successfully after 279 iterations, 409 evaluations
optimisation finished successfully after 34 iterations, 71 evaluations
optimisation finished successfully after 35 iterations, 69 evaluations
score (3, 6, 24.350410804567414)
create False (2, 5, 20.155177146350354) (3, 6, 24.350410804567414)
score (2, 5, 20.155177146350354)
52 index 2 pvalue 0.13018036246420206
score (2, 5, 20.155177146350354)
optimisation finished successfully after 102 iterations, 164 evaluations
score (3, 4, 23.965560689527386)
optimisation finished successfully after 17 iterations, 38 evaluations
optimisation finished successfully after 20 iterations, 42 evaluations
score (3, 4, 23.965560689527386)
destroy False (2, 5, 20.155177146350354) (3, 4, 23.965560689527386)
score (2, 5, 20.155177146350354)
53 index 1 pvalue 0.10893195365731478
optimisation finished successfully after 51 iterations, 86 evaluations
optimisation finished successfully after 56 iterations, 95 evaluations
score (2, 5, 20.155177146350354)
54 index 0 pvalue 0.005164119810297962
score (2, 5, 20.155177146350354)
55 index 3 pvalue 2.410020323373452e-05
optimisation finished successfully after 62 iterations, 110 evaluations
optimisation finished successfully after 58 iterations, 98 evaluations
score (2, 5, 20.155177146350354)
56 index 0 pvalue 0.005164119810297962
score (2, 5, 20.155177146350354)
optimisation finished successfully after 19 iterations, 34 evaluations
score (2, 6, 21.64596146419284)
create False (2, 5, 20.155177146350354) (2, 6, 21.64596146419284)
score (2, 5, 20.155177146350354)
57 index 1 pvalue 0.10893195365731478
optimisation finished successfully after 51 iterations, 86 evaluations
optimisation finished successfully after 56 iterations, 95 evaluations
score (2, 5, 20.155177146350354)
58 index 0 pvalue 0.005164119810297962
score (2, 5, 20.155177146350354)
59 index 1 pvalue 0.10893195365731478
optimisation finished successfully after 51 iterations, 86 evaluations
optimisation finished successfully after 56 iterations, 95 evaluations
score (2, 5, 20.155177146350354)
60 index 2 pvalue 0.13018036246420206
score (2, 5, 20.155177146350354)
optimisation finished successfully after 102 iterations, 164 evaluations
score (3, 4, 23.965560689527386)
optimisation finished successfully after 17 iterations, 38 evaluations
optimisation finished successfully after 20 iterations, 42 evaluations
score (3, 4, 23.965560689527386)
destroy False (2, 5, 20.155177146350354) (3, 4, 23.965560689527386)
score (2, 5, 20.155177146350354)
61 index 1 pvalue 0.10893195365731478
optimisation finished successfully after 51 iterations, 86 evaluations
optimisation finished successfully after 56 iterations, 95 evaluations
score (2, 5, 20.155177146350354)
62 index 2 pvalue 0.13018036246420206
optimisation finished successfully after 74 iterations, 124 evaluations
optimisation finished successfully after 78 iterations, 134 evaluations
score (2, 5, 20.155177146350354)
63 index 0 pvalue 0.005164119810297962
score (2, 5, 20.155177146350354)
64 index 0 pvalue 0.005164119810297962
score (2, 5, 20.155177146350354)
65 index 3 pvalue 2.410020323373452e-05
score (2, 5, 20.155177146350354)
optimisation finished successfully after 279 iterations, 409 evaluations
optimisation finished successfully after 34 iterations, 71 evaluations
optimisation finished successfully after 35 iterations, 69 evaluations
score (3, 6, 24.350410804567414)
create False (2, 5, 20.155177146350354) (3, 6, 24.350410804567414)
score (2, 5, 20.155177146350354)
66 index 2 pvalue 0.13018036246420206
score (2, 5, 20.155177146350354)
optimisation finished successfully after 102 iterations, 164 evaluations
score (3, 4, 23.965560689527386)
optimisation finished successfully after 17 iterations, 38 evaluations
optimisation finished successfully after 20 iterations, 42 evaluations
score (3, 4, 23.965560689527386)
destroy False (2, 5, 20.155177146350354) (3, 4, 23.965560689527386)
score (2, 5, 20.155177146350354)
67 index 3 pvalue 2.410020323373452e-05
optimisation finished successfully after 62 iterations, 110 evaluations
optimisation finished successfully after 58 iterations, 98 evaluations
score (2, 5, 20.155177146350354)
68 index 0 pvalue 0.005164119810297962
score (2, 5, 20.155177146350354)
69 index 1 pvalue 0.10893195365731478
optimisation finished successfully after 51 iterations, 86 evaluations
optimisation finished successfully after 56 iterations, 95 evaluations
score (2, 5, 20.155177146350354)
70 index 1 pvalue 0.10893195365731478
score (2, 5, 20.155177146350354)
optimisation finished successfully after 112 iterations, 175 evaluations
score (3, 4, 24.902503646078053)
optimisation finished successfully after 24 iterations, 48 evaluations
optimisation finished successfully after 19 iterations, 39 evaluations
score (3, 4, 24.902503646078053)
destroy False (2, 5, 20.155177146350354) (3, 4, 24.902503646078053)
score (2, 5, 20.155177146350354)
71 index 0 pvalue 0.005164119810297962
score (2, 5, 20.155177146350354)
72 index 0 pvalue 0.005164119810297962
score (2, 5, 20.155177146350354)
73 index 1 pvalue 0.10893195365731478
optimisation finished successfully after 51 iterations, 86 evaluations
optimisation finished successfully after 56 iterations, 95 evaluations
score (2, 5, 20.155177146350354)
74 index 1 pvalue 0.10893195365731478
optimisation finished successfully after 51 iterations, 86 evaluations
optimisation finished successfully after 56 iterations, 95 evaluations
score (2, 5, 20.155177146350354)
75 index 1 pvalue 0.10893195365731478
score (2, 5, 20.155177146350354)
optimisation finished successfully after 112 iterations, 175 evaluations
score (3, 4, 24.902503646078053)
optimisation finished successfully after 24 iterations, 48 evaluations
optimisation finished successfully after 19 iterations, 39 evaluations
score (3, 4, 24.902503646078053)
destroy False (2, 5, 20.155177146350354) (3, 4, 24.902503646078053)
score (2, 5, 20.155177146350354)
76 index 3 pvalue 2.410020323373452e-05
optimisation finished successfully after 62 iterations, 110 evaluations
optimisation finished successfully after 58 iterations, 98 evaluations
score (2, 5, 20.155177146350354)
77 index 2 pvalue 0.13018036246420206
score (2, 5, 20.155177146350354)
optimisation finished successfully after 102 iterations, 164 evaluations
score (3, 4, 23.965560689527386)
optimisation finished successfully after 17 iterations, 38 evaluations
optimisation finished successfully after 20 iterations, 42 evaluations
score (3, 4, 23.965560689527386)
destroy False (2, 5, 20.155177146350354) (3, 4, 23.965560689527386)
score (2, 5, 20.155177146350354)
78 index 1 pvalue 0.10893195365731478
optimisation finished successfully after 51 iterations, 86 evaluations
optimisation finished successfully after 56 iterations, 95 evaluations
score (2, 5, 20.155177146350354)
79 index 3 pvalue 2.410020323373452e-05
optimisation finished successfully after 62 iterations, 110 evaluations
optimisation finished successfully after 58 iterations, 98 evaluations
score (2, 5, 20.155177146350354)
80 index 2 pvalue 0.13018036246420206
optimisation finished successfully after 74 iterations, 124 evaluations
optimisation finished successfully after 78 iterations, 134 evaluations
score (2, 5, 20.155177146350354)
81 index 3 pvalue 2.410020323373452e-05
score (2, 5, 20.155177146350354)
optimisation finished successfully after 279 iterations, 409 evaluations
optimisation finished successfully after 34 iterations, 71 evaluations
optimisation finished successfully after 35 iterations, 69 evaluations
score (3, 6, 24.350410804567414)
create False (2, 5, 20.155177146350354) (3, 6, 24.350410804567414)
score (2, 5, 20.155177146350354)
82 index 2 pvalue 0.13018036246420206
optimisation finished successfully after 74 iterations, 124 evaluations
optimisation finished successfully after 78 iterations, 134 evaluations
score (2, 5, 20.155177146350354)
83 index 1 pvalue 0.10893195365731478
score (2, 5, 20.155177146350354)
optimisation finished successfully after 112 iterations, 175 evaluations
score (3, 4, 24.902503646078053)
optimisation finished successfully after 24 iterations, 48 evaluations
optimisation finished successfully after 19 iterations, 39 evaluations
score (3, 4, 24.902503646078053)
destroy False (2, 5, 20.155177146350354) (3, 4, 24.902503646078053)
score (2, 5, 20.155177146350354)
84 index 3 pvalue 2.410020323373452e-05
score (2, 5, 20.155177146350354)
optimisation finished successfully after 279 iterations, 409 evaluations
optimisation finished successfully after 34 iterations, 71 evaluations
optimisation finished successfully after 35 iterations, 69 evaluations
score (3, 6, 24.350410804567414)
create False (2, 5, 20.155177146350354) (3, 6, 24.350410804567414)
score (2, 5, 20.155177146350354)
85 index 1 pvalue 0.10893195365731478
optimisation finished successfully after 51 iterations, 86 evaluations
optimisation finished successfully after 56 iterations, 95 evaluations
score (2, 5, 20.155177146350354)
86 index 3 pvalue 2.410020323373452e-05
score (2, 5, 20.155177146350354)
optimisation finished successfully after 279 iterations, 409 evaluations
optimisation finished successfully after 34 iterations, 71 evaluations
optimisation finished successfully after 35 iterations, 69 evaluations
score (3, 6, 24.350410804567414)
create False (2, 5, 20.155177146350354) (3, 6, 24.350410804567414)
score (2, 5, 20.155177146350354)
87 index 0 pvalue 0.005164119810297962
score (2, 5, 20.155177146350354)
88 index 2 pvalue 0.13018036246420206
optimisation finished successfully after 74 iterations, 124 evaluations
optimisation finished successfully after 78 iterations, 134 evaluations
score (2, 5, 20.155177146350354)
89 index 3 pvalue 2.410020323373452e-05
optimisation finished successfully after 62 iterations, 110 evaluations
optimisation finished successfully after 58 iterations, 98 evaluations
score (2, 5, 20.155177146350354)
90 index 3 pvalue 2.410020323373452e-05
optimisation finished successfully after 62 iterations, 110 evaluations
optimisation finished successfully after 58 iterations, 98 evaluations
score (2, 5, 20.155177146350354)
91 index 0 pvalue 0.005164119810297962
score (2, 5, 20.155177146350354)
92 index 2 pvalue 0.13018036246420206
score (2, 5, 20.155177146350354)
optimisation finished successfully after 102 iterations, 164 evaluations
score (3, 4, 23.965560689527386)
optimisation finished successfully after 17 iterations, 38 evaluations
optimisation finished successfully after 20 iterations, 42 evaluations
score (3, 4, 23.965560689527386)
destroy False (2, 5, 20.155177146350354) (3, 4, 23.965560689527386)
score (2, 5, 20.155177146350354)
93 index 1 pvalue 0.10893195365731478
score (2, 5, 20.155177146350354)
optimisation finished successfully after 112 iterations, 175 evaluations
score (3, 4, 24.902503646078053)
optimisation finished successfully after 24 iterations, 48 evaluations
optimisation finished successfully after 19 iterations, 39 evaluations
score (3, 4, 24.902503646078053)
destroy False (2, 5, 20.155177146350354) (3, 4, 24.902503646078053)
score (2, 5, 20.155177146350354)
94 index 2 pvalue 0.13018036246420206
score (2, 5, 20.155177146350354)
optimisation finished successfully after 102 iterations, 164 evaluations
score (3, 4, 23.965560689527386)
optimisation finished successfully after 17 iterations, 38 evaluations
optimisation finished successfully after 20 iterations, 42 evaluations
score (3, 4, 23.965560689527386)
destroy False (2, 5, 20.155177146350354) (3, 4, 23.965560689527386)
score (2, 5, 20.155177146350354)
95 index 0 pvalue 0.005164119810297962
score (2, 5, 20.155177146350354)
96 index 2 pvalue 0.13018036246420206
optimisation finished successfully after 74 iterations, 124 evaluations
optimisation finished successfully after 78 iterations, 134 evaluations
score (2, 5, 20.155177146350354)
97 index 1 pvalue 0.10893195365731478
optimisation finished successfully after 51 iterations, 86 evaluations
optimisation finished successfully after 56 iterations, 95 evaluations
score (2, 5, 20.155177146350354)
98 index 2 pvalue 0.13018036246420206
optimisation finished successfully after 74 iterations, 124 evaluations
optimisation finished successfully after 78 iterations, 134 evaluations
score (2, 5, 20.155177146350354)
99 index 3 pvalue 2.410020323373452e-05
optimisation finished successfully after 62 iterations, 110 evaluations
optimisation finished successfully after 58 iterations, 98 evaluations
score (2, 5, 20.155177146350354)
100 index 3 pvalue 2.410020323373452e-05
optimisation finished successfully after 62 iterations, 110 evaluations
optimisation finished successfully after 58 iterations, 98 evaluations
score (2, 5, 20.155177146350354)
101 index 0 pvalue 0.005164119810297962
score (2, 5, 20.155177146350354)
optimisation finished successfully after 19 iterations, 34 evaluations
score (2, 6, 21.64596146419284)
create False (2, 5, 20.155177146350354) (2, 6, 21.64596146419284)
score (2, 5, 20.155177146350354)
102 index 0 pvalue 0.005164119810297962
score (2, 5, 20.155177146350354)
103 index 3 pvalue 2.410020323373452e-05
optimisation finished successfully after 62 iterations, 110 evaluations
optimisation finished successfully after 58 iterations, 98 evaluations
score (2, 5, 20.155177146350354)
104 index 3 pvalue 2.410020323373452e-05
score (2, 5, 20.155177146350354)
optimisation finished successfully after 279 iterations, 409 evaluations
optimisation finished successfully after 34 iterations, 71 evaluations
optimisation finished successfully after 35 iterations, 69 evaluations
score (3, 6, 24.350410804567414)
create False (2, 5, 20.155177146350354) (3, 6, 24.350410804567414)
score (2, 5, 20.155177146350354)
105 index 0 pvalue 0.005164119810297962
score (2, 5, 20.155177146350354)
optimisation finished successfully after 19 iterations, 34 evaluations
score (2, 6, 21.64596146419284)
create False (2, 5, 20.155177146350354) (2, 6, 21.64596146419284)
score (2, 5, 20.155177146350354)
106 index 1 pvalue 0.10893195365731478
score (2, 5, 20.155177146350354)
optimisation finished successfully after 112 iterations, 175 evaluations
score (3, 4, 24.902503646078053)
optimisation finished successfully after 24 iterations, 48 evaluations
optimisation finished successfully after 19 iterations, 39 evaluations
score (3, 4, 24.902503646078053)
destroy False (2, 5, 20.155177146350354) (3, 4, 24.902503646078053)
score (2, 5, 20.155177146350354)
107 index 2 pvalue 0.13018036246420206
optimisation finished successfully after 74 iterations, 124 evaluations
optimisation finished successfully after 78 iterations, 134 evaluations
score (2, 5, 20.155177146350354)
108 index 0 pvalue 0.005164119810297962
score (2, 5, 20.155177146350354)
