writing to  sigma_00.3000/initial_guess.pkl
iter 0 T 1 sidx 0 index 0 move percolate M 12
iter 1 T 1 sidx -1 index 11 move create M 12
iter 2 T 1 sidx 1 index 1 move create M 12
optimisation finished successfully after 215 iterations, 318 evaluations
create False (23, 12) (24, 13)
iter 3 T 1 sidx 2 index 2 move destroy M 12
optimisation finished successfully after 263 iterations, 390 evaluations
destroy True (23, 12) (21, 11)
iter 4 T 1.0 sidx 1 index 1 move destroy M 11
optimisation finished successfully after 86 iterations, 137 evaluations
destroy True (21, 11) (20, 10)
iter 5 T 1.0 sidx 3 index 1 move destroy M 10
optimisation finished successfully after 170 iterations, 265 evaluations
destroy True (20, 10) (20, 9)
iter 6 T 1.0 sidx 4 index 1 move destroy M 9
optimisation finished successfully after 149 iterations, 242 evaluations
destroy True (20, 9) (18, 8)
iter 7 T 1.0 sidx 5 index 1 move destroy M 8
optimisation finished successfully after 196 iterations, 305 evaluations
destroy False (18, 8) (19, 7)
iter 8 T 1 sidx 6 index 2 move percolate M 8
optimisation finished successfully after 334 iterations, 487 evaluations
optimisation finished successfully after 98 iterations, 155 evaluations
optimisation finished successfully after 65 iterations, 108 evaluations
optimisation finished successfully after 60 iterations, 109 evaluations
optimisation finished successfully after 65 iterations, 113 evaluations
optimisation finished successfully after 220 iterations, 327 evaluations
iter 9 T 1 sidx 7 index 3 move create M 8
optimisation finished successfully after 261 iterations, 385 evaluations
create False (16, 8) (16, 9)
iter 10 T 1 sidx 8 index 4 move percolate M 8
optimisation finished successfully after 179 iterations, 280 evaluations
optimisation finished successfully after 126 iterations, 196 evaluations
optimisation finished successfully after 97 iterations, 160 evaluations
optimisation finished successfully after 110 iterations, 189 evaluations
optimisation finished successfully after 74 iterations, 133 evaluations
iter 11 T 1 sidx 9 index 5 move percolate M 8
optimisation finished successfully after 368 iterations, 532 evaluations
optimisation finished successfully after 85 iterations, 141 evaluations
optimisation finished successfully after 166 iterations, 243 evaluations
iter 12 T 1 sidx 10 index 6 move create M 8
optimisation finished successfully after 110 iterations, 178 evaluations
create False (13, 8) (14, 9)
iter 13 T 0.8333333333333334 sidx -1 index 7 move percolate M 8
iter 14 T 0.8333333333333334 sidx 0 index 0 move destroy M 8
iter 15 T 0.8333333333333334 sidx 5 index 1 move create M 8
optimisation finished successfully after 53 iterations, 94 evaluations
create False (13, 8) (13, 9)
iter 16 T 0.8333333333333334 sidx 6 index 2 move destroy M 8
optimisation finished successfully after 226 iterations, 334 evaluations
destroy False (13, 8) (15, 7)
iter 17 T 0.8333333333333334 sidx 7 index 3 move destroy M 8
optimisation finished successfully after 312 iterations, 466 evaluations
destroy False (13, 8) (15, 7)
iter 18 T 0.8333333333333334 sidx 8 index 4 move create M 8
optimisation finished successfully after 504 iterations, 734 evaluations
create False (13, 8) (13, 9)
iter 19 T 0.8333333333333334 sidx 9 index 5 move destroy M 8
optimisation finished successfully after 85 iterations, 141 evaluations
destroy True (13, 8) (13, 7)
iter 20 T 1.0 sidx 8 index 4 move percolate M 7
optimisation finished successfully after 112 iterations, 196 evaluations
optimisation finished successfully after 89 iterations, 150 evaluations
iter 21 T 1.0 sidx 10 index 5 move percolate M 7
optimisation finished successfully after 62 iterations, 110 evaluations
optimisation finished successfully after 61 iterations, 106 evaluations
optimisation finished successfully after 61 iterations, 104 evaluations
optimisation finished successfully after 55 iterations, 102 evaluations
iter 22 T 0.8333333333333334 sidx 8 index 4 move destroy M 7
optimisation finished successfully after 272 iterations, 402 evaluations
destroy True (13, 7) (12, 6)
iter 23 T 1.0 sidx 7 index 3 move destroy M 6
optimisation finished successfully after 227 iterations, 345 evaluations
destroy True (12, 6) (12, 5)
iter 24 T 1.0 sidx 6 index 2 move percolate M 5
optimisation finished successfully after 229 iterations, 345 evaluations
optimisation finished successfully after 49 iterations, 93 evaluations
optimisation finished successfully after 53 iterations, 102 evaluations
optimisation finished successfully after 46 iterations, 87 evaluations
iter 25 T 1.0 sidx 10 index 3 move destroy M 5
optimisation finished successfully after 101 iterations, 164 evaluations
destroy True (11, 5) (11, 4)
iter 26 T 1.0 sidx 6 index 2 move destroy M 4
optimisation finished successfully after 210 iterations, 324 evaluations
destroy False (11, 4) (13, 3)
iter 27 T 0.8333333333333334 sidx 6 index 2 move percolate M 4
optimisation finished successfully after 42 iterations, 75 evaluations
optimisation finished successfully after 50 iterations, 85 evaluations
iter 28 T 0.6666666666666666 sidx -1 index 3 move destroy M 4
optimisation finished successfully after 141 iterations, 234 evaluations
destroy False (11, 4) (15, 3)
iter 29 T 0.6666666666666666 sidx 0 index 0 move create M 4
optimisation finished successfully after 42 iterations, 69 evaluations
create False (11, 4) (12, 5)
iter 30 T 0.6666666666666666 sidx 5 index 1 move percolate M 4
optimisation finished successfully after 54 iterations, 92 evaluations
optimisation finished successfully after 72 iterations, 114 evaluations
optimisation finished successfully after 43 iterations, 77 evaluations
optimisation finished successfully after 33 iterations, 64 evaluations
optimisation finished successfully after 39 iterations, 71 evaluations
iter 31 T 0.6666666666666666 sidx 6 index 2 move create M 4
optimisation finished successfully after 181 iterations, 281 evaluations
create False (9, 4) (11, 5)
iter 32 T 0.5 sidx -1 index 3 move create M 4
iter 33 T 0.5 sidx 0 index 0 move destroy M 4
iter 34 T 0.5 sidx 5 index 1 move percolate M 4
optimisation finished successfully after 33 iterations, 64 evaluations
optimisation finished successfully after 39 iterations, 71 evaluations
iter 35 T 0.5 sidx 6 index 2 move create M 4
optimisation finished successfully after 181 iterations, 281 evaluations
create False (9, 4) (11, 5)
iter 36 T 0.41666666666666674 sidx -1 index 3 move percolate M 4
iter 37 T 0.41666666666666674 sidx 0 index 0 move percolate M 4
iter 38 T 0.41666666666666674 sidx 5 index 1 move create M 4
optimisation finished successfully after 153 iterations, 231 evaluations
create False (9, 4) (12, 5)
iter 39 T 0.41666666666666674 sidx 6 index 2 move percolate M 4
optimisation finished successfully after 39 iterations, 68 evaluations
optimisation finished successfully after 45 iterations, 82 evaluations
iter 40 T 0.33333333333333326 sidx -1 index 3 move destroy M 4
optimisation finished successfully after 88 iterations, 146 evaluations
destroy False (9, 4) (12, 3)
iter 41 T 0.33333333333333326 sidx 0 index 0 move create M 4
optimisation finished successfully after 113 iterations, 189 evaluations
create False (9, 4) (10, 5)
iter 42 T 0.33333333333333326 sidx 5 index 1 move destroy M 4
optimisation finished successfully after 137 iterations, 212 evaluations
destroy False (9, 4) (17, 3)
iter 43 T 0.33333333333333326 sidx 6 index 2 move destroy M 4
optimisation finished successfully after 180 iterations, 279 evaluations
destroy False (9, 4) (13, 3)
iter 44 T 0.25 sidx -1 index 3 move destroy M 4
optimisation finished successfully after 88 iterations, 146 evaluations
destroy False (9, 4) (12, 3)
iter 45 T 0.25 sidx 0 index 0 move destroy M 4
iter 46 T 0.25 sidx 5 index 1 move create M 4
optimisation finished successfully after 153 iterations, 231 evaluations
create False (9, 4) (12, 5)
iter 47 T 0.25 sidx 6 index 2 move percolate M 4
optimisation finished successfully after 39 iterations, 68 evaluations
optimisation finished successfully after 45 iterations, 82 evaluations
iter 48 T 0.20833333333333337 sidx -1 index 3 move create M 4
iter 49 T 0.20833333333333337 sidx 0 index 0 move percolate M 4
iter 50 T 0.20833333333333337 sidx 5 index 1 move destroy M 4
optimisation finished successfully after 137 iterations, 212 evaluations
destroy False (9, 4) (17, 3)
iter 51 T 0.20833333333333337 sidx 6 index 2 move create M 4
optimisation finished successfully after 181 iterations, 281 evaluations
create False (9, 4) (11, 5)
iter 52 T 0.16666666666666663 sidx -1 index 3 move percolate M 4
iter 53 T 0.16666666666666663 sidx 0 index 0 move create M 4
optimisation finished successfully after 113 iterations, 189 evaluations
create False (9, 4) (10, 5)
iter 54 T 0.16666666666666663 sidx 5 index 1 move percolate M 4
optimisation finished successfully after 33 iterations, 64 evaluations
optimisation finished successfully after 39 iterations, 71 evaluations
iter 55 T 0.16666666666666663 sidx 6 index 2 move destroy M 4
optimisation finished successfully after 180 iterations, 279 evaluations
destroy False (9, 4) (13, 3)
iter 56 T 0.125 sidx -1 index 3 move create M 4
iter 57 T 0.125 sidx 0 index 0 move percolate M 4
iter 58 T 0.125 sidx 5 index 1 move create M 4
optimisation finished successfully after 153 iterations, 231 evaluations
create False (9, 4) (12, 5)
iter 59 T 0.125 sidx 6 index 2 move destroy M 4
optimisation finished successfully after 180 iterations, 279 evaluations
destroy False (9, 4) (13, 3)
iter 60 T 0.10416666666666663 sidx -1 index 3 move percolate M 4
iter 61 T 0.10416666666666663 sidx 0 index 0 move destroy M 4
iter 62 T 0.10416666666666663 sidx 5 index 1 move destroy M 4
optimisation finished successfully after 137 iterations, 212 evaluations
destroy False (9, 4) (17, 3)
iter 63 T 0.10416666666666663 sidx 6 index 2 move create M 4
optimisation finished successfully after 181 iterations, 281 evaluations
create False (9, 4) (11, 5)
iter 64 T 0.08333333333333337 sidx -1 index 3 move destroy M 4
optimisation finished successfully after 88 iterations, 146 evaluations
destroy False (9, 4) (12, 3)
iter 65 T 0.08333333333333337 sidx 0 index 0 move create M 4
optimisation finished successfully after 113 iterations, 189 evaluations
create False (9, 4) (10, 5)
iter 66 T 0.08333333333333337 sidx 5 index 1 move percolate M 4
optimisation finished successfully after 33 iterations, 64 evaluations
optimisation finished successfully after 39 iterations, 71 evaluations
iter 67 T 0.08333333333333337 sidx 6 index 2 move percolate M 4
optimisation finished successfully after 39 iterations, 68 evaluations
optimisation finished successfully after 45 iterations, 82 evaluations
iter 68 T 0.0625 sidx -1 index 3 move create M 4
iter 69 T 0.0625 sidx 0 index 0 move destroy M 4
iter 70 T 0.0625 sidx 5 index 1 move create M 4
optimisation finished successfully after 153 iterations, 231 evaluations
create False (9, 4) (12, 5)
iter 71 T 0.0625 sidx 6 index 2 move create M 4
optimisation finished successfully after 181 iterations, 281 evaluations
create False (9, 4) (11, 5)
iter 72 T 0.05208333333333337 sidx -1 index 3 move percolate M 4
iter 73 T 0.05208333333333337 sidx 0 index 0 move percolate M 4
iter 74 T 0.05208333333333337 sidx 5 index 1 move destroy M 4
optimisation finished successfully after 137 iterations, 212 evaluations
destroy False (9, 4) (17, 3)
iter 75 T 0.05208333333333337 sidx 6 index 2 move percolate M 4
optimisation finished successfully after 39 iterations, 68 evaluations
optimisation finished successfully after 45 iterations, 82 evaluations
iter 76 T 0.04166666666666663 sidx -1 index 3 move destroy M 4
optimisation finished successfully after 88 iterations, 146 evaluations
destroy False (9, 4) (12, 3)
iter 77 T 0.04166666666666663 sidx 0 index 0 move create M 4
optimisation finished successfully after 113 iterations, 189 evaluations
create False (9, 4) (10, 5)
iter 78 T 0.04166666666666663 sidx 5 index 1 move percolate M 4
optimisation finished successfully after 33 iterations, 64 evaluations
optimisation finished successfully after 39 iterations, 71 evaluations
iter 79 T 0.04166666666666663 sidx 6 index 2 move destroy M 4
optimisation finished successfully after 180 iterations, 279 evaluations
destroy False (9, 4) (13, 3)
iter 80 T 0.03125 sidx -1 index 3 move destroy M 4
optimisation finished successfully after 88 iterations, 146 evaluations
destroy False (9, 4) (12, 3)
iter 81 T 0.03125 sidx 0 index 0 move destroy M 4
iter 82 T 0.03125 sidx 5 index 1 move percolate M 4
optimisation finished successfully after 33 iterations, 64 evaluations
optimisation finished successfully after 39 iterations, 71 evaluations
iter 83 T 0.03125 sidx 6 index 2 move create M 4
optimisation finished successfully after 181 iterations, 281 evaluations
create False (9, 4) (11, 5)
iter 84 T 0.02604166666666663 sidx -1 index 3 move create M 4
iter 85 T 0.02604166666666663 sidx 0 index 0 move create M 4
optimisation finished successfully after 113 iterations, 189 evaluations
create False (9, 4) (10, 5)
iter 86 T 0.02604166666666663 sidx 5 index 1 move destroy M 4
optimisation finished successfully after 137 iterations, 212 evaluations
destroy False (9, 4) (17, 3)
iter 87 T 0.02604166666666663 sidx 6 index 2 move destroy M 4
optimisation finished successfully after 180 iterations, 279 evaluations
destroy False (9, 4) (13, 3)
iter 88 T 0.02083333333333337 sidx -1 index 3 move percolate M 4
iter 89 T 0.02083333333333337 sidx 0 index 0 move percolate M 4
iter 90 T 0.02083333333333337 sidx 5 index 1 move create M 4
optimisation finished successfully after 153 iterations, 231 evaluations
create False (9, 4) (12, 5)
iter 91 T 0.02083333333333337 sidx 6 index 2 move percolate M 4
optimisation finished successfully after 39 iterations, 68 evaluations
optimisation finished successfully after 45 iterations, 82 evaluations
iter 92 T 0.015625 sidx -1 index 3 move create M 4
iter 93 T 0.015625 sidx 0 index 0 move create M 4
optimisation finished successfully after 113 iterations, 189 evaluations
create False (9, 4) (10, 5)
iter 94 T 0.015625 sidx 5 index 1 move destroy M 4
optimisation finished successfully after 137 iterations, 212 evaluations
destroy False (9, 4) (17, 3)
iter 95 T 0.015625 sidx 6 index 2 move create M 4
optimisation finished successfully after 181 iterations, 281 evaluations
create False (9, 4) (11, 5)
iter 96 T 0.01302083333333337 sidx -1 index 3 move percolate M 4
iter 97 T 0.01302083333333337 sidx 0 index 0 move percolate M 4
iter 98 T 0.01302083333333337 sidx 5 index 1 move percolate M 4
optimisation finished successfully after 33 iterations, 64 evaluations
optimisation finished successfully after 39 iterations, 71 evaluations
iter 99 T 0.01302083333333337 sidx 6 index 2 move destroy M 4
optimisation finished successfully after 180 iterations, 279 evaluations
destroy False (9, 4) (13, 3)
iter 100 T 0.01041666666666663 sidx -1 index 3 move destroy M 4
optimisation finished successfully after 88 iterations, 146 evaluations
destroy False (9, 4) (12, 3)
iter 101 T 0.01041666666666663 sidx 0 index 0 move destroy M 4
iter 102 T 0.01041666666666663 sidx 5 index 1 move create M 4
optimisation finished successfully after 153 iterations, 231 evaluations
create False (9, 4) (12, 5)
iter 103 T 0.01041666666666663 sidx 6 index 2 move percolate M 4
optimisation finished successfully after 39 iterations, 68 evaluations
optimisation finished successfully after 45 iterations, 82 evaluations
iter 104 T 0.0078125 sidx -1 index 3 move create M 4
iter 105 T 0.0078125 sidx 0 index 0 move create M 4
optimisation finished successfully after 113 iterations, 189 evaluations
create False (9, 4) (10, 5)
iter 106 T 0.0078125 sidx 5 index 1 move percolate M 4
optimisation finished successfully after 33 iterations, 64 evaluations
optimisation finished successfully after 39 iterations, 71 evaluations
iter 107 T 0.0078125 sidx 6 index 2 move create M 4
optimisation finished successfully after 181 iterations, 281 evaluations
create False (9, 4) (11, 5)
iter 108 T 0.00651041666666663 sidx -1 index 3 move percolate M 4
iter 109 T 0.00651041666666663 sidx 0 index 0 move destroy M 4
iter 110 T 0.00651041666666663 sidx 5 index 1 move destroy M 4
optimisation finished successfully after 137 iterations, 212 evaluations
destroy False (9, 4) (17, 3)
iter 111 