----------------------------------------------------------
initial solve
optimisation failed with message Maximum number of function evaluations has been exceeded. after 233 iterations, 1600 evaluations
optimisation failed with message Maximum number of function evaluations has been exceeded. after 248 iterations, 2000 evaluations
optimisation failed with message Maximum number of function evaluations has been exceeded. after 323 iterations, 2000 evaluations
optimisation failed with message Maximum number of function evaluations has been exceeded. after 255 iterations, 2000 evaluations
optimisation failed with message Maximum number of function evaluations has been exceeded. after 306 iterations, 2000 evaluations
optimisation failed with message Maximum number of function evaluations has been exceeded. after 240 iterations, 2000 evaluations
optimisation failed with message Maximum number of function evaluations has been exceeded. after 349 iterations, 2000 evaluations
optimisation failed with message Maximum number of function evaluations has been exceeded. after 628 iterations, 2000 evaluations
optimisation failed with message Maximum number of function evaluations has been exceeded. after 773 iterations, 2000 evaluations
optimisation failed with message Maximum number of function evaluations has been exceeded. after 803 iterations, 2000 evaluations
optimisation failed with message Maximum number of function evaluations has been exceeded. after 309 iterations, 2000 evaluations
optimisation failed with message Maximum number of function evaluations has been exceeded. after 343 iterations, 2000 evaluations
optimisation failed with message Maximum number of function evaluations has been exceeded. after 885 iterations, 2000 evaluations
optimisation failed with message Maximum number of function evaluations has been exceeded. after 376 iterations, 2000 evaluations
optimisation finished successfully after 372 iterations, 568 evaluations
optimisation finished successfully after 239 iterations, 386 evaluations
optimisation finished successfully after 147 iterations, 279 evaluations
optimisation finished successfully after 146 iterations, 282 evaluations
optimisation failed with message Maximum number of function evaluations has been exceeded. after 670 iterations, 2000 evaluations
optimisation finished successfully after 119 iterations, 211 evaluations
optimisation failed with message Maximum number of function evaluations has been exceeded. after 738 iterations, 2000 evaluations
optimisation failed with message Maximum number of function evaluations has been exceeded. after 692 iterations, 2000 evaluations
optimisation finished successfully after 288 iterations, 441 evaluations
optimisation failed with message Maximum number of function evaluations has been exceeded. after 683 iterations, 2000 evaluations
optimisation failed with message Maximum number of function evaluations has been exceeded. after 346 iterations, 2000 evaluations
optimisation finished successfully after 158 iterations, 263 evaluations
optimisation finished successfully after 191 iterations, 321 evaluations
optimisation finished successfully after 158 iterations, 299 evaluations
optimisation finished successfully after 191 iterations, 336 evaluations
optimisation failed with message Maximum number of function evaluations has been exceeded. after 680 iterations, 2000 evaluations
optimisation finished successfully after 196 iterations, 351 evaluations
optimisation finished successfully after 210 iterations, 342 evaluations
optimisation finished successfully after 164 iterations, 269 evaluations
optimisation failed with message Maximum number of function evaluations has been exceeded. after 357 iterations, 2000 evaluations
optimisation finished successfully after 147 iterations, 269 evaluations
optimisation failed with message Maximum number of function evaluations has been exceeded. after 629 iterations, 2000 evaluations
optimisation failed with message Maximum number of function evaluations has been exceeded. after 704 iterations, 2000 evaluations
optimisation finished successfully after 315 iterations, 571 evaluations
optimisation failed with message Maximum number of function evaluations has been exceeded. after 764 iterations, 2000 evaluations
optimisation failed with message Maximum number of function evaluations has been exceeded. after 416 iterations, 2000 evaluations
optimisation failed with message Maximum number of function evaluations has been exceeded. after 330 iterations, 2000 evaluations
optimisation failed with message Maximum number of function evaluations has been exceeded. after 336 iterations, 2000 evaluations
optimisation failed with message Maximum number of function evaluations has been exceeded. after 470 iterations, 2000 evaluations
optimisation finished successfully after 173 iterations, 282 evaluations
optimisation finished successfully after 129 iterations, 219 evaluations
optimisation failed with message Maximum number of function evaluations has been exceeded. after 398 iterations, 2000 evaluations
optimisation failed with message Maximum number of function evaluations has been exceeded. after 808 iterations, 2000 evaluations
optimisation failed with message Maximum number of function evaluations has been exceeded. after 313 iterations, 2000 evaluations
optimisation failed with message Maximum number of function evaluations has been exceeded. after 661 iterations, 2000 evaluations
optimisation finished successfully after 252 iterations, 421 evaluations
optimisation failed with message Maximum number of function evaluations has been exceeded. after 298 iterations, 2000 evaluations
optimisation finished successfully after 213 iterations, 363 evaluations
optimisation failed with message Maximum number of function evaluations has been exceeded. after 766 iterations, 2000 evaluations
optimisation finished successfully after 230 iterations, 368 evaluations
optimisation finished successfully after 180 iterations, 289 evaluations
optimisation finished successfully after 234 iterations, 381 evaluations
optimisation finished successfully after 371 iterations, 567 evaluations
optimisation failed with message Maximum number of function evaluations has been exceeded. after 254 iterations, 2000 evaluations
optimisation finished successfully after 506 iterations, 739 evaluations
optimisation finished successfully after 169 iterations, 308 evaluations
optimisation failed with message Maximum number of function evaluations has been exceeded. after 368 iterations, 2000 evaluations
optimisation failed with message Maximum number of function evaluations has been exceeded. after 824 iterations, 2000 evaluations
optimisation finished successfully after 139 iterations, 243 evaluations
optimisation failed with message Maximum number of function evaluations has been exceeded. after 817 iterations, 2000 evaluations
optimisation finished successfully after 60 iterations, 138 evaluations
----------------------------------------------------------
priority solve
random create transition at 8
random create transition at 19
random destroy transition at 30
optimisation finished successfully after 134 iterations, 227 evaluations
accept destroy segment 30
random destroy transition at 7
optimisation finished successfully after 185 iterations, 302 evaluations
accept destroy segment 7
random destroy transition at 8
optimisation failed with message Maximum number of function evaluations has been exceeded. after 625 iterations, 1600 evaluations
random create transition at 9
random destroy transition at 11
optimisation failed with message Maximum number of function evaluations has been exceeded. after 461 iterations, 1600 evaluations
random create transition at 13
random destroy transition at 22
optimisation finished successfully after 72 iterations, 139 evaluations
accept destroy segment 22
random create transition at 31
random destroy transition at 40
optimisation failed with message Maximum number of function evaluations has been exceeded. after 587 iterations, 1600 evaluations
accept destroy segment 40
random create transition at 18
random destroy transition at 23
optimisation finished successfully after 86 iterations, 149 evaluations
accept destroy segment 23
random create transition at 27
optimisation finished successfully after 105 iterations, 182 evaluations
accept create segment at 27
random destroy transition at 28
optimisation finished successfully after 84 iterations, 142 evaluations
accept destroy segment 28
random destroy transition at 41
optimisation finished successfully after 119 iterations, 201 evaluations
accept destroy segment 41
random create transition at 26
optimisation finished successfully after 123 iterations, 202 evaluations
random create transition at 34
random destroy transition at 4
optimisation finished successfully after 90 iterations, 167 evaluations
random create transition at 20
random create transition at 44
optimisation finished successfully after 90 iterations, 162 evaluations
accept create segment at 44
random create transition at 10
optimisation failed with message Maximum number of function evaluations has been exceeded. after 580 iterations, 2000 evaluations
random destroy transition at 16
optimisation finished successfully after 127 iterations, 214 evaluations
accept destroy segment 16
random create transition at 17
random create transition at 24
optimisation finished successfully after 112 iterations, 197 evaluations
random destroy transition at 32
optimisation finished successfully after 113 iterations, 194 evaluations
accept destroy segment 32
random create transition at 5
optimisation finished successfully after 103 iterations, 192 evaluations
accept create segment at 5
random destroy transition at 35
optimisation finished successfully after 138 iterations, 234 evaluations
accept destroy segment 35
random create transition at 37
random create transition at 38
optimisation failed with message Maximum number of function evaluations has been exceeded. after 631 iterations, 2000 evaluations
random destroy transition at 42
optimisation failed with message Maximum number of function evaluations has been exceeded. after 463 iterations, 1600 evaluations
random create transition at 45
random create transition at 46
random destroy transition at 48
optimisation finished successfully after 187 iterations, 301 evaluations
accept destroy segment 48
random destroy transition at 50
optimisation finished successfully after 340 iterations, 515 evaluations
accept destroy segment 50
random destroy transition at 0
optimisation failed with message Maximum number of function evaluations has been exceeded. after 145 iterations, 800 evaluations
random destroy transition at 14
optimisation finished successfully after 107 iterations, 173 evaluations
accept destroy segment 14
random create transition at 12
optimisation finished successfully after 129 iterations, 215 evaluations
random destroy transition at 52
optimisation failed with message Maximum number of function evaluations has been exceeded. after 556 iterations, 1600 evaluations
accept destroy segment 52
random create transition at 25
optimisation failed with message Maximum number of function evaluations has been exceeded. after 293 iterations, 2000 evaluations
accept create segment at 25
random destroy transition at 1
optimisation finished successfully after 89 iterations, 140 evaluations
accept destroy segment 1
random create transition at 2
random destroy transition at 26
optimisation failed with message Maximum number of function evaluations has been exceeded. after 281 iterations, 1600 evaluations
accept destroy segment 26
random create transition at 33
optimisation finished successfully after 112 iterations, 214 evaluations
random destroy transition at 36
optimisation failed with message Maximum number of function evaluations has been exceeded. after 231 iterations, 1600 evaluations
accept destroy segment 36
random destroy transition at 43
optimisation finished successfully after 96 iterations, 174 evaluations
random destroy transition at 53
optimisation failed with message Maximum number of function evaluations has been exceeded. after 692 iterations, 1600 evaluations
accept destroy segment 53
random create transition at 55
optimisation failed with message Maximum number of function evaluations has been exceeded. after 852 iterations, 2000 evaluations
random destroy transition at 56
optimisation failed with message Maximum number of function evaluations has been exceeded. after 657 iterations, 1600 evaluations
accept destroy segment 56
random destroy transition at 37
optimisation failed with message Maximum number of function evaluations has been exceeded. after 636 iterations, 1600 evaluations
accept destroy segment 37
random create transition at 38
optimisation failed with message Maximum number of function evaluations has been exceeded. after 303 iterations, 2000 evaluations
random create transition at 57
random destroy transition at 58
optimisation failed with message Maximum number of function evaluations has been exceeded. after 626 iterations, 1600 evaluations
random destroy transition at 59
optimisation failed with message Maximum number of function evaluations has been exceeded. after 246 iterations, 1600 evaluations
accept destroy segment 59
random create transition at 54
optimisation failed with message Maximum number of function evaluations has been exceeded. after 899 iterations, 2000 evaluations
random create transition at 60
optimisation failed with message Maximum number of function evaluations has been exceeded. after 585 iterations, 2000 evaluations
accept create segment at 60
random destroy transition at 61
optimisation failed with message Maximum number of function evaluations has been exceeded. after 657 iterations, 1600 evaluations
random create transition at 62
random create transition at 63
optimisation failed with message Maximum number of function evaluations has been exceeded. after 841 iterations, 2000 evaluations
random destroy transition at 64
optimisation finished successfully after 124 iterations, 229 evaluations
accept destroy segment 64
random destroy transition at 3
optimisation finished successfully after 84 iterations, 154 evaluations
accept destroy segment 3
random destroy transition at 4
optimisation finished successfully after 37 iterations, 100 evaluations
accept destroy segment 4
random destroy transition at 65
optimisation finished successfully after 85 iterations, 166 evaluations
accept destroy segment 65
random destroy transition at 66
optimisation failed with message Maximum number of function evaluations has been exceeded. after 478 iterations, 1600 evaluations
random destroy transition at 67
optimisation failed with message Maximum number of function evaluations has been exceeded. after 533 iterations, 1600 evaluations
accept destroy segment 67
random create transition at 8
random create transition at 70
optimisation failed with message Maximum number of function evaluations has been exceeded. after 825 iterations, 2000 evaluations
random destroy transition at 71
optimisation failed with message Maximum number of function evaluations has been exceeded. after 231 iterations, 1600 evaluations
accept destroy segment 71
random destroy transition at 73
optimisation failed with message Maximum number of function evaluations has been exceeded. after 215 iterations, 1600 evaluations
accept destroy segment 73
random destroy transition at 66
optimisation failed with message Maximum number of function evaluations has been exceeded. after 220 iterations, 1600 evaluations
random create transition at 74
optimisation failed with message Maximum number of function evaluations has been exceeded. after 695 iterations, 2000 evaluations
random create transition at 75
optimisation failed with message Maximum number of function evaluations has been exceeded. after 674 iterations, 2000 evaluations
random create transition at 76
random destroy transition at 77
optimisation finished successfully after 91 iterations, 167 evaluations
accept destroy segment 77
random destroy transition at 17
optimisation failed with message Maximum number of function evaluations has been exceeded. after 554 iterations, 1600 evaluations
accept destroy segment 17
random create transition at 18
random destroy transition at 78
optimisation finished successfully after 83 iterations, 161 evaluations
accept destroy segment 78
random create transition at 33
optimisation failed with message Maximum number of function evaluations has been exceeded. after 659 iterations, 2000 evaluations
accept create segment at 33
random destroy transition at 79
optimisation failed with message Maximum number of function evaluations has been exceeded. after 233 iterations, 1600 evaluations
accept destroy segment 79
random destroy transition at 82
optimisation finished successfully after 139 iterations, 216 evaluations
accept destroy segment 82
random create transition at 83
random create transition at 86
optimisation finished successfully after 115 iterations, 204 evaluations
accept create segment at 86
random destroy transition at 88
optimisation failed with message Maximum number of function evaluations has been exceeded. after 164 iterations, 800 evaluations
accept destroy segment 88
random create transition at 91
random destroy transition at 92
optimisation failed with message Maximum number of function evaluations has been exceeded. after 492 iterations, 1600 evaluations
random destroy transition at 93
optimisation finished successfully after 66 iterations, 144 evaluations
accept destroy segment 93
random create transition at 94
optimisation failed with message Maximum number of function evaluations has been exceeded. after 769 iterations, 2000 evaluations
accept create segment at 94
random create transition at 96
optimisation failed with message Maximum number of function evaluations has been exceeded. after 777 iterations, 2000 evaluations
random destroy transition at 100
optimisation failed with message Maximum number of function evaluations has been exceeded. after 515 iterations, 1200 evaluations
accept destroy segment 100
random create transition at 38
optimisation failed with message Maximum number of function evaluations has been exceeded. after 682 iterations, 2000 evaluations
random create transition at 95
optimisation failed with message Maximum number of function evaluations has been exceeded. after 809 iterations, 2000 evaluations
accept create segment at 95
random destroy transition at 96
optimisation failed with message Maximum number of function evaluations has been exceeded. after 273 iterations, 1600 evaluations
random destroy transition at 101
optimisation failed with message Maximum number of function evaluations has been exceeded. after 400 iterations, 1200 evaluations
random destroy transition at 103
optimisation failed with message Maximum number of function evaluations has been exceeded. after 644 iterations, 1600 evaluations
random create transition at 105
random create transition at 106
optimisation failed with message Maximum number of function evaluations has been exceeded. after 681 iterations, 2000 evaluations
random destroy transition at 107
optimisation failed with message Maximum number of function evaluations has been exceeded. after 646 iterations, 1600 evaluations
accept destroy segment 107
random create transition at 109
optimisation failed with message Maximum number of function evaluations has been exceeded. after 482 iterations, 1600 evaluations
accept create segment at 109
random destroy transition at 110
optimisation failed with message Maximum number of function evaluations has been exceeded. after 530 iterations, 1600 evaluations
accept destroy segment 110
random destroy transition at 111
optimisation failed with message Maximum number of function evaluations has been exceeded. after 510 iterations, 1600 evaluations
random destroy transition at 83
optimisation failed with message Maximum number of function evaluations has been exceeded. after 638 iterations, 1600 evaluations
random create transition at 101
optimisation failed with message Maximum number of function evaluations has been exceeded. after 273 iterations, 2000 evaluations
random destroy transition at 112
optimisation failed with message Maximum number of function evaluations has been exceeded. after 490 iterations, 1600 evaluations
accept destroy segment 112
random create transition at 103
optimisation failed with message Maximum number of function evaluations has been exceeded. after 615 iterations, 2000 evaluations
random create transition at 113
optimisation failed with message Maximum number of function evaluations has been exceeded. after 239 iterations, 2000 evaluations
accept create segment at 113
random destroy transition at 38
optimisation failed with message Maximum number of function evaluations has been exceeded. after 638 iterations, 1600 evaluations
random destroy transition at 114
optimisation failed with message Maximum number of function evaluations has been exceeded. after 595 iterations, 1600 evaluations
accept destroy segment 114
random create transition at 115
random destroy transition at 116
optimisation finished successfully after 57 iterations, 119 evaluations
accept destroy segment 116
random create transition at 117
optimisation failed with message Maximum number of function evaluations has been exceeded. after 615 iterations, 2000 evaluations
random destroy transition at 118
optimisation finished successfully after 93 iterations, 194 evaluations
accept destroy segment 118
random create transition at 96
optimisation finished successfully after 98 iterations, 229 evaluations
random create transition at 119
random destroy transition at 120
optimisation failed with message Maximum number of function evaluations has been exceeded. after 183 iterations, 800 evaluations
accept destroy segment 120
random destroy transition at 121
optimisation finished successfully after 33 iterations, 68 evaluations
random create transition at 122
optimisation finished successfully after 187 iterations, 318 evaluations
accept create segment at 122
random create transition at 83
optimisation failed with message Maximum number of function evaluations has been exceeded. after 871 iterations, 2000 evaluations
random create transition at 123
optimisation failed with message Maximum number of function evaluations has been exceeded. after 624 iterations, 2000 evaluations
random destroy transition at 124
optimisation failed with message Maximum number of function evaluations has been exceeded. after 607 iterations, 1600 evaluations
accept destroy segment 124
random destroy transition at 125
optimisation failed with message Maximum number of function evaluations has been exceeded. after 212 iterations, 1600 evaluations
random create transition at 126
optimisation failed with message Maximum number of function evaluations has been exceeded. after 418 iterations, 2000 evaluations
random destroy transition at 127
optimisation finished successfully after 54 iterations, 127 evaluations
random create transition at 128
optimisation finished successfully after 125 iterations, 243 evaluations
random destroy transition at 129
optimisation finished successfully after 69 iterations, 166 evaluations
random create transition at 130
optimisation failed with message Maximum number of function evaluations has been exceeded. after 489 iterations, 2000 evaluations
accept create segment at 130
random destroy transition at 83
optimisation failed with message Maximum number of function evaluations has been exceeded. after 471 iterations, 1600 evaluations
accept destroy segment 83
random destroy transition at 91
optimisation failed with message Maximum number of function evaluations has been exceeded. after 229 iterations, 1600 evaluations
random create transition at 131
optimisation failed with message Maximum number of function evaluations has been exceeded. after 259 iterations, 2000 evaluations
random destroy transition at 132
optimisation failed with message Maximum number of function evaluations has been exceeded. after 648 iterations, 1600 evaluations
accept destroy segment 132
random destroy transition at 134
optimisation failed with message Maximum number of function evaluations has been exceeded. after 599 iterations, 1600 evaluations
random create transition at 135
optimisation failed with message Maximum number of function evaluations has been exceeded. after 412 iterations, 2000 evaluations
accept create segment at 135
random destroy transition at 134
optimisation finished successfully after 218 iterations, 354 evaluations
random destroy transition at 136
optimisation failed with message Maximum number of function evaluations has been exceeded. after 620 iterations, 1600 evaluations
random destroy transition at 137
optimisation failed with message Maximum number of function evaluations has been exceeded. after 613 iterations, 1600 evaluations
random create transition at 10
random destroy transition at 11
optimisation finished successfully after 199 iterations, 327 evaluations
random create transition at 12
optimisation failed with message Maximum number of function evaluations has been exceeded. after 832 iterations, 2000 evaluations
random destroy transition at 24
optimisation failed with message Maximum number of function evaluations has been exceeded. after 207 iterations, 1600 evaluations
random create transition at 38
random destroy transition at 42
optimisation failed with message Maximum number of function evaluations has been exceeded. after 229 iterations, 1600 evaluations
random create transition at 43
optimisation finished successfully after 78 iterations, 167 evaluations
accept create segment at 43
random create transition at 75
random create transition at 138
random create transition at 139
random destroy transition at 54
optimisation failed with message Maximum number of function evaluations has been exceeded. after 455 iterations, 1600 evaluations
random destroy transition at 70
optimisation failed with message Maximum number of function evaluations has been exceeded. after 681 iterations, 1600 evaluations
random destroy transition at 74
optimisation failed with message Maximum number of function evaluations has been exceeded. after 611 iterations, 1600 evaluations
random create transition at 91
random create transition at 92
optimisation failed with message Maximum number of function evaluations has been exceeded. after 793 iterations, 2000 evaluations
random create transition at 96
optimisation finished successfully after 66 iterations, 158 evaluations
random create transition at 101
optimisation finished successfully after 117 iterations, 202 evaluations
random create transition at 103
optimisation failed with message Maximum number of function evaluations has been exceeded. after 820 iterations, 2000 evaluations
random create transition at 121
optimisation failed with message Maximum number of function evaluations has been exceeded. after 214 iterations, 1600 evaluations
random create transition at 123
optimisation finished successfully after 111 iterations, 200 evaluations
random destroy transition at 125
optimisation failed with message Maximum number of function evaluations has been exceeded. after 610 iterations, 1600 evaluations
random destroy transition at 126
optimisation failed with message Maximum number of function evaluations has been exceeded. after 573 iterations, 1600 evaluations
accept destroy segment 126
random destroy transition at 115
optimisation finished successfully after 149 iterations, 239 evaluations
random create transition at 140
optimisation failed with message Maximum number of function evaluations has been exceeded. after 823 iterations, 2000 evaluations
random destroy transition at 115
optimisation finished successfully after 149 iterations, 239 evaluations
random create transition at 127
optimisation finished successfully after 106 iterations, 196 evaluations
random create transition at 128
optimisation failed with message Maximum number of function evaluations has been exceeded. after 797 iterations, 2000 evaluations
random create transition at 131
optimisation failed with message Maximum number of function evaluations has been exceeded. after 566 iterations, 2000 evaluations
random destroy transition at 134
optimisation finished successfully after 238 iterations, 375 evaluations
random destroy transition at 136
optimisation finished successfully after 294 iterations, 481 evaluations
accept destroy segment 136
random create transition at 137
optimisation failed with message Maximum number of function evaluations has been exceeded. after 235 iterations, 2000 evaluations
accept create segment at 137
random destroy transition at 134
optimisation failed with message Maximum number of function evaluations has been exceeded. after 212 iterations, 1600 evaluations
random create transition at 141
optimisation failed with message Maximum number of function evaluations has been exceeded. after 484 iterations, 2000 evaluations
random destroy transition at 142
optimisation finished successfully after 98 iterations, 166 evaluations
accept destroy segment 142
random create transition at 143
optimisation finished successfully after 396 iterations, 574 evaluations
accept create segment at 143
random create transition at 134
optimisation failed with message Maximum number of function evaluations has been exceeded. after 745 iterations, 2000 evaluations
random destroy transition at 144
optimisation finished successfully after 108 iterations, 197 evaluations
random create transition at 145
optimisation failed with message Maximum number of function evaluations has been exceeded. after 638 iterations, 2000 evaluations
random create transition at 146
optimisation failed with message Maximum number of function evaluations has been exceeded. after 816 iterations, 2000 evaluations
random destroy transition at 134
optimisation failed with message Maximum number of function evaluations has been exceeded. after 190 iterations, 1600 evaluations
random create transition at 140
optimisation failed with message Maximum number of function evaluations has been exceeded. after 857 iterations, 2000 evaluations
random create transition at 144
optimisation failed with message Maximum number of function evaluations has been exceeded. after 743 iterations, 2000 evaluations
random create transition at 145
optimisation failed with message Maximum number of function evaluations has been exceeded. after 844 iterations, 2000 evaluations
random destroy transition at 146
optimisation failed with message Maximum number of function evaluations has been exceeded. after 491 iterations, 1600 evaluations
random create transition at 11
optimisation finished successfully after 106 iterations, 194 evaluations
random create transition at 12
optimisation finished successfully after 68 iterations, 157 evaluations
random create transition at 24
random create transition at 42
optimisation failed with message Maximum number of function evaluations has been exceeded. after 383 iterations, 2000 evaluations
random destroy transition at 54
optimisation failed with message Maximum number of function evaluations has been exceeded. after 647 iterations, 1600 evaluations
random destroy transition at 70
optimisation failed with message Maximum number of function evaluations has been exceeded. after 511 iterations, 1600 evaluations
accept destroy segment 70
random destroy transition at 24
optimisation failed with message Maximum number of function evaluations has been exceeded. after 215 iterations, 1600 evaluations
random create transition at 147
random create transition at 24
optimisation failed with message Maximum number of function evaluations has been exceeded. after 811 iterations, 2000 evaluations
random destroy transition at 24
optimisation failed with message Maximum number of function evaluations has been exceeded. after 211 iterations, 1600 evaluations
random create transition at 74
optimisation failed with message Maximum number of function evaluations has been exceeded. after 224 iterations, 2000 evaluations
random create transition at 96
optimisation finished successfully after 96 iterations, 231 evaluations
random destroy transition at 101
optimisation finished successfully after 140 iterations, 230 evaluations
random destroy transition at 103
optimisation failed with message Maximum number of function evaluations has been exceeded. after 641 iterations, 1600 evaluations
random destroy transition at 115
optimisation failed with message Maximum number of function evaluations has been exceeded. after 212 iterations, 1600 evaluations
accept destroy segment 115
random destroy transition at 128
optimisation failed with message Maximum number of function evaluations has been exceeded. after 663 iterations, 1600 evaluations
accept destroy segment 128
random create transition at 96
optimisation failed with message Maximum number of function evaluations has been exceeded. after 798 iterations, 2000 evaluations
random create transition at 149
optimisation failed with message Maximum number of function evaluations has been exceeded. after 500 iterations, 2000 evaluations
random create transition at 96
optimisation finished successfully after 179 iterations, 311 evaluations
random destroy transition at 149
optimisation finished successfully after 72 iterations, 149 evaluations
random destroy transition at 96
optimisation failed with message Maximum number of function evaluations has been exceeded. after 479 iterations, 1600 evaluations
random create transition at 121
optimisation failed with message Maximum number of function evaluations has been exceeded. after 620 iterations, 1600 evaluations
random destroy transition at 123
optimisation finished successfully after 65 iterations, 134 evaluations
random create transition at 125
optimisation failed with message Maximum number of function evaluations has been exceeded. after 614 iterations, 2000 evaluations
random create transition at 127
optimisation finished successfully after 65 iterations, 141 evaluations
random create transition at 131
optimisation failed with message Maximum number of function evaluations has been exceeded. after 756 iterations, 2000 evaluations
random destroy transition at 134
optimisation failed with message Maximum number of function evaluations has been exceeded. after 593 iterations, 1600 evaluations
random create transition at 144
optimisation failed with message Maximum number of function evaluations has been exceeded. after 229 iterations, 2000 evaluations
random destroy transition at 145
optimisation failed with message Maximum number of function evaluations has been exceeded. after 651 iterations, 1600 evaluations
random create transition at 146
optimisation failed with message Maximum number of function evaluations has been exceeded. after 853 iterations, 2000 evaluations
accept create segment at 146
random create transition at 134
random destroy transition at 150
optimisation finished successfully after 157 iterations, 249 evaluations
random create transition at 151
optimisation finished successfully after 251 iterations, 414 evaluations
accept create segment at 151
random create transition at 134
random destroy transition at 152
optimisation failed with message Maximum number of function evaluations has been exceeded. after 232 iterations, 1600 evaluations
random destroy transition at 153
optimisation failed with message Maximum number of function evaluations has been exceeded. after 484 iterations, 1600 evaluations
accept destroy segment 153
random create transition at 134
random create transition at 154
optimisation finished successfully after 276 iterations, 443 evaluations
accept create segment at 154
random create transition at 134
random destroy transition at 155
optimisation finished successfully after 127 iterations, 230 evaluations
random create transition at 156
optimisation finished successfully after 201 iterations, 327 evaluations
random destroy transition at 150
optimisation failed with message Maximum number of function evaluations has been exceeded. after 595 iterations, 1600 evaluations
random create transition at 155
random create transition at 156
optimisation finished successfully after 201 iterations, 327 evaluations
random destroy transition at 149
optimisation finished successfully after 67 iterations, 192 evaluations
accept destroy segment 149
random destroy transition at 96
optimisation failed with message Maximum number of function evaluations has been exceeded. after 609 iterations, 1600 evaluations
random destroy transition at 157
optimisation failed with message Maximum number of function evaluations has been exceeded. after 490 iterations, 1600 evaluations
random destroy transition at 96
optimisation failed with message Maximum number of function evaluations has been exceeded. after 609 iterations, 1600 evaluations
random destroy transition at 157
optimisation failed with message Maximum number of function evaluations has been exceeded. after 490 iterations, 1600 evaluations
random destroy transition at 96
optimisation failed with message Maximum number of function evaluations has been exceeded. after 609 iterations, 1600 evaluations
random create transition at 150
optimisation finished successfully after 534 iterations, 812 evaluations
random destroy transition at 156
optimisation failed with message Maximum number of function evaluations has been exceeded. after 192 iterations, 1600 evaluations
random destroy transition at 157
optimisation failed with message Maximum number of function evaluations has been exceeded. after 490 iterations, 1600 evaluations
random create transition at 11
optimisation finished successfully after 128 iterations, 216 evaluations
random create transition at 12
optimisation finished successfully after 123 iterations, 213 evaluations
random create transition at 24
random destroy transition at 42
optimisation failed with message Maximum number of function evaluations has been exceeded. after 557 iterations, 1600 evaluations
random create transition at 74
random destroy transition at 96
optimisation failed with message Maximum number of function evaluations has been exceeded. after 609 iterations, 1600 evaluations
random create transition at 101
optimisation failed with message Maximum number of function evaluations has been exceeded. after 821 iterations, 2000 evaluations
random create transition at 103
optimisation failed with message Maximum number of function evaluations has been exceeded. after 618 iterations, 2000 evaluations
random create transition at 121
optimisation failed with message Maximum number of function evaluations has been exceeded. after 229 iterations, 1600 evaluations
random create transition at 123
optimisation failed with message Maximum number of function evaluations has been exceeded. after 277 iterations, 2000 evaluations
random create transition at 125
optimisation failed with message Maximum number of function evaluations has been exceeded. after 651 iterations, 2000 evaluations
random destroy transition at 127
optimisation finished successfully after 255 iterations, 392 evaluations
random create transition at 131
optimisation failed with message Maximum number of function evaluations has been exceeded. after 298 iterations, 2000 evaluations
random create transition at 144
optimisation failed with message Maximum number of function evaluations has been exceeded. after 747 iterations, 2000 evaluations
random create transition at 145
optimisation failed with message Maximum number of function evaluations has been exceeded. after 804 iterations, 2000 evaluations
random create transition at 150
optimisation finished successfully after 534 iterations, 812 evaluations
random destroy transition at 156
optimisation failed with message Maximum number of function evaluations has been exceeded. after 191 iterations, 1600 evaluations
random create transition at 157
optimisation finished successfully after 185 iterations, 324 evaluations
random destroy transition at 11
optimisation finished successfully after 226 iterations, 367 evaluations
random destroy transition at 12
optimisation failed with message Maximum number of function evaluations has been exceeded. after 670 iterations, 1600 evaluations
random destroy transition at 42
optimisation failed with message Maximum number of function evaluations has been exceeded. after 627 iterations, 1600 evaluations
random create transition at 96
optimisation finished successfully after 91 iterations, 178 evaluations
random destroy transition at 101
optimisation failed with message Maximum number of function evaluations has been exceeded. after 199 iterations, 1200 evaluations
random create transition at 103
optimisation finished successfully after 123 iterations, 231 evaluations
random destroy transition at 121
optimisation finished successfully after 51 iterations, 95 evaluations
random destroy transition at 123
optimisation failed with message Maximum number of function evaluations has been exceeded. after 484 iterations, 1600 evaluations
random create transition at 125
optimisation failed with message Maximum number of function evaluations has been exceeded. after 631 iterations, 2000 evaluations
random destroy transition at 127
optimisation finished successfully after 255 iterations, 392 evaluations
random create transition at 131
optimisation failed with message Maximum number of function evaluations has been exceeded. after 293 iterations, 2000 evaluations
random destroy transition at 144
optimisation failed with message Maximum number of function evaluations has been exceeded. after 227 iterations, 1600 evaluations
random destroy transition at 145
optimisation finished successfully after 63 iterations, 132 evaluations
random create transition at 150
optimisation finished successfully after 534 iterations, 812 evaluations
random destroy transition at 156
optimisation failed with message Maximum number of function evaluations has been exceeded. after 189 iterations, 1600 evaluations
random destroy transition at 157
optimisation failed with message Maximum number of function evaluations has been exceeded. after 490 iterations, 1600 evaluations
random destroy transition at 11
optimisation failed with message Maximum number of function evaluations has been exceeded. after 661 iterations, 1600 evaluations
random destroy transition at 12
optimisation finished successfully after 83 iterations, 145 evaluations
random create transition at 42
optimisation finished successfully after 195 iterations, 311 evaluations
random destroy transition at 96
optimisation failed with message Maximum number of function evaluations has been exceeded. after 609 iterations, 1600 evaluations
random create transition at 101
optimisation failed with message Maximum number of function evaluations has been exceeded. after 301 iterations, 2000 evaluations
random create transition at 103
optimisation failed with message Maximum number of function evaluations has been exceeded. after 251 iterations, 2000 evaluations
random destroy transition at 121
optimisation finished successfully after 39 iterations, 87 evaluations
random destroy transition at 123
optimisation finished successfully after 86 iterations, 149 evaluations
random create transition at 125
optimisation failed with message Maximum number of function evaluations has been exceeded. after 663 iterations, 2000 evaluations
random destroy transition at 127
optimisation finished successfully after 255 iterations, 392 evaluations
random destroy transition at 131
optimisation failed with message Maximum number of function evaluations has been exceeded. after 210 iterations, 1600 evaluations
random create transition at 144
optimisation failed with message Maximum number of function evaluations has been exceeded. after 860 iterations, 2000 evaluations
accept create segment at 144
random create transition at 145
optimisation finished successfully after 391 iterations, 595 evaluations
random create transition at 158
optimisation failed with message Maximum number of function evaluations has been exceeded. after 231 iterations, 2000 evaluations
random create transition at 159
optimisation failed with message Maximum number of function evaluations has been exceeded. after 257 iterations, 2000 evaluations
random destroy transition at 145
optimisation failed with message Maximum number of function evaluations has been exceeded. after 593 iterations, 1600 evaluations
random create transition at 158
optimisation failed with message Maximum number of function evaluations has been exceeded. after 231 iterations, 2000 evaluations
random create transition at 159
optimisation failed with message Maximum number of function evaluations has been exceeded. after 257 iterations, 2000 evaluations
random destroy transition at 145
optimisation failed with message Maximum number of function evaluations has been exceeded. after 593 iterations, 1600 evaluations
random destroy transition at 158
optimisation finished successfully after 185 iterations, 322 evaluations
random create transition at 159
optimisation failed with message Maximum number of function evaluations has been exceeded. after 257 iterations, 2000 evaluations
random destroy transition at 145
optimisation failed with message Maximum number of function evaluations has been exceeded. after 593 iterations, 1600 evaluations
random create transition at 158
optimisation failed with message Maximum number of function evaluations has been exceeded. after 231 iterations, 2000 evaluations
random destroy transition at 159
optimisation finished successfully after 124 iterations, 212 evaluations
random create transition at 145
optimisation finished successfully after 391 iterations, 595 evaluations
random destroy transition at 158
optimisation finished successfully after 185 iterations, 322 evaluations
random create transition at 159
optimisation failed with message Maximum number of function evaluations has been exceeded. after 257 iterations, 2000 evaluations
random create transition at 145
optimisation finished successfully after 391 iterations, 595 evaluations
random create transition at 150
optimisation failed with message Maximum number of function evaluations has been exceeded. after 632 iterations, 2000 evaluations
random destroy transition at 156
optimisation failed with message Maximum number of function evaluations has been exceeded. after 177 iterations, 1600 evaluations
random create transition at 157
optimisation finished successfully after 185 iterations, 324 evaluations
random create transition at 158
optimisation failed with message Maximum number of function evaluations has been exceeded. after 584 iterations, 2000 evaluations
random create transition at 159
optimisation failed with message Maximum number of function evaluations has been exceeded. after 582 iterations, 2000 evaluations
random create transition at 11
optimisation finished successfully after 91 iterations, 169 evaluations
random destroy transition at 12
optimisation failed with message Maximum number of function evaluations has been exceeded. after 657 iterations, 1600 evaluations
random create transition at 42
optimisation failed with message Maximum number of function evaluations has been exceeded. after 221 iterations, 2000 evaluations
random create transition at 96
optimisation finished successfully after 91 iterations, 178 evaluations
random create transition at 101
optimisation failed with message Maximum number of function evaluations has been exceeded. after 958 iterations, 2000 evaluations
random create transition at 103
optimisation failed with message Maximum number of function evaluations has been exceeded. after 249 iterations, 2000 evaluations
random create transition at 121
optimisation failed with message Maximum number of function evaluations has been exceeded. after 618 iterations, 1600 evaluations
random create transition at 123
optimisation failed with message Maximum number of function evaluations has been exceeded. after 866 iterations, 2000 evaluations
random destroy transition at 125
optimisation failed with message Maximum number of function evaluations has been exceeded. after 643 iterations, 1600 evaluations
random create transition at 127
optimisation finished successfully after 47 iterations, 123 evaluations
accept create segment at 127
random destroy transition at 160
optimisation finished successfully after 125 iterations, 233 evaluations
random create transition at 161
optimisation finished successfully after 88 iterations, 186 evaluations
random create transition at 160
optimisation finished successfully after 101 iterations, 209 evaluations
accept create segment at 160
random destroy transition at 161
optimisation finished successfully after 49 iterations, 108 evaluations
accept destroy segment 161
random create transition at 162
optimisation finished successfully after 102 iterations, 223 evaluations
accept create segment at 162
random create transition at 164
optimisation finished successfully after 86 iterations, 195 evaluations
random create transition at 165
optimisation finished successfully after 43 iterations, 147 evaluations
random destroy transition at 166
optimisation finished successfully after 52 iterations, 114 evaluations
random destroy transition at 164
optimisation finished successfully after 77 iterations, 138 evaluations
accept destroy segment 164
random create transition at 167
optimisation finished successfully after 91 iterations, 194 evaluations
random create transition at 165
optimisation finished successfully after 75 iterations, 171 evaluations
accept create segment at 165
random destroy transition at 167
optimisation finished successfully after 47 iterations, 123 evaluations
accept destroy segment 167
random destroy transition at 168
optimisation finished successfully after 119 iterations, 220 evaluations
random create transition at 170
optimisation finished successfully after 164 iterations, 312 evaluations
random destroy transition at 168
optimisation finished successfully after 119 iterations, 220 evaluations
random create transition at 170
optimisation finished successfully after 164 iterations, 312 evaluations
random create transition at 168
optimisation failed with message Maximum number of function evaluations has been exceeded. after 666 iterations, 2000 evaluations
random destroy transition at 170
optimisation finished successfully after 53 iterations, 111 evaluations
random create transition at 168
optimisation failed with message Maximum number of function evaluations has been exceeded. after 666 iterations, 2000 evaluations
random destroy transition at 170
optimisation finished successfully after 53 iterations, 111 evaluations
random create transition at 168
optimisation failed with message Maximum number of function evaluations has been exceeded. after 666 iterations, 2000 evaluations
random create transition at 170
optimisation finished successfully after 164 iterations, 312 evaluations
random create transition at 168
optimisation failed with message Maximum number of function evaluations has been exceeded. after 666 iterations, 2000 evaluations
random create transition at 170
optimisation finished successfully after 164 iterations, 312 evaluations
random destroy transition at 131
optimisation failed with message Maximum number of function evaluations has been exceeded. after 469 iterations, 1600 evaluations
random create transition at 145
optimisation finished successfully after 391 iterations, 595 evaluations
random create transition at 150
optimisation failed with message Maximum number of function evaluations has been exceeded. after 321 iterations, 2000 evaluations
random destroy transition at 156
optimisation failed with message Maximum number of function evaluations has been exceeded. after 200 iterations, 1600 evaluations
random destroy transition at 157
optimisation failed with message Maximum number of function evaluations has been exceeded. after 469 iterations, 1600 evaluations
random destroy transition at 158
optimisation finished successfully after 185 iterations, 322 evaluations
random create transition at 159
optimisation failed with message Maximum number of function evaluations has been exceeded. after 256 iterations, 2000 evaluations
random create transition at 168
optimisation finished successfully after 74 iterations, 159 evaluations
accept create segment at 168
random create transition at 170
optimisation finished successfully after 232 iterations, 382 evaluations
accept create segment at 170
random destroy transition at 171
optimisation failed with message Maximum number of function evaluations has been exceeded. after 207 iterations, 1600 evaluations
random destroy transition at 172
optimisation finished successfully after 72 iterations, 164 evaluations
random destroy transition at 173
optimisation failed with message Maximum number of function evaluations has been exceeded. after 203 iterations, 1600 evaluations
random create transition at 174
optimisation finished successfully after 90 iterations, 175 evaluations
random destroy transition at 171
optimisation failed with message Maximum number of function evaluations has been exceeded. after 207 iterations, 1600 evaluations
random create transition at 172
optimisation finished successfully after 85 iterations, 190 evaluations
random create transition at 173
optimisation finished successfully after 151 iterations, 297 evaluations
random destroy transition at 174
optimisation finished successfully after 47 iterations, 104 evaluations
accept destroy segment 174
random create transition at 175
optimisation finished successfully after 165 iterations, 265 evaluations
random destroy transition at 175
optimisation failed with message Maximum number of function evaluations has been exceeded. after 374 iterations, 1200 evaluations
random destroy transition at 171
optimisation finished successfully after 99 iterations, 202 evaluations
random destroy transition at 172
optimisation finished successfully after 76 iterations, 165 evaluations
random create transition at 175
optimisation finished successfully after 165 iterations, 265 evaluations
random destroy transition at 171
optimisation finished successfully after 99 iterations, 202 evaluations
random destroy transition at 172
optimisation finished successfully after 76 iterations, 165 evaluations
random destroy transition at 175
optimisation failed with message Maximum number of function evaluations has been exceeded. after 374 iterations, 1200 evaluations
random destroy transition at 171
optimisation finished successfully after 99 iterations, 202 evaluations
random create transition at 172
optimisation failed with message Maximum number of function evaluations has been exceeded. after 778 iterations, 2000 evaluations
random destroy transition at 175
optimisation failed with message Maximum number of function evaluations has been exceeded. after 374 iterations, 1200 evaluations
random destroy transition at 171
optimisation finished successfully after 99 iterations, 202 evaluations
random create transition at 172
optimisation failed with message Maximum number of function evaluations has been exceeded. after 778 iterations, 2000 evaluations
random create transition at 175
optimisation finished successfully after 165 iterations, 265 evaluations
random destroy transition at 171
optimisation finished successfully after 99 iterations, 202 evaluations
random destroy transition at 172
optimisation finished successfully after 76 iterations, 165 evaluations
random create transition at 175
optimisation finished successfully after 165 iterations, 265 evaluations
----------------------------------------------------------
greedy solve
random destroy transition at 157
optimisation failed with message Maximum number of function evaluations has been exceeded. after 608 iterations, 1600 evaluations
random destroy transition at 8
optimisation finished successfully after 100 iterations, 178 evaluations
random create transition at 96
optimisation failed with message Maximum number of function evaluations has been exceeded. after 621 iterations, 2000 evaluations
random create transition at 123
optimisation failed with message Maximum number of function evaluations has been exceeded. after 880 iterations, 2000 evaluations
random destroy transition at 9
optimisation failed with message Maximum number of function evaluations has been exceeded. after 659 iterations, 1600 evaluations
random create transition at 91
random create transition at 131
optimisation failed with message Maximum number of function evaluations has been exceeded. after 213 iterations, 2000 evaluations
random create transition at 24
random destroy transition at 74
optimisation failed with message Maximum number of function evaluations has been exceeded. after 644 iterations, 1600 evaluations
random destroy transition at 10
optimisation failed with message Maximum number of function evaluations has been exceeded. after 633 iterations, 1600 evaluations
accept destroy segment 10
random destroy transition at 11
optimisation failed with message Maximum number of function evaluations has been exceeded. after 530 iterations, 1600 evaluations
accept destroy segment 11
random create transition at 12
optimisation failed with message Maximum number of function evaluations has been exceeded. after 228 iterations, 2000 evaluations
random destroy transition at 105
optimisation failed with message Maximum number of function evaluations has been exceeded. after 211 iterations, 1600 evaluations
random destroy transition at 42
optimisation failed with message Maximum number of function evaluations has been exceeded. after 601 iterations, 1600 evaluations
random create transition at 101
optimisation failed with message Maximum number of function evaluations has been exceeded. after 278 iterations, 2000 evaluations
random create transition at 125
optimisation failed with message Maximum number of function evaluations has been exceeded. after 801 iterations, 2000 evaluations
random destroy transition at 138
optimisation failed with message Maximum number of function evaluations has been exceeded. after 550 iterations, 1600 evaluations
random destroy transition at 139
optimisation failed with message Maximum number of function evaluations has been exceeded. after 249 iterations, 1600 evaluations
random destroy transition at 38
optimisation finished successfully after 126 iterations, 220 evaluations
random destroy transition at 147
optimisation finished successfully after 70 iterations, 151 evaluations
accept destroy segment 147
random create transition at 103
optimisation finished successfully after 384 iterations, 579 evaluations
random destroy transition at 150
optimisation failed with message Maximum number of function evaluations has been exceeded. after 645 iterations, 1600 evaluations
random destroy transition at 145
optimisation finished successfully after 120 iterations, 209 evaluations
random create transition at 24
optimisation failed with message Maximum number of function evaluations has been exceeded. after 227 iterations, 2000 evaluations
random create transition at 156
optimisation failed with message Maximum number of function evaluations has been exceeded. after 202 iterations, 2000 evaluations
random destroy transition at 18
optimisation failed with message Maximum number of function evaluations has been exceeded. after 267 iterations, 1600 evaluations
accept destroy segment 18
random destroy transition at 121
optimisation failed with message Maximum number of function evaluations has been exceeded. after 287 iterations, 800 evaluations
random destroy transition at 155
optimisation failed with message Maximum number of function evaluations has been exceeded. after 670 iterations, 1600 evaluations
random destroy transition at 158
optimisation finished successfully after 146 iterations, 268 evaluations
random destroy transition at 159
optimisation finished successfully after 124 iterations, 212 evaluations
random create transition at 171
optimisation finished successfully after 135 iterations, 256 evaluations
random create transition at 172
optimisation finished successfully after 97 iterations, 193 evaluations
random destroy transition at 134
optimisation failed with message Maximum number of function evaluations has been exceeded. after 647 iterations, 1600 evaluations
random create transition at 75
random destroy transition at 175
optimisation failed with message Maximum number of function evaluations has been exceeded. after 375 iterations, 1200 evaluations
random create transition at 177
random destroy transition at 178
optimisation failed with message Maximum number of function evaluations has been exceeded. after 642 iterations, 1600 evaluations
random destroy transition at 179
optimisation failed with message Maximum number of function evaluations has been exceeded. after 213 iterations, 1600 evaluations
random create transition at 8
random destroy transition at 12
optimisation failed with message Maximum number of function evaluations has been exceeded. after 184 iterations, 1600 evaluations
accept destroy segment 12
random destroy transition at 179
optimisation failed with message Maximum number of function evaluations has been exceeded. after 630 iterations, 1600 evaluations
accept destroy segment 179
random destroy transition at 178
optimisation finished successfully after 165 iterations, 258 evaluations
accept destroy segment 178
random destroy transition at 24
optimisation failed with message Maximum number of function evaluations has been exceeded. after 220 iterations, 1600 evaluations
random destroy transition at 182
optimisation failed with message Maximum number of function evaluations has been exceeded. after 656 iterations, 1600 evaluations
random destroy transition at 24
optimisation failed with message Maximum number of function evaluations has been exceeded. after 220 iterations, 1600 evaluations
random create transition at 38
random create transition at 42
optimisation failed with message Maximum number of function evaluations has been exceeded. after 684 iterations, 2000 evaluations
random destroy transition at 74
optimisation failed with message Maximum number of function evaluations has been exceeded. after 591 iterations, 1600 evaluations
random destroy transition at 96
optimisation failed with message Maximum number of function evaluations has been exceeded. after 663 iterations, 1600 evaluations
random create transition at 101
optimisation failed with message Maximum number of function evaluations has been exceeded. after 365 iterations, 2000 evaluations
random create transition at 103
optimisation failed with message Maximum number of function evaluations has been exceeded. after 809 iterations, 2000 evaluations
random create transition at 121
optimisation failed with message Maximum number of function evaluations has been exceeded. after 236 iterations, 1600 evaluations
random create transition at 123
optimisation failed with message Maximum number of function evaluations has been exceeded. after 586 iterations, 2000 evaluations
random destroy transition at 125
optimisation failed with message Maximum number of function evaluations has been exceeded. after 662 iterations, 1600 evaluations
random destroy transition at 131
optimisation failed with message Maximum number of function evaluations has been exceeded. after 221 iterations, 1600 evaluations
random create transition at 134
random create transition at 138
random create transition at 139
random create transition at 145
optimisation failed with message Maximum number of function evaluations has been exceeded. after 356 iterations, 2000 evaluations
random destroy transition at 150
optimisation failed with message Maximum number of function evaluations has been exceeded. after 633 iterations, 1600 evaluations
random create transition at 155
random create transition at 156
optimisation failed with message Maximum number of function evaluations has been exceeded. after 207 iterations, 2000 evaluations
random create transition at 157
optimisation failed with message Maximum number of function evaluations has been exceeded. after 796 iterations, 2000 evaluations
random destroy transition at 158
optimisation finished successfully after 322 iterations, 522 evaluations
random destroy transition at 159
optimisation finished successfully after 124 iterations, 212 evaluations
random destroy transition at 171
optimisation finished successfully after 99 iterations, 202 evaluations
random create transition at 172
optimisation finished successfully after 97 iterations, 193 evaluations
random destroy transition at 175
optimisation failed with message Maximum number of function evaluations has been exceeded. after 374 iterations, 1200 evaluations
random destroy transition at 182
optimisation failed with message Maximum number of function evaluations has been exceeded. after 648 iterations, 1600 evaluations
random create transition at 24
random destroy transition at 42
optimisation failed with message Maximum number of function evaluations has been exceeded. after 602 iterations, 1600 evaluations
random create transition at 74
random destroy transition at 96
optimisation failed with message Maximum number of function evaluations has been exceeded. after 661 iterations, 1600 evaluations
random destroy transition at 101
optimisation finished successfully after 60 iterations, 116 evaluations
random create transition at 103
optimisation failed with message Maximum number of function evaluations has been exceeded. after 762 iterations, 2000 evaluations
random create transition at 121
optimisation finished successfully after 87 iterations, 160 evaluations
random destroy transition at 123
optimisation failed with message Maximum number of function evaluations has been exceeded. after 478 iterations, 1600 evaluations
random destroy transition at 125
optimisation failed with message Maximum number of function evaluations has been exceeded. after 665 iterations, 1600 evaluations
random create transition at 131
optimisation failed with message Maximum number of function evaluations has been exceeded. after 555 iterations, 2000 evaluations
random destroy transition at 145
optimisation finished successfully after 120 iterations, 209 evaluations
random create transition at 150
optimisation failed with message Maximum number of function evaluations has been exceeded. after 328 iterations, 2000 evaluations
random create transition at 156
optimisation failed with message Maximum number of function evaluations has been exceeded. after 212 iterations, 2000 evaluations
random create transition at 157
optimisation failed with message Maximum number of function evaluations has been exceeded. after 726 iterations, 2000 evaluations
random destroy transition at 158
optimisation finished successfully after 311 iterations, 502 evaluations
random destroy transition at 159
optimisation failed with message Maximum number of function evaluations has been exceeded. after 505 iterations, 1600 evaluations
random destroy transition at 171
optimisation finished successfully after 99 iterations, 202 evaluations
random destroy transition at 172
optimisation finished successfully after 76 iterations, 165 evaluations
random destroy transition at 175
optimisation failed with message Maximum number of function evaluations has been exceeded. after 374 iterations, 1200 evaluations
random create transition at 182
----------------------------------------------------------
remapping
optimisation failed with message Maximum number of function evaluations has been exceeded. after 178 iterations, 1200 evaluations
accepted remapping point 488 segment 101
optimisation finished successfully after 69 iterations, 123 evaluations
noremap 99 121 4.426293598073939 4.799894643555173
optimisation failed with message Maximum number of function evaluations has been exceeded. after 342 iterations, 1200 evaluations
noremap 489 8 4.426293598073939 4.669017902605027
optimisation finished successfully after 132 iterations, 217 evaluations
noremap 493 101 4.426293598073939 4.785172960645452
optimisation failed with message Maximum number of function evaluations has been exceeded. after 226 iterations, 1200 evaluations
accepted remapping point 495 segment 182
optimisation failed with message Maximum number of function evaluations has been exceeded. after 193 iterations, 1200 evaluations
noremap 490 8 4.379157809327404 5.699846595901038
optimisation failed with message Maximum number of function evaluations has been exceeded. after 188 iterations, 1200 evaluations
noremap 497 24 4.3699048161103935 7.071144600834093
optimisation failed with message Maximum number of function evaluations has been exceeded. after 484 iterations, 1200 evaluations
accepted remapping point 491 segment 182
optimisation failed with message Maximum number of function evaluations has been exceeded. after 444 iterations, 1200 evaluations
noremap 492 123 4.2360749834104645 30.774550009105877
optimisation failed with message Maximum number of function evaluations has been exceeded. after 174 iterations, 1200 evaluations
noremap 494 24 4.267753676683661 7.113152869047013
optimisation failed with message Maximum number of function evaluations has been exceeded. after 500 iterations, 1200 evaluations
accepted remapping point 521 segment 103
optimisation failed with message Maximum number of function evaluations has been exceeded. after 367 iterations, 1200 evaluations
noremap 507 123 4.463658527962081 31.286188833721987
optimisation failed with message Maximum number of function evaluations has been exceeded. after 398 iterations, 1200 evaluations
accepted remapping point 526 segment 131
optimisation failed with message Maximum number of function evaluations has been exceeded. after 468 iterations, 1200 evaluations
noremap 508 103 4.405522595284474 4.7374416728697
optimisation failed with message Maximum number of function evaluations has been exceeded. after 422 iterations, 1200 evaluations
noremap 533 125 4.368371534643073 4.816391942054016
optimisation failed with message Maximum number of function evaluations has been exceeded. after 373 iterations, 1200 evaluations
noremap 527 131 4.368988189120776 4.6761769075036455
optimisation failed with message Maximum number of function evaluations has been exceeded. after 446 iterations, 1200 evaluations
noremap 645 38 4.384635350200181 4.702990149192192
optimisation failed with message Maximum number of function evaluations has been exceeded. after 178 iterations, 1200 evaluations
noremap 644 125 4.368371534643073 4.703546393358822
optimisation failed with message Maximum number of function evaluations has been exceeded. after 437 iterations, 1200 evaluations
accepted remapping point 648 segment 74
optimisation failed with message Maximum number of function evaluations has been exceeded. after 172 iterations, 1200 evaluations
noremap 653 38 4.349008360161038 4.739845307115739
optimisation failed with message Maximum number of function evaluations has been exceeded. after 260 iterations, 1200 evaluations
accepted remapping point 659 segment 42
optimisation failed with message Maximum number of function evaluations has been exceeded. after 341 iterations, 1200 evaluations
noremap 649 74 4.246667931010859 4.2585670967431355
optimisation failed with message Maximum number of function evaluations has been exceeded. after 332 iterations, 1200 evaluations
noremap 662 138 4.231434181669085 5.319421862596311
optimisation failed with message Maximum number of function evaluations has been exceeded. after 389 iterations, 1200 evaluations
accepted remapping point 656 segment 42
optimisation failed with message Maximum number of function evaluations has been exceeded. after 436 iterations, 1200 evaluations
noremap 664 139 4.338585417996137 5.446915815496055
optimisation failed with message Maximum number of function evaluations has been exceeded. after 267 iterations, 1200 evaluations
noremap 665 138 4.257710230152036 5.45622142784023
optimisation failed with message Maximum number of function evaluations has been exceeded. after 370 iterations, 1200 evaluations
noremap 666 75 4.387414166453386 4.56685631793544
optimisation failed with message Maximum number of function evaluations has been exceeded. after 486 iterations, 1200 evaluations
noremap 668 139 4.338585417996137 5.221967337961919
optimisation failed with message Maximum number of function evaluations has been exceeded. after 474 iterations, 1200 evaluations
accepted remapping point 668 segment 158
optimisation failed with message Maximum number of function evaluations has been exceeded. after 406 iterations, 1200 evaluations
noremap 667 75 4.770578682300242 4.80157492116439
optimisation finished successfully after 129 iterations, 235 evaluations
accepted remapping point 739 segment 159
optimisation finished successfully after 87 iterations, 150 evaluations
noremap 669 158 4.556253700057113 5.236352972913341
optimisation failed with message Maximum number of function evaluations has been exceeded. after 381 iterations, 1200 evaluations
noremap 749 145 4.402561697760772 4.577156580586802
optimisation failed with message Maximum number of function evaluations has been exceeded. after 181 iterations, 1200 evaluations
noremap 696 159 4.407339203211659 4.7094439971165425
optimisation finished successfully after 231 iterations, 383 evaluations
accepted remapping point 774 segment 150
optimisation failed with message Maximum number of function evaluations has been exceeded. after 184 iterations, 1200 evaluations
noremap 752 145 4.359618225344086 4.780458441782028
optimisation finished successfully after 262 iterations, 461 evaluations
accepted remapping point 775 segment 155
optimisation finished successfully after 238 iterations, 405 evaluations
noremap 776 150 4.414175660721499 5.469261027489726
optimisation failed with message Maximum number of function evaluations has been exceeded. after 185 iterations, 1200 evaluations
noremap 777 156 4.437328033743958 6.477298312566239
optimisation failed with message Maximum number of function evaluations has been exceeded. after 461 iterations, 1200 evaluations
noremap 778 155 4.896953280309139 4.913938675234804
optimisation failed with message Maximum number of function evaluations has been exceeded. after 167 iterations, 1200 evaluations
noremap 782 134 4.479872026920793 136.29939955472346
optimisation failed with message Maximum number of function evaluations has been exceeded. after 470 iterations, 1200 evaluations
noremap 783 156 4.437328033743958 6.508990090587762
optimisation failed with message Maximum number of function evaluations has been exceeded. after 443 iterations, 1200 evaluations
accepted remapping point 783 segment 91
optimisation failed with message Maximum number of function evaluations has been exceeded. after 171 iterations, 1200 evaluations
noremap 784 134 5.597338578931016 144.89248299821804
optimisation failed with message Maximum number of function evaluations has been exceeded. after 375 iterations, 1200 evaluations
noremap 785 157 5.594032093899685 6.578381018008196
optimisation failed with message Maximum number of function evaluations has been exceeded. after 422 iterations, 1200 evaluations
accepted remapping point 786 segment 91
optimisation failed with message Maximum number of function evaluations has been exceeded. after 367 iterations, 1200 evaluations
noremap 788 96 4.702878064075488 8.386920219409344
optimisation failed with message Maximum number of function evaluations has been exceeded. after 471 iterations, 1200 evaluations
noremap 789 157 4.755631779294667 6.157199246974766
optimisation finished successfully after 73 iterations, 159 evaluations
accepted remapping point 1109 segment 171
optimisation failed with message Maximum number of function evaluations has been exceeded. after 324 iterations, 1200 evaluations
noremap 1008 96 4.728919376752236 8.398645637338477
optimisation finished successfully after 79 iterations, 163 evaluations
accepted remapping point 1153 segment 172
optimisation finished successfully after 52 iterations, 133 evaluations
accepted remapping point 1093 segment 171
optimisation finished successfully after 104 iterations, 234 evaluations
noremap 1336 175 4.715271366121021 4.716614702909874
optimisation finished successfully after 81 iterations, 161 evaluations
accepted remapping point 1152 segment 172
----------------------------------------------------------
cleanup
optimisation finished successfully after 34 iterations, 69 evaluations
optimisation failed with message Maximum number of function evaluations has been exceeded. after 199 iterations, 1200 evaluations
optimisation failed with message Maximum number of function evaluations has been exceeded. after 633 iterations, 1600 evaluations
optimisation failed with message Maximum number of function evaluations has been exceeded. after 266 iterations, 1600 evaluations
optimisation failed with message Maximum number of function evaluations has been exceeded. after 660 iterations, 1600 evaluations
optimisation failed with message Maximum number of function evaluations has been exceeded. after 421 iterations, 1600 evaluations
optimisation failed with message Maximum number of function evaluations has been exceeded. after 656 iterations, 1600 evaluations
optimisation finished successfully after 91 iterations, 178 evaluations
optimisation failed with message Maximum number of function evaluations has been exceeded. after 497 iterations, 1600 evaluations
optimisation failed with message Maximum number of function evaluations has been exceeded. after 464 iterations, 1600 evaluations
optimisation failed with message Maximum number of function evaluations has been exceeded. after 595 iterations, 1600 evaluations
optimisation failed with message Maximum number of function evaluations has been exceeded. after 211 iterations, 1600 evaluations
accept destroy segment 42
optimisation failed with message Maximum number of function evaluations has been exceeded. after 210 iterations, 1600 evaluations
optimisation failed with message Maximum number of function evaluations has been exceeded. after 190 iterations, 1600 evaluations
optimisation failed with message Maximum number of function evaluations has been exceeded. after 620 iterations, 1600 evaluations
accept destroy segment 75
optimisation failed with message Maximum number of function evaluations has been exceeded. after 190 iterations, 1600 evaluations
optimisation finished successfully after 129 iterations, 209 evaluations
optimisation finished successfully after 129 iterations, 212 evaluations
optimisation failed with message Maximum number of function evaluations has been exceeded. after 360 iterations, 1600 evaluations
accept destroy segment 150
optimisation failed with message Maximum number of function evaluations has been exceeded. after 600 iterations, 1600 evaluations
optimisation failed with message Maximum number of function evaluations has been exceeded. after 197 iterations, 1600 evaluations
optimisation failed with message Maximum number of function evaluations has been exceeded. after 608 iterations, 1600 evaluations
accept destroy segment 134
optimisation failed with message Maximum number of function evaluations has been exceeded. after 211 iterations, 1600 evaluations
accept destroy segment 91
optimisation finished successfully after 99 iterations, 168 evaluations
accept destroy segment 157
optimisation finished successfully after 126 iterations, 242 evaluations
optimisation finished successfully after 73 iterations, 186 evaluations
optimisation failed with message Maximum number of function evaluations has been exceeded. after 656 iterations, 1600 evaluations
optimisation finished successfully after 75 iterations, 151 evaluations
