writing to  sigma_00.2000/initial_guess.pkl
iter 0 T 1 sidx 0 index 0 move percolate M 15
iter 1 T 1 sidx -1 index 14 move percolate M 15
iter 2 T 1 sidx 1 index 1 move destroy M 15
optimisation finished successfully after 90 iterations, 145 evaluations
destroy without percolating (53, 15) (46, 14)
iter 3 T 1.0 sidx 2 index 1 move percolate M 14
optimisation finished successfully after 7 iterations, 20 evaluations
optimisation finished successfully after 26 iterations, 49 evaluations
optimisation finished successfully after 9 iterations, 22 evaluations
optimisation finished successfully after 35 iterations, 65 evaluations
iter 4 T 1 sidx 3 index 2 move create M 14
optimisation finished successfully after 5 iterations, 17 evaluations
optimisation finished successfully after 220 iterations, 320 evaluations
optimisation finished successfully after 17 iterations, 38 evaluations
optimisation finished successfully after 67 iterations, 110 evaluations
optimisation finished successfully after 22 iterations, 49 evaluations
create False (46, 14) (47, 15)
iter 5 T 1 sidx 4 index 3 move create M 14
optimisation finished successfully after 8 iterations, 21 evaluations
optimisation finished successfully after 210 iterations, 307 evaluations
optimisation finished successfully after 11 iterations, 28 evaluations
optimisation finished successfully after 11 iterations, 28 evaluations
create True (46, 14) (44, 15)
iter 6 T 1.0 sidx 4 index 3 move create M 15
optimisation finished successfully after 10 iterations, 24 evaluations
optimisation finished successfully after 16 iterations, 35 evaluations
optimisation finished successfully after 40 iterations, 70 evaluations
optimisation finished successfully after 19 iterations, 41 evaluations
optimisation finished successfully after 106 iterations, 160 evaluations
create False (44, 15) (45, 16)
iter 7 T 1.0 sidx 5 index 5 move destroy M 15
optimisation finished successfully after 83 iterations, 131 evaluations
optimisation finished successfully after 94 iterations, 140 evaluations
optimisation finished successfully after 22 iterations, 44 evaluations
optimisation finished successfully after 24 iterations, 51 evaluations
optimisation finished successfully after 20 iterations, 43 evaluations
destroy False (44, 15) (47, 14)
iter 8 T 1 sidx 6 index 6 move create M 15
optimisation finished successfully after 19 iterations, 38 evaluations
optimisation finished successfully after 20 iterations, 42 evaluations
optimisation finished successfully after 76 iterations, 126 evaluations
optimisation finished successfully after 19 iterations, 40 evaluations
optimisation finished successfully after 98 iterations, 146 evaluations
optimisation finished successfully after 12 iterations, 30 evaluations
optimisation finished successfully after 14 iterations, 36 evaluations
optimisation finished successfully after 73 iterations, 116 evaluations
create False (44, 15) (46, 16)
iter 9 T 1 sidx 7 index 7 move percolate M 15
optimisation finished successfully after 111 iterations, 166 evaluations
optimisation finished successfully after 21 iterations, 42 evaluations
optimisation finished successfully after 31 iterations, 58 evaluations
optimisation finished successfully after 26 iterations, 54 evaluations
iter 10 T 1 sidx 8 index 8 move create M 15
optimisation finished successfully after 44 iterations, 81 evaluations
optimisation finished successfully after 15 iterations, 36 evaluations
optimisation finished successfully after 25 iterations, 50 evaluations
optimisation finished successfully after 13 iterations, 34 evaluations
optimisation finished successfully after 14 iterations, 36 evaluations
optimisation finished successfully after 35 iterations, 65 evaluations
optimisation finished successfully after 17 iterations, 38 evaluations
optimisation finished successfully after 18 iterations, 42 evaluations
optimisation finished successfully after 13 iterations, 35 evaluations
optimisation finished successfully after 14 iterations, 35 evaluations
create False (45, 15) (46, 16)
iter 11 T 1 sidx 9 index 9 move percolate M 15
optimisation finished successfully after 63 iterations, 107 evaluations
optimisation finished successfully after 43 iterations, 76 evaluations
optimisation finished successfully after 20 iterations, 45 evaluations
optimisation finished successfully after 16 iterations, 40 evaluations
optimisation finished successfully after 20 iterations, 46 evaluations
iter 12 T 1 sidx 10 index 10 move percolate M 15
optimisation finished successfully after 15 iterations, 36 evaluations
optimisation finished successfully after 14 iterations, 35 evaluations
optimisation finished successfully after 18 iterations, 41 evaluations
optimisation finished successfully after 21 iterations, 44 evaluations
optimisation finished successfully after 17 iterations, 41 evaluations
optimisation finished successfully after 25 iterations, 51 evaluations
iter 13 T 1 sidx 11 index 11 move percolate M 15
optimisation finished successfully after 126 iterations, 191 evaluations
optimisation finished successfully after 16 iterations, 41 evaluations
optimisation finished successfully after 18 iterations, 42 evaluations
optimisation finished successfully after 21 iterations, 48 evaluations
optimisation finished successfully after 17 iterations, 42 evaluations
optimisation finished successfully after 197 iterations, 290 evaluations
iter 14 T 1 sidx 12 index 12 move create M 15
optimisation finished successfully after 12 iterations, 30 evaluations
optimisation finished successfully after 22 iterations, 47 evaluations
optimisation finished successfully after 15 iterations, 37 evaluations
optimisation finished successfully after 47 iterations, 79 evaluations
optimisation finished successfully after 20 iterations, 44 evaluations
optimisation finished successfully after 14 iterations, 36 evaluations
optimisation finished successfully after 17 iterations, 39 evaluations
optimisation finished successfully after 75 iterations, 118 evaluations
optimisation finished successfully after 14 iterations, 36 evaluations
create False (43, 15) (44, 16)
iter 15 T 1 sidx 13 index 13 move destroy M 15
optimisation finished successfully after 42 iterations, 73 evaluations
destroy False (43, 15) (44, 14)
iter 16 T 1.0 sidx 15 index 4 move destroy M 15
optimisation finished successfully after 86 iterations, 137 evaluations
optimisation finished successfully after 24 iterations, 46 evaluations
optimisation finished successfully after 22 iterations, 44 evaluations
destroy False (43, 15) (45, 14)
iter 17 T 0.8333333333333334 sidx -1 index 14 move create M 15
did not create at 14
iter 18 T 0.8333333333333334 sidx 0 index 0 move create M 15
optimisation finished successfully after 35 iterations, 60 evaluations
create False (43, 15) (44, 16)
iter 19 T 0.8333333333333334 sidx 2 index 1 move create M 15
optimisation finished successfully after 65 iterations, 109 evaluations
optimisation finished successfully after 38 iterations, 63 evaluations
optimisation finished successfully after 8 iterations, 20 evaluations
optimisation finished successfully after 7 iterations, 19 evaluations
optimisation finished successfully after 83 iterations, 134 evaluations
create False (43, 15) (44, 16)
iter 20 T 0.8333333333333334 sidx 3 index 2 move destroy M 15
optimisation finished successfully after 9 iterations, 23 evaluations
destroy without percolating (43, 15) (43, 14)
iter 21 T 1.0 sidx 2 index 1 move destroy M 14
optimisation finished successfully after 38 iterations, 63 evaluations
destroy without percolating (43, 14) (41, 13)
iter 22 T 1.0 sidx 4 index 1 move percolate M 13
optimisation finished successfully after 8 iterations, 21 evaluations
optimisation finished successfully after 7 iterations, 20 evaluations
optimisation finished successfully after 73 iterations, 114 evaluations
optimisation finished successfully after 7 iterations, 20 evaluations
iter 23 T 0.8333333333333334 sidx 4 index 1 move create M 13
optimisation finished successfully after 44 iterations, 79 evaluations
optimisation finished successfully after 206 iterations, 307 evaluations
optimisation finished successfully after 11 iterations, 29 evaluations
optimisation finished successfully after 10 iterations, 25 evaluations
optimisation finished successfully after 36 iterations, 64 evaluations
create False (41, 13) (43, 14)
iter 24 T 0.8333333333333334 sidx 5 index 3 move create M 13
optimisation finished successfully after 85 iterations, 131 evaluations
optimisation finished successfully after 17 iterations, 36 evaluations
optimisation finished successfully after 16 iterations, 32 evaluations
optimisation finished successfully after 22 iterations, 41 evaluations
create False (41, 13) (42, 14)
iter 25 T 0.8333333333333334 sidx 6 index 4 move percolate M 13
optimisation finished successfully after 22 iterations, 52 evaluations
optimisation finished successfully after 25 iterations, 55 evaluations
optimisation finished successfully after 19 iterations, 45 evaluations
optimisation finished successfully after 28 iterations, 61 evaluations
optimisation finished successfully after 23 iterations, 49 evaluations
iter 26 T 0.8333333333333334 sidx 7 index 5 move create M 13
optimisation finished successfully after 112 iterations, 169 evaluations
optimisation finished successfully after 45 iterations, 75 evaluations
optimisation finished successfully after 58 iterations, 98 evaluations
optimisation finished successfully after 17 iterations, 37 evaluations
create False (41, 13) (42, 14)
iter 27 T 0.8333333333333334 sidx 8 index 6 move percolate M 13
optimisation finished successfully after 27 iterations, 54 evaluations
optimisation finished successfully after 24 iterations, 51 evaluations
optimisation finished successfully after 35 iterations, 70 evaluations
optimisation finished successfully after 33 iterations, 61 evaluations
iter 28 T 0.8333333333333334 sidx 9 index 7 move create M 13
optimisation finished successfully after 189 iterations, 274 evaluations
optimisation finished successfully after 140 iterations, 205 evaluations
optimisation finished successfully after 125 iterations, 186 evaluations
optimisation finished successfully after 29 iterations, 59 evaluations
optimisation finished successfully after 34 iterations, 65 evaluations
optimisation finished successfully after 15 iterations, 39 evaluations
optimisation finished successfully after 147 iterations, 214 evaluations
optimisation finished successfully after 22 iterations, 49 evaluations
optimisation finished successfully after 19 iterations, 44 evaluations
create True (41, 13) (40, 14)
iter 29 T 1.0 sidx 9 index 7 move percolate M 14
optimisation finished successfully after 18 iterations, 43 evaluations
optimisation finished successfully after 19 iterations, 44 evaluations
iter 30 T 1.0 sidx 10 index 9 move create M 14
optimisation finished successfully after 22 iterations, 43 evaluations
optimisation finished successfully after 29 iterations, 62 evaluations
optimisation finished successfully after 50 iterations, 88 evaluations
optimisation finished successfully after 24 iterations, 50 evaluations
optimisation finished successfully after 35 iterations, 69 evaluations
create False (40, 14) (42, 15)
iter 31 T 0.8333333333333334 sidx 9 index 7 move create M 14
optimisation finished successfully after 193 iterations, 283 evaluations
optimisation finished successfully after 36 iterations, 68 evaluations
optimisation finished successfully after 23 iterations, 52 evaluations
optimisation finished successfully after 30 iterations, 60 evaluations
optimisation finished successfully after 20 iterations, 45 evaluations
create False (40, 14) (41, 15)
iter 32 T 0.8333333333333334 sidx 10 index 9 move destroy M 14
optimisation finished successfully after 167 iterations, 247 evaluations
destroy without percolating (40, 14) (40, 13)
iter 33 T 1.0 sidx 11 index 9 move percolate M 13
optimisation finished successfully after 40 iterations, 73 evaluations
optimisation finished successfully after 58 iterations, 102 evaluations
iter 34 T 1.0 sidx 16 index 8 move create M 13
optimisation finished successfully after 93 iterations, 143 evaluations
optimisation finished successfully after 135 iterations, 204 evaluations
optimisation finished successfully after 66 iterations, 106 evaluations
optimisation finished successfully after 29 iterations, 59 evaluations
optimisation finished successfully after 24 iterations, 55 evaluations
optimisation finished successfully after 26 iterations, 57 evaluations
create False (40, 13) (41, 14)
iter 35 T 0.8333333333333334 sidx 11 index 9 move destroy M 13
optimisation finished successfully after 19 iterations, 43 evaluations
destroy without percolating (40, 13) (39, 12)
iter 36 T 1.0 sidx 12 index 9 move create M 12
optimisation finished successfully after 76 iterations, 126 evaluations
optimisation finished successfully after 96 iterations, 149 evaluations
optimisation finished successfully after 21 iterations, 47 evaluations
optimisation finished successfully after 24 iterations, 50 evaluations
optimisation finished successfully after 17 iterations, 40 evaluations
optimisation finished successfully after 35 iterations, 68 evaluations
optimisation finished successfully after 20 iterations, 46 evaluations
optimisation finished successfully after 202 iterations, 301 evaluations
optimisation finished successfully after 23 iterations, 51 evaluations
optimisation finished successfully after 21 iterations, 48 evaluations
optimisation finished successfully after 20 iterations, 47 evaluations
create False (39, 12) (39, 13)
iter 37 T 1.0 sidx 16 index 8 move percolate M 12
optimisation finished successfully after 19 iterations, 45 evaluations
optimisation finished successfully after 18 iterations, 44 evaluations
optimisation finished successfully after 35 iterations, 68 evaluations
optimisation finished successfully after 20 iterations, 45 evaluations
iter 38 T 0.8333333333333334 sidx 12 index 9 move destroy M 12
optimisation finished successfully after 25 iterations, 51 evaluations
optimisation finished successfully after 23 iterations, 47 evaluations
optimisation finished successfully after 16 iterations, 36 evaluations
destroy False (38, 12) (39, 11)
iter 39 T 0.8333333333333334 sidx 13 index 10 move create M 12
optimisation finished successfully after 209 iterations, 311 evaluations
optimisation finished successfully after 159 iterations, 238 evaluations
optimisation finished successfully after 31 iterations, 61 evaluations
optimisation finished successfully after 16 iterations, 40 evaluations
optimisation finished successfully after 25 iterations, 55 evaluations
optimisation finished successfully after 30 iterations, 59 evaluations
optimisation finished successfully after 22 iterations, 49 evaluations
optimisation finished successfully after 19 iterations, 45 evaluations
optimisation finished successfully after 27 iterations, 55 evaluations
optimisation finished successfully after 27 iterations, 57 evaluations
optimisation finished successfully after 31 iterations, 62 evaluations
create True (38, 12) (37, 13)
iter 40 T 1.0 sidx 13 index 10 move create M 13
optimisation finished successfully after 110 iterations, 174 evaluations
optimisation finished successfully after 59 iterations, 102 evaluations
optimisation finished successfully after 41 iterations, 76 evaluations
optimisation finished successfully after 19 iterations, 45 evaluations
create False (37, 13) (38, 14)
iter 41 T 0.8333333333333334 sidx 13 index 10 move percolate M 13
optimisation finished successfully after 43 iterations, 78 evaluations
optimisation finished successfully after 23 iterations, 52 evaluations
optimisation finished successfully after 23 iterations, 50 evaluations
optimisation finished successfully after 23 iterations, 53 evaluations
iter 42 T 0.8333333333333334 sidx 16 index 8 move destroy M 13
optimisation finished successfully after 24 iterations, 48 evaluations
optimisation finished successfully after 18 iterations, 44 evaluations
optimisation finished successfully after 20 iterations, 46 evaluations
optimisation finished successfully after 32 iterations, 64 evaluations
optimisation finished successfully after 46 iterations, 85 evaluations
optimisation finished successfully after 47 iterations, 82 evaluations
optimisation finished successfully after 49 iterations, 87 evaluations
optimisation finished successfully after 122 iterations, 184 evaluations
optimisation finished successfully after 132 iterations, 204 evaluations
optimisation finished successfully after 55 iterations, 96 evaluations
optimisation finished successfully after 42 iterations, 80 evaluations
optimisation finished successfully after 40 iterations, 76 evaluations
destroy True (37, 13) (37, 12)
iter 43 T 1.0 sidx 9 index 7 move create M 12
optimisation finished successfully after 118 iterations, 183 evaluations
optimisation finished successfully after 122 iterations, 191 evaluations
optimisation finished successfully after 24 iterations, 51 evaluations
optimisation finished successfully after 22 iterations, 49 evaluations
optimisation finished successfully after 27 iterations, 59 evaluations
optimisation finished successfully after 23 iterations, 51 evaluations
optimisation finished successfully after 22 iterations, 50 evaluations
create True (37, 12) (36, 13)
iter 44 T 1.0 sidx 9 index 7 move destroy M 13
optimisation finished successfully after 29 iterations, 61 evaluations
destroy without percolating (36, 13) (35, 12)
iter 45 T 1.0 sidx 8 index 6 move create M 12
optimisation finished successfully after 125 iterations, 194 evaluations
optimisation finished successfully after 26 iterations, 55 evaluations
optimisation finished successfully after 38 iterations, 75 evaluations
create False (35, 12) (36, 13)
iter 46 T 1.0 sidx 12 index 8 move percolate M 12
optimisation finished successfully after 95 iterations, 151 evaluations
optimisation finished successfully after 33 iterations, 69 evaluations
optimisation finished successfully after 38 iterations, 73 evaluations
optimisation finished successfully after 99 iterations, 161 evaluations
optimisation finished successfully after 29 iterations, 61 evaluations
iter 47 T 1.0 sidx 18 index 7 move create M 12
optimisation finished successfully after 215 iterations, 312 evaluations
optimisation finished successfully after 42 iterations, 81 evaluations
optimisation finished successfully after 45 iterations, 80 evaluations
optimisation finished successfully after 31 iterations, 60 evaluations
optimisation finished successfully after 26 iterations, 53 evaluations
optimisation finished successfully after 123 iterations, 186 evaluations
optimisation finished successfully after 35 iterations, 71 evaluations
optimisation finished successfully after 28 iterations, 60 evaluations
optimisation finished successfully after 83 iterations, 133 evaluations
create False (36, 12) (37, 13)
iter 48 T 0.8333333333333334 sidx 8 index 6 move destroy M 12
optimisation finished successfully after 100 iterations, 159 evaluations
destroy without percolating (36, 12) (35, 11)
iter 49 T 1.0 sidx 7 index 5 move destroy M 11
optimisation finished successfully after 217 iterations, 318 evaluations
optimisation finished successfully after 36 iterations, 66 evaluations
optimisation finished successfully after 40 iterations, 75 evaluations
optimisation finished successfully after 41 iterations, 78 evaluations
optimisation finished successfully after 41 iterations, 74 evaluations
destroy True (35, 11) (35, 10)
iter 50 T 1.0 sidx 6 index 4 move create M 10
optimisation finished successfully after 25 iterations, 52 evaluations
optimisation finished successfully after 103 iterations, 161 evaluations
optimisation finished successfully after 86 iterations, 144 evaluations
optimisation finished successfully after 60 iterations, 105 evaluations
optimisation finished successfully after 58 iterations, 106 evaluations
optimisation finished successfully after 32 iterations, 67 evaluations
optimisation finished successfully after 120 iterations, 183 evaluations
create False (35, 10) (35, 11)
iter 51 T 1.0 sidx 18 index 5 move destroy M 10
optimisation finished successfully after 129 iterations, 197 evaluations
optimisation finished successfully after 106 iterations, 159 evaluations
optimisation finished successfully after 35 iterations, 69 evaluations
optimisation finished successfully after 33 iterations, 68 evaluations
optimisation finished successfully after 38 iterations, 74 evaluations
optimisation finished successfully after 78 iterations, 129 evaluations
destroy False (35, 10) (37, 9)
iter 52 T 0.8333333333333334 sidx 6 index 4 move destroy M 10
optimisation finished successfully after 116 iterations, 180 evaluations
optimisation finished successfully after 33 iterations, 66 evaluations
optimisation finished successfully after 38 iterations, 71 evaluations
optimisation finished successfully after 36 iterations, 72 evaluations
optimisation finished successfully after 48 iterations, 84 evaluations
optimisation finished successfully after 75 iterations, 123 evaluations
optimisation finished successfully after 27 iterations, 58 evaluations
destroy False (35, 10) (39, 9)
iter 53 T 0.8333333333333334 sidx 12 index 6 move create M 10
optimisation finished successfully after 57 iterations, 96 evaluations
optimisation finished successfully after 26 iterations, 54 evaluations
optimisation finished successfully after 25 iterations, 50 evaluations
create False (35, 10) (37, 11)
iter 54 T 0.8333333333333334 sidx 17 index 8 move destroy M 10
optimisation finished successfully after 82 iterations, 135 evaluations
destroy False (35, 10) (38, 9)
iter 55 T 0.8333333333333334 sidx 18 index 5 move percolate M 10
optimisation finished successfully after 26 iterations, 54 evaluations
optimisation finished successfully after 28 iterations, 57 evaluations
optimisation finished successfully after 34 iterations, 68 evaluations
optimisation finished successfully after 32 iterations, 63 evaluations
optimisation finished successfully after 27 iterations, 52 evaluations
iter 56 T 0.6666666666666666 sidx -1 index 9 move destroy M 10
optimisation finished successfully after 70 iterations, 125 evaluations
destroy False (35, 10) (36, 9)
iter 57 T 0.6666666666666666 sidx 0 index 0 move destroy M 10
iter 58 T 0.6666666666666666 sidx 4 index 1 move destroy M 10
optimisation finished successfully after 74 iterations, 129 evaluations
optimisation finished successfully after 91 iterations, 144 evaluations
optimisation finished successfully after 11 iterations, 27 evaluations
optimisation finished successfully after 16 iterations, 37 evaluations
optimisation finished successfully after 23 iterations, 46 evaluations
optimisation finished successfully after 27 iterations, 48 evaluations
optimisation finished successfully after 34 iterations, 59 evaluations
optimisation finished successfully after 14 iterations, 31 evaluations
optimisation finished successfully after 20 iterations, 40 evaluations
destroy False (35, 10) (37, 9)
iter 59 T 0.6666666666666666 sidx 5 index 3 move percolate M 10
optimisation finished successfully after 38 iterations, 77 evaluations
optimisation finished successfully after 34 iterations, 70 evaluations
iter 60 T 0.6666666666666666 sidx 6 index 4 move percolate M 10
optimisation finished successfully after 50 iterations, 93 evaluations
optimisation finished successfully after 54 iterations, 99 evaluations
iter 61 T 0.6666666666666666 sidx 12 index 6 move destroy M 10
optimisation finished successfully after 199 iterations, 301 evaluations
optimisation finished successfully after 150 iterations, 228 evaluations
optimisation finished successfully after 41 iterations, 82 evaluations
optimisation finished successfully after 30 iterations, 65 evaluations
optimisation finished successfully after 42 iterations, 83 evaluations
destroy False (35, 10) (38, 9)
iter 62 T 0.6666666666666666 sidx 13 index 7 move destroy M 10
optimisation finished successfully after 490 iterations, 715 evaluations
optimisation finished successfully after 84 iterations, 134 evaluations
optimisation finished successfully after 62 iterations, 107 evaluations
optimisation finished successfully after 20 iterations, 46 evaluations
optimisation finished successfully after 17 iterations, 41 evaluations
destroy False (35, 10) (36, 9)
iter 63 T 0.6666666666666666 sidx 15 index 2 move percolate M 10
optimisation finished successfully after 12 iterations, 33 evaluations
optimisation finished successfully after 10 iterations, 27 evaluations
optimisation finished successfully after 16 iterations, 38 evaluations
iter 64 T 0.6666666666666666 sidx 17 index 8 move percolate M 10
optimisation finished successfully after 21 iterations, 45 evaluations
optimisation finished successfully after 26 iterations, 54 evaluations
iter 65 T 0.6666666666666666 sidx 18 index 5 move create M 10
optimisation finished successfully after 172 iterations, 257 evaluations
optimisation finished successfully after 161 iterations, 240 evaluations
optimisation finished successfully after 21 iterations, 46 evaluations
optimisation finished successfully after 31 iterations, 61 evaluations
optimisation finished successfully after 44 iterations, 81 evaluations
optimisation finished successfully after 28 iterations, 57 evaluations
optimisation finished successfully after 36 iterations, 71 evaluations
optimisation finished successfully after 27 iterations, 53 evaluations
create False (36, 10) (36, 11)
iter 66 T 0.5 sidx -1 index 9 move destroy M 10
optimisation finished successfully after 70 iterations, 125 evaluations
destroy False (36, 10) (37, 9)
iter 67 T 0.5 sidx 0 index 0 move destroy M 10
iter 68 T 0.5 sidx 4 index 1 move create M 10
optimisation finished successfully after 97 iterations, 157 evaluations
optimisation finished successfully after 8 iterations, 23 evaluations
optimisation finished successfully after 8 iterations, 21 evaluations
create False (36, 10) (37, 11)
iter 69 T 0.5 sidx 5 index 3 move destroy M 10
optimisation finished successfully after 80 iterations, 130 evaluations
optimisation finished successfully after 143 iterations, 218 evaluations
optimisation finished successfully after 32 iterations, 61 evaluations
optimisation finished successfully after 49 iterations, 86 evaluations
optimisation finished successfully after 43 iterations, 76 evaluations
optimisation finished successfully after 41 iterations, 71 evaluations
optimisation finished successfully after 40 iterations, 72 evaluations
destroy True (36, 10) (36, 9)
iter 70 T 1.0 sidx 6 index 3 move percolate M 9
optimisation finished successfully after 25 iterations, 52 evaluations
optimisation finished successfully after 40 iterations, 72 evaluations
iter 71 T 1.0 sidx 15 index 2 move destroy M 9
optimisation finished successfully after 59 iterations, 97 evaluations
destroy without percolating (36, 9) (36, 8)
iter 72 T 1.0 sidx 4 index 1 move percolate M 8
optimisation finished successfully after 17 iterations, 38 evaluations
optimisation finished successfully after 21 iterations, 44 evaluations
iter 73 T 1.0 sidx 6 index 2 move percolate M 8
optimisation finished successfully after 28 iterations, 57 evaluations
optimisation finished successfully after 36 iterations, 69 evaluations
iter 74 T 0.8333333333333334 sidx 4 index 1 move destroy M 8
optimisation finished successfully after 88 iterations, 144 evaluations
optimisation finished successfully after 379 iterations, 554 evaluations
optimisation finished successfully after 23 iterations, 51 evaluations
optimisation finished successfully after 34 iterations, 66 evaluations
optimisation finished successfully after 41 iterations, 78 evaluations
destroy False (36, 8) (42, 7)
iter 75 T 0.8333333333333334 sidx 6 index 2 move destroy M 8
optimisation finished successfully after 185 iterations, 271 evaluations
optimisation finished successfully after 40 iterations, 75 evaluations
optimisation finished successfully after 25 iterations, 54 evaluations
optimisation finished successfully after 25 iterations, 54 evaluations
destroy False (36, 8) (51, 7)
iter 76 T 0.6666666666666666 sidx 4 index 1 move create M 8
optimisation finished successfully after 77 iterations, 128 evaluations
optimisation finished successfully after 11 iterations, 26 evaluations
optimisation finished successfully after 19 iterations, 39 evaluations
create False (36, 8) (38, 9)
iter 77 T 0.6666666666666666 sidx 6 index 2 move create M 8
optimisation finished successfully after 46 iterations, 79 evaluations
optimisation finished successfully after 158 iterations, 227 evaluations
optimisation finished successfully after 42 iterations, 79 evaluations
optimisation finished successfully after 24 iterations, 49 evaluations
optimisation finished successfully after 29 iterations, 56 evaluations
create True (36, 8) (35, 9)
iter 78 T 1.0 sidx 6 index 2 move destroy M 9
optimisation finished successfully after 133 iterations, 202 evaluations
optimisation finished successfully after 57 iterations, 95 evaluations
optimisation finished successfully after 26 iterations, 55 evaluations
optimisation finished successfully after 52 iterations, 91 evaluations
destroy False (35, 9) (46, 8)
iter 79 T 1.0 sidx 18 index 4 move percolate M 9
optimisation finished successfully after 23 iterations, 51 evaluations
optimisation finished successfully after 22 iterations, 50 evaluations
iter 80 T 0.8333333333333334 sidx 6 index 2 move create M 9
optimisation finished successfully after 27 iterations, 51 evaluations
optimisation finished successfully after 242 iterations, 363 evaluations
optimisation finished successfully after 32 iterations, 60 evaluations
optimisation finished successfully after 30 iterations, 58 evaluations
optimisation finished successfully after 26 iterations, 54 evaluations
optimisation finished successfully after 20 iterations, 43 evaluations
create False (35, 9) (36, 10)
iter 81 T 0.8333333333333334 sidx 18 index 4 move destroy M 9
optimisation finished successfully after 86 iterations, 137 evaluations
optimisation finished successfully after 70 iterations, 116 evaluations
optimisation finished successfully after 118 iterations, 188 evaluations
optimisation finished successfully after 116 iterations, 179 evaluations
optimisation finished successfully after 43 iterations, 83 evaluations
optimisation finished successfully after 49 iterations, 89 evaluations
destroy True (35, 9) (34, 8)
iter 82 T 1.0 sidx 12 index 4 move destroy M 8
optimisation finished successfully after 135 iterations, 207 evaluations
optimisation finished successfully after 128 iterations, 202 evaluations
optimisation finished successfully after 32 iterations, 63 evaluations
optimisation finished successfully after 37 iterations, 72 evaluations
optimisation finished successfully after 34 iterations, 70 evaluations
destroy False (34, 8) (37, 7)
iter 83 T 1.0 sidx 19 index 3 move create M 8
optimisation finished successfully after 225 iterations, 332 evaluations
optimisation finished successfully after 35 iterations, 63 evaluations
optimisation finished successfully after 29 iterations, 58 evaluations
optimisation finished successfully after 27 iterations, 56 evaluations
optimisation finished successfully after 34 iterations, 68 evaluations
create False (34, 8) (36, 9)
iter 84 T 0.8333333333333334 sidx 12 index 4 move percolate M 8
optimisation finished successfully after 96 iterations, 150 evaluations
optimisation finished successfully after 40 iterations, 80 evaluations
optimisation finished successfully after 38 iterations, 76 evaluations
optimisation finished successfully after 76 iterations, 126 evaluations
optimisation finished successfully after 41 iterations, 79 evaluations
iter 85 T 0.8333333333333334 sidx 19 index 3 move destroy M 8
optimisation finished successfully after 95 iterations, 153 evaluations
optimisation finished successfully after 105 iterations, 161 evaluations
optimisation finished successfully after 75 iterations, 120 evaluations
optimisation finished successfully after 56 iterations, 103 evaluations
optimisation finished successfully after 42 iterations, 83 evaluations
optimisation finished successfully after 80 iterations, 130 evaluations
destroy False (35, 8) (36, 7)
iter 86 T 0.6666666666666666 sidx 6 index 2 move percolate M 8
optimisation finished successfully after 37 iterations, 71 evaluations
optimisation finished successfully after 55 iterations, 97 evaluations
iter 87 T 0.6666666666666666 sidx 12 index 4 move create M 8
optimisation finished successfully after 119 iterations, 182 evaluations
optimisation finished successfully after 25 iterations, 52 evaluations
optimisation finished successfully after 25 iterations, 51 evaluations
create False (35, 8) (36, 9)
iter 88 T 0.6666666666666666 sidx 19 index 3 move percolate M 8
optimisation finished successfully after 29 iterations, 57 evaluations
optimisation finished successfully after 28 iterations, 56 evaluations
optimisation finished successfully after 37 iterations, 69 evaluations
optimisation finished successfully after 29 iterations, 57 evaluations
iter 89 T 0.5 sidx 4 index 1 move create M 8
optimisation finished successfully after 72 iterations, 107 evaluations
optimisation finished successfully after 24 iterations, 45 evaluations
optimisation finished successfully after 16 iterations, 33 evaluations
optimisation finished successfully after 16 iterations, 33 evaluations
optimisation finished successfully after 13 iterations, 29 evaluations
create False (35, 8) (35, 9)
iter 90 T 0.5 sidx 6 index 2 move create M 8
optimisation finished successfully after 169 iterations, 258 evaluations
optimisation finished successfully after 24 iterations, 50 evaluations
optimisation finished successfully after 26 iterations, 54 evaluations
optimisation finished successfully after 25 iterations, 49 evaluations
optimisation finished successfully after 24 iterations, 49 evaluations
optimisation finished successfully after 22 iterations, 44 evaluations
create False (35, 8) (38, 9)
iter 91 T 0.5 sidx 12 index 4 move destroy M 8
optimisation finished successfully after 108 iterations, 170 evaluations
optimisation finished successfully after 33 iterations, 65 evaluations
optimisation finished successfully after 300 iterations, 432 evaluations
optimisation finished successfully after 41 iterations, 78 evaluations
optimisation finished successfully after 27 iterations, 57 evaluations
optimisation finished successfully after 24 iterations, 55 evaluations
optimisation finished successfully after 34 iterations, 68 evaluations
destroy False (35, 8) (37, 7)
iter 92 T 0.5 sidx 13 index 5 move create M 8
optimisation finished successfully after 130 iterations, 203 evaluations
optimisation finished successfully after 24 iterations, 51 evaluations
optimisation finished successfully after 22 iterations, 49 evaluations
optimisation finished successfully after 31 iterations, 66 evaluations
optimisation finished successfully after 16 iterations, 39 evaluations
create False (35, 8) (36, 9)
iter 93 T 0.5 sidx 17 index 6 move percolate M 8
optimisation finished successfully after 24 iterations, 49 evaluations
optimisation finished successfully after 32 iterations, 61 evaluations
iter 94 T 0.5 sidx 19 index 3 move create M 8
optimisation finished successfully after 372 iterations, 530 evaluations
optimisation finished successfully after 269 iterations, 379 evaluations
optimisation finished successfully after 44 iterations, 82 evaluations
optimisation finished successfully after 30 iterations, 60 evaluations
create False (35, 8) (36, 9)
iter 95 T 0.41666666666666674 sidx -1 index 7 move create M 8
did not create at 7
iter 96 T 0.41666666666666674 sidx 0 index 0 move create M 8
optimisation finished successfully after 27 iterations, 48 evaluations
create False (35, 8) (36, 9)
iter 97 T 0.41666666666666674 sidx 4 index 1 move percolate M 8
optimisation finished successfully after 18 iterations, 39 evaluations
optimisation finished successfully after 20 iterations, 42 evaluations
iter 98 T 0.41666666666666674 sidx 6 index 2 move destroy M 8
optimisation finished successfully after 125 iterations, 190 evaluations
optimisation finished successfully after 42 iterations, 80 evaluations
optimisation finished successfully after 27 iterations, 56 evaluations
optimisation finished successfully after 39 iterations, 72 evaluations
destroy False (35, 8) (46, 7)
iter 99 T 0.41666666666666674 sidx 12 index 4 move percolate M 8
optimisation finished successfully after 91 iterations, 148 evaluations
optimisation finished successfully after 43 iterations, 85 evaluations
iter 100 T 0.41666666666666674 sidx 13 index 5 move destroy M 8
optimisation finished successfully after 209 iterations, 313 evaluations
optimisation finished successfully after 53 iterations, 90 evaluations
optimisation finished successfully after 40 iterations, 72 evaluations
optimisation finished successfully after 173 iterations, 260 evaluations
optimisation finished successfully after 19 iterations, 44 evaluations
optimisation finished successfully after 16 iterations, 38 evaluations
destroy False (35, 8) (37, 7)
iter 101 T 0.41666666666666674 sidx 17 index 6 move create M 8
optimisation finished successfully after 51 iterations, 87 evaluations
optimisation finished successfully after 36 iterations, 67 evaluations
optimisation finished successfully after 87 iterations, 141 evaluations
optimisation finished successfully after 85 iterations, 139 evaluations
create False (35, 8) (36, 9)
iter 102 T 0.41666666666666674 sidx 19 index 3 move destroy M 8
optimisation finished successfully after 100 iterations, 161 evaluations
optimisation finished successfully after 125 iterations, 191 evaluations
optimisation finished successfully after 133 iterations, 202 evaluations
optimisation finished successfully after 45 iterations, 82 evaluations
optimisation finished successfully after 43 iterations, 80 evaluations
optimisation finished successfully after 71 iterations, 113 evaluations
destroy False (35, 8) (37, 7)
iter 103 T 0.33333333333333326 sidx -1 index 7 move percolate M 8
iter 104 T 0.33333333333333326 sidx 0 index 0 move percolate M 8
iter 105 T 0.33333333333333326 sidx 4 index 1 move destroy M 8
optimisation finished successfully after 89 iterations, 140 evaluations
optimisation finished successfully after 313 iterations, 457 evaluations
optimisation finished successfully after 23 iterations, 51 evaluations
optimisation finished successfully after 22 iterations, 47 evaluations
destroy False (35, 8) (42, 7)
iter 106 T 0.33333333333333326 sidx 6 index 2 move percolate M 8
optimisation finished successfully after 27 iterations, 57 evaluations
optimisation finished successfully after 59 iterations, 99 evaluations
iter 107 T 0.33333333333333326 sidx 12 index 4 move create M 8
optimisation finished successfully after 69 iterations, 108 evaluations
optimisation finished successfully after 40 iterations, 70 evaluations
optimisation finished successfully after 41 iterations, 71 evaluations
optimisation finished successfully after 24 iterations, 53 evaluations
optimisation finished successfully after 39 iterations, 71 evaluations
optimisation finished successfully after 31 iterations, 61 evaluations
create False (35, 8) (36, 9)
iter 108 T 0.33333333333333326 sidx 13 index 5 move percolate M 8
optimisation finished successfully after 27 iterations, 58 evaluations
optimisation finished successfully after 26 iterations, 57 evaluations
optimisation finished successfully after 29 iterations, 62 evaluations
iter 109 T 0.33333333333333326 sidx 17 index 6 move destroy M 8
optimisation finished successfully after 55 iterations, 94 evaluations
destroy False (35, 8) (38, 7)
iter 110 T 0.33333333333333326 sidx 19 index 3 move percolate M 8
optimisation finished successfully after 30 iterations, 60 evaluations
optimisation finished successfully after 30 iterations, 60 evaluations
iter 111 T 0.25 sidx -1 index 7 move create M 8
did not create at 7
iter 112 T 0.25 sidx 0 index 0 move destroy M 8
iter 113 T 0.25 sidx 4 index 1 move percolate M 8
optimisation finished successfully after 19 iterations, 40 evaluations
optimisation finished successfully after 19 iterations, 40 evaluations
iter 114 T 0.25 sidx 6 index 2 move percolate M 8
optimisation finished successfully after 26 iterations, 55 evaluations
optimisation finished successfully after 53 iterations, 93 evaluations
iter 115 T 0.25 sidx 12 index 4 move destroy M 8
optimisation finished successfully after 105 iterations, 165 evaluations
optimisation finished successfully after 32 iterations, 67 evaluations
optimisation finished successfully after 40 iterations, 81 evaluations
optimisation finished successfully after 91 iterations, 147 evaluations
optimisation finished successfully after 37 iterations, 76 evaluations
optimisation finished successfully after 37 iterations, 74 evaluations
optimisation finished successfully after 31 iterations, 65 evaluations
destroy False (35, 8) (38, 7)
iter 116 T 0.25 sidx 13 index 5 move percolate M 8
optimisation finished successfully after 26 iterations, 57 evaluations
optimisation finished successfully after 29 iterations, 62 evaluations
iter 117 T 0.25 sidx 17 index 6 move destroy M 8
optimisation finished successfully after 55 iterations, 94 evaluations
destroy False (35, 8) (38, 7)
iter 118 T 0.25 sidx 19 index 3 move destroy M 8
optimisation finished successfully after 87 iterations, 140 evaluations
optimisation finished successfully after 158 iterations, 245 evaluations
optimisation finished successfully after 78 iterations, 127 evaluations
optimisation finished successfully after 25 iterations, 55 evaluations
optimisation finished successfully after 47 iterations, 89 evaluations
optimisation finished successfully after 61 iterations, 104 evaluations
destroy False (35, 8) (36, 7)
iter 119 T 0.20833333333333337 sidx -1 index 7 move percolate M 8
iter 120 T 0.20833333333333337 sidx 0 index 0 move percolate M 8
iter 121 T 0.20833333333333337 sidx 4 index 1 move destroy M 8
optimisation finished successfully after 83 iterations, 128 evaluations
optimisation finished successfully after 15 iterations, 34 evaluations
optimisation finished successfully after 374 iterations, 525 evaluations
optimisation finished successfully after 25 iterations, 53 evaluations
optimisation finished successfully after 27 iterations, 54 evaluations
optimisation finished successfully after 22 iterations, 48 evaluations
destroy False (35, 8) (42, 7)
iter 122 T 0.20833333333333337 sidx 6 index 2 move destroy M 8
optimisation finished successfully after 158 iterations, 232 evaluations
optimisation finished successfully after 59 iterations, 101 evaluations
optimisation finished successfully after 20 iterations, 46 evaluations
optimisation finished successfully after 23 iterations, 49 evaluations
destroy False (35, 8) (47, 7)
iter 123 T 0.20833333333333337 sidx 12 index 4 move create M 8
optimisation finished successfully after 36 iterations, 65 evaluations
optimisation finished successfully after 33 iterations, 64 evaluations
optimisation finished successfully after 27 iterations, 56 evaluations
create False (35, 8) (36, 9)
iter 124 T 0.20833333333333337 sidx 13 index 5 move create M 8
optimisation finished successfully after 20 iterations, 45 evaluations
optimisation finished successfully after 30 iterations, 58 evaluations
optimisation finished successfully after 25 iterations, 55 evaluations
optimisation finished successfully after 52 iterations, 91 evaluations
create False (35, 8) (36, 9)
iter 125 T 0.20833333333333337 sidx 17 index 6 move percolate M 8
optimisation finished successfully after 29 iterations, 57 evaluations
optimisation finished successfully after 25 iterations, 52 evaluations
iter 126 T 0.20833333333333337 sidx 19 index 3 move percolate M 8
optimisation finished successfully after 30 iterations, 60 evaluations
optimisation finished successfully after 30 iterations, 60 evaluations
iter 127 T 0.16666666666666663 sidx -1 index 7 move destroy M 8
optimisation finished successfully after 46 iterations, 82 evaluations
destroy False (35, 8) (37, 7)
iter 128 T 0.16666666666666663 sidx 0 index 0 move create M 8
optimisation finished successfully after 27 iterations, 48 evaluations
create False (35, 8) (36, 9)
iter 129 T 0.16666666666666663 sidx 4 index 1 move create M 8
optimisation finished successfully after 72 iterations, 107 evaluations
optimisation finished successfully after 25 iterations, 47 evaluations
optimisation finished successfully after 12 iterations, 27 evaluations
optimisation finished successfully after 16 iterations, 33 evaluations
optimisation finished successfully after 12 iterations, 28 evaluations
create False (35, 8) (35, 9)
iter 130 T 0.16666666666666663 sidx 6 index 2 move create M 8
optimisation finished successfully after 169 iterations, 258 evaluations
optimisation finished successfully after 24 iterations, 50 evaluations
optimisation finished successfully after 31 iterations, 61 evaluations
optimisation finished successfully after 17 iterations, 41 evaluations
optimisation finished successfully after 18 iterations, 42 evaluations
optimisation finished successfully after 23 iterations, 47 evaluations
optimisation finished successfully after 69 iterations, 113 evaluations
create False (35, 8) (37, 9)
iter 131 T 0.16666666666666663 sidx 12 index 4 move percolate M 8
optimisation finished successfully after 80 iterations, 131 evaluations
optimisation finished successfully after 48 iterations, 91 evaluations
iter 132 T 0.16666666666666663 sidx 13 index 5 move destroy M 8
optimisation finished successfully after 210 iterations, 310 evaluations
optimisation finished successfully after 220 iterations, 325 evaluations
optimisation finished successfully after 116 iterations, 181 evaluations
optimisation finished successfully after 83 iterations, 134 evaluations
optimisation finished successfully after 28 iterations, 58 evaluations
optimisation finished successfully after 19 iterations, 44 evaluations
optimisation finished successfully after 18 iterations, 42 evaluations
optimisation finished successfully after 23 iterations, 50 evaluations
destroy False (35, 8) (36, 7)
iter 133 T 0.16666666666666663 sidx 17 index 6 move create M 8
optimisation finished successfully after 67 iterations, 110 evaluations
optimisation finished successfully after 24 iterations, 49 evaluations
optimisation finished successfully after 96 iterations, 158 evaluations
create False (35, 8) (36, 9)
iter 134 T 0.16666666666666663 sidx 19 index 3 move create M 8
optimisation finished successfully after 231 iterations, 347 evaluations
optimisation finished successfully after 191 iterations, 276 evaluations
optimisation finished successfully after 87 iterations, 143 evaluations
optimisation finished successfully after 37 iterations, 71 evaluations
optimisation finished successfully after 52 iterations, 89 evaluations
create False (35, 8) (36, 9)
iter 135 T 0.125 sidx -1 index 7 move create M 8
did not create at 7
iter 136 T 0.125 sidx 0 index 0 move create M 8
optimisation finished successfully after 27 iterations, 48 evaluations
create False (35, 8) (36, 9)
iter 137 T 0.125 sidx 4 index 1 move create M 8
optimisation finished successfully after 72 iterations, 107 evaluations
optimisation finished successfully after 25 iterations, 47 evaluations
optimisation finished successfully after 12 iterations, 27 evaluations
optimisation finished successfully after 16 iterations, 33 evaluations
optimisation finished successfully after 12 iterations, 28 evaluations
create False (35, 8) (35, 9)
iter 138 T 0.125 sidx 6 index 2 move percolate M 8
optimisation finished successfully after 26 iterations, 55 evaluations
optimisation finished successfully after 53 iterations, 93 evaluations
iter 139 T 0.125 sidx 12 index 4 move create M 8
optimisation finished successfully after 36 iterations, 65 evaluations
optimisation finished successfully after 33 iterations, 64 evaluations
optimisation finished successfully after 27 iterations, 56 evaluations
create False (35, 8) (36, 9)
iter 140 T 0.125 sidx 13 index 5 move percolate M 8
optimisation finished successfully after 26 iterations, 57 evaluations
optimisation finished successfully after 29 iterations, 62 evaluations
iter 141 T 0.125 sidx 17 index 6 move create M 8
optimisation finished successfully after 67 iterations, 110 evaluations
optimisation finished successfully after 24 iterations, 49 evaluations
optimisation finished successfully after 96 iterations, 158 evaluations
create False (35, 8) (36, 9)
iter 142 T 0.125 sidx 19 index 3 move percolate M 8
optimisation finished successfully after 30 iterations, 60 evaluations
optimisation finished successfully after 30 iterations, 60 evaluations
iter 143 T 0.10416666666666663 sidx -1 index 7 move percolate M 8
iter 144 T 0.10416666666666663 sidx 0 index 0 move destroy M 8
iter 145 T 0.10416666666666663 sidx 4 index 1 move percolate M 8
optimisation finished successfully after 19 iterations, 40 evaluations
optimisation finished successfully after 19 iterations, 40 evaluations
iter 146 T 0.10416666666666663 sidx 6 index 2 move destroy M 8
optimisation finished successfully after 158 iterations, 232 evaluations
optimisation finished successfully after 59 iterations, 101 evaluations
optimisation finished successfully after 20 iterations, 46 evaluations
optimisation finished successfully after 23 iterations, 49 evaluations
destroy False (35, 8) (47, 7)
iter 147 T 0.10416666666666663 sidx 12 index 4 move percolate M 8
optimisation finished successfully after 80 iterations, 131 evaluations
optimisation finished successfully after 48 iterations, 91 evaluations
iter 148 T 0.10416666666666663 sidx 13 index 5 move destroy M 8
optimisation finished successfully after 210 iterations, 310 evaluations
optimisation finished successfully after 220 iterations, 325 evaluations
optimisation finished successfully after 116 iterations, 181 evaluations
optimisation finished successfully after 83 iterations, 134 evaluations
optimisation finished successfully after 28 iterations, 58 evaluations
optimisation finished successfully after 19 iterations, 44 evaluations
optimisation finished successfully after 18 iterations, 42 evaluations
optimisation finished successfully after 23 iterations, 50 evaluations
destroy False (35, 8) (36, 7)
iter 149 T 0.10416666666666663 sidx 17 index 6 move percolate M 8
optimisation finished successfully after 29 iterations, 57 evaluations
optimisation finished successfully after 25 iterations, 52 evaluations
iter 150 T 0.10416666666666663 sidx 19 index 3 move destroy M 8
optimisation finished successfully after 87 iterations, 140 evaluations
optimisation finished successfully after 158 iterations, 245 evaluations
optimisation finished successfully after 78 iterations, 127 evaluations
optimisation finished successfully after 25 iterations, 55 evaluations
optimisation finished successfully after 47 iterations, 89 evaluations
optimisation finished successfully after 61 iterations, 104 evaluations
destroy False (35, 8) (36, 7)
iter 151 T 0.08333333333333337 sidx -1 index 7 move destroy M 8
optimisation finished successfully after 46 iterations, 82 evaluations
destroy False (35, 8) (37, 7)
iter 152 T 0.08333333333333337 sidx 0 index 0 move percolate M 8
iter 153 T 0.08333333333333337 sidx 4 index 1 move destroy M 8
optimisation finished successfully after 83 iterations, 128 evaluations
optimisation finished successfully after 15 iterations, 34 evaluations
optimisation finished successfully after 374 iterations, 525 evaluations
optimisation finished successfully after 25 iterations, 53 evaluations
optimisation finished successfully after 27 iterations, 54 evaluations
optimisation finished successfully after 22 iterations, 48 evaluations
destroy False (35, 8) (42, 7)
iter 154 T 0.08333333333333337 sidx 6 index 2 move create M 8
optimisation finished successfully after 169 iterations, 258 evaluations
optimisation finished successfully after 24 iterations, 50 evaluations
optimisation finished successfully after 31 iterations, 61 evaluations
optimisation finished successfully after 17 iterations, 41 evaluations
optimisation finished successfully after 18 iterations, 42 evaluations
optimisation finished successfully after 23 iterations, 47 evaluations
optimisation finished successfully after 69 iterations, 113 evaluations
create False (35, 8) (37, 9)
iter 155 T 0.08333333333333337 sidx 12 index 4 move destroy M 8
optimisation finished successfully after 105 iterations, 165 evaluations
optimisation finished successfully after 32 iterations, 67 evaluations
optimisation finished successfully after 40 iterations, 81 evaluations
optimisation finished successfully after 91 iterations, 147 evaluations
optimisation finished successfully after 37 iterations, 76 evaluations
optimisation finished successfully after 37 iterations, 74 evaluations
optimisation finished successfully after 31 iterations, 65 evaluations
destroy False (35, 8) (38, 7)
iter 156 T 0.08333333333333337 sidx 13 index 5 move create M 8
optimisation finished successfully after 20 iterations, 45 evaluations
optimisation finished successfully after 30 iterations, 58 evaluations
optimisation finished successfully after 25 iterations, 55 evaluations
optimisation finished successfully after 52 iterations, 91 evaluations
create False (35, 8) (36, 9)
iter 157 T 0.08333333333333337 sidx 17 index 6 move destroy M 8
optimisation finished successfully after 55 iterations, 94 evaluations
destroy False (35, 8) (38, 7)
iter 158 T 0.08333333333333337 sidx 19 index 3 move create M 8
optimisation finished successfully after 231 iterations, 347 evaluations
optimisation finished successfully after 191 iterations, 276 evaluations
optimisation finished successfully after 87 iterations, 143 evaluations
optimisation finished successfully after 37 iterations, 71 evaluations
optimisation finished successfully after 52 iterations, 89 evaluations
create False (35, 8) (36, 9)
iter 159 T 0.0625 sidx -1 index 7 move create M 8
did not create at 7
iter 160 T 0.0625 sidx 0 index 0 move create M 8
optimisation finished successfully after 27 iterations, 48 evaluations
create False (35, 8) (36, 9)
iter 161 T 0.0625 sidx 4 index 1 move create M 8
optimisation finished successfully after 72 iterations, 107 evaluations
optimisation finished successfully after 25 iterations, 47 evaluations
optimisation finished successfully after 12 iterations, 27 evaluations
optimisation finished successfully after 16 iterations, 33 evaluations
optimisation finished successfully after 12 iterations, 28 evaluations
create False (35, 8) (35, 9)
iter 162 T 0.0625 sidx 6 index 2 move destroy M 8
optimisation finished successfully after 158 iterations, 232 evaluations
optimisation finished successfully after 59 iterations, 101 evaluations
optimisation finished successfully after 20 iterations, 46 evaluations
optimisation finished successfully after 23 iterations, 49 evaluations
destroy False (35, 8) (47, 7)
iter 163 T 0.0625 sidx 12 index 4 move create M 8
optimisation finished successfully after 36 iterations, 65 evaluations
optimisation finished successfully after 33 iterations, 64 evaluations
optimisation finished successfully after 27 iterations, 56 evaluations
create False (35, 8) (36, 9)
iter 164 T 0.0625 sidx 13 index 5 move destroy M 8
optimisation finished successfully after 210 iterations, 310 evaluations
optimisation finished successfully after 220 iterations, 325 evaluations
optimisation finished successfully after 116 iterations, 181 evaluations
optimisation finished successfully after 83 iterations, 134 evaluations
optimisation finished successfully after 28 iterations, 58 evaluations
optimisation finished successfully after 19 iterations, 44 evaluations
optimisation finished successfully after 18 iterations, 42 evaluations
optimisation finished successfully after 23 iterations, 50 evaluations
destroy False (35, 8) (36, 7)
iter 165 T 0.0625 sidx 17 index 6 move destroy M 8
optimisation finished successfully after 55 iterations, 94 evaluations
destroy False (35, 8) (38, 7)
iter 166 T 0.0625 sidx 19 index 3 move destroy M 8
optimisation finished successfully after 87 iterations, 140 evaluations
optimisation finished successfully after 158 iterations, 245 evaluations
optimisation finished successfully after 78 iterations, 127 evaluations
optimisation finished successfully after 25 iterations, 55 evaluations
optimisation finished successfully after 47 iterations, 89 evaluations
optimisation finished successfully after 61 iterations, 104 evaluations
destroy False (35, 8) (36, 7)
iter 167 T 0.05208333333333337 sidx -1 index 7 move percolate M 8
iter 168 T 0.05208333333333337 sidx 0 index 0 move percolate M 8
iter 169 T 0.05208333333333337 sidx 4 index 1 move destroy M 8
optimisation finished successfully after 83 iterations, 128 evaluations
optimisation finished successfully after 15 iterations, 34 evaluations
optimisation finished successfully after 374 iterations, 525 evaluations
optimisation finished successfully after 25 iterations, 53 evaluations
optimisation finished successfully after 27 iterations, 54 evaluations
optimisation finished successfully after 22 iterations, 48 evaluations
destroy False (35, 8) (42, 7)
iter 170 T 0.05208333333333337 sidx 6 index 2 move create M 8
optimisation finished successfully after 169 iterations, 258 evaluations
optimisation finished successfully after 24 iterations, 50 evaluations
optimisation finished successfully after 31 iterations, 61 evaluations
optimisation finished successfully after 17 iterations, 41 evaluations
optimisation finished successfully after 18 iterations, 42 evaluations
optimisation finished successfully after 23 iterations, 47 evaluations
optimisation finished successfully after 69 iterations, 113 evaluations
create False (35, 8) (37, 9)
iter 171 T 0.05208333333333337 sidx 12 index 4 move destroy M 8
optimisation finished successfully after 105 iterations, 165 evaluations
optimisation finished successfully after 32 iterations, 67 evaluations
optimisation finished successfully after 40 iterations, 81 evaluations
optimisation finished successfully after 91 iterations, 147 evaluations
optimisation finished successfully after 37 iterations, 76 evaluations
optimisation finished successfully after 37 iterations, 74 evaluations
optimisation finished successfully after 31 iterations, 65 evaluations
destroy False (35, 8) (38, 7)
iter 172 T 0.05208333333333337 sidx 13 index 5 move create M 8
optimisation finished successfully after 20 iterations, 45 evaluations
optimisation finished successfully after 30 iterations, 58 evaluations
optimisation finished successfully after 25 iterations, 55 evaluations
optimisation finished successfully after 52 iterations, 91 evaluations
create False (35, 8) (36, 9)
iter 173 T 0.05208333333333337 sidx 17 index 6 move percolate M 8
optimisation finished successfully after 29 iterations, 57 evaluations
optimisation finished successfully after 25 iterations, 52 evaluations
iter 174 T 0.05208333333333337 sidx 19 index 3 move create M 8
optimisation finished successfully after 231 iterations, 347 evaluations
optimisation finished successfully after 191 iterations, 276 evaluations
optimisation finished successfully after 87 iterations, 143 evaluations
optimisation finished successfully after 37 iterations, 71 evaluations
optimisation finished successfully after 52 iterations, 89 evaluations
create False (35, 8) (36, 9)
iter 175 T 0.04166666666666663 sidx -1 index 7 move destroy M 8
optimisation finished successfully after 46 iterations, 82 evaluations
destroy False (35, 8) (37, 7)
iter 176 T 0.04166666666666663 sidx 0 index 0 move destroy M 8
iter 177 T 0.04166666666666663 sidx 4 index 1 move percolate M 8
optimisation finished successfully after 19 iterations, 40 evaluations
optimisation finished successfully after 19 iterations, 40 evaluations
iter 178 T 0.04166666666666663 sidx 6 index 2 move percolate M 8
optimisation finished successfully after 26 iterations, 55 evaluations
optimisation finished successfully after 53 iterations, 93 evaluations
iter 179 T 0.04166666666666663 sidx 12 index 4 move percolate M 8
optimisation finished successfully after 80 iterations, 131 evaluations
optimisation finished successfully after 48 iterations, 91 evaluations
iter 180 T 0.04166666666666663 sidx 13 index 5 move percolate M 8
optimisation finished successfully after 26 iterations, 57 evaluations
optimisation finished successfully after 29 iterations, 62 evaluations
iter 181 T 0.04166666666666663 sidx 17 index 6 move create M 8
optimisation finished successfully after 67 iterations, 110 evaluations
optimisation finished successfully after 24 iterations, 49 evaluations
optimisation finished successfully after 96 iterations, 158 evaluations
create False (35, 8) (36, 9)
iter 182 T 0.04166666666666663 sidx 19 index 3 move percolate M 8
optimisation finished successfully after 30 iterations, 60 evaluations
optimisation finished successfully after 30 iterations, 60 evaluations
iter 183 T 0.03125 sidx -1 index 7 move destroy M 8
optimisation finished successfully after 46 iterations, 82 evaluations
destroy False (35, 8) (37, 7)
iter 184 T 0.03125 sidx 0 index 0 move create M 8
optimisation finished successfully after 27 iterations, 48 evaluations
create False (35, 8) (36, 9)
iter 185 T 0.03125 sidx 4 index 1 move percolate M 8
optimisation finished successfully after 19 iterations, 40 evaluations
optimisation finished successfully after 19 iterations, 40 evaluations
iter 186 T 0.03125 sidx 6 index 2 move percolate M 8
optimisation finished successfully after 26 iterations, 55 evaluations
optimisation finished successfully after 53 iterations, 93 evaluations
iter 187 T 0.03125 sidx 12 index 4 move create M 8
optimisation finished successfully after 36 iterations, 65 evaluations
optimisation finished successfully after 33 iterations, 64 evaluations
optimisation finished successfully after 27 iterations, 56 evaluations
create False (35, 8) (36, 9)
iter 188 T 0.03125 sidx 13 index 5 move percolate M 8
optimisation finished successfully after 26 iterations, 57 evaluations
optimisation finished successfully after 29 iterations, 62 evaluations
iter 189 T 0.03125 sidx 17 index 6 move percolate M 8
optimisation finished successfully after 29 iterations, 57 evaluations
optimisation finished successfully after 25 iterations, 52 evaluations
iter 190 T 0.03125 sidx 19 index 3 move destroy M 8
optimisation finished successfully after 87 iterations, 140 evaluations
optimisation finished successfully after 158 iterations, 245 evaluations
optimisation finished successfully after 78 iterations, 127 evaluations
optimisation finished successfully after 25 iterations, 55 evaluations
optimisation finished successfully after 47 iterations, 89 evaluations
optimisation finished successfully after 61 iterations, 104 evaluations
destroy False (35, 8) (36, 7)
iter 191 T 0.02604166666666663 sidx -1 index 7 move create M 8
did not create at 7
iter 192 T 0.02604166666666663 sidx 0 index 0 move percolate M 8
iter 193 T 0.02604166666666663 sidx 4 index 1 move destroy M 8
optimisation finished successfully after 83 iterations, 128 evaluations
optimisation finished successfully after 15 iterations, 34 evaluations
optimisation finished successfully after 374 iterations, 525 evaluations
optimisation finished successfully after 25 iterations, 53 evaluations
optimisation finished successfully after 27 iterations, 54 evaluations
optimisation finished successfully after 22 iterations, 48 evaluations
destroy False (35, 8) (42, 7)
iter 194 T 0.02604166666666663 sidx 6 index 2 move destroy M 8
optimisation finished successfully after 158 iterations, 232 evaluations
optimisation finished successfully after 59 iterations, 101 evaluations
optimisation finished successfully after 20 iterations, 46 evaluations
optimisation finished successfully after 23 iterations, 49 evaluations
destroy False (35, 8) (47, 7)
iter 195 T 0.02604166666666663 sidx 12 index 4 move destroy M 8
optimisation finished successfully after 105 iterations, 165 evaluations
optimisation finished successfully after 32 iterations, 67 evaluations
optimisation finished successfully after 40 iterations, 81 evaluations
optimisation finished successfully after 91 iterations, 147 evaluations
optimisation finished successfully after 37 iterations, 76 evaluations
optimisation finished successfully after 37 iterations, 74 evaluations
optimisation finished successfully after 31 iterations, 65 evaluations
destroy False (35, 8) (38, 7)
iter 196 T 0.02604166666666663 sidx 13 index 5 move destroy M 8
optimisation finished successfully after 210 iterations, 310 evaluations
optimisation finished successfully after 220 iterations, 325 evaluations
optimisation finished successfully after 116 iterations, 181 evaluations
optimisation finished successfully after 83 iterations, 134 evaluations
optimisation finished successfully after 28 iterations, 58 evaluations
