writing to  sigma_00.1500/initial_guess.pkl
optimisation finished successfully after 545 iterations, 743 evaluations
optimisation finished successfully after 941 iterations, 1313 evaluations
optimisation finished successfully after 15 iterations, 37 evaluations
optimisation finished successfully after 414 iterations, 554 evaluations
optimisation finished successfully after 387 iterations, 523 evaluations
optimisation finished successfully after 188 iterations, 266 evaluations
optimisation finished successfully after 894 iterations, 1183 evaluations
optimisation finished successfully after 526 iterations, 712 evaluations
optimisation finished successfully after 363 iterations, 493 evaluations
optimisation finished successfully after 18 iterations, 40 evaluations
optimisation finished successfully after 382 iterations, 518 evaluations
optimisation finished successfully after 37 iterations, 69 evaluations
optimisation finished successfully after 176 iterations, 256 evaluations
optimisation finished successfully after 90 iterations, 142 evaluations
optimisation finished successfully after 63 iterations, 110 evaluations
optimisation finished successfully after 40 iterations, 76 evaluations
optimisation finished successfully after 491 iterations, 665 evaluations
optimisation finished successfully after 41 iterations, 79 evaluations
optimisation finished successfully after 510 iterations, 688 evaluations
optimisation finished successfully after 69 iterations, 117 evaluations
optimisation finished successfully after 180 iterations, 261 evaluations
optimisation finished successfully after 1732 iterations, 2319 evaluations
optimisation finished successfully after 54 iterations, 103 evaluations
optimisation finished successfully after 32 iterations, 66 evaluations
optimisation finished successfully after 30 iterations, 65 evaluations
optimisation finished successfully after 473 iterations, 651 evaluations
optimisation finished successfully after 177 iterations, 262 evaluations
optimisation finished successfully after 62 iterations, 107 evaluations
optimisation finished successfully after 11 iterations, 29 evaluations
optimisation finished successfully after 47 iterations, 81 evaluations
optimisation finished successfully after 43 iterations, 77 evaluations
optimisation finished successfully after 49 iterations, 97 evaluations
optimisation finished successfully after 30 iterations, 71 evaluations
optimisation finished successfully after 68 iterations, 118 evaluations
optimisation finished successfully after 33 iterations, 73 evaluations
optimisation finished successfully after 30 iterations, 61 evaluations
optimisation finished successfully after 59 iterations, 103 evaluations
optimisation finished successfully after 20 iterations, 48 evaluations
optimisation finished successfully after 44 iterations, 86 evaluations
optimisation finished successfully after 544 iterations, 725 evaluations
0 index 6 pvalue 0.32481284594146564
score (1, 40, 80.25198144426959)
optimisation finished successfully after 140 iterations, 214 evaluations
score (3, 39, 93.96510200942733)
optimisation finished successfully after 140 iterations, 224 evaluations
optimisation finished successfully after 33 iterations, 63 evaluations
optimisation finished successfully after 612 iterations, 886 evaluations
optimisation finished successfully after 75 iterations, 128 evaluations
optimisation finished successfully after 26 iterations, 56 evaluations
optimisation finished successfully after 37 iterations, 70 evaluations
optimisation finished successfully after 36 iterations, 71 evaluations
optimisation finished successfully after 36 iterations, 71 evaluations
optimisation finished successfully after 39 iterations, 70 evaluations
score (1, 39, 83.96630879230902)
destroy True (1, 40, 80.25198144426959) (1, 39, 83.96630879230902)
score (1, 39, 83.96630879230902)
1 index 20 pvalue 0.10815717477480113
score (1, 39, 83.96630879230902)
optimisation finished successfully after 348 iterations, 512 evaluations
score (3, 38, 90.40396437727976)
optimisation finished successfully after 63 iterations, 106 evaluations
optimisation finished successfully after 36 iterations, 72 evaluations
score (3, 38, 90.40396437727976)
destroy False (1, 39, 83.96630879230902) (3, 38, 90.40396437727976)
score (1, 39, 83.96630879230902)
2 index 36 pvalue 0.21313583575607756
score (1, 39, 83.96630879230902)
optimisation finished successfully after 191 iterations, 283 evaluations
score (3, 38, 92.43942940259036)
optimisation finished successfully after 22 iterations, 48 evaluations
optimisation finished successfully after 187 iterations, 275 evaluations
optimisation finished successfully after 18 iterations, 41 evaluations
score (2, 38, 90.58427222677048)
destroy False (1, 39, 83.96630879230902) (2, 38, 90.58427222677048)
score (1, 39, 83.96630879230902)
3 index 26 pvalue 0.37011849455585766
optimisation finished successfully after 48 iterations, 85 evaluations
optimisation finished successfully after 82 iterations, 129 evaluations
optimisation finished successfully after 26 iterations, 56 evaluations
optimisation finished successfully after 23 iterations, 50 evaluations
optimisation finished successfully after 28 iterations, 59 evaluations
score (1, 39, 83.96630879230902)
4 index 13 pvalue 0.26692340531170977
score (1, 39, 83.96630879230902)
optimisation finished successfully after 44 iterations, 73 evaluations
score (1, 38, 83.29665502561919)
destroy without percolating (1, 39, 83.96630879230902) (1, 38, 83.29665502561919)
score (1, 38, 83.29665502561919)
5 index 9 pvalue 0.4076106754562932
optimisation finished successfully after 72 iterations, 110 evaluations
optimisation finished successfully after 31 iterations, 57 evaluations
optimisation finished successfully after 27 iterations, 51 evaluations
optimisation finished successfully after 19 iterations, 39 evaluations
optimisation finished successfully after 35 iterations, 60 evaluations
score (1, 38, 83.29665502561919)
6 index 22 pvalue 0.4989161773020646
score (1, 38, 83.29665502561919)
optimisation finished successfully after 120 iterations, 183 evaluations
score (3, 37, 96.38987733803529)
optimisation finished successfully after 29 iterations, 58 evaluations
optimisation finished successfully after 37 iterations, 69 evaluations
optimisation finished successfully after 24 iterations, 54 evaluations
optimisation finished successfully after 28 iterations, 60 evaluations
score (3, 37, 94.3348989209651)
destroy False (1, 38, 83.29665502561919) (3, 37, 94.3348989209651)
score (1, 38, 83.29665502561919)
7 index 29 pvalue 0.1439116204056325
score (1, 38, 83.29665502561919)
optimisation finished successfully after 92 iterations, 143 evaluations
score (1, 37, 79.94896148697774)
destroy without percolating (1, 38, 83.29665502561919) (1, 37, 79.94896148697774)
score (1, 37, 79.94896148697774)
8 index 33 pvalue 0.44344266150200345
score (1, 37, 79.94896148697774)
optimisation finished successfully after 277 iterations, 410 evaluations
score (2, 36, 82.51477103030587)
optimisation finished successfully after 56 iterations, 99 evaluations
optimisation finished successfully after 42 iterations, 81 evaluations
optimisation finished successfully after 44 iterations, 86 evaluations
score (2, 36, 81.45699508899526)
destroy False (1, 37, 79.94896148697774) (2, 36, 81.45699508899526)
score (1, 37, 79.94896148697774)
9 index 27 pvalue 0.07829422618652415
optimisation finished successfully after 70 iterations, 111 evaluations
optimisation finished successfully after 57 iterations, 98 evaluations
optimisation finished successfully after 140 iterations, 218 evaluations
score (1, 37, 79.94896148697774)
10 index 28 pvalue 0.2267710351019122
optimisation finished successfully after 43 iterations, 78 evaluations
optimisation finished successfully after 37 iterations, 71 evaluations
optimisation finished successfully after 25 iterations, 53 evaluations
optimisation finished successfully after 20 iterations, 47 evaluations
score (1, 37, 79.94896148697774)
11 index 5 pvalue 0.2028071126721157
optimisation finished successfully after 24 iterations, 52 evaluations
optimisation finished successfully after 105 iterations, 165 evaluations
score (1, 37, 79.94896148697774)
12 index 18 pvalue 0.2513664535569534
optimisation finished successfully after 289 iterations, 423 evaluations
optimisation finished successfully after 99 iterations, 156 evaluations
optimisation finished successfully after 19 iterations, 45 evaluations
optimisation finished successfully after 135 iterations, 209 evaluations
optimisation finished successfully after 255 iterations, 383 evaluations
optimisation finished successfully after 48 iterations, 87 evaluations
score (1, 37, 79.94896148697774)
13 index 26 pvalue 0.07749629605521698
score (1, 37, 79.94896148697774)
optimisation finished successfully after 195 iterations, 285 evaluations
score (3, 36, 96.17750538739315)
optimisation finished successfully after 23 iterations, 50 evaluations
optimisation finished successfully after 46 iterations, 86 evaluations
optimisation finished successfully after 39 iterations, 73 evaluations
optimisation finished successfully after 154 iterations, 230 evaluations
score (3, 36, 92.63060689366068)
destroy False (1, 37, 79.94896148697774) (3, 36, 92.63060689366068)
score (1, 37, 79.94896148697774)
14 index 6 pvalue 0.00196222840655913
optimisation finished successfully after 37 iterations, 74 evaluations
optimisation finished successfully after 23 iterations, 52 evaluations
optimisation finished successfully after 23 iterations, 52 evaluations
score (1, 37, 79.94896148697774)
15 index 0 pvalue 0.059316201377367594
score (1, 37, 79.94896148697774)
16 index 0 pvalue 0.059316201377367594
score (1, 37, 79.94896148697774)
17 index 26 pvalue 0.07749629605521698
optimisation finished successfully after 51 iterations, 89 evaluations
optimisation finished successfully after 33 iterations, 64 evaluations
optimisation finished successfully after 44 iterations, 78 evaluations
score (1, 37, 79.94896148697774)
18 index 11 pvalue 0.13103498512409661
optimisation finished successfully after 221 iterations, 321 evaluations
optimisation finished successfully after 18 iterations, 41 evaluations
optimisation finished successfully after 31 iterations, 64 evaluations
optimisation finished successfully after 21 iterations, 48 evaluations
optimisation finished successfully after 25 iterations, 55 evaluations
optimisation finished successfully after 68 iterations, 108 evaluations
optimisation finished successfully after 131 iterations, 204 evaluations
score (1, 37, 79.94896148697774)
19 index 33 pvalue 0.44344266150200345
optimisation finished successfully after 140 iterations, 221 evaluations
optimisation finished successfully after 25 iterations, 53 evaluations
optimisation finished successfully after 33 iterations, 62 evaluations
score (1, 37, 79.94896148697774)
20 index 20 pvalue 0.02868584060660384
score (1, 37, 79.94896148697774)
optimisation finished successfully after 114 iterations, 184 evaluations
score (2, 36, 94.9194943189858)
optimisation finished successfully after 238 iterations, 335 evaluations
optimisation finished successfully after 48 iterations, 84 evaluations
optimisation finished successfully after 20 iterations, 47 evaluations
optimisation finished successfully after 20 iterations, 44 evaluations
score (2, 36, 93.07849628201294)
destroy False (1, 37, 79.94896148697774) (2, 36, 93.07849628201294)
score (1, 37, 79.94896148697774)
21 index 21 pvalue 0.3579436678173204
optimisation finished successfully after 359 iterations, 527 evaluations
optimisation finished successfully after 286 iterations, 409 evaluations
score (1, 37, 79.94896148697774)
22 index 34 pvalue 0.2131358357560731
optimisation finished successfully after 35 iterations, 67 evaluations
optimisation finished successfully after 28 iterations, 61 evaluations
score (1, 37, 79.94896148697774)
23 index 4 pvalue 0.48948770739168856
score (1, 37, 79.94896148697774)
optimisation finished successfully after 138 iterations, 206 evaluations
score (3, 36, 97.26590710201708)
optimisation finished successfully after 19 iterations, 42 evaluations
optimisation finished successfully after 26 iterations, 51 evaluations
optimisation finished successfully after 19 iterations, 43 evaluations
optimisation finished successfully after 41 iterations, 75 evaluations
optimisation finished successfully after 32 iterations, 62 evaluations
optimisation finished successfully after 28 iterations, 54 evaluations
optimisation finished successfully after 23 iterations, 50 evaluations
optimisation finished successfully after 22 iterations, 47 evaluations
optimisation finished successfully after 248 iterations, 355 evaluations
optimisation finished successfully after 36 iterations, 67 evaluations
score (2, 36, 94.20158354543756)
destroy False (1, 37, 79.94896148697774) (2, 36, 94.20158354543756)
score (1, 37, 79.94896148697774)
24 index 9 pvalue 0.4076106754562932
optimisation finished successfully after 72 iterations, 110 evaluations
optimisation finished successfully after 31 iterations, 57 evaluations
optimisation finished successfully after 27 iterations, 51 evaluations
optimisation finished successfully after 19 iterations, 39 evaluations
optimisation finished successfully after 35 iterations, 60 evaluations
score (1, 37, 79.94896148697774)
25 index 2 pvalue 0.08501016801421292
score (1, 37, 79.94896148697774)
optimisation finished successfully after 108 iterations, 160 evaluations
score (3, 36, 90.93735346030695)
optimisation finished successfully after 65 iterations, 98 evaluations
optimisation finished successfully after 30 iterations, 54 evaluations
optimisation finished successfully after 13 iterations, 31 evaluations
optimisation finished successfully after 31 iterations, 57 evaluations
optimisation finished successfully after 21 iterations, 43 evaluations
optimisation finished successfully after 13 iterations, 33 evaluations
optimisation finished successfully after 12 iterations, 29 evaluations
optimisation finished successfully after 12 iterations, 29 evaluations
optimisation finished successfully after 13 iterations, 31 evaluations
optimisation finished successfully after 11 iterations, 28 evaluations
score (2, 36, 85.66912377172233)
destroy False (1, 37, 79.94896148697774) (2, 36, 85.66912377172233)
score (1, 37, 79.94896148697774)
26 index 8 pvalue 0.02431643744875389
score (1, 37, 79.94896148697774)
optimisation finished successfully after 107 iterations, 166 evaluations
score (2, 36, 80.26321667922198)
optimisation finished successfully after 25 iterations, 46 evaluations
optimisation finished successfully after 31 iterations, 58 evaluations
optimisation finished successfully after 182 iterations, 265 evaluations
score (2, 36, 79.60979192257375)
destroy False (1, 37, 79.94896148697774) (2, 36, 79.60979192257375)
score (1, 37, 79.94896148697774)
27 index 11 pvalue 0.13103498512409661
optimisation finished successfully after 221 iterations, 321 evaluations
optimisation finished successfully after 18 iterations, 41 evaluations
optimisation finished successfully after 31 iterations, 64 evaluations
optimisation finished successfully after 21 iterations, 48 evaluations
optimisation finished successfully after 25 iterations, 55 evaluations
optimisation finished successfully after 68 iterations, 108 evaluations
optimisation finished successfully after 131 iterations, 204 evaluations
score (1, 37, 79.94896148697774)
28 index 31 pvalue 0.014234645285151058
score (1, 37, 79.94896148697774)
optimisation finished successfully after 181 iterations, 264 evaluations
score (3, 36, 91.4985168798608)
optimisation finished successfully after 49 iterations, 82 evaluations
optimisation finished successfully after 24 iterations, 52 evaluations
optimisation finished successfully after 25 iterations, 53 evaluations
optimisation finished successfully after 43 iterations, 82 evaluations
optimisation finished successfully after 51 iterations, 95 evaluations
score (3, 36, 90.44542646217333)
destroy False (1, 37, 79.94896148697774) (3, 36, 90.44542646217333)
score (1, 37, 79.94896148697774)
29 index 2 pvalue 0.08501016801421292
optimisation finished successfully after 16 iterations, 36 evaluations
optimisation finished successfully after 14 iterations, 34 evaluations
optimisation finished successfully after 10 iterations, 29 evaluations
score (1, 37, 79.94896148697774)
30 index 8 pvalue 0.02431643744875389
optimisation finished successfully after 105 iterations, 162 evaluations
optimisation finished successfully after 14 iterations, 35 evaluations
optimisation finished successfully after 21 iterations, 45 evaluations
score (1, 37, 79.94896148697774)
31 index 2 pvalue 0.08501016801421292
optimisation finished successfully after 16 iterations, 36 evaluations
optimisation finished successfully after 14 iterations, 34 evaluations
optimisation finished successfully after 10 iterations, 29 evaluations
score (1, 37, 79.94896148697774)
32 index 33 pvalue 0.44344266150200345
optimisation finished successfully after 140 iterations, 221 evaluations
optimisation finished successfully after 25 iterations, 53 evaluations
optimisation finished successfully after 33 iterations, 62 evaluations
score (1, 37, 79.94896148697774)
33 index 35 pvalue 0.3742332205546919
optimisation finished successfully after 63 iterations, 106 evaluations
optimisation finished successfully after 24 iterations, 49 evaluations
optimisation finished successfully after 212 iterations, 317 evaluations
score (1, 37, 79.94896148697774)
34 index 19 pvalue 0.10815717477480102
optimisation finished successfully after 173 iterations, 254 evaluations
optimisation finished successfully after 29 iterations, 66 evaluations
optimisation finished successfully after 34 iterations, 74 evaluations
score (1, 37, 79.94896148697774)
35 index 4 pvalue 0.48948770739168856
score (1, 37, 79.94896148697774)
optimisation finished successfully after 138 iterations, 206 evaluations
score (3, 36, 97.26590710201708)
optimisation finished successfully after 19 iterations, 42 evaluations
optimisation finished successfully after 26 iterations, 51 evaluations
optimisation finished successfully after 19 iterations, 43 evaluations
optimisation finished successfully after 41 iterations, 75 evaluations
optimisation finished successfully after 32 iterations, 62 evaluations
optimisation finished successfully after 28 iterations, 54 evaluations
optimisation finished successfully after 23 iterations, 50 evaluations
optimisation finished successfully after 22 iterations, 47 evaluations
optimisation finished successfully after 248 iterations, 355 evaluations
optimisation finished successfully after 36 iterations, 67 evaluations
score (2, 36, 94.20158354543756)
destroy False (1, 37, 79.94896148697774) (2, 36, 94.20158354543756)
score (1, 37, 79.94896148697774)
36 index 2 pvalue 0.08501016801421292
score (1, 37, 79.94896148697774)
optimisation finished successfully after 108 iterations, 160 evaluations
score (3, 36, 90.93735346030695)
optimisation finished successfully after 65 iterations, 98 evaluations
optimisation finished successfully after 30 iterations, 54 evaluations
optimisation finished successfully after 13 iterations, 31 evaluations
optimisation finished successfully after 31 iterations, 57 evaluations
optimisation finished successfully after 21 iterations, 43 evaluations
optimisation finished successfully after 13 iterations, 33 evaluations
optimisation finished successfully after 12 iterations, 29 evaluations
optimisation finished successfully after 12 iterations, 29 evaluations
optimisation finished successfully after 13 iterations, 31 evaluations
optimisation finished successfully after 11 iterations, 28 evaluations
score (2, 36, 85.66912377172233)
destroy False (1, 37, 79.94896148697774) (2, 36, 85.66912377172233)
score (1, 37, 79.94896148697774)
37 index 35 pvalue 0.3742332205546919
score (1, 37, 79.94896148697774)
optimisation finished successfully after 72 iterations, 117 evaluations
score (2, 36, 91.82141802044086)
score (2, 36, 91.82141802044086)
destroy False (1, 37, 79.94896148697774) (2, 36, 91.82141802044086)
score (1, 37, 79.94896148697774)
38 index 33 pvalue 0.44344266150200345
optimisation finished successfully after 140 iterations, 221 evaluations
optimisation finished successfully after 25 iterations, 53 evaluations
optimisation finished successfully after 33 iterations, 62 evaluations
score (1, 37, 79.94896148697774)
39 index 32 pvalue 0.13915621019216418
optimisation finished successfully after 16 iterations, 41 evaluations
optimisation finished successfully after 85 iterations, 133 evaluations
optimisation finished successfully after 26 iterations, 54 evaluations
score (1, 37, 79.94896148697774)
40 index 26 pvalue 0.07749629605521698
optimisation finished successfully after 51 iterations, 89 evaluations
optimisation finished successfully after 33 iterations, 64 evaluations
optimisation finished successfully after 44 iterations, 78 evaluations
score (1, 37, 79.94896148697774)
41 index 11 pvalue 0.13103498512409661
optimisation finished successfully after 221 iterations, 321 evaluations
optimisation finished successfully after 18 iterations, 41 evaluations
optimisation finished successfully after 31 iterations, 64 evaluations
optimisation finished successfully after 21 iterations, 48 evaluations
optimisation finished successfully after 25 iterations, 55 evaluations
optimisation finished successfully after 68 iterations, 108 evaluations
optimisation finished successfully after 131 iterations, 204 evaluations
score (1, 37, 79.94896148697774)
42 index 5 pvalue 0.2028071126721157
score (1, 37, 79.94896148697774)
optimisation finished successfully after 157 iterations, 237 evaluations
score (2, 36, 90.95092226014938)
optimisation finished successfully after 30 iterations, 60 evaluations
optimisation finished successfully after 70 iterations, 112 evaluations
optimisation finished successfully after 20 iterations, 44 evaluations
optimisation finished successfully after 86 iterations, 138 evaluations
optimisation finished successfully after 33 iterations, 65 evaluations
optimisation finished successfully after 20 iterations, 43 evaluations
optimisation finished successfully after 21 iterations, 47 evaluations
optimisation finished successfully after 134 iterations, 205 evaluations
optimisation finished successfully after 39 iterations, 78 evaluations
optimisation finished successfully after 27 iterations, 59 evaluations
optimisation finished successfully after 88 iterations, 142 evaluations
optimisation finished successfully after 96 iterations, 153 evaluations
optimisation finished successfully after 40 iterations, 79 evaluations
optimisation finished successfully after 104 iterations, 168 evaluations
score (1, 36, 83.66257705173571)
destroy True (1, 37, 79.94896148697774) (1, 36, 83.66257705173571)
score (1, 36, 83.66257705173571)
43 index 8 pvalue 0.4076106754562922
optimisation finished successfully after 238 iterations, 347 evaluations
optimisation finished successfully after 25 iterations, 53 evaluations
optimisation finished successfully after 21 iterations, 48 evaluations
optimisation finished successfully after 21 iterations, 48 evaluations
optimisation finished successfully after 20 iterations, 41 evaluations
score (1, 36, 83.66257705173571)
44 index 14 pvalue 0.0265612280309242
score (1, 36, 83.66257705173571)
optimisation finished successfully after 112 iterations, 167 evaluations
score (3, 35, 83.54620780019603)
optimisation finished successfully after 25 iterations, 53 evaluations
optimisation finished successfully after 55 iterations, 87 evaluations
optimisation finished successfully after 18 iterations, 41 evaluations
optimisation finished successfully after 22 iterations, 45 evaluations
optimisation finished successfully after 23 iterations, 49 evaluations
optimisation finished successfully after 87 iterations, 137 evaluations
optimisation finished successfully after 350 iterations, 503 evaluations
optimisation finished successfully after 31 iterations, 59 evaluations
score (2, 35, 78.38780734375408)
destroy False (1, 36, 83.66257705173571) (2, 35, 78.38780734375408)
score (1, 36, 83.66257705173571)
45 index 14 pvalue 0.0265612280309242
score (1, 36, 83.66257705173571)
optimisation finished successfully after 112 iterations, 167 evaluations
score (3, 35, 83.54620780019603)
optimisation finished successfully after 25 iterations, 53 evaluations
optimisation finished successfully after 55 iterations, 87 evaluations
optimisation finished successfully after 18 iterations, 41 evaluations
optimisation finished successfully after 22 iterations, 45 evaluations
optimisation finished successfully after 23 iterations, 49 evaluations
optimisation finished successfully after 87 iterations, 137 evaluations
optimisation finished successfully after 350 iterations, 503 evaluations
optimisation finished successfully after 31 iterations, 59 evaluations
score (2, 35, 78.38780734375408)
destroy False (1, 36, 83.66257705173571) (2, 35, 78.38780734375408)
score (1, 36, 83.66257705173571)
46 index 12 pvalue 0.08023302876701732
score (1, 36, 83.66257705173571)
optimisation finished successfully after 63 iterations, 104 evaluations
score (2, 35, 85.15355347869247)
optimisation finished successfully after 26 iterations, 54 evaluations
optimisation finished successfully after 153 iterations, 238 evaluations
optimisation finished successfully after 251 iterations, 361 evaluations
optimisation finished successfully after 36 iterations, 70 evaluations
optimisation finished successfully after 111 iterations, 167 evaluations
optimisation finished successfully after 51 iterations, 95 evaluations
score (2, 35, 81.48131670901181)
destroy False (1, 36, 83.66257705173571) (2, 35, 81.48131670901181)
score (1, 36, 83.66257705173571)
47 index 8 pvalue 0.4076106754562922
optimisation finished successfully after 238 iterations, 347 evaluations
optimisation finished successfully after 25 iterations, 53 evaluations
optimisation finished successfully after 21 iterations, 48 evaluations
optimisation finished successfully after 21 iterations, 48 evaluations
optimisation finished successfully after 20 iterations, 41 evaluations
score (1, 36, 83.66257705173571)
48 index 9 pvalue 0.2627301228634492
score (1, 36, 83.66257705173571)
optimisation finished successfully after 96 iterations, 144 evaluations
score (3, 35, 93.4583040620074)
optimisation finished successfully after 59 iterations, 95 evaluations
optimisation finished successfully after 181 iterations, 265 evaluations
optimisation finished successfully after 52 iterations, 88 evaluations
optimisation finished successfully after 46 iterations, 80 evaluations
optimisation finished successfully after 25 iterations, 50 evaluations
optimisation finished successfully after 30 iterations, 54 evaluations
optimisation finished successfully after 141 iterations, 207 evaluations
optimisation finished successfully after 18 iterations, 41 evaluations
score (3, 35, 89.12145350647204)
destroy False (1, 36, 83.66257705173571) (3, 35, 89.12145350647204)
score (1, 36, 83.66257705173571)
49 index 32 pvalue 0.44344266150200345
optimisation finished successfully after 140 iterations, 221 evaluations
optimisation finished successfully after 25 iterations, 53 evaluations
optimisation finished successfully after 33 iterations, 62 evaluations
score (1, 36, 83.66257705173571)
50 index 33 pvalue 0.2131358357560731
score (1, 36, 83.66257705173571)
optimisation finished successfully after 191 iterations, 283 evaluations
score (3, 35, 92.13569766201714)
optimisation finished successfully after 22 iterations, 48 evaluations
optimisation finished successfully after 187 iterations, 275 evaluations
optimisation finished successfully after 18 iterations, 41 evaluations
score (2, 35, 90.28054048619717)
destroy False (1, 36, 83.66257705173571) (2, 35, 90.28054048619717)
score (1, 36, 83.66257705173571)
51 index 17 pvalue 0.251366453556954
score (1, 36, 83.66257705173571)
optimisation finished successfully after 166 iterations, 251 evaluations
score (3, 35, 89.02191204033923)
optimisation finished successfully after 33 iterations, 73 evaluations
optimisation finished successfully after 40 iterations, 81 evaluations
optimisation finished successfully after 34 iterations, 76 evaluations
optimisation finished successfully after 36 iterations, 79 evaluations
score (3, 35, 88.81976097125123)
destroy False (1, 36, 83.66257705173571) (3, 35, 88.81976097125123)
score (1, 36, 83.66257705173571)
52 index 2 pvalue 0.08819126355024572
score (1, 36, 83.66257705173571)
optimisation finished successfully after 86 iterations, 135 evaluations
score (3, 35, 94.32331160375809)
optimisation finished successfully after 23 iterations, 45 evaluations
optimisation finished successfully after 9 iterations, 26 evaluations
optimisation finished successfully after 8 iterations, 23 evaluations
optimisation finished successfully after 10 iterations, 27 evaluations
optimisation finished successfully after 19 iterations, 41 evaluations
optimisation finished successfully after 37 iterations, 64 evaluations
optimisation finished successfully after 103 iterations, 159 evaluations
optimisation finished successfully after 8 iterations, 25 evaluations
optimisation finished successfully after 13 iterations, 32 evaluations
optimisation finished successfully after 11 iterations, 29 evaluations
optimisation finished successfully after 11 iterations, 28 evaluations
optimisation finished successfully after 10 iterations, 26 evaluations
score (2, 35, 88.44230915039516)
destroy False (1, 36, 83.66257705173571) (2, 35, 88.44230915039516)
score (1, 36, 83.66257705173571)
53 index 18 pvalue 0.10815717477480102
score (1, 36, 83.66257705173571)
optimisation finished successfully after 348 iterations, 512 evaluations
score (3, 35, 90.1002326367047)
optimisation finished successfully after 63 iterations, 106 evaluations
optimisation finished successfully after 36 iterations, 72 evaluations
score (3, 35, 90.1002326367047)
destroy False (1, 36, 83.66257705173571) (3, 35, 90.1002326367047)
score (1, 36, 83.66257705173571)
54 index 32 pvalue 0.44344266150200345
optimisation finished successfully after 140 iterations, 221 evaluations
optimisation finished successfully after 25 iterations, 53 evaluations
optimisation finished successfully after 33 iterations, 62 evaluations
score (1, 36, 83.66257705173571)
55 index 6 pvalue 0.07099327887552831
score (1, 36, 83.66257705173571)
optimisation finished successfully after 169 iterations, 260 evaluations
score (1, 35, 79.6027728821702)
destroy without percolating (1, 36, 83.66257705173571) (1, 35, 79.6027728821702)
score (1, 35, 79.6027728821702)
56 index 2 pvalue 0.0881912635502456
score (1, 35, 79.6027728821702)
optimisation finished successfully after 91 iterations, 141 evaluations
score (3, 34, 90.52018716161604)
optimisation finished successfully after 38 iterations, 65 evaluations
optimisation finished successfully after 9 iterations, 25 evaluations
optimisation finished successfully after 23 iterations, 47 evaluations
optimisation finished successfully after 11 iterations, 29 evaluations
optimisation finished successfully after 20 iterations, 42 evaluations
optimisation finished successfully after 11 iterations, 29 evaluations
optimisation finished successfully after 33 iterations, 59 evaluations
optimisation finished successfully after 12 iterations, 30 evaluations
optimisation finished successfully after 25 iterations, 49 evaluations
optimisation finished successfully after 23 iterations, 48 evaluations
score (2, 34, 85.01601325329374)
destroy False (1, 35, 79.6027728821702) (2, 34, 85.01601325329374)
score (1, 35, 79.6027728821702)
57 index 10 pvalue 0.4015552019120676
score (1, 35, 79.6027728821702)
optimisation finished successfully after 219 iterations, 313 evaluations
score (2, 34, 83.5023136725458)
optimisation finished successfully after 19 iterations, 41 evaluations
optimisation finished successfully after 90 iterations, 135 evaluations
optimisation finished successfully after 15 iterations, 36 evaluations
score (2, 34, 83.50041515375455)
destroy False (1, 35, 79.6027728821702) (2, 34, 83.50041515375455)
score (1, 35, 79.6027728821702)
58 index 24 pvalue 0.07749629605521698
score (1, 35, 79.6027728821702)
optimisation finished successfully after 195 iterations, 285 evaluations
score (3, 34, 95.83131678258562)
optimisation finished successfully after 23 iterations, 50 evaluations
optimisation finished successfully after 46 iterations, 86 evaluations
optimisation finished successfully after 39 iterations, 73 evaluations
optimisation finished successfully after 154 iterations, 230 evaluations
score (3, 34, 92.28441828885315)
destroy False (1, 35, 79.6027728821702) (3, 34, 92.28441828885315)
score (1, 35, 79.6027728821702)
59 index 5 pvalue 3.1110139288026417e-06
score (1, 35, 79.6027728821702)
optimisation finished successfully after 48 iterations, 87 evaluations
optimisation finished successfully after 85 iterations, 136 evaluations
optimisation finished successfully after 146 iterations, 222 evaluations
optimisation finished successfully after 79 iterations, 131 evaluations
optimisation finished successfully after 198 iterations, 290 evaluations
score (2, 36, 81.88767060912821)
create False (1, 35, 79.6027728821702) (2, 36, 81.88767060912821)
score (1, 35, 79.6027728821702)
60 index 2 pvalue 0.0881912635502456
optimisation finished successfully after 11 iterations, 27 evaluations
optimisation finished successfully after 28 iterations, 54 evaluations
optimisation finished successfully after 22 iterations, 45 evaluations
score (1, 35, 79.6027728821702)
61 index 21 pvalue 0.24569874063905184
score (1, 35, 79.6027728821702)
optimisation finished successfully after 115 iterations, 184 evaluations
score (2, 34, 88.96989525547468)
optimisation finished successfully after 137 iterations, 207 evaluations
optimisation finished successfully after 42 iterations, 78 evaluations
optimisation finished successfully after 24 iterations, 51 evaluations
optimisation finished successfully after 130 iterations, 197 evaluations
optimisation finished successfully after 24 iterations, 51 evaluations
optimisation finished successfully after 33 iterations, 62 evaluations
optimisation finished successfully after 143 iterations, 219 evaluations
optimisation finished successfully after 22 iterations, 49 evaluations
score (2, 34, 85.9758303325308)
destroy False (1, 35, 79.6027728821702) (2, 34, 85.9758303325308)
score (1, 35, 79.6027728821702)
62 index 8 pvalue 0.26273012286344993
optimisation finished successfully after 27 iterations, 56 evaluations
optimisation finished successfully after 18 iterations, 41 evaluations
optimisation finished successfully after 25 iterations, 52 evaluations
score (1, 35, 79.6027728821702)
63 index 30 pvalue 0.13915621019216418
score (1, 35, 79.6027728821702)
optimisation finished successfully after 119 iterations, 180 evaluations
score (3, 34, 88.39626224169878)
optimisation finished successfully after 51 iterations, 93 evaluations
optimisation finished successfully after 54 iterations, 94 evaluations
optimisation finished successfully after 112 iterations, 182 evaluations
score (3, 34, 88.22819909568742)
destroy False (1, 35, 79.6027728821702) (3, 34, 88.22819909568742)
score (1, 35, 79.6027728821702)
64 index 7 pvalue 0.4605521379019145
optimisation finished successfully after 29 iterations, 54 evaluations
optimisation finished successfully after 31 iterations, 57 evaluations
optimisation finished successfully after 53 iterations, 91 evaluations
score (1, 35, 79.6027728821702)
65 index 19 pvalue 0.3579436678173204
optimisation finished successfully after 359 iterations, 527 evaluations
optimisation finished successfully after 286 iterations, 409 evaluations
score (1, 35, 79.6027728821702)
66 index 11 pvalue 0.08023302876701677
optimisation finished successfully after 42 iterations, 72 evaluations
optimisation finished successfully after 20 iterations, 44 evaluations
optimisation finished successfully after 14 iterations, 34 evaluations
optimisation finished successfully after 30 iterations, 60 evaluations
score (1, 35, 79.6027728821702)
67 index 14 pvalue 0.02916303821766797
optimisation finished successfully after 62 iterations, 99 evaluations
optimisation finished successfully after 32 iterations, 60 evaluations
optimisation finished successfully after 67 iterations, 109 evaluations
optimisation finished successfully after 37 iterations, 68 evaluations
optimisation finished successfully after 40 iterations, 71 evaluations
score (1, 35, 79.6027728821702)
68 index 9 pvalue 0.13103498512409706
score (1, 35, 79.6027728821702)
optimisation finished successfully after 85 iterations, 136 evaluations
score (2, 34, 82.50252094289269)
optimisation finished successfully after 75 iterations, 124 evaluations
optimisation finished successfully after 34 iterations, 65 evaluations
optimisation finished successfully after 39 iterations, 71 evaluations
optimisation finished successfully after 73 iterations, 118 evaluations
optimisation finished successfully after 18 iterations, 42 evaluations
optimisation finished successfully after 33 iterations, 64 evaluations
optimisation finished successfully after 20 iterations, 42 evaluations
score (1, 34, 81.02412391548529)
destroy True (1, 35, 79.6027728821702) (1, 34, 81.02412391548529)
score (1, 34, 81.02412391548529)
69 index 25 pvalue 0.2267710351019122
optimisation finished successfully after 43 iterations, 78 evaluations
optimisation finished successfully after 37 iterations, 71 evaluations
optimisation finished successfully after 25 iterations, 53 evaluations
optimisation finished successfully after 20 iterations, 47 evaluations
score (1, 34, 81.02412391548529)
70 index 27 pvalue 0.11612234903906249
optimisation finished successfully after 23 iterations, 52 evaluations
optimisation finished successfully after 56 iterations, 94 evaluations
score (1, 34, 81.02412391548529)
71 index 0 pvalue 0.059316201377367817
score (1, 34, 81.02412391548529)
72 index 13 pvalue 0.02916303821766808
score (1, 34, 81.02412391548529)
optimisation finished successfully after 103 iterations, 161 evaluations
score (2, 33, 86.85527011454515)
optimisation finished successfully after 348 iterations, 494 evaluations
optimisation finished successfully after 87 iterations, 143 evaluations
optimisation finished successfully after 36 iterations, 72 evaluations
optimisation finished successfully after 67 iterations, 114 evaluations
score (3, 33, 84.1467408642882)
destroy False (1, 34, 81.02412391548529) (3, 33, 84.1467408642882)
score (1, 34, 81.02412391548529)
73 index 27 pvalue 0.11612234903906249
optimisation finished successfully after 23 iterations, 52 evaluations
optimisation finished successfully after 56 iterations, 94 evaluations
score (1, 34, 81.02412391548529)
74 index 16 pvalue 0.10815717477480102
score (1, 34, 81.02412391548529)
optimisation finished successfully after 348 iterations, 512 evaluations
score (3, 33, 87.461779500457)
optimisation finished successfully after 63 iterations, 106 evaluations
optimisation finished successfully after 36 iterations, 72 evaluations
score (3, 33, 87.461779500457)
destroy False (1, 34, 81.02412391548529) (3, 33, 87.461779500457)
score (1, 34, 81.02412391548529)
75 index 22 pvalue 0.37011849455585805
score (1, 34, 81.02412391548529)
optimisation finished successfully after 81 iterations, 129 evaluations
score (3, 33, 98.76873266940352)
optimisation finished successfully after 221 iterations, 315 evaluations
optimisation finished successfully after 25 iterations, 52 evaluations
optimisation finished successfully after 90 iterations, 142 evaluations
optimisation finished successfully after 23 iterations, 52 evaluations
score (3, 33, 92.95927824133864)
destroy False (1, 34, 81.02412391548529) (3, 33, 92.95927824133864)
score (1, 34, 81.02412391548529)
76 index 9 pvalue 0.268718873092173
score (1, 34, 81.02412391548529)
optimisation finished successfully after 47 iterations, 78 evaluations
score (3, 33, 81.49620428134637)
optimisation finished successfully after 20 iterations, 46 evaluations
optimisation finished successfully after 19 iterations, 44 evaluations
score (3, 33, 81.49620428134637)
destroy False (1, 34, 81.02412391548529) (3, 33, 81.49620428134637)
score (1, 34, 81.02412391548529)
77 index 32 pvalue 0.3742332205546919
score (1, 34, 81.02412391548529)
optimisation finished successfully after 72 iterations, 117 evaluations
score (2, 33, 92.89658044894838)
score (2, 33, 92.89658044894838)
destroy False (1, 34, 81.02412391548529) (2, 33, 92.89658044894838)
score (1, 34, 81.02412391548529)
78 index 15 pvalue 0.251366453556954
optimisation finished successfully after 289 iterations, 423 evaluations
optimisation finished successfully after 99 iterations, 156 evaluations
optimisation finished successfully after 19 iterations, 45 evaluations
optimisation finished successfully after 135 iterations, 209 evaluations
optimisation finished successfully after 255 iterations, 383 evaluations
optimisation finished successfully after 48 iterations, 87 evaluations
score (1, 34, 81.02412391548529)
79 index 24 pvalue 0.07829422618652415
optimisation finished successfully after 70 iterations, 111 evaluations
optimisation finished successfully after 57 iterations, 98 evaluations
optimisation finished successfully after 140 iterations, 218 evaluations
score (1, 34, 81.02412391548529)
80 index 5 pvalue 3.1110139288026417e-06
optimisation finished successfully after 57 iterations, 98 evaluations
optimisation finished successfully after 80 iterations, 131 evaluations
score (1, 34, 81.02412391548529)
81 index 9 pvalue 0.268718873092173
score (1, 34, 81.02412391548529)
optimisation finished successfully after 47 iterations, 78 evaluations
score (3, 33, 81.49620428134637)
optimisation finished successfully after 20 iterations, 46 evaluations
optimisation finished successfully after 19 iterations, 44 evaluations
score (3, 33, 81.49620428134637)
destroy False (1, 34, 81.02412391548529) (3, 33, 81.49620428134637)
score (1, 34, 81.02412391548529)
82 index 2 pvalue 0.08819126355024572
score (1, 34, 81.02412391548529)
optimisation finished successfully after 91 iterations, 141 evaluations
score (3, 33, 91.94153819493116)
optimisation finished successfully after 38 iterations, 65 evaluations
optimisation finished successfully after 9 iterations, 25 evaluations
optimisation finished successfully after 23 iterations, 47 evaluations
optimisation finished successfully after 11 iterations, 29 evaluations
optimisation finished successfully after 20 iterations, 42 evaluations
optimisation finished successfully after 11 iterations, 29 evaluations
optimisation finished successfully after 33 iterations, 59 evaluations
optimisation finished successfully after 12 iterations, 30 evaluations
optimisation finished successfully after 25 iterations, 49 evaluations
optimisation finished successfully after 23 iterations, 48 evaluations
score (2, 33, 86.43736428660884)
destroy False (1, 34, 81.02412391548529) (2, 33, 86.43736428660884)
score (1, 34, 81.02412391548529)
83 index 7 pvalue 0.15728004158735942
score (1, 34, 81.02412391548529)
optimisation finished successfully after 155 iterations, 237 evaluations
score (2, 33, 90.51770225659683)
optimisation finished successfully after 23 iterations, 49 evaluations
optimisation finished successfully after 38 iterations, 67 evaluations
optimisation finished successfully after 33 iterations, 59 evaluations
optimisation finished successfully after 35 iterations, 70 evaluations
optimisation finished successfully after 28 iterations, 56 evaluations
score (3, 33, 85.40838551521759)
destroy False (1, 34, 81.02412391548529) (3, 33, 85.40838551521759)
score (1, 34, 81.02412391548529)
84 index 17 pvalue 0.02868584060660384
score (1, 34, 81.02412391548529)
optimisation finished successfully after 114 iterations, 184 evaluations
score (2, 33, 95.9946567474933)
optimisation finished successfully after 238 iterations, 335 evaluations
optimisation finished successfully after 48 iterations, 84 evaluations
optimisation finished successfully after 20 iterations, 47 evaluations
optimisation finished successfully after 20 iterations, 44 evaluations
score (2, 33, 94.15365871052043)
destroy False (1, 34, 81.02412391548529) (2, 33, 94.15365871052043)
score (1, 34, 81.02412391548529)
85 index 11 pvalue 0.026324211280014276
score (1, 34, 81.02412391548529)
optimisation finished successfully after 51 iterations, 89 evaluations
score (3, 33, 80.15412106866167)
optimisation finished successfully after 39 iterations, 70 evaluations
optimisation finished successfully after 253 iterations, 365 evaluations
optimisation finished successfully after 24 iterations, 50 evaluations
optimisation finished successfully after 25 iterations, 51 evaluations
optimisation finished successfully after 32 iterations, 61 evaluations
optimisation finished successfully after 21 iterations, 46 evaluations
optimisation finished successfully after 19 iterations, 41 evaluations
optimisation finished successfully after 28 iterations, 56 evaluations
score (2, 33, 77.14446458387609)
destroy False (1, 34, 81.02412391548529) (2, 33, 77.14446458387609)
score (1, 34, 81.02412391548529)
86 index 6 pvalue 0.17988209711293324
optimisation finished successfully after 27 iterations, 56 evaluations
optimisation finished successfully after 206 iterations, 298 evaluations
optimisation finished successfully after 18 iterations, 43 evaluations
optimisation finished successfully after 25 iterations, 55 evaluations
optimisation finished successfully after 12 iterations, 33 evaluations
score (1, 34, 81.02412391548529)
87 index 17 pvalue 0.02868584060660384
optimisation finished successfully after 309 iterations, 438 evaluations
optimisation finished successfully after 33 iterations, 67 evaluations
optimisation finished successfully after 50 iterations, 94 evaluations
score (1, 34, 81.02412391548529)
88 index 16 pvalue 0.10815717477480102
score (1, 34, 81.02412391548529)
optimisation finished successfully after 348 iterations, 512 evaluations
score (3, 33, 87.46177950045428)
optimisation finished successfully after 63 iterations, 106 evaluations
optimisation finished successfully after 36 iterations, 72 evaluations
score (3, 33, 87.46177950045428)
destroy False (1, 34, 81.02412391548529) (3, 33, 87.46177950045428)
score (1, 34, 81.02412391548529)
89 index 21 pvalue 0.26079513732019294
optimisation finished successfully after 83 iterations, 133 evaluations
optimisation finished successfully after 180 iterations, 264 evaluations
score (1, 34, 81.02412391548529)
90 index 10 pvalue 0.16478893763387814
score (1, 34, 81.02412391548529)
optimisation finished successfully after 51 iterations, 87 evaluations
score (3, 33, 83.48610404338808)
optimisation finished successfully after 38 iterations, 69 evaluations
optimisation finished successfully after 27 iterations, 56 evaluations
optimisation finished successfully after 139 iterations, 211 evaluations
optimisation finished successfully after 26 iterations, 52 evaluations
score (3, 33, 83.36199064125982)
destroy False (1, 34, 81.02412391548529) (3, 33, 83.36199064125982)
score (1, 34, 81.02412391548529)
91 index 27 pvalue 0.11612234903906249
optimisation finished successfully after 23 iterations, 52 evaluations
optimisation finished successfully after 56 iterations, 94 evaluations
score (1, 34, 81.02412391548529)
92 index 25 pvalue 0.2267710351019122
score (1, 34, 81.02412391548529)
optimisation finished successfully after 320 iterations, 460 evaluations
score (2, 33, 95.88002793274131)
optimisation finished successfully after 23 iterations, 49 evaluations
optimisation finished successfully after 23 iterations, 50 evaluations
optimisation finished successfully after 43 iterations, 81 evaluations
optimisation finished successfully after 20 iterations, 46 evaluations
optimisation finished successfully after 18 iterations, 44 evaluations
score (2, 33, 93.41398895136234)
destroy False (1, 34, 81.02412391548529) (2, 33, 93.41398895136234)
score (1, 34, 81.02412391548529)
93 index 3 pvalue 0.04611181874797787
score (1, 34, 81.02412391548529)
optimisation finished successfully after 106 iterations, 166 evaluations
score (3, 33, 100.38391040097585)
optimisation finished successfully after 266 iterations, 378 evaluations
optimisation finished successfully after 316 iterations, 445 evaluations
optimisation finished successfully after 136 iterations, 201 evaluations
optimisation finished successfully after 58 iterations, 96 evaluations
score (3, 33, 95.76960474497804)
destroy False (1, 34, 81.02412391548529) (3, 33, 95.76960474497804)
score (1, 34, 81.02412391548529)
94 index 1 pvalue 0.033510033767415126
score (1, 34, 81.02412391548529)
optimisation finished successfully after 63 iterations, 105 evaluations
score (2, 33, 83.11739901741603)
optimisation finished successfully after 12 iterations, 28 evaluations
optimisation finished successfully after 13 iterations, 30 evaluations
score (2, 33, 83.11739901741603)
destroy False (1, 34, 81.02412391548529) (2, 33, 83.11739901741603)
score (1, 34, 81.02412391548529)
95 index 19 pvalue 0.4989161773020715
optimisation finished successfully after 24 iterations, 56 evaluations
optimisation finished successfully after 20 iterations, 48 evaluations
score (1, 34, 81.02412391548529)
96 index 20 pvalue 0.24569874063905184
score (1, 34, 81.02412391548529)
optimisation finished successfully after 115 iterations, 184 evaluations
score (2, 33, 90.39124628878966)
optimisation finished successfully after 137 iterations, 207 evaluations
optimisation finished successfully after 42 iterations, 78 evaluations
optimisation finished successfully after 24 iterations, 51 evaluations
optimisation finished successfully after 130 iterations, 197 evaluations
optimisation finished successfully after 24 iterations, 51 evaluations
optimisation finished successfully after 33 iterations, 62 evaluations
optimisation finished successfully after 143 iterations, 219 evaluations
optimisation finished successfully after 22 iterations, 49 evaluations
score (2, 33, 87.39718136584635)
destroy False (1, 34, 81.02412391548529) (2, 33, 87.39718136584635)
score (1, 34, 81.02412391548529)
97 index 24 pvalue 0.07829422618652415
score (1, 34, 81.02412391548529)
optimisation finished successfully after 127 iterations, 191 evaluations
score (2, 33, 87.9669342099343)
optimisation finished successfully after 148 iterations, 225 evaluations
optimisation finished successfully after 19 iterations, 45 evaluations
optimisation finished successfully after 52 iterations, 93 evaluations
optimisation finished successfully after 23 iterations, 48 evaluations
score (3, 33, 87.6773489289945)
destroy False (1, 34, 81.02412391548529) (3, 33, 87.6773489289945)
score (1, 34, 81.02412391548529)
98 index 31 pvalue 0.2131358357560731
score (1, 34, 81.02412391548529)
optimisation finished successfully after 191 iterations, 283 evaluations
score (3, 33, 89.4972445257664)
optimisation finished successfully after 22 iterations, 48 evaluations
optimisation finished successfully after 187 iterations, 275 evaluations
optimisation finished successfully after 18 iterations, 41 evaluations
score (2, 33, 87.64208734994685)
destroy False (1, 34, 81.02412391548529) (2, 33, 87.64208734994685)
score (1, 34, 81.02412391548529)
99 index 21 pvalue 0.26079513732019294
optimisation finished successfully after 83 iterations, 133 evaluations
optimisation finished successfully after 180 iterations, 264 evaluations
score (1, 34, 81.02412391548529)
100 index 23 pvalue 0.07749629605521698
optimisation finished successfully after 51 iterations, 89 evaluations
optimisation finished successfully after 33 iterations, 64 evaluations
optimisation finished successfully after 44 iterations, 78 evaluations
score (1, 34, 81.02412391548529)
101 index 9 pvalue 0.268718873092173
score (1, 34, 81.02412391548529)
optimisation finished successfully after 47 iterations, 78 evaluations
score (3, 33, 81.49620428134637)
optimisation finished successfully after 20 iterations, 46 evaluations
optimisation finished successfully after 19 iterations, 44 evaluations
score (3, 33, 81.49620428134637)
destroy False (1, 34, 81.02412391548529) (3, 33, 81.49620428134637)
score (1, 34, 81.02412391548529)
102 index 24 pvalue 0.07829422618652415
optimisation finished successfully after 70 iterations, 111 evaluations
optimisation finished successfully after 57 iterations, 98 evaluations
optimisation finished successfully after 140 iterations, 218 evaluations
score (1, 34, 81.02412391548529)
103 index 14 pvalue 0.07587052365789937
score (1, 34, 81.02412391548529)
optimisation finished successfully after 101 iterations, 155 evaluations
score (2, 33, 82.25174217116115)
optimisation finished successfully after 576 iterations, 814 evaluations
optimisation finished successfully after 476 iterations, 676 evaluations
score (2, 33, 82.25174217116115)
destroy False (1, 34, 81.02412391548529) (2, 33, 82.25174217116115)
score (1, 34, 81.02412391548529)
104 index 3 pvalue 0.04611181874797787
optimisation finished successfully after 19 iterations, 43 evaluations
optimisation finished successfully after 29 iterations, 58 evaluations
optimisation finished successfully after 16 iterations, 39 evaluations
score (1, 34, 81.02412391548529)
105 index 21 pvalue 0.26079513732019294
score (1, 34, 81.02412391548529)
optimisation finished successfully after 92 iterations, 141 evaluations
score (2, 33, 90.55023385842784)
optimisation finished successfully after 223 iterations, 322 evaluations
optimisation finished successfully after 24 iterations, 51 evaluations
optimisation finished successfully after 37 iterations, 74 evaluations
optimisation finished successfully after 101 iterations, 155 evaluations
optimisation finished successfully after 25 iterations, 54 evaluations
optimisation finished successfully after 48 iterations, 86 evaluations
score (2, 33, 88.58656129252512)
destroy False (1, 34, 81.02412391548529) (2, 33, 88.58656129252512)
score (1, 34, 81.02412391548529)
106 index 11 pvalue 0.026324211280014276
optimisation finished successfully after 61 iterations, 103 evaluations
optimisation finished successfully after 59 iterations, 108 evaluations
optimisation finished successfully after 75 iterations, 124 evaluations
score (1, 34, 81.02412391548529)
107 index 6 pvalue 0.17988209711293324
optimisation finished successfully after 27 iterations, 56 evaluations
optimisation finished successfully after 206 iterations, 298 evaluations
optimisation finished successfully after 18 iterations, 43 evaluations
optimisation finished successfully after 25 iterations, 55 evaluations
optimisation finished successfully after 12 iterations, 33 evaluations
score (1, 34, 81.02412391548529)
108 index 30 pvalue 0.44344266150200345
score (1, 34, 81.02412391548529)
optimisation finished successfully after 277 iterations, 410 evaluations
score (2, 33, 83.58993345881329)
optimisation finished successfully after 56 iterations, 99 evaluations
optimisation finished successfully after 42 iterations, 81 evaluations
optimisation finished successfully after 44 iterations, 86 evaluations
score (2, 33, 82.53215751750281)
destroy False (1, 34, 81.02412391548529) (2, 33, 82.53215751750281)
score (1, 34, 81.02412391548529)
109 index 6 pvalue 0.17988209711293324
optimisation finished successfully after 27 iterations, 56 evaluations
optimisation finished successfully after 206 iterations, 298 evaluations
optimisation finished successfully after 18 iterations, 43 evaluations
optimisation finished successfully after 25 iterations, 55 evaluations
optimisation finished successfully after 12 iterations, 33 evaluations
score (1, 34, 81.02412391548529)
110 index 31 pvalue 0.2131358357560731
score (1, 34, 81.02412391548529)
optimisation finished successfully after 191 iterations, 283 evaluations
score (3, 33, 89.4972445257664)
optimisation finished successfully after 22 iterations, 48 evaluations
optimisation finished successfully after 187 iterations, 275 evaluations
optimisation finished successfully after 18 iterations, 41 evaluations
score (2, 33, 87.64208734994683)
destroy False (1, 34, 81.02412391548529) (2, 33, 87.64208734994683)
score (1, 34, 81.02412391548529)
111 index 29 pvalue 0.13915621019216418
optimisation finished successfully after 16 iterations, 41 evaluations
optimisation finished successfully after 85 iterations, 133 evaluations
optimisation finished successfully after 26 iterations, 54 evaluations
score (1, 34, 81.02412391548529)
112 index 31 pvalue 0.2131358357560731
score (1, 34, 81.02412391548529)
optimisation finished successfully after 191 iterations, 283 evaluations
score (3, 33, 89.4972445257664)
optimisation finished successfully after 22 iterations, 48 evaluations
optimisation finished successfully after 187 iterations, 275 evaluations
optimisation finished successfully after 18 iterations, 41 evaluations
score (2, 33, 87.64208734994683)
destroy False (1, 34, 81.02412391548529) (2, 33, 87.64208734994683)
score (1, 34, 81.02412391548529)
113 index 4 pvalue 0.44632979981019394
optimisation finished successfully after 68 iterations, 115 evaluations
optimisation finished successfully after 122 iterations, 198 evaluations
optimisation finished successfully after 139 iterations, 212 evaluations
score (1, 34, 81.02412391548529)
114 index 11 pvalue 0.026324211280014276
optimisation finished successfully after 61 iterations, 103 evaluations
optimisation finished successfully after 59 iterations, 108 evaluations
optimisation finished successfully after 75 iterations, 124 evaluations
score (1, 34, 81.02412391548529)
115 index 12 pvalue 0.0265612280309242
optimisation finished successfully after 31 iterations, 61 evaluations
optimisation finished successfully after 160 iterations, 247 evaluations
optimisation finished successfully after 25 iterations, 52 evaluations
optimisation finished successfully after 160 iterations, 241 evaluations
optimisation finished successfully after 37 iterations, 70 evaluations
optimisation finished successfully after 56 iterations, 99 evaluations
optimisation finished successfully after 253 iterations, 379 evaluations
score (1, 34, 81.02412391548529)
116 index 31 pvalue 0.2131358357560731
optimisation finished successfully after 35 iterations, 67 evaluations
optimisation finished successfully after 28 iterations, 61 evaluations
score (1, 34, 81.02412391548529)
117 index 20 pvalue 0.24569874063905184
score (1, 34, 81.02412391548529)
optimisation finished successfully after 115 iterations, 184 evaluations
score (2, 33, 90.39124628878966)
optimisation finished successfully after 137 iterations, 207 evaluations
optimisation finished successfully after 42 iterations, 78 evaluations
optimisation finished successfully after 24 iterations, 51 evaluations
optimisation finished successfully after 130 iterations, 197 evaluations
optimisation finished successfully after 24 iterations, 51 evaluations
optimisation finished successfully after 33 iterations, 62 evaluations
optimisation finished successfully after 143 iterations, 219 evaluations
optimisation finished successfully after 22 iterations, 49 evaluations
score (2, 33, 87.39718136584635)
destroy False (1, 34, 81.02412391548529) (2, 33, 87.39718136584635)
score (1, 34, 81.02412391548529)
118 index 8 pvalue 0.020507277061438733
score (1, 34, 81.02412391548529)
optimisation finished successfully after 130 iterations, 194 evaluations
score (3, 33, 85.04881172521937)
optimisation finished successfully after 38 iterations, 68 evaluations
optimisation finished successfully after 22 iterations, 47 evaluations
optimisation finished successfully after 18 iterations, 42 evaluations
optimisation finished successfully after 14 iterations, 36 evaluations
score (3, 33, 84.67902488834486)
destroy False (1, 34, 81.02412391548529) (3, 33, 84.67902488834486)
score (1, 34, 81.02412391548529)
119 index 0 pvalue 0.059316201377367817
score (1, 34, 81.02412391548529)
120 index 1 pvalue 0.033510033767415126
optimisation finished successfully after 6 iterations, 17 evaluations
optimisation finished successfully after 10 iterations, 24 evaluations
score (1, 34, 81.02412391548529)
121 index 30 pvalue 0.44344266150200345
optimisation finished successfully after 140 iterations, 221 evaluations
optimisation finished successfully after 25 iterations, 53 evaluations
optimisation finished successfully after 33 iterations, 62 evaluations
score (1, 34, 81.02412391548529)
122 index 17 pvalue 0.02868584060660384
score (1, 34, 81.02412391548529)
optimisation finished successfully after 114 iterations, 184 evaluations
score (2, 33, 95.99465674749338)
optimisation finished successfully after 238 iterations, 335 evaluations
optimisation finished successfully after 48 iterations, 84 evaluations
optimisation finished successfully after 20 iterations, 47 evaluations
optimisation finished successfully after 20 iterations, 44 evaluations
score (2, 33, 94.15365871052047)
destroy False (1, 34, 81.02412391548529) (2, 33, 94.15365871052047)
score (1, 34, 81.02412391548529)
123 index 20 pvalue 0.24569874063905184
score (1, 34, 81.02412391548529)
optimisation finished successfully after 115 iterations, 184 evaluations
score (2, 33, 90.39124628878966)
optimisation finished successfully after 137 iterations, 207 evaluations
optimisation finished successfully after 42 iterations, 78 evaluations
optimisation finished successfully after 24 iterations, 51 evaluations
optimisation finished successfully after 130 iterations, 197 evaluations
optimisation finished successfully after 24 iterations, 51 evaluations
optimisation finished successfully after 33 iterations, 62 evaluations
optimisation finished successfully after 143 iterations, 219 evaluations
optimisation finished successfully after 22 iterations, 49 evaluations
score (2, 33, 87.39718136584634)
destroy False (1, 34, 81.02412391548529) (2, 33, 87.39718136584634)
score (1, 34, 81.02412391548529)
124 index 28 pvalue 0.014234645285151058
score (1, 34, 81.02412391548529)
optimisation finished successfully after 181 iterations, 264 evaluations
score (3, 33, 92.57367930836878)
optimisation finished successfully after 49 iterations, 82 evaluations
optimisation finished successfully after 24 iterations, 52 evaluations
optimisation finished successfully after 25 iterations, 53 evaluations
optimisation finished successfully after 43 iterations, 82 evaluations
optimisation finished successfully after 51 iterations, 95 evaluations
score (3, 33, 91.5205888906813)
destroy False (1, 34, 81.02412391548529) (3, 33, 91.5205888906813)
score (1, 34, 81.02412391548529)
125 index 4 pvalue 0.44632979981019394
optimisation finished successfully after 68 iterations, 115 evaluations
optimisation finished successfully after 122 iterations, 198 evaluations
optimisation finished successfully after 139 iterations, 212 evaluations
score (1, 34, 81.02412391548529)
126 index 11 pvalue 0.026324211280014276
score (1, 34, 81.02412391548529)
optimisation finished successfully after 51 iterations, 89 evaluations
score (3, 33, 80.15412106866162)
optimisation finished successfully after 39 iterations, 70 evaluations
optimisation finished successfully after 253 iterations, 365 evaluations
optimisation finished successfully after 24 iterations, 50 evaluations
optimisation finished successfully after 25 iterations, 51 evaluations
optimisation finished successfully after 32 iterations, 61 evaluations
optimisation finished successfully after 21 iterations, 46 evaluations
optimisation finished successfully after 19 iterations, 41 evaluations
optimisation finished successfully after 28 iterations, 56 evaluations
score (2, 33, 77.14446458387627)
destroy False (1, 34, 81.02412391548529) (2, 33, 77.14446458387627)
score (1, 34, 81.02412391548529)
127 index 5 pvalue 3.1110139288026417e-06
optimisation finished successfully after 57 iterations, 98 evaluations
optimisation finished successfully after 80 iterations, 131 evaluations
score (1, 34, 81.02412391548529)
128 index 11 pvalue 0.026324211280014276
score (1, 34, 81.02412391548529)
optimisation finished successfully after 51 iterations, 89 evaluations
score (3, 33, 80.15412106866162)
optimisation finished successfully after 39 iterations, 70 evaluations
optimisation finished successfully after 253 iterations, 365 evaluations
optimisation finished successfully after 24 iterations, 50 evaluations
optimisation finished successfully after 25 iterations, 51 evaluations
optimisation finished successfully after 32 iterations, 61 evaluations
optimisation finished successfully after 21 iterations, 46 evaluations
optimisation finished successfully after 19 iterations, 41 evaluations
optimisation finished successfully after 28 iterations, 56 evaluations
score (2, 33, 77.14446458387627)
destroy False (1, 34, 81.02412391548529) (2, 33, 77.14446458387627)
score (1, 34, 81.02412391548529)
129 index 12 pvalue 0.0265612280309242
optimisation finished successfully after 31 iterations, 61 evaluations
optimisation finished successfully after 160 iterations, 247 evaluations
optimisation finished successfully after 25 iterations, 52 evaluations
optimisation finished successfully after 160 iterations, 241 evaluations
optimisation finished successfully after 37 iterations, 70 evaluations
optimisation finished successfully after 56 iterations, 99 evaluations
optimisation finished successfully after 253 iterations, 379 evaluations
score (1, 34, 81.02412391548529)
130 index 27 pvalue 0.11612234903906249
score (1, 34, 81.02412391548529)
optimisation finished successfully after 109 iterations, 167 evaluations
score (2, 33, 88.44094951997519)
optimisation finished successfully after 105 iterations, 164 evaluations
optimisation finished successfully after 209 iterations, 309 evaluations
optimisation finished successfully after 62 iterations, 109 evaluations
optimisation finished successfully after 33 iterations, 69 evaluations
score (3, 33, 87.85926323370678)
destroy False (1, 34, 81.02412391548529) (3, 33, 87.85926323370678)
score (1, 34, 81.02412391548529)
131 index 14 pvalue 0.07587052365789937
optimisation finished successfully after 288 iterations, 430 evaluations
optimisation finished successfully after 101 iterations, 161 evaluations
optimisation finished successfully after 69 iterations, 117 evaluations
score (1, 34, 81.02412391548529)
132 index 32 pvalue 0.3742332205546919
score (1, 34, 81.02412391548529)
optimisation finished successfully after 72 iterations, 117 evaluations
score (2, 33, 92.89658044894834)
score (2, 33, 92.89658044894834)
destroy False (1, 34, 81.02412391548529) (2, 33, 92.89658044894834)
score (1, 34, 81.02412391548529)
133 index 4 pvalue 0.44632979981019394
score (1, 34, 81.02412391548529)
optimisation finished successfully after 249 iterations, 372 evaluations
score (2, 33, 96.28414111203267)
optimisation finished successfully after 432 iterations, 615 evaluations
optimisation finished successfully after 97 iterations, 160 evaluations
optimisation finished successfully after 68 iterations, 118 evaluations
optimisation failed with message Maximum number of function evaluations has been exceeded. after 1424 iterations, 2000 evaluations
optimisation finished successfully after 180 iterations, 278 evaluations
optimisation finished successfully after 78 iterations, 140 evaluations
score (2, 33, 92.07217296108243)
destroy False (1, 34, 81.02412391548529) (2, 33, 92.07217296108243)
score (1, 34, 81.02412391548529)
134 index 21 pvalue 0.26079513732019294
score (1, 34, 81.02412391548529)
optimisation finished successfully after 92 iterations, 141 evaluations
score (2, 33, 90.55023385842772)
optimisation finished successfully after 223 iterations, 322 evaluations
optimisation finished successfully after 24 iterations, 51 evaluations
optimisation finished successfully after 37 iterations, 74 evaluations
optimisation finished successfully after 101 iterations, 155 evaluations
optimisation finished successfully after 25 iterations, 54 evaluations
optimisation finished successfully after 48 iterations, 86 evaluations
score (2, 33, 88.586561292525)
destroy False (1, 34, 81.02412391548529) (2, 33, 88.586561292525)
score (1, 34, 81.02412391548529)
135 index 9 pvalue 0.268718873092173
score (1, 34, 81.02412391548529)
optimisation finished successfully after 47 iterations, 78 evaluations
score (3, 33, 81.49620428134632)
optimisation finished successfully after 20 iterations, 46 evaluations
optimisation finished successfully after 19 iterations, 44 evaluations
score (3, 33, 81.49620428134632)
destroy False (1, 34, 81.02412391548529) (3, 33, 81.49620428134632)
score (1, 34, 81.02412391548529)
136 index 23 pvalue 0.07749629605521698
score (1, 34, 81.02412391548529)
optimisation finished successfully after 195 iterations, 285 evaluations
score (3, 33, 97.25266781581304)
optimisation finished successfully after 23 iterations, 50 evaluations
optimisation finished successfully after 46 iterations, 86 evaluations
optimisation finished successfully after 39 iterations, 73 evaluations
optimisation finished successfully after 154 iterations, 230 evaluations
score (3, 33, 93.70576932216946)
destroy False (1, 34, 81.02412391548529) (3, 33, 93.70576932216946)
score (1, 34, 81.02412391548529)
137 index 29 pvalue 0.13915621019216418
score (1, 34, 81.02412391548529)
optimisation finished successfully after 119 iterations, 180 evaluations
score (3, 33, 89.81761327501444)
optimisation finished successfully after 51 iterations, 93 evaluations
optimisation finished successfully after 54 iterations, 94 evaluations
optimisation finished successfully after 112 iterations, 182 evaluations
score (3, 33, 89.64955012900347)
destroy False (1, 34, 81.02412391548529) (3, 33, 89.64955012900347)
score (1, 34, 81.02412391548529)
138 index 8 pvalue 0.020507277061438733
optimisation finished successfully after 19 iterations, 44 evaluations
optimisation finished successfully after 36 iterations, 66 evaluations
score (1, 34, 81.02412391548529)
139 index 0 pvalue 0.059316201377367817
score (1, 34, 81.02412391548529)
140 index 28 pvalue 0.014234645285151058
optimisation finished successfully after 22 iterations, 49 evaluations
optimisation finished successfully after 34 iterations, 66 evaluations
optimisation finished successfully after 97 iterations, 151 evaluations
optimisation finished successfully after 31 iterations, 65 evaluations
optimisation finished successfully after 55 iterations, 95 evaluations
score (1, 34, 81.02412391548529)
141 index 22 pvalue 0.37011849455585805
score (1, 34, 81.02412391548529)
optimisation finished successfully after 81 iterations, 129 evaluations
score (3, 33, 98.7687326694037)
optimisation finished successfully after 221 iterations, 315 evaluations
optimisation finished successfully after 25 iterations, 52 evaluations
optimisation finished successfully after 90 iterations, 142 evaluations
optimisation finished successfully after 23 iterations, 52 evaluations
score (3, 33, 92.95927824133838)
destroy False (1, 34, 81.02412391548529) (3, 33, 92.95927824133838)
score (1, 34, 81.02412391548529)
142 index 4 pvalue 0.44632979981019394
optimisation finished successfully after 68 iterations, 115 evaluations
optimisation finished successfully after 122 iterations, 198 evaluations
optimisation finished successfully after 139 iterations, 212 evaluations
score (1, 34, 81.02412391548529)
143 index 5 pvalue 3.1110139288026417e-06
score (1, 34, 81.02412391548529)
optimisation finished successfully after 48 iterations, 87 evaluations
optimisation finished successfully after 168 iterations, 249 evaluations
optimisation finished successfully after 85 iterations, 144 evaluations
optimisation finished successfully after 80 iterations, 140 evaluations
optimisation finished successfully after 58 iterations, 102 evaluations
optimisation finished successfully after 68 iterations, 114 evaluations
optimisation finished successfully after 109 iterations, 174 evaluations
score (2, 35, 82.96083691786755)
create False (1, 34, 81.02412391548529) (2, 35, 82.96083691786755)
score (1, 34, 81.02412391548529)
144 index 11 pvalue 0.026324211280014276
score (1, 34, 81.02412391548529)
optimisation finished successfully after 51 iterations, 89 evaluations
score (3, 33, 80.15412106866165)
optimisation finished successfully after 39 iterations, 70 evaluations
optimisation finished successfully after 253 iterations, 365 evaluations
optimisation finished successfully after 24 iterations, 50 evaluations
optimisation finished successfully after 25 iterations, 51 evaluations
optimisation finished successfully after 32 iterations, 61 evaluations
optimisation finished successfully after 21 iterations, 46 evaluations
optimisation finished successfully after 19 iterations, 41 evaluations
optimisation finished successfully after 28 iterations, 56 evaluations
score (2, 33, 77.14446458387619)
destroy False (1, 34, 81.02412391548529) (2, 33, 77.14446458387619)
score (1, 34, 81.02412391548529)
145 index 31 pvalue 0.2131358357560731
optimisation finished successfully after 35 iterations, 67 evaluations
optimisation finished successfully after 28 iterations, 61 evaluations
score (1, 34, 81.02412391548529)
146 index 1 pvalue 0.033510033767415126
optimisation finished successfully after 6 iterations, 17 evaluations
optimisation finished successfully after 10 iterations, 24 evaluations
score (1, 34, 81.02412391548529)
147 index 23 pvalue 0.07749629605521698
score (1, 34, 81.02412391548529)
optimisation finished successfully after 195 iterations, 285 evaluations
score (3, 33, 97.25266781581306)
optimisation finished successfully after 23 iterations, 50 evaluations
optimisation finished successfully after 46 iterations, 86 evaluations
optimisation finished successfully after 39 iterations, 73 evaluations
optimisation finished successfully after 154 iterations, 230 evaluations
score (3, 33, 93.70576932216947)
destroy False (1, 34, 81.02412391548529) (3, 33, 93.70576932216947)
score (1, 34, 81.02412391548529)
148 index 26 pvalue 0.39292147736363775
optimisation finished successfully after 25 iterations, 56 evaluations
optimisation finished successfully after 25 iterations, 51 evaluations
optimisation finished successfully after 20 iterations, 46 evaluations
score (1, 34, 81.02412391548529)
149 index 9 pvalue 0.268718873092173
optimisation finished successfully after 26 iterations, 54 evaluations
optimisation finished successfully after 20 iterations, 42 evaluations
score (1, 34, 81.02412391548529)
150 index 27 pvalue 0.11612234903906249
optimisation finished successfully after 23 iterations, 52 evaluations
optimisation finished successfully after 56 iterations, 94 evaluations
score (1, 34, 81.02412391548529)
151 index 21 pvalue 0.26079513732019294
score (1, 34, 81.02412391548529)
optimisation finished successfully after 92 iterations, 141 evaluations
score (2, 33, 90.55023385842775)
optimisation finished successfully after 223 iterations, 322 evaluations
optimisation finished successfully after 24 iterations, 51 evaluations
optimisation finished successfully after 37 iterations, 74 evaluations
optimisation finished successfully after 101 iterations, 155 evaluations
optimisation finished successfully after 25 iterations, 54 evaluations
optimisation finished successfully after 48 iterations, 86 evaluations
score (2, 33, 88.58656129252503)
destroy False (1, 34, 81.02412391548529) (2, 33, 88.58656129252503)
score (1, 34, 81.02412391548529)
152 index 21 pvalue 0.26079513732019294
optimisation finished successfully after 83 iterations, 133 evaluations
optimisation finished successfully after 180 iterations, 264 evaluations
score (1, 34, 81.02412391548529)
153 index 22 pvalue 0.37011849455585805
optimisation finished successfully after 33 iterations, 65 evaluations
optimisation finished successfully after 71 iterations, 114 evaluations
optimisation finished successfully after 30 iterations, 63 evaluations
optimisation finished successfully after 33 iterations, 65 evaluations
optimisation finished successfully after 45 iterations, 84 evaluations
score (1, 34, 81.02412391548529)
154 index 6 pvalue 0.17988209711293324
optimisation finished successfully after 27 iterations, 56 evaluations
optimisation finished successfully after 206 iterations, 298 evaluations
optimisation finished successfully after 18 iterations, 43 evaluations
optimisation finished successfully after 25 iterations, 55 evaluations
optimisation finished successfully after 12 iterations, 33 evaluations
score (1, 34, 81.02412391548529)
155 index 14 pvalue 0.07587052365789937
score (1, 34, 81.02412391548529)
optimisation finished successfully after 101 iterations, 155 evaluations
score (2, 33, 82.25174217116117)
optimisation finished successfully after 576 iterations, 814 evaluations
optimisation finished successfully after 476 iterations, 676 evaluations
score (2, 33, 82.25174217116117)
destroy False (1, 34, 81.02412391548529) (2, 33, 82.25174217116117)
score (1, 34, 81.02412391548529)
156 index 21 pvalue 0.26079513732019294
optimisation finished successfully after 83 iterations, 133 evaluations
optimisation finished successfully after 180 iterations, 264 evaluations
score (1, 34, 81.02412391548529)
157 index 30 pvalue 0.44344266150200345
score (1, 34, 81.02412391548529)
optimisation finished successfully after 277 iterations, 410 evaluations
score (2, 33, 83.58993345881342)
optimisation finished successfully after 56 iterations, 99 evaluations
optimisation finished successfully after 42 iterations, 81 evaluations
optimisation finished successfully after 44 iterations, 86 evaluations
score (2, 33, 82.53215751750272)
destroy False (1, 34, 81.02412391548529) (2, 33, 82.53215751750272)
score (1, 34, 81.02412391548529)
158 index 7 pvalue 0.15728004158735942
optimisation finished successfully after 26 iterations, 54 evaluations
optimisation finished successfully after 24 iterations, 51 evaluations
optimisation finished successfully after 30 iterations, 59 evaluations
optimisation finished successfully after 28 iterations, 60 evaluations
score (1, 34, 81.02412391548529)
159 index 23 pvalue 0.07749629605521698
optimisation finished successfully after 51 iterations, 89 evaluations
optimisation finished successfully after 33 iterations, 64 evaluations
optimisation finished successfully after 44 iterations, 78 evaluations
score (1, 34, 81.02412391548529)
160 index 10 pvalue 0.16478893763387814
score (1, 34, 81.02412391548529)
optimisation finished successfully after 51 iterations, 87 evaluations
score (3, 33, 83.48610404338805)
optimisation finished successfully after 38 iterations, 69 evaluations
optimisation finished successfully after 27 iterations, 56 evaluations
optimisation finished successfully after 139 iterations, 211 evaluations
optimisation finished successfully after 26 iterations, 52 evaluations
score (3, 33, 83.3619906412598)
destroy False (1, 34, 81.02412391548529) (3, 33, 83.3619906412598)
score (1, 34, 81.02412391548529)
161 index 28 pvalue 0.014234645285151058
score (1, 34, 81.02412391548529)
optimisation finished successfully after 181 iterations, 264 evaluations
score (3, 33, 92.57367930836854)
optimisation finished successfully after 49 iterations, 82 evaluations
optimisation finished successfully after 24 iterations, 52 evaluations
optimisation finished successfully after 25 iterations, 53 evaluations
optimisation finished successfully after 43 iterations, 82 evaluations
optimisation finished successfully after 51 iterations, 95 evaluations
score (3, 33, 91.52058889068103)
destroy False (1, 34, 81.02412391548529) (3, 33, 91.52058889068103)
score (1, 34, 81.02412391548529)
162 index 30 pvalue 0.44344266150200345
optimisation finished successfully after 140 iterations, 221 evaluations
optimisation finished successfully after 25 iterations, 53 evaluations
optimisation finished successfully after 33 iterations, 62 evaluations
score (1, 34, 81.02412391548529)
163 index 5 pvalue 3.1110139288026417e-06
score (1, 34, 81.02412391548529)
optimisation finished successfully after 48 iterations, 87 evaluations
optimisation finished successfully after 168 iterations, 249 evaluations
optimisation finished successfully after 85 iterations, 144 evaluations
optimisation finished successfully after 80 iterations, 140 evaluations
optimisation finished successfully after 58 iterations, 102 evaluations
optimisation finished successfully after 68 iterations, 114 evaluations
optimisation finished successfully after 109 iterations, 174 evaluations
score (2, 35, 82.9608369178676)
create False (1, 34, 81.02412391548529) (2, 35, 82.9608369178676)
score (1, 34, 81.02412391548529)
164 index 11 pvalue 0.026324211280014276
optimisation finished successfully after 61 iterations, 103 evaluations
optimisation finished successfully after 59 iterations, 108 evaluations
optimisation finished successfully after 75 iterations, 124 evaluations
score (1, 34, 81.02412391548529)
165 index 21 pvalue 0.26079513732019294
optimisation finished successfully after 83 iterations, 133 evaluations
optimisation finished successfully after 180 iterations, 264 evaluations
score (1, 34, 81.02412391548529)
166 index 18 pvalue 0.3579436678173204
score (1, 34, 81.02412391548529)
optimisation finished successfully after 339 iterations, 507 evaluations
score (3, 33, 90.01878417763422)
