0.984127967209594 1298.1031444701891
0.985912515713055 1306.8361332875072
1.4137025392755125 1298.2283054686382
0.9911303725927609 1298.1047207749407
1.94179345506159 1320.0348245642333
1.1081819285096957 1298.1023565344908
4.715825391165684 1298.1478819434908
1.135646594954902 1298.2363717877913
3.0948630056414768 1344.9688251279947
8.178771334220485 1298.145849968012
2.74537727829533 1298.2137159323613
2.794199614992128 1308.8902925857608
1.1798272877907887 1302.219740118368
3.684298506054299 1298.1374934699309
3.6004737795608985 1300.8712117957268
1.7105943977847018 1298.160331050737
6.304344890055961 1298.2758553105439
4.22054581964374 1298.1322634061173
6.137536190849178 1298.294284960231
2.894681344715103 1298.1322496750035
5.629647462763925 1298.2036639057635
2.849654023529065 1299.0435103063653
1.0004044419830265 1298.284532528821
1.077756437474299 1298.1023069861005
1.096419094666331 1298.7187684993244
1.3998378350158736 1298.1383476665037
1.223838873322114 1298.111279019442
1.754934535515788 1298.148389078477
1.7581148424645858 1298.1072980670672
3.1302372628298816 1298.1142606959945
2.132399456524007 1298.1212304938774
1.474789278807966 1298.1274586511972
2.4806082548681103 1298.1425153956127
1.4196284341270928 1298.1201282379411
1.4629220686460642 1298.1134430389252
2.0510577689604133 1298.3910675153256
1.0992271146508366 1298.2563611314374
1.498407570588413 1298.1172988851524
1.2589515947474454 1298.1116615295957
1.538590476481457 1298.1086582657483
1.180320151098519 1298.1122056154682
1.906990017040691 1298.1259987226663
1.1872330030263314 1298.114889094677
2.9098176613916724 1298.5641833941384
1.4117347197831167 1298.1400962450289
1.0495327620292265 1298.102640225444
0.9904731358234911 1298.1050904941746
1.01176253551374 1298.1092798816655
0.9965850825883729 1298.1056958323336
1.0402962629338257 1298.1304408183182
1.0300625912773087 1298.1085489536981
1.0660212838844916 1298.1097769880014
1.2883980258884005 1298.1234705706158
1.4030698023415389 1298.194787127953
1.1801083583081224 1298.1191075527888
1.1056747804148406 1298.1179506244991
1.0142853855292489 1298.1128249204546
1.0265585963302435 1298.1080555991268
0.9759672745207679 1298.105366458333
1.0163818677237517 1298.1051290227847
0.9847058961914177 1298.105412839813
1.0090337175616957 1298.106201006132
1.05336453183431 1298.1071269380943
0.9797830479336644 1298.1070801914332
0.9942241513626497 1298.1084007065417
1.040257322654768 1298.1041896740342
0.9741745854468944 1298.107599349789
1.020153861111681 1298.1086700464787
0.9594927739048951 1298.107233740913
1.0219969193053011 1298.1124776171011
0.9616791360697055 1298.1064724880023
1.0888579811772063 1298.1070206871045
0.9627612917501831 1298.105528460893
0.948738849543951 1298.1047367269866
0.9836239856664895 1298.9223579091383
0.9866549835541838 1298.1041688815565
0.9637006123735561 1298.1059913735223
0.9611089856408876 1298.105553547136
0.9948321549994203 1298.107480453141
0.9595668447540655 1298.1055004568575
0.9552979690556525 1298.1045969089676
0.9576529707108952 1298.1052984442242
0.9479817249040277 1298.1049027357733
0.9622132658467273 1298.1062264587285
0.955091854988765 1298.1051790691004
0.9610070260926853 1298.1032105841348
0.9859712773171556 1298.107134852445
0.9487692416857978 1298.105232571827
0.937998278245497 1298.1031463546376
0.9851698592751079 1298.1154182665914
0.9615302831801082 1298.1053636236816
0.9488253542603837 1298.1056850683817
0.9551113103321787 1298.106824016548
0.9527818238749199 1298.1014321064156
0.9494100394210736 1298.1022850871025
0.9451042950825685 1298.1024851820414
0.9358235372652794 1298.1033215807456
0.9412075028354847 1298.1070318185252
0.9342166735778161 1298.1030924313081
0.9357454496034139 1298.1023981706555
0.9652511919622186 1298.1470167504517
0.93581206575579 1298.1021552071372
0.9426934925932804 1298.1071125504493
0.9479059483959478 1298.1034514175196
0.9422145662964676 1298.1017575158028
0.9502438158561026 1298.1148724349337
0.9356296135688038 1298.102293225172
0.9410531029054414 1298.1060075808527
0.9400003240211738 1298.1023842881727
0.9351534190719981 1298.1065277198788
0.9599674576991841 1298.1048143754972
0.9348379201681021 1298.1056062829757
0.9465929726629418 1298.1058332935008
0.9354716910994458 1298.1060951325683
0.9379089700971432 1298.1073055863692
0.9319940034320127 1298.102386341911
0.9438420123941198 1298.1026015931147
0.9317423186708886 1298.1032749938183
0.9347519824537827 1298.103730997676
0.9428834872602629 1298.10232484717
0.9312938253705714 1298.102815711515
0.9347916537876979 1298.1038196825143
0.9358862746325396 1298.1020139408304
0.9355300184339943 1298.1030471788233
0.9330444535430753 1298.1025117394342
0.9363698840410197 1298.1015948201727
0.931922238245187 1298.1059107875346
0.9343280448467903 1298.1037792674272
0.9330818868454394 1298.101964387889
0.9315640071444296 1298.1031481580492
0.9322538316354174 1298.1074435001829
0.9308432630690573 1298.1022320785864
0.9353835145878102 1298.1023965278523
0.9323199858276643 1298.1024074869426
0.9355384662717461 1298.1022179415995
0.9318387969811555 1298.1025373563218
0.9306970455297157 1298.1041886613864
0.9314254316506592 1298.1039679418711
0.9314332702199959 1298.1021951212006
0.9316004877143407 1298.1023440909105
0.9321040195011907 1298.102546825279
0.9306761221050321 1298.1024658443423
0.9349888697674409 1298.1023759968666
0.9307779914483696 1298.102494157373
0.9303181770783631 1298.1038306906064
0.9309640918702822 1298.1025590032925
0.9316855505597199 1298.1023270224994
0.9312673821830069 1298.1025068057008
0.9311932309545659 1298.1019531052823
0.9327259912263268 1298.1023075256016
0.9304572325946132 1298.1023242982887
0.9321950450676881 1298.1025406219894
0.9306303076376705 1298.1023323420925
0.9304872430643476 1298.1020833443602
0.9306014390947244 1298.1033561447541
0.9299327198914202 1298.102372262852
0.9313340366262293 1298.1036474410228
0.9321074034877956 1298.1021215469884
0.9303033060005492 1298.102350381248
0.9316119163256407 1298.1020911919763
0.930376685318925 1298.1023548047972
0.9304527274383776 1298.1026966879883
0.9304331162580144 1298.1021302917518
0.9304241827010176 1298.1020812433228
0.931111796084813 1298.1037348940372
0.9302981540569619 1298.1022426321042
0.9299817649976629 1298.1021520927782
0.9306133239626813 1298.1020644430996
0.9302146995792362 1298.1021138715478
0.9302034089387925 1298.1020325058894
0.9308188514490086 1298.1019593967155
0.9300260457327509 1298.1022496242606
0.9298609519387848 1298.1022460811976
0.930498150524109 1298.1023258489
0.9295806981114201 1298.1022443651634
0.929423604778439 1298.1031117142475
0.9297007304002536 1298.1033644169645
0.9300178988671357 1298.1022146297762
0.9300777051794131 1298.1023281257937
0.9298175890218696 1298.102265609152
0.9302338891555231 1298.1023258557616
0.9298570625139884 1298.102168100659
0.9310161977061782 1298.1020306180267
0.9297849286654578 1298.1022838955485
0.9297714854889711 1298.1021488427339
0.9296916575467602 1298.1024022770764
0.9295672653576219 1298.102261923725
0.9294513667388384 1298.1023600161714
0.9294716392299378 1298.1024740228286
0.9296069291538174 1298.1029716471016
0.9296821445166537 1298.1022565120488
0.9298735358889847 1298.102095279152
0.9294869339708274 1298.1021877676067
0.9295439858446752 1298.1021474602069
0.9297504938086423 1298.102146640898
0.9295942432018443 1298.102253996897
0.9295526014269277 1298.1023712039444
0.9294003223283009 1298.1022346970017
0.9293288483564695 1298.1031095191388
0.9298448535807384 1298.102089551321
0.9294246408229256 1298.1022985371912
0.9292298075096308 1298.1023518490574
0.9291820447797532 1298.1024604398854
0.9294468588497125 1298.1024032349164
0.9294166040111875 1298.1023380608494
0.9294941980319631 1298.1023151406844
0.929260578513549 1298.1023211036877
0.929174310252 1298.1023580699834
0.9292974452135228 1298.102418823353
0.9294306263314966 1298.1026880380593
0.9293295901271914 1298.1023298891585
0.9295292015785626 1298.1022895727763
0.9293482743798287 1298.1023085434936
0.929292465622725 1298.102258454263
0.9291469364970044 1298.1022874678424
0.9290903564565272 1298.1029060831358
0.9291368100860231 1298.1024296014562
0.9291497782367726 1298.102306631933
0.9290984966795766 1298.1023276528424
0.9293710473956052 1298.1023375888624
0.9290203136598263 1298.1024306842125
0.9290520060551295 1298.102365640967
0.9291979654765914 1298.1023881915348
0.9290088386922271 1298.1023381115685
0.9291978013577442 1298.1023312062541
0.9291374324369297 1298.1022386595773
0.9289098717455466 1298.1024065878348
0.9290312097288291 1298.1024846307666
0.9290123107073598 1298.1028625921265
0.929047613013614 1298.1023476262133
0.9290024935669392 1298.102379050243
0.9291572549170533 1298.1022446264155
0.9291110973788912 1298.102374588115
0.9290496342552661 1298.1023090050076
0.9289464868264883 1298.1023286255815
0.928970174362558 1298.102329205138
