30.57998074 31.71592741 30.62094933 31.84809272 31.31125539 31.78853396 31.67995244 31.66016786
32.10897978 31.71592741 30.62094933 31.84809272 31.31125539 31.78853396 31.67995244 31.66016786
30.57998074 33.30172378 30.62094933 31.84809272 31.31125539 31.78853396 31.67995244 31.66016786
30.57998074 31.71592741 32.15199680 31.84809272 31.31125539 31.78853396 31.67995244 31.66016786
30.57998074 31.71592741 30.62094933 33.44049735 31.31125539 31.78853396 31.67995244 31.66016786
30.57998074 31.71592741 30.62094933 31.84809272 32.87681816 31.78853396 31.67995244 31.66016786
30.57998074 31.71592741 30.62094933 31.84809272 31.31125539 33.37796066 31.67995244 31.66016786
30.57998074 31.71592741 30.62094933 31.84809272 31.31125539 31.78853396 33.26395006 31.66016786
30.57998074 31.71592741 30.62094933 31.84809272 31.31125539 31.78853396 31.67995244 33.24317626
30.96223050 32.11237650 31.00371120 32.24619388 31.70264609 32.18589064 32.07595184 30.42970377
31.05779294 32.21148878 31.09940167 30.42970377 31.80049376 32.28522980 32.17495170 31.35255184
29.26599719 32.33537912 31.21901475 31.59302077 31.92280335 32.40940376 32.29870151 31.27564783
31.39823413 31.87079034 30.77046569 31.78432473 31.46414238 31.94375141 31.83463971 31.56403786
30.52174738 31.87853348 30.77794151 31.07945232 31.47178673 31.95151228 31.84237407 32.78969545
29.86662206 32.12205544 31.01305597 31.36510337 31.71220152 32.19559173 32.08561980 31.96177576
31.01533111 31.93360661 30.83111326 31.67951939 31.52615717 32.00671149 31.89738473 31.66347233
30.79371304 32.33133816 31.21511331 31.25919205 31.91881396 30.42970377 32.29466514 31.86647187
30.63341381 31.86978010 30.76949033 31.70086755 31.46314503 32.63811304 31.83363061 31.71174387
30.74027997 32.17748548 31.06657232 31.40641722 31.76692432 31.15841780 32.14098696 31.81489587
30.66013035 31.94670644 30.84376082 31.62725497 31.53908985 32.26818923 31.91046970 31.73753187
30.88654215 32.18577533 31.07457597 32.16478310 31.77510840 31.92418780 32.14926742 30.47390339
30.61294607 31.95534395 30.85210012 31.35078502 31.54761715 31.94468116 31.91909741 32.21074744
30.57998074 31.71592741 31.38647307 31.84809272 31.31125539 31.78853396 31.67995244 31.66016786
30.57998074 31.71592741 30.62094933 31.84809272 32.09403678 31.78853396 31.67995244 31.66016786
30.57998074 31.71592741 30.62094933 31.84809272 31.31125539 31.78853396 32.47195125 31.66016786
30.57998074 32.50882560 30.62094933 31.84809272 31.31125539 31.78853396 31.67995244 31.66016786
30.79765593 31.82476701 30.72603130 31.76380605 31.41870628 31.89762273 31.78866858 31.66182010
30.81888684 31.96370809 30.86017550 31.13889824 31.55587458 32.03688188 31.92745207 31.50635985
30.62005555 31.83131693 30.73235508 31.73767384 31.42517262 32.02836160 31.79521107 31.69884987
30.55086406 31.79723045 30.69944542 31.46377252 31.39152106 31.87002312 31.76116325 32.22493166
30.73326144 31.95085137 30.84776265 32.00643791 31.54318190 31.85636088 31.91460993 31.06703562
30.68766210 31.91244614 30.81068334 31.87077156 31.50526669 31.85977644 31.87624826 31.35650963
30.43243248 31.77155824 30.67465953 32.51428052 31.36617641 31.64522576 31.73552016 31.74814488
30.72227325 31.91567063 30.81379651 31.48274381 31.50845003 31.93896785 31.87946909 31.56680611
30.65681820 31.92503783 30.82284031 31.85177241 31.51769772 31.63139761 31.88882567 31.52264392
30.71610237 32.09270495 30.98471880 31.74227346 31.68322553 31.83194116 31.06630409 31.52694494
30.61401115 31.81012180 30.71189170 31.82163790 31.40424793 31.79938576 32.12053946 31.62686213
30.59000827 31.87060513 30.77028688 31.70731120 31.46395954 31.74560101 31.72307988 31.89819130
30.66324864 31.90198589 30.80058423 31.82990647 31.49493990 31.83123258 31.83795616 31.49193005
30.62245978 31.85225046 30.75256589 31.72084387 31.44583906 32.02393858 31.69778510 31.72437854
30.64822859 31.90684099 30.80527170 31.81904028 31.49973305 31.72953285 31.84106552 31.57307758
30.53849357 31.85941025 30.75947849 32.17394658 31.45290750 31.66400959 31.69754078 31.68178422
30.67632833 31.90160553 30.80021700 31.65554450 31.49456440 31.87022829 31.83398701 31.59555064
30.70487297 31.11445027 30.99714258 31.76046062 31.69592939 31.83486706 31.93556608 31.57226816
30.61120380 32.16023176 30.71499765 31.82618469 31.40742389 31.80011724 31.74385585 31.63819294
30.57998074 31.71592741 30.62094933 31.84809272 31.70264609 31.78853396 31.67995244 31.66016786
30.57998074 31.71592741 31.00371120 31.84809272 31.31125539 31.78853396 31.67995244 31.66016786
30.61410467 31.81138420 30.71311052 31.83356650 31.40549422 31.75903341 31.76050898 31.61662272
30.62815453 31.80876647 30.71058317 31.75181861 31.40290990 31.82938112 31.75696973 31.62785925
30.68881833 31.77034721 30.67349032 31.80594939 31.36498084 31.84307834 31.73431051 31.66099398
30.59699594 31.76302460 30.66642052 31.83486531 31.35775166 31.79395986 31.90024595 31.64351500
30.62161469 31.80895665 30.71076678 31.83899960 31.40309765 31.80988327 31.75895430 31.57604896
30.57998074 32.11237650 30.62094933 31.84809272 31.31125539 31.78853396 31.67995244 31.66016786
30.64242686 31.41518884 30.80904596 31.80427667 31.50359239 31.81170051 31.80775926 31.61621801
30.59559227 31.93807959 30.66797349 31.83713871 31.35933964 31.79432560 31.71190414 31.64918040
30.62681533 31.58948575 30.76202180 31.81523068 31.45550814 31.80590887 31.77580755 31.62720547
30.61900956 31.67663421 30.73850972 31.82070769 31.43146602 31.80301305 31.75983170 31.63269921
30.60014162 31.68552808 30.72616425 31.80879682 31.41884223 31.78863365 31.72897675 31.71449948
30.51076880 31.70293274 30.77660920 31.84255888 31.47042439 31.74182740 31.75228709 31.64293083
30.42174404 31.66922550 30.82816864 31.86086363 31.52314616 31.69120193 31.76127538 31.63389925
30.60230341 31.75410387 30.86806514 31.79903209 31.07470371 31.78469514 31.82472883 31.63944769
30.58661508 31.70477650 30.87300512 31.80330120 31.34883615 31.77695306 31.58555604 31.65508373
30.58008776 31.78708512 30.84997160 31.82799578 31.27024407 31.77935913 31.72097007 31.56924531
30.59512816 31.71091734 30.75711609 31.81359656 31.38169269 31.78631502 31.72697508 31.67818594
30.55524947 31.80454977 30.84227772 31.81430713 31.24517695 31.76080521 31.68190096 31.66241726
30.54544057 31.66809118 30.89996872 31.79663348 31.23106942 31.80522781 31.66157167 31.68994239
30.59693864 31.77556094 30.75982507 31.82433324 31.36188802 31.77058201 31.73577465 31.63495264
30.57551105 31.79239499 30.71177911 31.83215679 31.29099046 31.78571539 31.87407926 31.64644861
30.58383907 31.72668112 30.83269862 31.81051510 31.33437473 31.77914365 31.65768685 31.65292495
30.61402405 31.67315456 30.74011174 31.82020285 31.41694911 31.80644785 31.77168082 31.63674199
30.56994312 31.77170097 30.81673622 31.81578106 31.28811999 31.77221587 31.70434592 31.65599845
30.52656614 31.65967148 30.89834455 31.89868198 31.23051868 31.72358063 31.68345610 31.67833480
30.60275743 31.77149272 30.75752351 31.78853445 31.35981209 31.80293100 31.73859132 31.64047814
30.58043410 31.76640187 30.54366959 31.78751831 31.33431236 31.76802705 31.77513311 31.64110376
30.58066079 31.79163910 30.31364879 31.75723110 31.34584084 31.75777360 31.82272344 31.63157171
30.55264410 31.73129991 30.59821677 31.83370049 31.63576620 31.76769885 31.61795778 31.66223795
30.58988859 31.74840288 30.80060305 31.80769919 31.21496934 31.78044607 31.77303607 31.64514525
30.57744374 31.77759524 30.89024600 31.77454148 31.37514301 31.76183806 31.78600508 31.63776212
30.55787522 31.79927478 30.78736173 31.79927387 31.30306829 31.75793776 31.75373995 31.60963810
30.58581492 31.73300670 30.76467750 31.81001589 31.36203659 31.77922070 31.73366629 31.66104898
30.55328380 31.72399262 30.78586585 31.78495785 31.32291010 31.77583044 31.74441328 31.65939548
30.65008239 31.80188579 30.77139589 31.75233195 31.17749516 31.81308581 31.72593238 31.65553345
30.58601106 31.76978638 30.74010025 31.77334983 31.42358167 31.78262708 31.69340749 31.65591608
30.58407230 31.78047812 30.70984885 31.75617515 31.52788784 31.78371758 31.65359320 31.66130149
30.56895562 31.74626995 30.77882397 31.78871841 31.29468131 31.75506616 31.71655628 31.66444268
30.60152306 31.73970395 30.71013320 31.75470614 31.36801375 31.78149386 31.75385427 31.65103343
30.59204810 31.78797950 30.66352945 31.74601987 31.33016876 31.77515364 31.82455520 31.65363405
30.58589133 31.74200572 30.79040632 31.79439129 31.33332324 31.77814615 31.69940393 31.65310222
30.60055533 31.72816800 30.58102214 31.78695593 31.27894554 31.79653626 31.67458668 31.67263189
30.61211113 31.70345439 30.42641021 31.79316316 31.23084680 31.81388536 31.61887748 31.69006678
30.59586925 31.77154686 30.66067681 31.74571654 31.27127919 31.78348250 31.71215556 31.65224077
30.58832850 31.74264174 30.73867732 31.79394105 31.33934724 31.78028615 31.72828861 31.65884693
30.57686247 31.76558407 30.72235714 31.81083501 31.25813541 31.78090741 31.68557617 31.66420969
30.50999817 31.69432679 30.64883476 31.82783497 31.46881405 31.74127087 31.70340900 31.66187873
30.56650200 31.71281420 30.67949291 31.77358190 31.44084347 31.76354013 31.74822342 31.65261975
30.57379546 31.72376438 30.59819332 31.79191437 31.44083811 31.79149986 31.72516010 31.64943103
30.59459519 31.74598465 30.54423330 31.79741406 31.44209132 31.77465294 31.69248981 31.65198711
30.61525088 31.75698067 30.42341703 31.80364217 31.50168193 31.77406420 31.66652807 31.64828293
30.56111716 31.72817126 30.54281083 31.78929912 31.45134020 31.76878893 31.69966477 31.65082072
30.54751148 31.72093601 30.44487758 31.78697815 31.50733668 31.76304032 31.68535286 31.64680762
30.65222724 31.78494732 30.60614741 31.74577123 31.31750492 31.81468373 31.72360832 31.64502441
30.54555543 31.71698193 30.63816292 31.80731904 31.43098677 31.75962408 31.70845883 31.65766515
30.56625011 31.73101245 30.42651499 31.78244685 31.47741162 31.77317794 31.72987712 31.65494165
30.56816133 31.69776894 30.64396307 31.78805197 31.51219731 31.78458475 31.64283395 31.67039959
30.55812194 31.67638008 30.42349812 31.80589598 31.44508191 31.77047415 31.71191618 31.65920815
30.57553598 31.72424373 30.42010676 31.81374243 31.42887973 31.79129460 31.64802344 31.66415158
30.56876050 31.71567158 30.61464637 31.78362203 31.43785253 31.77047875 31.72317343 31.65550270
30.57402645 31.74376464 30.44830743 31.79816488 31.33893969 31.76672347 31.77349778 31.64264752
30.57788176 31.71370918 30.67120362 31.80769950 31.33910739 31.77651667 31.69735978 31.65503192
30.57135798 31.71844345 30.51777786 31.80217826 31.35024823 31.75444895 31.69512671 31.66194276
30.57045987 31.69211289 30.68503136 31.79693110 31.45497379 31.77615671 31.62719627 31.67355009
30.57313481 31.73085170 30.50748841 31.79785644 31.36794821 31.76908178 31.73692240 31.65037316
30.59011760 31.77311536 30.73083824 31.78719012 31.32954814 31.77205794 31.69502942 31.65478071
30.56612086 31.70056390 30.50033315 31.80121951 31.41619847 31.77087010 31.70769449 31.65810129
30.56741755 31.73249994 30.44041513 31.78376660 31.45479542 31.76460377 31.71216950 31.65972428
30.57526571 31.71840687 30.61350650 31.80171628 31.36802940 31.77353845 31.70106221 31.65620501
30.57491826 31.72775653 30.61777304 31.78917234 31.44809988 31.79144387 31.71588644 31.65137900
30.57224805 31.72077172 30.54277666 31.79892678 31.37471114 31.76369768 31.70031665 31.65930182
30.58168719 31.75068803 30.64582863 31.78955790 31.37177781 31.77322962 31.70147420 31.65552060
30.54253567 31.72871393 30.58134126 31.80447198 31.53223881 31.74173680 31.74130390 31.63671218
30.58605042 31.72830449 30.58110192 31.79133494 31.34226885 31.78283639 31.69126598 31.66365196
30.57318510 31.72539343 30.67327837 31.79194110 31.43681629 31.77262993 31.66755407 31.66229061
30.54637220 31.70511267 30.66879475 31.79101523 31.36135443 31.76655301 31.70575273 31.66325253
30.56107906 31.72063371 30.53862877 31.79625673 31.34776399 31.76705680 31.74023813 31.65318951
30.56410557 31.72182364 30.57229117 31.79517782 31.37002707 31.76845008 31.72206712 31.65546479
30.54818157 31.68812300 30.54769415 31.80004491 31.41236479 31.76526222 31.71146623 31.65994557
30.58496986 31.71461438 30.53274266 31.78046524 31.34850033 31.78027730 31.70523344 31.65837112
30.59154079 31.75009614 30.61947357 31.78284446 31.35115620 31.77839292 31.70066785 31.65569710
30.55902138 31.70361629 30.56563900 31.79574479 31.39706264 31.76854490 31.70876663 31.65888345
30.56852709 31.71953374 30.54026950 31.80229802 31.31547098 31.77269294 31.68535896 31.66098515
30.59645410 31.73369793 30.45398981 31.79772552 31.38049822 31.77815365 31.69768121 31.65266847
30.55889268 31.71225898 30.61509351 31.79269280 31.36614038 31.76945317 31.70373485 31.66060652
30.55133715 31.72360737 30.61062961 31.81133240 31.39776233 31.76172334 31.69782585 31.65810873
30.55974533 31.72135912 30.59115787 31.80361561 31.38544683 31.76636183 31.69967775 31.65817433
30.57484690 31.70834745 30.61264821 31.80607765 31.27844913 31.77260493 31.70339776 31.66749754
30.56454959 31.72321531 30.56027017 31.79349375 31.40811743 31.76974293 31.70059802 31.65498992
30.57196949 31.71504299 30.58016261 31.79977792 31.36928485 31.77326699 31.67562814 31.66273475
30.58029071 31.73610701 30.59044568 31.80021923 31.33530483 31.77435270 31.68064400 31.66027891
30.56433871 31.71173897 30.57184067 31.79686340 31.38162319 31.76999685 31.70173598 31.65923232
30.56508670 31.71669340 30.62057403 31.79652140 31.35938434 31.78077471 31.68944883 31.65984317
30.56364457 31.72283473 30.59329093 31.79485613 31.36233550 31.77308233 31.71759250 31.65568734
30.57684354 31.71688750 30.58282894 31.78882857 31.34039569 31.78166761 31.69802158 31.65962602
30.57014089 31.71805132 30.64435717 31.78677880 31.41660271 31.77758017 31.71550603 31.65647542
30.56893054 31.71916314 30.56629142 31.79841822 31.34075392 31.77391475 31.69289572 31.65985771
30.57634490 31.71383244 30.58458586 31.79511121 31.36434280 31.77739889 31.67709830 31.66281582
30.56499356 31.71711669 30.55714013 31.78659980 31.35772725 31.77790788 31.68763761 31.66395085
30.57582067 31.71078359 30.60959395 31.79309884 31.30504167 31.78374463 31.68486169 31.66740617
30.56389430 31.71940425 30.59153029 31.79097828 31.33399102 31.77767511 31.71030226 31.66072786
30.54864976 31.70270715 30.59762131 31.79466538 31.35399551 31.77094729 31.70089365 31.65916069
30.55208677 31.71820893 30.56613613 31.79329313 31.40346115 31.76683971 31.71130593 31.65334512
30.56988720 31.71263993 30.59872949 31.79314741 31.32964654 31.77951840 31.69147275 31.66389091
30.56402087 31.71128575 30.54969491 31.78902707 31.34168403 31.76949556 31.70722477 31.66192005
30.56482024 31.71534149 30.60285425 31.79464782 31.35495926 31.77795492 31.69389281 31.66036239
30.56544476 31.70755921 30.58156964 31.79548757 31.37231941 31.77266511 31.68226897 31.66094399
30.56621998 31.70163668 30.57658932 31.79774221 31.39148360 31.77016011 31.66825233 31.66105205
30.56527686 31.71417955 30.60369150 31.78925849 31.32236130 31.78101043 31.68596851 31.66286745
30.56574593 31.71539984 30.61961692 31.78545603 31.29273036 31.78651723 31.67808478 31.66468502
30.56469283 31.70806755 30.63002988 31.80018677 31.33741575 31.77387504 31.69964961 31.65787807
30.56491838 31.71485440 30.57536257 31.78999654 31.35264937 31.77689967 31.69064061 31.66243266
30.55975281 31.70494391 30.62314639 31.78626293 31.35736295 31.77861440 31.69382771 31.66261494
30.56663611 31.71560833 30.58050516 31.79537939 31.34490617 31.77508966 31.69312872 31.66054702
30.58453018 31.72462520 30.58753745 31.79019427 31.34184902 31.78261746 31.68388855 31.66365855
30.55761986 31.70818666 30.59510035 31.79354760 31.35095889 31.77386483 31.69664237 31.66028515
30.55153048 31.70826963 30.60539768 31.79721084 31.35808965 31.76994644 31.68641582 31.66335800
30.56764079 31.71190082 30.57070915 31.79447611 31.33033227 31.78228419 31.67637279 31.66306537
30.56107971 31.71216944 30.60399742 31.79313863 31.35718835 31.77266093 31.69689433 31.66122123
30.56077809 31.70802530 30.58323421 31.79214380 31.34207066 31.77245895 31.68696521 31.66352421
30.55875702 31.70436720 30.57342418 31.79089180 31.33562636 31.76971096 31.68350141 31.66510512
30.55343386 31.70957320 30.58348514 31.79339331 31.37048941 31.76913060 31.68825839 31.65990402
30.55338439 31.70509602 30.60245447 31.79066480 31.36162558 31.77206958 31.68538483 31.66308716
30.55221862 31.70341035 30.61437003 31.79621472 31.35612644 31.76905205 31.68655900 31.66136515
30.56174344 31.71199339 30.58511444 31.79155109 31.35351864 31.77493776 31.68962021 31.66216578
30.55076692 31.71181409 30.60904916 31.78973957 31.33175621 31.77385477 31.69676844 31.66315927
30.54342800 31.71394154 30.62278891 31.78686557 31.31147461 31.77444960 31.70401818 31.66426691
30.55687858 31.71209350 30.59900566 31.79072753 31.34831606 31.77265254 31.68242656 31.66453663
30.55650793 31.71404691 30.60095831 31.78931749 31.34699465 31.77204639 31.67531865 31.66666236
30.55236845 31.70809173 30.58886064 31.79053372 31.33986853 31.77385434 31.67855766 31.66442940
30.55890189 31.71115001 30.60021323 31.79248740 31.35285840 31.77295928 31.69231016 31.66202327
30.56376052 31.71271163 30.58616427 31.78528066 31.33765942 31.77732204 31.69050976 31.66195895
30.56070301 31.71160113 30.59097262 31.78826320 31.34276698 31.77547814 31.68948627 31.66230871
30.56367443 31.71191504 30.60994868 31.78781566 31.31832905 31.77972476 31.68897416 31.66601410
30.55599401 31.71015866 30.59010103 31.79199890 31.35744932 31.77177914 31.68843733 31.66143154
30.54951073 31.70630348 30.58634470 31.79263558 31.37522916 31.76553710 31.69188124 31.66269169
30.56133532 31.71221053 30.59935480 31.79010276 31.33557827 31.77714210 31.68744669 31.66282351
30.55294211 31.70854392 30.60848185 31.78998091 31.33958673 31.77216086 31.68768617 31.66355780
30.56119059 31.71630327 30.59264867 31.79069622 31.32597007 31.77505187 31.69249688 31.66275408
30.55624527 31.71153759 30.59299877 31.78842582 31.32801518 31.77468531 31.68561823 31.66400066
30.55323586 31.71554037 30.61241893 31.78783992 31.33528904 31.77574223 31.69062644 31.66261884
30.54946474 31.71929791 30.62701130 31.78568798 31.33189824 31.77738388 31.69245705 31.66216615
30.56386427 31.71268315 30.58744642 31.78976924 31.34648670 31.77481828 31.67928770 31.66284867
30.55404126 31.71203136 30.60364847 31.78974699 31.33543883 31.77409565 31.69239826 31.66308162
30.55165326 31.70712600 30.60659687 31.78857529 31.35464003 31.77338212 31.68353461 31.66333575
30.54987840 31.71070935 30.61217898 31.79108632 31.34081139 31.77243185 31.68505730 31.66403788
30.54446610 31.71026346 30.62278215 31.79249788 31.33983359 31.77090870 31.68284281 31.66490246
30.54638186 31.70972466 30.60700284 31.78949265 31.34930838 31.76959032 31.68649953 31.66382666
30.54932014 31.71166802 30.62048207 31.78696996 31.32540209 31.77440608 31.68502444 31.66581742
30.55307761 31.71583620 30.60745752 31.78999223 31.32090189 31.77305909 31.69029962 31.66453362
30.55044870 31.71188204 30.61135818 31.78888185 31.33646886 31.77208642 31.68091131 31.66515076
30.54865242 31.71180739 30.61521303 31.78844928 31.33698387 31.77108181 31.67516784 31.66618533
30.55075512 31.70708867 30.60852429 31.78835900 31.35489754 31.77287982 31.68066287 31.66385303
30.55249699 31.71364931 30.60772422 31.78958393 31.32940081 31.77301427 31.68789043 31.66436348
30.55077934 31.71565729 30.60731055 31.78827109 31.33366622 31.77399140 31.68332739 31.66503028
30.54969795 31.71921397 30.60672490 31.78741618 31.33070597 31.77490666 31.68114799 31.66576653
30.55843896 31.71595971 30.60886650 31.78845395 31.32003403 31.77766220 31.68372099 31.66506232
30.55542468 31.71440095 30.60840058 31.78871363 31.32735262 31.77564423 31.68441563 31.66475340
30.55702681 31.71469958 30.59236690 31.79141256 31.34442795 31.77315598 31.68504388 31.66280556
30.55029707 31.71562051 30.61969223 31.79070339 31.34591806 31.77249442 31.68430651 31.66432354
30.54801839 31.71594636 30.61885699 31.78839564 31.32501768 31.77448767 31.68796816 31.66373431
30.54358829 31.71787279 30.62878265 31.78722970 31.31336848 31.77540523 31.69073896 31.66333315
30.55035673 31.71260097 30.60705323 31.79142218 31.33547685 31.77108432 31.67910371 31.66593097
30.55251608 31.71480552 30.61107751 31.78873549 31.33533600 31.77457776 31.68774576 31.66344687
30.54543810 31.71346825 30.63178291 31.78718027 31.32406495 31.77402602 31.68536174 31.66590456
30.55412963 31.71439175 30.60222090 31.79035449 31.33933720 31.77337349 31.68512334 31.66358031
30.54671647 31.71376459 30.61420430 31.79028942 31.34413643 31.77097009 31.68616692 31.66366345
30.54819903 31.71454504 30.61650069 31.78959549 31.34577215 31.77308900 31.68226124 31.66387837
30.54605005 31.71499290 30.62088893 31.78960128 31.35395783 31.77312637 31.67944664 31.66363582
30.55039777 31.71844392 30.61312636 31.78772039 31.33560176 31.77383571 31.68439536 31.66416410
30.54723052 31.71525735 30.61474005 31.78981745 31.34114360 31.77150429 31.68086930 31.66493441
30.54389219 31.71588753 30.62672644 31.78806419 31.33759399 31.77224126 31.68242820 31.66513949
30.53877347 31.71663542 30.63897921 31.78691905 31.33672238 31.77167514 31.68108063 31.66591908
30.54593399 31.71939860 30.62143122 31.78933242 31.34074362 31.77356704 31.68701946 31.66356623
30.54499485 31.71660466 30.61353192 31.78716814 31.33000080 31.77342719 31.68430250 31.66420412
30.54234374 31.71709673 30.61045177 31.78540052 31.32204217 31.77389358 31.68430049 31.66414441
30.54306647 31.71680472 30.62746894 31.78932470 31.34133628 31.77178916 31.68552540 31.66329084
30.53921003 31.71737844 30.63754813 31.78985151 31.34517132 31.77068805 31.68662440 31.66242112
30.54161520 31.71360829 30.62523878 31.79027648 31.34083438 31.77143321 31.68473993 31.66393871
30.54402119 31.71824855 30.62691945 31.78770421 31.33147419 31.77441462 31.68261163 31.66450817
30.54267356 31.72049053 30.63327703 31.78641160 31.32514307 31.77613689 31.68083398 31.66493053
30.54171998 31.71664233 30.62428239 31.78942513 31.35220708 31.77087878 31.67947125 31.66463078
30.54644378 31.71612035 30.62021334 31.78865301 31.33181503 31.77358544 31.68584393 31.66395843
30.54231116 31.71754708 30.62976765 31.78771221 31.33374901 31.77438244 31.68781377 31.66318668
30.54270198 31.71294295 30.62516058 31.78779219 31.33240034 31.77252355 31.68186219 31.66445997
30.53906268 31.71739599 30.63225608 31.78707829 31.32402885 31.77286022 31.68652065 31.66429323
30.54591494 31.71525778 30.62043954 31.78896619 31.34033633 31.77303181 31.68332609 31.66398209
30.54387521 31.71589607 30.62045861 31.78883509 31.33289260 31.77390560 31.68657816 31.66274276
30.54386671 31.71590034 30.61732470 31.78922054 31.33054191 31.77473777 31.68865314 31.66154439
