writing to  sigma_00.3000/initial_guess.pkl
optimisation finished successfully after 80 iterations, 137 evaluations
optimisation finished successfully after 80 iterations, 127 evaluations
optimisation finished successfully after 81 iterations, 127 evaluations
optimisation finished successfully after 116 iterations, 165 evaluations
optimisation finished successfully after 139 iterations, 196 evaluations
optimisation finished successfully after 24 iterations, 47 evaluations
optimisation finished successfully after 7 iterations, 25 evaluations
optimisation finished successfully after 12 iterations, 24 evaluations
optimisation finished successfully after 17 iterations, 40 evaluations
optimisation finished successfully after 12 iterations, 30 evaluations
optimisation finished successfully after 19 iterations, 47 evaluations
optimisation finished successfully after 21 iterations, 41 evaluations
optimisation finished successfully after 11 iterations, 28 evaluations
optimisation finished successfully after 23 iterations, 45 evaluations
optimisation finished successfully after 41 iterations, 66 evaluations
optimisation finished successfully after 20 iterations, 44 evaluations
optimisation finished successfully after 13 iterations, 31 evaluations
optimisation finished successfully after 11 iterations, 29 evaluations
optimisation finished successfully after 10 iterations, 25 evaluations
optimisation finished successfully after 8 iterations, 25 evaluations
optimisation finished successfully after 10 iterations, 28 evaluations
optimisation finished successfully after 32 iterations, 62 evaluations
optimisation finished successfully after 24 iterations, 48 evaluations
optimisation finished successfully after 8 iterations, 22 evaluations
optimisation finished successfully after 6 iterations, 21 evaluations
optimisation finished successfully after 6 iterations, 20 evaluations
optimisation finished successfully after 10 iterations, 22 evaluations
optimisation finished successfully after 7 iterations, 20 evaluations
optimisation finished successfully after 5 iterations, 17 evaluations
optimisation finished successfully after 13 iterations, 29 evaluations
optimisation finished successfully after 11 iterations, 29 evaluations
optimisation finished successfully after 15 iterations, 37 evaluations
optimisation finished successfully after 15 iterations, 38 evaluations
optimisation finished successfully after 23 iterations, 50 evaluations
optimisation finished successfully after 13 iterations, 35 evaluations
optimisation finished successfully after 23 iterations, 45 evaluations
optimisation finished successfully after 41 iterations, 66 evaluations
optimisation finished successfully after 20 iterations, 44 evaluations
optimisation finished successfully after 10 iterations, 25 evaluations
optimisation finished successfully after 8 iterations, 25 evaluations
optimisation finished successfully after 10 iterations, 28 evaluations
optimisation finished successfully after 32 iterations, 62 evaluations
optimisation finished successfully after 24 iterations, 48 evaluations
optimisation finished successfully after 21 iterations, 41 evaluations
optimisation finished successfully after 11 iterations, 28 evaluations
optimisation finished successfully after 10 iterations, 22 evaluations
optimisation finished successfully after 7 iterations, 20 evaluations
optimisation finished successfully after 5 iterations, 17 evaluations
optimisation finished successfully after 15 iterations, 37 evaluations
optimisation finished successfully after 15 iterations, 38 evaluations
optimisation finished successfully after 23 iterations, 50 evaluations
optimisation finished successfully after 13 iterations, 35 evaluations
optimisation finished successfully after 8 iterations, 22 evaluations
optimisation finished successfully after 6 iterations, 21 evaluations
optimisation finished successfully after 6 iterations, 20 evaluations
optimisation finished successfully after 13 iterations, 29 evaluations
optimisation finished successfully after 11 iterations, 29 evaluations
optimisation finished successfully after 13 iterations, 31 evaluations
optimisation finished successfully after 11 iterations, 29 evaluations
writing to  sigma_00.3000/iteration_00000000.pkl
iter 0 T 1 sidx 0 index 0 move destroy M 11
iter 1 T 1 sidx -1 index 10 move create M 11
did not create at 10
iter 2 T 1 sidx 1 index 1 move percolate M 11
optimisation finished successfully after 10 iterations, 22 evaluations
optimisation finished successfully after 7 iterations, 20 evaluations
optimisation finished successfully after 5 iterations, 17 evaluations
iter 3 T 1 sidx 2 index 2 move destroy M 11
optimisation finished successfully after 7 iterations, 19 evaluations
destroy without percolating (28, 11) (27, 10)
iter 4 T 1.0 sidx 1 index 1 move destroy M 10
optimisation finished successfully after 15 iterations, 29 evaluations
destroy without percolating (27, 10) (27, 9)
iter 5 T 1.0 sidx 3 index 1 move create M 9
optimisation finished successfully after 45 iterations, 76 evaluations
optimisation finished successfully after 246 iterations, 386 evaluations
optimisation finished successfully after 84 iterations, 130 evaluations
optimisation finished successfully after 364 iterations, 542 evaluations
optimisation finished successfully after 17 iterations, 35 evaluations
optimisation finished successfully after 297 iterations, 442 evaluations
accepted move data dn =  -30 20.256478561990317 20.256478561990317
optimisation finished successfully after 119 iterations, 178 evaluations
optimisation finished successfully after 69 iterations, 105 evaluations
optimisation finished successfully after 81 iterations, 125 evaluations
accepted move data dn =  8 20.062354493599912 20.062354493599912
optimisation finished successfully after 64 iterations, 99 evaluations
optimisation finished successfully after 55 iterations, 84 evaluations
optimisation finished successfully after 5 iterations, 17 evaluations
create True (27, 9) (26, 10)
iter 6 T 1.0 sidx 3 index 1 move create M 10
optimisation finished successfully after 48 iterations, 75 evaluations
optimisation finished successfully after 225 iterations, 338 evaluations
optimisation finished successfully after 128 iterations, 188 evaluations
accepted move data dn =  14 18.08733714656745 18.08733714656745
optimisation finished successfully after 385 iterations, 569 evaluations
optimisation finished successfully after 102 iterations, 155 evaluations
optimisation finished successfully after 173 iterations, 256 evaluations
optimisation finished successfully after 149 iterations, 212 evaluations
accepted move data dn =  -8 17.641928819213003 17.641928819213003
optimisation finished successfully after 19 iterations, 36 evaluations
accepted move data dn =  4 17.32893492684545 17.32893492684545
optimisation finished successfully after 11 iterations, 27 evaluations
optimisation finished successfully after 11 iterations, 27 evaluations
create False (26, 10) (28, 11)
iter 7 T 1.0 sidx 4 index 3 move percolate M 10
optimisation finished successfully after 9 iterations, 26 evaluations
optimisation finished successfully after 8 iterations, 25 evaluations
optimisation finished successfully after 10 iterations, 27 evaluations
iter 8 T 1 sidx 5 index 4 move percolate M 10
optimisation finished successfully after 17 iterations, 36 evaluations
optimisation finished successfully after 10 iterations, 28 evaluations
iter 9 T 1 sidx 6 index 5 move percolate M 10
optimisation finished successfully after 29 iterations, 56 evaluations
optimisation finished successfully after 28 iterations, 49 evaluations
optimisation finished successfully after 10 iterations, 26 evaluations
iter 10 T 1 sidx 7 index 6 move create M 10
optimisation finished successfully after 38 iterations, 68 evaluations
optimisation finished successfully after 475 iterations, 690 evaluations
optimisation finished successfully after 105 iterations, 153 evaluations
optimisation finished successfully after 218 iterations, 305 evaluations
optimisation finished successfully after 75 iterations, 121 evaluations
optimisation finished successfully after 347 iterations, 488 evaluations
optimisation finished successfully after 65 iterations, 101 evaluations
optimisation finished successfully after 61 iterations, 94 evaluations
optimisation finished successfully after 13 iterations, 30 evaluations
optimisation finished successfully after 26 iterations, 49 evaluations
accepted move data dn =  -3 34.33434502000341 34.33434502000341
optimisation finished successfully after 10 iterations, 27 evaluations
create True (26, 10) (25, 11)
iter 11 T 1.0 sidx 7 index 6 move create M 11
optimisation finished successfully after 29 iterations, 55 evaluations
optimisation finished successfully after 105 iterations, 161 evaluations
optimisation finished successfully after 92 iterations, 139 evaluations
accepted move data dn =  6 32.36067242930929 32.36067242930929
optimisation finished successfully after 592 iterations, 841 evaluations
optimisation finished successfully after 186 iterations, 274 evaluations
optimisation finished successfully after 48 iterations, 84 evaluations
optimisation finished successfully after 170 iterations, 251 evaluations
accepted move data dn =  -1 31.812614565257135 31.812614565257135
create False (25, 11) (25, 12)
iter 12 T 1.0 sidx 8 index 8 move destroy M 11
optimisation finished successfully after 78 iterations, 125 evaluations
destroy without percolating (25, 11) (25, 10)
iter 13 T 1.0 sidx 9 index 8 move create M 10
optimisation finished successfully after 114 iterations, 176 evaluations
optimisation finished successfully after 458 iterations, 661 evaluations
optimisation finished successfully after 114 iterations, 166 evaluations
optimisation finished successfully after 554 iterations, 774 evaluations
optimisation finished successfully after 114 iterations, 167 evaluations
accepted move data dn =  3 30.915927832126922 30.915927832126922
optimisation finished successfully after 292 iterations, 426 evaluations
optimisation finished successfully after 164 iterations, 251 evaluations
optimisation finished successfully after 114 iterations, 171 evaluations
optimisation finished successfully after 157 iterations, 227 evaluations
accepted move data dn =  -6 30.434507885231085 30.434507885231085
optimisation finished successfully after 13 iterations, 35 evaluations
accepted move data dn =  1 30.195692210751996 30.195692210751996
create False (25, 10) (26, 11)
iter 14 T 1.0 sidx 11 index 2 move destroy M 10
optimisation finished successfully after 6 iterations, 19 evaluations
destroy without percolating (25, 10) (25, 9)
iter 15 T 1.0 sidx 3 index 1 move percolate M 9
optimisation finished successfully after 13 iterations, 26 evaluations
optimisation finished successfully after 38 iterations, 65 evaluations
optimisation finished successfully after 6 iterations, 19 evaluations
optimisation finished successfully after 15 iterations, 32 evaluations
iter 16 T 1.0 sidx 4 index 2 move percolate M 9
optimisation finished successfully after 57 iterations, 87 evaluations
optimisation finished successfully after 11 iterations, 28 evaluations
optimisation finished successfully after 24 iterations, 48 evaluations
optimisation finished successfully after 10 iterations, 26 evaluations
iter 17 T 1.0 sidx 12 index 6 move create M 9
optimisation finished successfully after 146 iterations, 217 evaluations
optimisation finished successfully after 209 iterations, 301 evaluations
optimisation finished successfully after 670 iterations, 946 evaluations
optimisation finished successfully after 59 iterations, 101 evaluations
accepted move data dn =  -7 34.67649456154518 34.67649456154518
optimisation finished successfully after 823 iterations, 1135 evaluations
optimisation finished successfully after 377 iterations, 521 evaluations
optimisation finished successfully after 85 iterations, 129 evaluations
optimisation finished successfully after 68 iterations, 107 evaluations
optimisation finished successfully after 31 iterations, 61 evaluations
accepted move data dn =  3 34.546488209513726 34.546488209513726
optimisation finished successfully after 20 iterations, 42 evaluations
create False (25, 9) (25, 10)
iter 18 T 0.8333333333333334 sidx -1 index 8 move percolate M 9
iter 19 T 0.8333333333333334 sidx 0 index 0 move percolate M 9
iter 20 T 0.8333333333333334 sidx 3 index 1 move destroy M 9
optimisation finished successfully after 33 iterations, 55 evaluations
destroy without percolating (25, 9) (25, 8)
iter 21 T 1.0 sidx 4 index 1 move destroy M 8
optimisation finished successfully after 21 iterations, 38 evaluations
destroy without percolating (25, 8) (25, 7)
iter 22 T 1.0 sidx 5 index 1 move percolate M 7
optimisation finished successfully after 63 iterations, 103 evaluations
optimisation finished successfully after 51 iterations, 81 evaluations
optimisation finished successfully after 15 iterations, 31 evaluations
optimisation finished successfully after 10 iterations, 27 evaluations
optimisation finished successfully after 12 iterations, 30 evaluations
optimisation finished successfully after 31 iterations, 57 evaluations
iter 23 T 0.8333333333333334 sidx 5 index 1 move destroy M 7
optimisation finished successfully after 109 iterations, 174 evaluations
destroy without percolating (25, 7) (23, 6)
iter 24 T 1.0 sidx 6 index 1 move create M 6
optimisation finished successfully after 78 iterations, 126 evaluations
optimisation finished successfully after 182 iterations, 285 evaluations
optimisation finished successfully after 126 iterations, 191 evaluations
accepted move data dn =  17 50.62506610248363 50.62506610248363
optimisation finished successfully after 494 iterations, 723 evaluations
accepted move data dn =  -101 50.46228600687733 50.46228600687733
optimisation finished successfully after 203 iterations, 291 evaluations
optimisation finished successfully after 216 iterations, 310 evaluations
accepted move data dn =  26 49.974056647291604 49.974056647291604
optimisation finished successfully after 65 iterations, 105 evaluations
accepted move data dn =  -13 48.71097697663637 48.71097697663637
optimisation finished successfully after 51 iterations, 93 evaluations
optimisation finished successfully after 46 iterations, 76 evaluations
optimisation finished successfully after 29 iterations, 53 evaluations
optimisation finished successfully after 10 iterations, 25 evaluations
create False (23, 6) (23, 7)
iter 25 T 0.8333333333333334 sidx 6 index 1 move destroy M 6
optimisation finished successfully after 12 iterations, 26 evaluations
destroy without percolating (23, 6) (20, 5)
iter 26 T 1.0 sidx 7 index 1 move destroy M 5
optimisation finished successfully after 72 iterations, 119 evaluations
optimisation finished successfully after 11 iterations, 29 evaluations
optimisation finished successfully after 14 iterations, 33 evaluations
destroy False (20, 5) (23, 4)
iter 27 T 0.8333333333333334 sidx 7 index 1 move percolate M 5
optimisation finished successfully after 33 iterations, 61 evaluations
optimisation finished successfully after 27 iterations, 53 evaluations
iter 28 T 0.8333333333333334 sidx 9 index 3 move percolate M 5
optimisation finished successfully after 13 iterations, 33 evaluations
optimisation finished successfully after 24 iterations, 47 evaluations
iter 29 T 0.8333333333333334 sidx 12 index 2 move destroy M 5
optimisation finished successfully after 59 iterations, 99 evaluations
optimisation finished successfully after 15 iterations, 35 evaluations
optimisation finished successfully after 20 iterations, 42 evaluations
destroy False (20, 5) (22, 4)
iter 30 T 0.6666666666666666 sidx -1 index 4 move destroy M 5
optimisation finished successfully after 21 iterations, 39 evaluations
destroy without percolating (20, 5) (19, 4)
iter 31 T 0.6666666666666666 sidx 0 index 0 move create M 4
optimisation finished successfully after 30 iterations, 55 evaluations
create False (19, 4) (31, 5)
iter 32 T 0.6666666666666666 sidx 7 index 1 move create M 4
optimisation finished successfully after 19 iterations, 39 evaluations
optimisation finished successfully after 230 iterations, 351 evaluations
optimisation finished successfully after 21 iterations, 39 evaluations
optimisation finished successfully after 469 iterations, 700 evaluations
optimisation finished successfully after 7 iterations, 21 evaluations
accepted move data dn =  3 54.59088700708124 54.59088700708124
optimisation finished successfully after 237 iterations, 359 evaluations
optimisation finished successfully after 142 iterations, 218 evaluations
optimisation finished successfully after 37 iterations, 68 evaluations
optimisation finished successfully after 23 iterations, 44 evaluations
optimisation finished successfully after 15 iterations, 31 evaluations
optimisation finished successfully after 10 iterations, 27 evaluations
optimisation finished successfully after 7 iterations, 21 evaluations
create False (19, 4) (21, 5)
iter 33 T 0.6666666666666666 sidx 9 index 3 move destroy M 4
optimisation finished successfully after 167 iterations, 273 evaluations
destroy False (19, 4) (20, 3)
iter 34 T 0.6666666666666666 sidx 12 index 2 move percolate M 4
optimisation finished successfully after 29 iterations, 55 evaluations
optimisation finished successfully after 14 iterations, 32 evaluations
optimisation finished successfully after 28 iterations, 52 evaluations
iter 35 T 0.5 sidx 0 index 0 move percolate M 4
iter 36 T 0.5 sidx 7 index 1 move create M 4
optimisation finished successfully after 19 iterations, 39 evaluations
optimisation finished successfully after 230 iterations, 351 evaluations
optimisation finished successfully after 21 iterations, 39 evaluations
optimisation finished successfully after 469 iterations, 700 evaluations
optimisation finished successfully after 7 iterations, 21 evaluations
accepted move data dn =  3 54.59088700708124 54.59088700708124
optimisation finished successfully after 237 iterations, 359 evaluations
optimisation finished successfully after 142 iterations, 218 evaluations
optimisation finished successfully after 37 iterations, 68 evaluations
optimisation finished successfully after 23 iterations, 44 evaluations
optimisation finished successfully after 15 iterations, 31 evaluations
optimisation finished successfully after 10 iterations, 27 evaluations
optimisation finished successfully after 7 iterations, 21 evaluations
create False (19, 4) (21, 5)
iter 37 T 0.5 sidx 9 index 3 move destroy M 4
optimisation finished successfully after 167 iterations, 273 evaluations
destroy False (19, 4) (20, 3)
iter 38 T 0.5 sidx 12 index 2 move create M 4
optimisation finished successfully after 75 iterations, 118 evaluations
optimisation finished successfully after 236 iterations, 334 evaluations
accepted move data dn =  -14 54.52984501479416 54.52984501479416
optimisation finished successfully after 635 iterations, 893 evaluations
optimisation finished successfully after 293 iterations, 415 evaluations
optimisation finished successfully after 81 iterations, 131 evaluations
optimisation finished successfully after 169 iterations, 255 evaluations
optimisation finished successfully after 58 iterations, 102 evaluations
accepted move data dn =  7 54.2886915091228 54.2886915091228
optimisation finished successfully after 41 iterations, 71 evaluations
accepted move data dn =  -4 53.87994055961251 53.87994055961251
optimisation finished successfully after 44 iterations, 78 evaluations
optimisation finished successfully after 35 iterations, 67 evaluations
create False (19, 4) (24, 5)
iter 39 T 0.41666666666666674 sidx 0 index 0 move destroy M 4
iter 40 T 0.41666666666666674 sidx 7 index 1 move percolate M 4
optimisation finished successfully after 13 iterations, 32 evaluations
optimisation finished successfully after 17 iterations, 37 evaluations
iter 41 T 0.41666666666666674 sidx 9 index 3 move percolate M 4
iter 42 T 0.41666666666666674 sidx 12 index 2 move percolate M 4
optimisation finished successfully after 29 iterations, 55 evaluations
optimisation finished successfully after 14 iterations, 32 evaluations
optimisation finished successfully after 28 iterations, 52 evaluations
iter 43 T 0.33333333333333326 sidx 0 index 0 move create M 4
optimisation finished successfully after 30 iterations, 55 evaluations
create False (19, 4) (31, 5)
iter 44 T 0.33333333333333326 sidx 7 index 1 move destroy M 4
optimisation finished successfully after 78 iterations, 125 evaluations
optimisation finished successfully after 20 iterations, 40 evaluations
optimisation finished successfully after 19 iterations, 39 evaluations
destroy False (19, 4) (22, 3)
iter 45 T 0.33333333333333326 sidx 9 index 3 move create M 4
did not create at 3
iter 46 T 0.33333333333333326 sidx 12 index 2 move destroy M 4
optimisation finished successfully after 28 iterations, 54 evaluations
destroy False (19, 4) (20, 3)
iter 47 T 0.25 sidx 0 index 0 move percolate M 4
iter 48 T 0.25 sidx 7 index 1 move create M 4
optimisation finished successfully after 19 iterations, 39 evaluations
optimisation finished successfully after 230 iterations, 351 evaluations
optimisation finished successfully after 21 iterations, 39 evaluations
optimisation finished successfully after 469 iterations, 700 evaluations
optimisation finished successfully after 7 iterations, 21 evaluations
accepted move data dn =  3 54.59088700708124 54.59088700708124
optimisation finished successfully after 237 iterations, 359 evaluations
optimisation finished successfully after 142 iterations, 218 evaluations
optimisation finished successfully after 37 iterations, 68 evaluations
optimisation finished successfully after 23 iterations, 44 evaluations
optimisation finished successfully after 15 iterations, 31 evaluations
optimisation finished successfully after 10 iterations, 27 evaluations
optimisation finished successfully after 7 iterations, 21 evaluations
create False (19, 4) (21, 5)
iter 49 T 0.25 sidx 9 index 3 move percolate M 4
iter 50 T 0.25 sidx 12 index 2 move percolate M 4
optimisation finished successfully after 29 iterations, 55 evaluations
optimisation finished successfully after 14 iterations, 32 evaluations
optimisation finished successfully after 28 iterations, 52 evaluations
iter 51 T 0.20833333333333337 sidx 0 index 0 move destroy M 4
iter 52 T 0.20833333333333337 sidx 7 index 1 move destroy M 4
optimisation finished successfully after 78 iterations, 125 evaluations
optimisation finished successfully after 20 iterations, 40 evaluations
optimisation finished successfully after 19 iterations, 39 evaluations
destroy False (19, 4) (22, 3)
iter 53 T 0.20833333333333337 sidx 9 index 3 move destroy M 4
optimisation finished successfully after 167 iterations, 273 evaluations
destroy False (19, 4) (20, 3)
iter 54 T 0.20833333333333337 sidx 12 index 2 move destroy M 4
optimisation finished successfully after 28 iterations, 54 evaluations
destroy False (19, 4) (20, 3)
iter 55 T 0.16666666666666663 sidx 0 index 0 move create M 4
optimisation finished successfully after 30 iterations, 55 evaluations
create False (19, 4) (31, 5)
iter 56 T 0.16666666666666663 sidx 7 index 1 move percolate M 4
optimisation finished successfully after 13 iterations, 32 evaluations
optimisation finished successfully after 17 iterations, 37 evaluations
iter 57 T 0.16666666666666663 sidx 9 index 3 move create M 4
did not create at 3
iter 58 T 0.16666666666666663 sidx 12 index 2 move create M 4
optimisation finished successfully after 75 iterations, 118 evaluations
optimisation finished successfully after 236 iterations, 334 evaluations
accepted move data dn =  -14 54.52984501479416 54.52984501479416
optimisation finished successfully after 635 iterations, 893 evaluations
optimisation finished successfully after 293 iterations, 415 evaluations
optimisation finished successfully after 81 iterations, 131 evaluations
optimisation finished successfully after 169 iterations, 255 evaluations
optimisation finished successfully after 58 iterations, 102 evaluations
accepted move data dn =  7 54.2886915091228 54.2886915091228
optimisation finished successfully after 41 iterations, 71 evaluations
accepted move data dn =  -4 53.87994055961251 53.87994055961251
optimisation finished successfully after 44 iterations, 78 evaluations
optimisation finished successfully after 35 iterations, 67 evaluations
create False (19, 4) (24, 5)
iter 59 T 0.125 sidx 0 index 0 move destroy M 4
iter 60 T 0.125 sidx 7 index 1 move percolate M 4
optimisation finished successfully after 13 iterations, 32 evaluations
optimisation finished successfully after 17 iterations, 37 evaluations
iter 61 T 0.125 sidx 9 index 3 move percolate M 4
iter 62 T 0.125 sidx 12 index 2 move percolate M 4
optimisation finished successfully after 29 iterations, 55 evaluations
optimisation finished successfully after 14 iterations, 32 evaluations
optimisation finished successfully after 28 iterations, 52 evaluations
iter 63 T 0.10416666666666663 sidx 0 index 0 move percolate M 4
iter 64 T 0.10416666666666663 sidx 7 index 1 move destroy M 4
optimisation finished successfully after 78 iterations, 125 evaluations
optimisation finished successfully after 20 iterations, 40 evaluations
optimisation finished successfully after 19 iterations, 39 evaluations
destroy False (19, 4) (22, 3)
iter 65 T 0.10416666666666663 sidx 9 index 3 move create M 4
did not create at 3
iter 66 T 0.10416666666666663 sidx 12 index 2 move create M 4
optimisation finished successfully after 75 iterations, 118 evaluations
optimisation finished successfully after 236 iterations, 334 evaluations
accepted move data dn =  -14 54.52984501479416 54.52984501479416
optimisation finished successfully after 635 iterations, 893 evaluations
optimisation finished successfully after 293 iterations, 415 evaluations
optimisation finished successfully after 81 iterations, 131 evaluations
optimisation finished successfully after 169 iterations, 255 evaluations
optimisation finished successfully after 58 iterations, 102 evaluations
accepted move data dn =  7 54.2886915091228 54.2886915091228
optimisation finished successfully after 41 iterations, 71 evaluations
accepted move data dn =  -4 53.87994055961251 53.87994055961251
optimisation finished successfully after 44 iterations, 78 evaluations
optimisation finished successfully after 35 iterations, 67 evaluations
create False (19, 4) (24, 5)
iter 67 T 0.08333333333333337 sidx 0 index 0 move create M 4
optimisation finished successfully after 30 iterations, 55 evaluations
create False (19, 4) (31, 5)
iter 68 T 0.08333333333333337 sidx 7 index 1 move create M 4
optimisation finished successfully after 19 iterations, 39 evaluations
optimisation finished successfully after 230 iterations, 351 evaluations
optimisation finished successfully after 21 iterations, 39 evaluations
optimisation finished successfully after 469 iterations, 700 evaluations
optimisation finished successfully after 7 iterations, 21 evaluations
accepted move data dn =  3 54.59088700708124 54.59088700708124
optimisation finished successfully after 237 iterations, 359 evaluations
optimisation finished successfully after 142 iterations, 218 evaluations
optimisation finished successfully after 37 iterations, 68 evaluations
optimisation finished successfully after 23 iterations, 44 evaluations
optimisation finished successfully after 15 iterations, 31 evaluations
optimisation finished successfully after 10 iterations, 27 evaluations
optimisation finished successfully after 7 iterations, 21 evaluations
create False (19, 4) (21, 5)
iter 69 T 0.08333333333333337 sidx 9 index 3 move destroy M 4
optimisation finished successfully after 167 iterations, 273 evaluations
destroy False (19, 4) (20, 3)
iter 70 T 0.08333333333333337 sidx 12 index 2 move destroy M 4
optimisation finished successfully after 28 iterations, 54 evaluations
destroy False (19, 4) (20, 3)
iter 71 T 0.0625 sidx 0 index 0 move percolate M 4
iter 72 T 0.0625 sidx 7 index 1 move create M 4
optimisation finished successfully after 19 iterations, 39 evaluations
optimisation finished successfully after 230 iterations, 351 evaluations
optimisation finished successfully after 21 iterations, 39 evaluations
optimisation finished successfully after 469 iterations, 700 evaluations
optimisation finished successfully after 7 iterations, 21 evaluations
accepted move data dn =  3 54.59088700708124 54.59088700708124
optimisation finished successfully after 237 iterations, 359 evaluations
optimisation finished successfully after 142 iterations, 218 evaluations
optimisation finished successfully after 37 iterations, 68 evaluations
optimisation finished successfully after 23 iterations, 44 evaluations
optimisation finished successfully after 15 iterations, 31 evaluations
optimisation finished successfully after 10 iterations, 27 evaluations
optimisation finished successfully after 7 iterations, 21 evaluations
create False (19, 4) (21, 5)
iter 73 T 0.0625 sidx 9 index 3 move create M 4
did not create at 3
iter 74 T 0.0625 sidx 12 index 2 move percolate M 4
optimisation finished successfully after 29 iterations, 55 evaluations
optimisation finished successfully after 14 iterations, 32 evaluations
optimisation finished successfully after 28 iterations, 52 evaluations
iter 75 T 0.05208333333333337 sidx 0 index 0 move create M 4
optimisation finished successfully after 30 iterations, 55 evaluations
create False (19, 4) (31, 5)
iter 76 T 0.05208333333333337 sidx 7 index 1 move destroy M 4
optimisation finished successfully after 78 iterations, 125 evaluations
optimisation finished successfully after 20 iterations, 40 evaluations
optimisation finished successfully after 19 iterations, 39 evaluations
destroy False (19, 4) (22, 3)
iter 77 T 0.05208333333333337 sidx 9 index 3 move destroy M 4
optimisation finished successfully after 167 iterations, 273 evaluations
destroy False (19, 4) (20, 3)
iter 78 T 0.05208333333333337 sidx 12 index 2 move create M 4
optimisation finished successfully after 75 iterations, 118 evaluations
optimisation finished successfully after 236 iterations, 334 evaluations
accepted move data dn =  -14 54.52984501479416 54.52984501479416
optimisation finished successfully after 635 iterations, 893 evaluations
optimisation finished successfully after 293 iterations, 415 evaluations
optimisation finished successfully after 81 iterations, 131 evaluations
optimisation finished successfully after 169 iterations, 255 evaluations
optimisation finished successfully after 58 iterations, 102 evaluations
accepted move data dn =  7 54.2886915091228 54.2886915091228
optimisation finished successfully after 41 iterations, 71 evaluations
accepted move data dn =  -4 53.87994055961251 53.87994055961251
optimisation finished successfully after 44 iterations, 78 evaluations
optimisation finished successfully after 35 iterations, 67 evaluations
create False (19, 4) (24, 5)
iter 79 T 0.04166666666666663 sidx 0 index 0 move destroy M 4
iter 80 T 0.04166666666666663 sidx 7 index 1 move percolate M 4
optimisation finished successfully after 13 iterations, 32 evaluations
optimisation finished successfully after 17 iterations, 37 evaluations
iter 81 T 0.04166666666666663 sidx 9 index 3 move percolate M 4
iter 82 T 0.04166666666666663 sidx 12 index 2 move destroy M 4
optimisation finished successfully after 28 iterations, 54 evaluations
destroy False (19, 4) (20, 3)
iter 83 T 0.03125 sidx 0 index 0 move destroy M 4
iter 84 T 0.03125 sidx 7 index 1 move percolate M 4
optimisation finished successfully after 13 iterations, 32 evaluations
optimisation finished successfully after 17 iterations, 37 evaluations
iter 85 T 0.03125 sidx 9 index 3 move destroy M 4
optimisation finished successfully after 167 iterations, 273 evaluations
destroy False (19, 4) (20, 3)
iter 86 T 0.03125 sidx 12 index 2 move percolate M 4
optimisation finished successfully after 29 iterations, 55 evaluations
optimisation finished successfully after 14 iterations, 32 evaluations
optimisation finished successfully after 28 iterations, 52 evaluations
iter 87 T 0.02604166666666663 sidx 0 index 0 move create M 4
optimisation finished successfully after 30 iterations, 55 evaluations
create False (19, 4) (31, 5)
iter 88 T 0.02604166666666663 sidx 7 index 1 move destroy M 4
optimisation finished successfully after 78 iterations, 125 evaluations
optimisation finished successfully after 20 iterations, 40 evaluations
optimisation finished successfully after 19 iterations, 39 evaluations
destroy False (19, 4) (22, 3)
iter 89 T 0.02604166666666663 sidx 9 index 3 move percolate M 4
iter 90 T 0.02604166666666663 sidx 12 index 2 move create M 4
optimisation finished successfully after 75 iterations, 118 evaluations
optimisation finished successfully after 236 iterations, 334 evaluations
accepted move data dn =  -14 54.52984501479416 54.52984501479416
optimisation finished successfully after 635 iterations, 893 evaluations
optimisation finished successfully after 293 iterations, 415 evaluations
optimisation finished successfully after 81 iterations, 131 evaluations
optimisation finished successfully after 169 iterations, 255 evaluations
optimisation finished successfully after 58 iterations, 102 evaluations
accepted move data dn =  7 54.2886915091228 54.2886915091228
optimisation finished successfully after 41 iterations, 71 evaluations
accepted move data dn =  -4 53.87994055961251 53.87994055961251
optimisation finished successfully after 44 iterations, 78 evaluations
optimisation finished successfully after 35 iterations, 67 evaluations
create False (19, 4) (24, 5)
iter 91 T 0.02083333333333337 sidx 0 index 0 move percolate M 4
iter 92 T 0.02083333333333337 sidx 7 index 1 move create M 4
optimisation finished successfully after 19 iterations, 39 evaluations
optimisation finished successfully after 230 iterations, 351 evaluations
optimisation finished successfully after 21 iterations, 39 evaluations
optimisation finished successfully after 469 iterations, 700 evaluations
optimisation finished successfully after 7 iterations, 21 evaluations
accepted move data dn =  3 54.59088700708124 54.59088700708124
optimisation finished successfully after 237 iterations, 359 evaluations
optimisation finished successfully after 142 iterations, 218 evaluations
optimisation finished successfully after 37 iterations, 68 evaluations
optimisation finished successfully after 23 iterations, 44 evaluations
optimisation finished successfully after 15 iterations, 31 evaluations
optimisation finished successfully after 10 iterations, 27 evaluations
optimisation finished successfully after 7 iterations, 21 evaluations
create False (19, 4) (21, 5)
iter 93 T 0.02083333333333337 sidx 9 index 3 move create M 4
did not create at 3
iter 94 T 0.02083333333333337 sidx 12 index 2 move destroy M 4
optimisation finished successfully after 28 iterations, 54 evaluations
destroy False (19, 4) (20, 3)
iter 95 T 0.015625 sidx 0 index 0 move destroy M 4
iter 96 T 0.015625 sidx 7 index 1 move create M 4
optimisation finished successfully after 19 iterations, 39 evaluations
optimisation finished successfully after 230 iterations, 351 evaluations
optimisation finished successfully after 21 iterations, 39 evaluations
optimisation finished successfully after 469 iterations, 700 evaluations
optimisation finished successfully after 7 iterations, 21 evaluations
accepted move data dn =  3 54.59088700708124 54.59088700708124
optimisation finished successfully after 237 iterations, 359 evaluations
optimisation finished successfully after 142 iterations, 218 evaluations
optimisation finished successfully after 37 iterations, 68 evaluations
optimisation finished successfully after 23 iterations, 44 evaluations
optimisation finished successfully after 15 iterations, 31 evaluations
optimisation finished successfully after 10 iterations, 27 evaluations
optimisation finished successfully after 7 iterations, 21 evaluations
create False (19, 4) (21, 5)
iter 97 T 0.015625 sidx 9 index 3 move create M 4
did not create at 3
iter 98 T 0.015625 sidx 12 index 2 move create M 4
optimisation finished successfully after 75 iterations, 118 evaluations
optimisation finished successfully after 236 iterations, 334 evaluations
accepted move data dn =  -14 54.52984501479416 54.52984501479416
optimisation finished successfully after 635 iterations, 893 evaluations
optimisation finished successfully after 293 iterations, 415 evaluations
optimisation finished successfully after 81 iterations, 131 evaluations
optimisation finished successfully after 169 iterations, 255 evaluations
optimisation finished successfully after 58 iterations, 102 evaluations
accepted move data dn =  7 54.2886915091228 54.2886915091228
optimisation finished successfully after 41 iterations, 71 evaluations
accepted move data dn =  -4 53.87994055961251 53.87994055961251
optimisation finished successfully after 44 iterations, 78 evaluations
optimisation finished successfully after 35 iterations, 67 evaluations
create False (19, 4) (24, 5)
iter 99 T 0.01302083333333337 sidx 0 index 0 move percolate M 4
writing to  sigma_00.3000/iteration_00000100.pkl
iter 100 T 0.01302083333333337 sidx 7 index 1 move destroy M 4
optimisation finished successfully after 78 iterations, 125 evaluations
optimisation finished successfully after 20 iterations, 40 evaluations
optimisation finished successfully after 19 iterations, 39 evaluations
destroy False (19, 4) (22, 3)
iter 101 T 0.01302083333333337 sidx 9 index 3 move destroy M 4
optimisation finished successfully after 167 iterations, 273 evaluations
destroy False (19, 4) (20, 3)
iter 102 T 0.01302083333333337 sidx 12 index 2 move percolate M 4
optimisation finished successfully after 29 iterations, 55 evaluations
optimisation finished successfully after 14 iterations, 32 evaluations
optimisation finished successfully after 28 iterations, 52 evaluations
iter 103 T 0.01041666666666663 sidx 0 index 0 move create M 4
optimisation finished successfully after 30 iterations, 55 evaluations
create False (19, 4) (31, 5)
iter 104 T 0.01041666666666663 sidx 7 index 1 move percolate M 4
optimisation finished successfully after 13 iterations, 32 evaluations
optimisation finished successfully after 17 iterations, 37 evaluations
iter 105 T 0.01041666666666663 sidx 9 index 3 move percolate M 4
iter 106 T 0.01041666666666663 sidx 12 index 2 move destroy M 4
optimisation finished successfully after 28 iterations, 54 evaluations
destroy False (19, 4) (20, 3)
iter 107 T 0.0078125 sidx 0 index 0 move create M 4
optimisation finished successfully after 30 iterations, 55 evaluations
create False (19, 4) (31, 5)
iter 108 T 0.0078125 sidx 7 index 1 move percolate M 4
optimisation finished successfully after 13 iterations, 32 evaluations
optimisation finished successfully after 17 iterations, 37 evaluations
iter 109 T 0.0078125 sidx 9 index 3 move destroy M 4
optimisation finished successfully after 167 iterations, 273 evaluations
destroy False (19, 4) (20, 3)
iter 110 T 0.0078125 sidx 12 index 2 move destroy M 4
optimisation finished successfully after 28 iterations, 54 evaluations
destroy False (19, 4) (20, 3)
iter 111 T 0.00651041666666663 sidx 0 index 0 move percolate M 4
iter 112 T 0.00651041666666663 sidx 7 index 1 move destroy M 4
optimisation finished successfully after 78 iterations, 125 evaluations
optimisation finished successfully after 20 iterations, 40 evaluations
optimisation finished successfully after 19 iterations, 39 evaluations
destroy False (19, 4) (22, 3)
iter 113 T 0.00651041666666663 sidx 9 index 3 move percolate M 4
iter 114 T 0.00651041666666663 sidx 12 index 2 move percolate M 4
optimisation finished successfully after 29 iterations, 55 evaluations
optimisation finished successfully after 14 iterations, 32 evaluations
optimisation finished successfully after 28 iterations, 52 evaluations
iter 115 T 0.00520833333333337 sidx 0 index 0 move destroy M 4
iter 116 T 0.00520833333333337 sidx 7 index 1 move create M 4
optimisation finished successfully after 19 iterations, 39 evaluations
optimisation finished successfully after 230 iterations, 351 evaluations
optimisation finished successfully after 21 iterations, 39 evaluations
optimisation finished successfully after 469 iterations, 700 evaluations
optimisation finished successfully after 7 iterations, 21 evaluations
accepted move data dn =  3 54.59088700708124 54.59088700708124
optimisation finished successfully after 237 iterations, 359 evaluations
optimisation finished successfully after 142 iterations, 218 evaluations
