writing to  sigma_00.2000/initial_guess.pkl
iter 0 T 1 sidx 0 index 0 move percolate M 15
iter 1 T 1 sidx -1 index 14 move percolate M 15
iter 2 T 1 sidx 1 index 1 move create M 15
optimisation finished successfully after 99 iterations, 150 evaluations
optimisation finished successfully after 19 iterations, 40 evaluations
optimisation finished successfully after 110 iterations, 173 evaluations
optimisation finished successfully after 4 iterations, 15 evaluations
create True (53, 15) (48, 16)
iter 3 T 1.0 sidx 1 index 1 move create M 16
optimisation finished successfully after 185 iterations, 292 evaluations
optimisation finished successfully after 65 iterations, 103 evaluations
optimisation finished successfully after 73 iterations, 117 evaluations
optimisation finished successfully after 139 iterations, 209 evaluations
optimisation finished successfully after 68 iterations, 106 evaluations
create False (48, 16) (49, 17)
iter 4 T 1.0 sidx 2 index 3 move percolate M 16
optimisation finished successfully after 113 iterations, 172 evaluations
optimisation finished successfully after 10 iterations, 29 evaluations
optimisation finished successfully after 8 iterations, 23 evaluations
optimisation finished successfully after 208 iterations, 293 evaluations
optimisation finished successfully after 10 iterations, 28 evaluations
optimisation finished successfully after 11 iterations, 28 evaluations
optimisation finished successfully after 8 iterations, 25 evaluations
iter 5 T 1 sidx 3 index 4 move destroy M 16
optimisation finished successfully after 117 iterations, 168 evaluations
destroy without percolating (47, 16) (46, 15)
iter 6 T 1.0 sidx 2 index 3 move create M 15
optimisation finished successfully after 48 iterations, 77 evaluations
optimisation finished successfully after 16 iterations, 37 evaluations
optimisation finished successfully after 20 iterations, 38 evaluations
optimisation finished successfully after 19 iterations, 39 evaluations
optimisation finished successfully after 17 iterations, 39 evaluations
optimisation finished successfully after 14 iterations, 33 evaluations
optimisation finished successfully after 15 iterations, 35 evaluations
create False (46, 15) (47, 16)
iter 7 T 1.0 sidx 4 index 4 move percolate M 15
optimisation finished successfully after 76 iterations, 112 evaluations
optimisation finished successfully after 32 iterations, 58 evaluations
optimisation finished successfully after 18 iterations, 39 evaluations
iter 8 T 1 sidx 5 index 5 move create M 15
optimisation finished successfully after 204 iterations, 306 evaluations
optimisation finished successfully after 8 iterations, 24 evaluations
optimisation finished successfully after 17 iterations, 38 evaluations
create False (46, 15) (48, 16)
iter 9 T 1 sidx 6 index 6 move destroy M 15
optimisation finished successfully after 44 iterations, 79 evaluations
destroy without percolating (46, 15) (45, 14)
iter 10 T 1.0 sidx 5 index 5 move create M 14
optimisation finished successfully after 68 iterations, 108 evaluations
optimisation finished successfully after 16 iterations, 34 evaluations
optimisation finished successfully after 12 iterations, 30 evaluations
create False (45, 14) (48, 15)
iter 11 T 1.0 sidx 7 index 6 move create M 14
optimisation finished successfully after 62 iterations, 95 evaluations
optimisation finished successfully after 30 iterations, 56 evaluations
optimisation finished successfully after 27 iterations, 50 evaluations
optimisation finished successfully after 12 iterations, 32 evaluations
create False (45, 14) (46, 15)
iter 12 T 1 sidx 8 index 7 move percolate M 14
optimisation finished successfully after 62 iterations, 105 evaluations
optimisation finished successfully after 25 iterations, 52 evaluations
optimisation finished successfully after 32 iterations, 62 evaluations
optimisation finished successfully after 35 iterations, 67 evaluations
iter 13 T 1 sidx 9 index 8 move percolate M 14
optimisation finished successfully after 37 iterations, 71 evaluations
optimisation finished successfully after 57 iterations, 95 evaluations
optimisation finished successfully after 102 iterations, 153 evaluations
optimisation finished successfully after 16 iterations, 39 evaluations
iter 14 T 1 sidx 10 index 9 move create M 14
optimisation finished successfully after 26 iterations, 52 evaluations
optimisation finished successfully after 13 iterations, 35 evaluations
optimisation finished successfully after 77 iterations, 120 evaluations
create False (44, 14) (45, 15)
iter 15 T 1 sidx 11 index 10 move create M 14
optimisation finished successfully after 27 iterations, 54 evaluations
optimisation finished successfully after 92 iterations, 143 evaluations
optimisation finished successfully after 98 iterations, 155 evaluations
optimisation finished successfully after 52 iterations, 86 evaluations
optimisation finished successfully after 16 iterations, 36 evaluations
optimisation finished successfully after 14 iterations, 36 evaluations
create False (44, 14) (46, 15)
iter 16 T 1 sidx 12 index 11 move create M 14
optimisation finished successfully after 77 iterations, 121 evaluations
optimisation finished successfully after 128 iterations, 191 evaluations
optimisation finished successfully after 14 iterations, 35 evaluations
optimisation finished successfully after 32 iterations, 63 evaluations
optimisation finished successfully after 18 iterations, 41 evaluations
create False (44, 14) (44, 15)
iter 17 T 1 sidx 13 index 12 move create M 14
optimisation finished successfully after 28 iterations, 53 evaluations
optimisation finished successfully after 43 iterations, 77 evaluations
optimisation finished successfully after 12 iterations, 32 evaluations
optimisation finished successfully after 19 iterations, 42 evaluations
optimisation finished successfully after 16 iterations, 37 evaluations
optimisation finished successfully after 159 iterations, 239 evaluations
optimisation finished successfully after 47 iterations, 83 evaluations
optimisation finished successfully after 39 iterations, 71 evaluations
optimisation finished successfully after 23 iterations, 51 evaluations
optimisation finished successfully after 32 iterations, 63 evaluations
optimisation finished successfully after 230 iterations, 335 evaluations
optimisation finished successfully after 27 iterations, 58 evaluations
create True (44, 14) (41, 15)
iter 18 T 1.0 sidx 13 index 12 move percolate M 15
optimisation finished successfully after 27 iterations, 58 evaluations
optimisation finished successfully after 27 iterations, 57 evaluations
optimisation finished successfully after 22 iterations, 51 evaluations
optimisation finished successfully after 20 iterations, 47 evaluations
iter 19 T 1.0 sidx 15 index 2 move destroy M 15
optimisation finished successfully after 47 iterations, 74 evaluations
destroy without percolating (41, 15) (40, 14)
iter 20 T 1.0 sidx 1 index 1 move percolate M 14
optimisation finished successfully after 7 iterations, 21 evaluations
optimisation finished successfully after 8 iterations, 21 evaluations
iter 21 T 1.0 sidx 2 index 2 move destroy M 14
optimisation finished successfully after 51 iterations, 85 evaluations
destroy without percolating (40, 14) (39, 13)
iter 22 T 1.0 sidx 1 index 1 move create M 13
optimisation finished successfully after 42 iterations, 67 evaluations
optimisation finished successfully after 7 iterations, 21 evaluations
optimisation finished successfully after 76 iterations, 126 evaluations
optimisation finished successfully after 7 iterations, 21 evaluations
optimisation finished successfully after 7 iterations, 20 evaluations
optimisation finished successfully after 58 iterations, 97 evaluations
optimisation finished successfully after 9 iterations, 23 evaluations
create False (39, 13) (41, 14)
iter 23 T 1.0 sidx 4 index 2 move destroy M 13
optimisation finished successfully after 40 iterations, 71 evaluations
optimisation finished successfully after 19 iterations, 42 evaluations
optimisation finished successfully after 19 iterations, 43 evaluations
destroy False (39, 13) (40, 12)
iter 24 T 1.0 sidx 16 index 11 move percolate M 13
optimisation finished successfully after 24 iterations, 49 evaluations
optimisation finished successfully after 22 iterations, 47 evaluations
optimisation finished successfully after 25 iterations, 50 evaluations
iter 25 T 0.8333333333333334 sidx -1 index 12 move create M 13
did not create at 12
iter 26 T 0.8333333333333334 sidx 0 index 0 move create M 13
optimisation finished successfully after 28 iterations, 53 evaluations
create False (39, 13) (41, 14)
iter 27 T 0.8333333333333334 sidx 1 index 1 move percolate M 13
optimisation finished successfully after 123 iterations, 188 evaluations
optimisation finished successfully after 7 iterations, 20 evaluations
optimisation finished successfully after 9 iterations, 23 evaluations
iter 28 T 0.8333333333333334 sidx 4 index 2 move create M 13
optimisation finished successfully after 6 iterations, 19 evaluations
optimisation finished successfully after 27 iterations, 48 evaluations
optimisation finished successfully after 7 iterations, 22 evaluations
optimisation finished successfully after 7 iterations, 23 evaluations
optimisation finished successfully after 6 iterations, 21 evaluations
optimisation finished successfully after 7 iterations, 23 evaluations
create True (41, 13) (40, 14)
iter 29 T 1.0 sidx 4 index 2 move create M 14
optimisation finished successfully after 381 iterations, 576 evaluations
optimisation finished successfully after 51 iterations, 100 evaluations
optimisation finished successfully after 57 iterations, 108 evaluations
optimisation finished successfully after 51 iterations, 104 evaluations
create False (40, 14) (40, 15)
iter 30 T 1.0 sidx 5 index 4 move percolate M 14
optimisation finished successfully after 13 iterations, 32 evaluations
optimisation finished successfully after 16 iterations, 38 evaluations
iter 31 T 0.8333333333333334 sidx 4 index 2 move destroy M 14
optimisation finished successfully after 81 iterations, 123 evaluations
optimisation finished successfully after 26 iterations, 47 evaluations
optimisation finished successfully after 14 iterations, 34 evaluations
optimisation finished successfully after 12 iterations, 30 evaluations
optimisation finished successfully after 12 iterations, 32 evaluations
optimisation finished successfully after 12 iterations, 32 evaluations
optimisation finished successfully after 11 iterations, 30 evaluations
optimisation finished successfully after 21 iterations, 42 evaluations
destroy False (40, 14) (43, 13)
iter 32 T 0.8333333333333334 sidx 5 index 4 move destroy M 14
optimisation finished successfully after 47 iterations, 80 evaluations
destroy without percolating (40, 14) (40, 13)
iter 33 T 1.0 sidx 7 index 4 move percolate M 13
optimisation finished successfully after 22 iterations, 45 evaluations
optimisation finished successfully after 63 iterations, 100 evaluations
optimisation finished successfully after 22 iterations, 46 evaluations
iter 34 T 1.0 sidx 17 index 3 move destroy M 13
optimisation finished successfully after 113 iterations, 175 evaluations
destroy without percolating (41, 13) (41, 12)
iter 35 T 1.0 sidx 4 index 2 move destroy M 12
optimisation finished successfully after 116 iterations, 180 evaluations
destroy without percolating (41, 12) (40, 11)
iter 36 T 1.0 sidx 1 index 1 move destroy M 11
optimisation finished successfully after 49 iterations, 83 evaluations
optimisation finished successfully after 431 iterations, 638 evaluations
optimisation finished successfully after 17 iterations, 39 evaluations
optimisation finished successfully after 41 iterations, 72 evaluations
optimisation finished successfully after 24 iterations, 49 evaluations
destroy False (40, 11) (43, 10)
iter 37 T 1.0 sidx 7 index 2 move percolate M 11
optimisation finished successfully after 76 iterations, 123 evaluations
optimisation finished successfully after 19 iterations, 44 evaluations
iter 38 T 0.8333333333333334 sidx 1 index 1 move percolate M 11
optimisation finished successfully after 64 iterations, 109 evaluations
optimisation finished successfully after 15 iterations, 35 evaluations
optimisation finished successfully after 28 iterations, 51 evaluations
iter 39 T 0.8333333333333334 sidx 7 index 2 move create M 11
optimisation finished successfully after 31 iterations, 57 evaluations
optimisation finished successfully after 27 iterations, 53 evaluations
optimisation finished successfully after 19 iterations, 44 evaluations
create False (40, 11) (41, 12)
iter 40 T 0.8333333333333334 sidx 8 index 3 move create M 11
optimisation finished successfully after 32 iterations, 60 evaluations
optimisation finished successfully after 15 iterations, 37 evaluations
optimisation finished successfully after 18 iterations, 43 evaluations
optimisation finished successfully after 15 iterations, 38 evaluations
create False (40, 11) (41, 12)
iter 41 T 0.8333333333333334 sidx 9 index 4 move destroy M 11
optimisation finished successfully after 32 iterations, 60 evaluations
destroy without percolating (40, 11) (40, 10)
iter 42 T 1.0 sidx 8 index 3 move create M 10
optimisation finished successfully after 132 iterations, 196 evaluations
optimisation finished successfully after 107 iterations, 158 evaluations
optimisation finished successfully after 99 iterations, 163 evaluations
optimisation finished successfully after 130 iterations, 196 evaluations
optimisation finished successfully after 27 iterations, 55 evaluations
create False (40, 10) (40, 11)
iter 43 T 1.0 sidx 10 index 4 move destroy M 10
optimisation finished successfully after 29 iterations, 54 evaluations
destroy without percolating (40, 10) (38, 9)
iter 44 T 1.0 sidx 8 index 3 move destroy M 9
optimisation finished successfully after 29 iterations, 57 evaluations
destroy without percolating (38, 9) (37, 8)
iter 45 T 1.0 sidx 7 index 2 move destroy M 8
optimisation finished successfully after 257 iterations, 388 evaluations
optimisation finished successfully after 217 iterations, 305 evaluations
optimisation finished successfully after 18 iterations, 43 evaluations
optimisation finished successfully after 20 iterations, 44 evaluations
optimisation finished successfully after 23 iterations, 50 evaluations
destroy False (37, 8) (69, 7)
iter 46 T 1.0 sidx 11 index 3 move destroy M 8
optimisation finished successfully after 28 iterations, 55 evaluations
destroy without percolating (37, 8) (37, 7)
iter 47 T 1.0 sidx 7 index 2 move percolate M 7
optimisation finished successfully after 56 iterations, 98 evaluations
optimisation finished successfully after 20 iterations, 46 evaluations
iter 48 T 1.0 sidx 12 index 3 move percolate M 7
optimisation finished successfully after 27 iterations, 60 evaluations
optimisation finished successfully after 40 iterations, 73 evaluations
iter 49 T 0.8333333333333334 sidx 7 index 2 move create M 7
optimisation finished successfully after 50 iterations, 85 evaluations
optimisation finished successfully after 27 iterations, 53 evaluations
optimisation finished successfully after 28 iterations, 59 evaluations
create False (37, 7) (37, 8)
iter 50 T 0.8333333333333334 sidx 12 index 3 move destroy M 7
optimisation finished successfully after 91 iterations, 147 evaluations
optimisation finished successfully after 37 iterations, 70 evaluations
optimisation finished successfully after 48 iterations, 87 evaluations
optimisation finished successfully after 27 iterations, 59 evaluations
optimisation finished successfully after 48 iterations, 90 evaluations
optimisation finished successfully after 30 iterations, 64 evaluations
destroy False (37, 7) (39, 6)
iter 51 T 0.8333333333333334 sidx 13 index 4 move destroy M 7
optimisation finished successfully after 216 iterations, 326 evaluations
optimisation finished successfully after 89 iterations, 138 evaluations
optimisation finished successfully after 158 iterations, 243 evaluations
optimisation finished successfully after 21 iterations, 44 evaluations
destroy True (37, 7) (37, 6)
iter 52 T 1.0 sidx 12 index 3 move percolate M 6
optimisation finished successfully after 25 iterations, 58 evaluations
optimisation finished successfully after 23 iterations, 51 evaluations
iter 53 T 1.0 sidx 16 index 4 move create M 6
optimisation finished successfully after 44 iterations, 77 evaluations
optimisation finished successfully after 170 iterations, 260 evaluations
optimisation finished successfully after 48 iterations, 87 evaluations
create False (37, 6) (38, 7)
iter 54 T 0.8333333333333334 sidx 12 index 3 move destroy M 6
optimisation finished successfully after 28 iterations, 57 evaluations
destroy without percolating (37, 6) (36, 5)
iter 55 T 1.0 sidx 7 index 2 move destroy M 5
optimisation finished successfully after 84 iterations, 132 evaluations
optimisation finished successfully after 209 iterations, 312 evaluations
optimisation finished successfully after 151 iterations, 228 evaluations
optimisation finished successfully after 48 iterations, 83 evaluations
optimisation finished successfully after 500 iterations, 724 evaluations
optimisation finished successfully after 44 iterations, 75 evaluations
optimisation finished successfully after 24 iterations, 50 evaluations
optimisation finished successfully after 37 iterations, 64 evaluations
optimisation finished successfully after 18 iterations, 39 evaluations
destroy False (36, 5) (60, 4)
iter 56 T 1.0 sidx 16 index 3 move percolate M 5
optimisation finished successfully after 49 iterations, 87 evaluations
optimisation finished successfully after 26 iterations, 53 evaluations
iter 57 T 0.8333333333333334 sidx 7 index 2 move percolate M 5
optimisation finished successfully after 67 iterations, 109 evaluations
optimisation finished successfully after 24 iterations, 54 evaluations
iter 58 T 0.8333333333333334 sidx 16 index 3 move destroy M 5
optimisation finished successfully after 128 iterations, 202 evaluations
destroy False (36, 5) (38, 4)
iter 59 T 0.6666666666666666 sidx -1 index 4 move destroy M 5
optimisation finished successfully after 21 iterations, 42 evaluations
destroy False (36, 5) (39, 4)
iter 60 T 0.6666666666666666 sidx 0 index 0 move destroy M 5
iter 61 T 0.6666666666666666 sidx 1 index 1 move create M 5
optimisation finished successfully after 48 iterations, 78 evaluations
optimisation finished successfully after 46 iterations, 80 evaluations
optimisation finished successfully after 48 iterations, 82 evaluations
optimisation finished successfully after 68 iterations, 106 evaluations
optimisation finished successfully after 15 iterations, 33 evaluations
create True (36, 5) (35, 6)
iter 62 T 1.0 sidx 1 index 1 move percolate M 6
optimisation finished successfully after 38 iterations, 68 evaluations
optimisation finished successfully after 50 iterations, 84 evaluations
optimisation finished successfully after 18 iterations, 38 evaluations
iter 63 T 1.0 sidx 7 index 3 move percolate M 6
optimisation finished successfully after 83 iterations, 135 evaluations
optimisation finished successfully after 39 iterations, 71 evaluations
iter 64 T 0.8333333333333334 sidx 1 index 1 move destroy M 6
optimisation finished successfully after 42 iterations, 71 evaluations
destroy without percolating (34, 6) (34, 5)
iter 65 T 1.0 sidx 18 index 1 move percolate M 5
optimisation finished successfully after 49 iterations, 83 evaluations
optimisation finished successfully after 61 iterations, 100 evaluations
iter 66 T 0.8333333333333334 sidx 7 index 2 move destroy M 5
optimisation finished successfully after 116 iterations, 179 evaluations
optimisation finished successfully after 192 iterations, 282 evaluations
optimisation finished successfully after 124 iterations, 191 evaluations
optimisation finished successfully after 67 iterations, 113 evaluations
optimisation finished successfully after 32 iterations, 62 evaluations
optimisation finished successfully after 48 iterations, 86 evaluations
optimisation finished successfully after 63 iterations, 106 evaluations
destroy False (34, 5) (58, 4)
iter 67 T 0.8333333333333334 sidx 18 index 1 move destroy M 5
optimisation finished successfully after 223 iterations, 348 evaluations
optimisation finished successfully after 136 iterations, 197 evaluations
optimisation finished successfully after 23 iterations, 50 evaluations
optimisation finished successfully after 34 iterations, 63 evaluations
optimisation finished successfully after 20 iterations, 46 evaluations
optimisation finished successfully after 34 iterations, 63 evaluations
optimisation finished successfully after 23 iterations, 49 evaluations
destroy False (34, 5) (40, 4)
iter 68 T 0.6666666666666666 sidx 7 index 2 move create M 5
optimisation finished successfully after 187 iterations, 274 evaluations
optimisation finished successfully after 76 iterations, 126 evaluations
optimisation finished successfully after 24 iterations, 53 evaluations
create False (34, 5) (36, 6)
iter 69 T 0.6666666666666666 sidx 16 index 3 move create M 5
optimisation finished successfully after 33 iterations, 64 evaluations
optimisation finished successfully after 145 iterations, 223 evaluations
optimisation finished successfully after 58 iterations, 100 evaluations
optimisation finished successfully after 25 iterations, 55 evaluations
optimisation finished successfully after 39 iterations, 73 evaluations
create False (34, 5) (37, 6)
iter 70 T 0.6666666666666666 sidx 18 index 1 move create M 5
optimisation finished successfully after 81 iterations, 133 evaluations
optimisation finished successfully after 23 iterations, 46 evaluations
optimisation finished successfully after 55 iterations, 87 evaluations
create False (34, 5) (35, 6)
iter 71 T 0.5 sidx -1 index 4 move create M 5
did not create at 4
iter 72 T 0.5 sidx 0 index 0 move create M 5
optimisation finished successfully after 29 iterations, 54 evaluations
create False (34, 5) (36, 6)
iter 73 T 0.5 sidx 7 index 2 move create M 5
optimisation finished successfully after 187 iterations, 274 evaluations
optimisation finished successfully after 76 iterations, 126 evaluations
optimisation finished successfully after 24 iterations, 53 evaluations
create False (34, 5) (36, 6)
iter 74 T 0.5 sidx 16 index 3 move destroy M 5
optimisation finished successfully after 206 iterations, 304 evaluations
destroy without percolating (34, 5) (34, 4)
iter 75 T 1.0 sidx 7 index 2 move create M 4
optimisation finished successfully after 170 iterations, 253 evaluations
optimisation finished successfully after 72 iterations, 124 evaluations
optimisation finished successfully after 41 iterations, 74 evaluations
create False (34, 4) (37, 5)
iter 76 T 0.8333333333333334 sidx 7 index 2 move destroy M 4
optimisation finished successfully after 99 iterations, 155 evaluations
destroy False (34, 4) (64, 3)
iter 77 T 0.6666666666666666 sidx 7 index 2 move percolate M 4
optimisation finished successfully after 55 iterations, 88 evaluations
optimisation finished successfully after 18 iterations, 41 evaluations
iter 78 T 0.5 sidx 7 index 2 move destroy M 4
optimisation finished successfully after 99 iterations, 155 evaluations
destroy False (34, 4) (64, 3)
iter 79 T 0.5 sidx 18 index 1 move create M 4
optimisation finished successfully after 73 iterations, 120 evaluations
optimisation finished successfully after 22 iterations, 40 evaluations
optimisation finished successfully after 39 iterations, 68 evaluations
create False (34, 4) (34, 5)
iter 80 T 0.41666666666666674 sidx -1 index 3 move destroy M 4
optimisation finished successfully after 116 iterations, 197 evaluations
destroy False (34, 4) (65, 3)
iter 81 T 0.41666666666666674 sidx 0 index 0 move destroy M 4
iter 82 T 0.41666666666666674 sidx 7 index 2 move percolate M 4
optimisation finished successfully after 55 iterations, 88 evaluations
optimisation finished successfully after 18 iterations, 41 evaluations
iter 83 T 0.41666666666666674 sidx 18 index 1 move destroy M 4
optimisation finished successfully after 104 iterations, 168 evaluations
optimisation finished successfully after 166 iterations, 259 evaluations
optimisation finished successfully after 95 iterations, 155 evaluations
optimisation finished successfully after 26 iterations, 52 evaluations
optimisation finished successfully after 20 iterations, 42 evaluations
optimisation finished successfully after 38 iterations, 68 evaluations
optimisation finished successfully after 23 iterations, 47 evaluations
destroy False (34, 4) (41, 3)
iter 84 T 0.33333333333333326 sidx -1 index 3 move percolate M 4
iter 85 T 0.33333333333333326 sidx 0 index 0 move percolate M 4
iter 86 T 0.33333333333333326 sidx 7 index 2 move create M 4
optimisation finished successfully after 170 iterations, 253 evaluations
optimisation finished successfully after 72 iterations, 124 evaluations
optimisation finished successfully after 41 iterations, 74 evaluations
create False (34, 4) (37, 5)
iter 87 T 0.33333333333333326 sidx 18 index 1 move percolate M 4
optimisation finished successfully after 19 iterations, 42 evaluations
optimisation finished successfully after 99 iterations, 156 evaluations
optimisation finished successfully after 19 iterations, 41 evaluations
optimisation finished successfully after 28 iterations, 55 evaluations
iter 88 T 0.25 sidx -1 index 3 move create M 4
did not create at 3
iter 89 T 0.25 sidx 0 index 0 move create M 4
optimisation finished successfully after 32 iterations, 58 evaluations
create False (37, 4) (37, 5)
iter 90 T 0.25 sidx 7 index 2 move create M 4
optimisation finished successfully after 179 iterations, 282 evaluations
optimisation finished successfully after 78 iterations, 124 evaluations
optimisation finished successfully after 20 iterations, 48 evaluations
create False (37, 4) (38, 5)
iter 91 T 0.25 sidx 18 index 1 move percolate M 4
optimisation finished successfully after 27 iterations, 57 evaluations
optimisation finished successfully after 28 iterations, 55 evaluations
iter 92 T 0.20833333333333337 sidx -1 index 3 move percolate M 4
iter 93 T 0.20833333333333337 sidx 0 index 0 move percolate M 4
iter 94 T 0.20833333333333337 sidx 7 index 2 move percolate M 4
optimisation finished successfully after 55 iterations, 91 evaluations
optimisation finished successfully after 20 iterations, 46 evaluations
iter 95 T 0.20833333333333337 sidx 18 index 1 move create M 4
optimisation finished successfully after 68 iterations, 109 evaluations
optimisation finished successfully after 33 iterations, 59 evaluations
optimisation finished successfully after 14 iterations, 28 evaluations
create False (37, 4) (38, 5)
iter 96 T 0.16666666666666663 sidx -1 index 3 move destroy M 4
optimisation finished successfully after 132 iterations, 221 evaluations
destroy False (37, 4) (62, 3)
iter 97 T 0.16666666666666663 sidx 0 index 0 move destroy M 4
iter 98 T 0.16666666666666663 sidx 7 index 2 move destroy M 4
optimisation finished successfully after 93 iterations, 150 evaluations
destroy False (37, 4) (63, 3)
iter 99 T 0.16666666666666663 sidx 18 index 1 move destroy M 4
optimisation finished successfully after 119 iterations, 185 evaluations
optimisation finished successfully after 28 iterations, 54 evaluations
optimisation finished successfully after 18 iterations, 37 evaluations
destroy False (37, 4) (52, 3)
iter 100 T 0.125 sidx -1 index 3 move percolate M 4
iter 101 T 0.125 sidx 0 index 0 move percolate M 4
iter 102 T 0.125 sidx 7 index 2 move percolate M 4
optimisation finished successfully after 55 iterations, 91 evaluations
optimisation finished successfully after 20 iterations, 46 evaluations
iter 103 T 0.125 sidx 18 index 1 move create M 4
optimisation finished successfully after 68 iterations, 109 evaluations
optimisation finished successfully after 33 iterations, 59 evaluations
optimisation finished successfully after 14 iterations, 28 evaluations
create False (37, 4) (38, 5)
iter 104 T 0.10416666666666663 sidx -1 index 3 move create M 4
did not create at 3
iter 105 T 0.10416666666666663 sidx 0 index 0 move create M 4
optimisation finished successfully after 32 iterations, 58 evaluations
create False (37, 4) (37, 5)
iter 106 T 0.10416666666666663 sidx 7 index 2 move create M 4
optimisation finished successfully after 179 iterations, 282 evaluations
optimisation finished successfully after 78 iterations, 124 evaluations
optimisation finished successfully after 20 iterations, 48 evaluations
create False (37, 4) (38, 5)
iter 107 T 0.10416666666666663 sidx 18 index 1 move percolate M 4
optimisation finished successfully after 27 iterations, 57 evaluations
optimisation finished successfully after 28 iterations, 55 evaluations
iter 108 T 0.08333333333333337 sidx -1 index 3 move destroy M 4
optimisation finished successfully after 132 iterations, 221 evaluations
destroy False (37, 4) (62, 3)
iter 109 T 0.08333333333333337 sidx 0 index 0 move destroy M 4
iter 110 T 0.08333333333333337 sidx 7 index 2 move destroy M 4
optimisation finished successfully after 93 iterations, 150 evaluations
destroy False (37, 4) (63, 3)
iter 111 T 0.08333333333333337 sidx 18 index 1 move destroy M 4
optimisation finished successfully after 119 iterations, 185 evaluations
optimisation finished successfully after 28 iterations, 54 evaluations
optimisation finished successfully after 18 iterations, 37 evaluations
destroy False (37, 4) (52, 3)
iter 112 T 0.0625 sidx -1 index 3 move destroy M 4
optimisation finished successfully after 132 iterations, 221 evaluations
destroy False (37, 4) (62, 3)
iter 113 T 0.0625 sidx 0 index 0 move create M 4
optimisation finished successfully after 32 iterations, 58 evaluations
create False (37, 4) (37, 5)
iter 114 T 0.0625 sidx 7 index 2 move destroy M 4
optimisation finished successfully after 93 iterations, 150 evaluations
destroy False (37, 4) (63, 3)
iter 115 T 0.0625 sidx 18 index 1 move destroy M 4
optimisation finished successfully after 119 iterations, 185 evaluations
optimisation finished successfully after 28 iterations, 54 evaluations
optimisation finished successfully after 18 iterations, 37 evaluations
destroy False (37, 4) (52, 3)
iter 116 T 0.05208333333333337 sidx -1 index 3 move create M 4
did not create at 3
iter 117 T 0.05208333333333337 sidx 0 index 0 move destroy M 4
iter 118 T 0.05208333333333337 sidx 7 index 2 move percolate M 4
optimisation finished successfully after 55 iterations, 91 evaluations
optimisation finished successfully after 20 iterations, 46 evaluations
iter 119 T 0.05208333333333337 sidx 18 index 1 move percolate M 4
optimisation finished successfully after 27 iterations, 57 evaluations
optimisation finished successfully after 28 iterations, 55 evaluations
iter 120 T 0.04166666666666663 sidx -1 index 3 move percolate M 4
iter 121 T 0.04166666666666663 sidx 0 index 0 move percolate M 4
iter 122 T 0.04166666666666663 sidx 7 index 2 move create M 4
optimisation finished successfully after 179 iterations, 282 evaluations
optimisation finished successfully after 78 iterations, 124 evaluations
optimisation finished successfully after 20 iterations, 48 evaluations
create False (37, 4) (38, 5)
iter 123 T 0.04166666666666663 sidx 18 index 1 move create M 4
optimisation finished successfully after 68 iterations, 109 evaluations
optimisation finished successfully after 33 iterations, 59 evaluations
optimisation finished successfully after 14 iterations, 28 evaluations
create False (37, 4) (38, 5)
iter 124 T 0.03125 sidx -1 index 3 move percolate M 4
iter 125 T 0.03125 sidx 0 index 0 move percolate M 4
iter 126 T 0.03125 sidx 7 index 2 move percolate M 4
optimisation finished successfully after 55 iterations, 91 evaluations
optimisation finished successfully after 20 iterations, 46 evaluations
iter 127 T 0.03125 sidx 18 index 1 move create M 4
optimisation finished successfully after 68 iterations, 109 evaluations
optimisation finished successfully after 33 iterations, 59 evaluations
optimisation finished successfully after 14 iterations, 28 evaluations
create False (37, 4) (38, 5)
iter 128 T 0.02604166666666663 sidx -1 index 3 move destroy M 4
optimisation finished successfully after 132 iterations, 221 evaluations
destroy False (37, 4) (62, 3)
iter 129 T 0.02604166666666663 sidx 0 index 0 move destroy M 4
iter 130 T 0.02604166666666663 sidx 7 index 2 move destroy M 4
optimisation finished successfully after 93 iterations, 150 evaluations
destroy False (37, 4) (63, 3)
iter 131 T 0.02604166666666663 sidx 18 index 1 move destroy M 4
optimisation finished successfully after 119 iterations, 185 evaluations
optimisation finished successfully after 28 iterations, 54 evaluations
optimisation finished successfully after 18 iterations, 37 evaluations
destroy False (37, 4) (52, 3)
iter 132 T 0.02083333333333337 sidx -1 index 3 move create M 4
did not create at 3
iter 133 T 0.02083333333333337 sidx 0 index 0 move create M 4
optimisation finished successfully after 32 iterations, 58 evaluations
create False (37, 4) (37, 5)
iter 134 T 0.02083333333333337 sidx 7 index 2 move create M 4
optimisation finished successfully after 179 iterations, 282 evaluations
optimisation finished successfully after 78 iterations, 124 evaluations
optimisation finished successfully after 20 iterations, 48 evaluations
create False (37, 4) (38, 5)
iter 135 T 0.02083333333333337 sidx 18 index 1 move percolate M 4
optimisation finished successfully after 27 iterations, 57 evaluations
optimisation finished successfully after 28 iterations, 55 evaluations
iter 136 T 0.015625 sidx -1 index 3 move create M 4
did not create at 3
iter 137 T 0.015625 sidx 0 index 0 move destroy M 4
iter 138 T 0.015625 sidx 7 index 2 move destroy M 4
optimisation finished successfully after 93 iterations, 150 evaluations
destroy False (37, 4) (63, 3)
iter 139 T 0.015625 sidx 18 index 1 move create M 4
optimisation finished successfully after 68 iterations, 109 evaluations
optimisation finished successfully after 33 iterations, 59 evaluations
optimisation finished successfully after 14 iterations, 28 evaluations
create False (37, 4) (38, 5)
iter 140 T 0.01302083333333337 sidx -1 index 3 move destroy M 4
optimisation finished successfully after 132 iterations, 221 evaluations
destroy False (37, 4) (62, 3)
iter 141 T 0.01302083333333337 sidx 0 index 0 move create M 4
optimisation finished successfully after 32 iterations, 58 evaluations
create False (37, 4) (37, 5)
iter 142 T 0.01302083333333337 sidx 7 index 2 move create M 4
optimisation finished successfully after 179 iterations, 282 evaluations
optimisation finished successfully after 78 iterations, 124 evaluations
optimisation finished successfully after 20 iterations, 48 evaluations
create False (37, 4) (38, 5)
iter 143 T 0.01302083333333337 sidx 18 index 1 move percolate M 4
optimisation finished successfully after 27 iterations, 57 evaluations
optimisation finished successfully after 28 iterations, 55 evaluations
iter 144 T 0.01041666666666663 sidx -1 index 3 move percolate M 4
iter 145 T 0.01041666666666663 sidx 0 index 0 move percolate M 4
iter 146 T 0.01041666666666663 sidx 7 index 2 move percolate M 4
optimisation finished successfully after 55 iterations, 91 evaluations
optimisation finished successfully after 20 iterations, 46 evaluations
iter 147 T 0.01041666666666663 sidx 18 index 1 move destroy M 4
optimisation finished successfully after 119 iterations, 185 evaluations
optimisation finished successfully after 28 iterations, 54 evaluations
optimisation finished successfully after 18 iterations, 37 evaluations
destroy False (37, 4) (52, 3)
iter 148 T 0.0078125 sidx -1 index 3 move create M 4
did not create at 3
iter 149 T 0.0078125 sidx 0 index 0 move percolate M 4
iter 150 T 0.0078125 sidx 7 index 2 move percolate M 4
optimisation finished successfully after 55 iterations, 91 evaluations
optimisation finished successfully after 20 iterations, 46 evaluations
iter 151 T 0.0078125 sidx 18 index 1 move destroy M 4
optimisation finished successfully after 119 iterations, 185 evaluations
optimisation finished successfully after 28 iterations, 54 evaluations
optimisation finished successfully after 18 iterations, 37 evaluations
destroy False (37, 4) (52, 3)
iter 152 T 0.00651041666666663 sidx -1 index 3 move percolate M 4
iter 153 T 0.00651041666666663 sidx 0 index 0 move destroy M 4
iter 154 T 0.00651041666666663 sidx 7 index 2 move destroy M 4
optimisation finished successfully after 93 iterations, 150 evaluations
destroy False (37, 4) (63, 3)
iter 155 T 0.00651041666666663 sidx 18 index 1 move percolate M 4
optimisation finished successfully after 27 iterations, 57 evaluations
optimisation finished successfully after 28 iterations, 55 evaluations
iter 156 T 0.00520833333333337 sidx -1 index 3 move destroy M 4
optimisation finished successfully after 132 iterations, 221 evaluations
destroy False (37, 4) (62, 3)
iter 157 T 0.00520833333333337 sidx 0 index 0 move create M 4
optimisation finished successfully after 32 iterations, 58 evaluations
create False (37, 4) (37, 5)
iter 158 T 0.00520833333333337 sidx 7 index 2 move create M 4
optimisation finished successfully after 179 iterations, 282 evaluations
optimisation finished successfully after 78 iterations, 124 evaluations
optimisation finished successfully after 20 iterations, 48 evaluations
create False (37, 4) (38, 5)
iter 159 T 0.00520833333333337 sidx 18 index 1 move create M 4
optimisation finished successfully after 68 iterations, 109 evaluations
optimisation finished successfully after 33 iterations, 59 evaluations
optimisation finished successfully after 14 iterations, 28 evaluations
create False (37, 4) (38, 5)
iter 160 T 0.00390625 sidx -1 index 3 move percolate M 4
iter 161 T 0.00390625 sidx 0 index 0 move create M 4
optimisation finished successfully after 32 iterations, 58 evaluations
create False (37, 4) (37, 5)
iter 162 T 0.00390625 sidx 7 index 2 move percolate M 4
optimisation finished successfully after 55 iterations, 91 evaluations
optimisation finished successfully after 20 iterations, 46 evaluations
iter 163 T 0.00390625 sidx 18 index 1 move create M 4
optimisation finished successfully after 68 iterations, 109 evaluations
optimisation finished successfully after 33 iterations, 59 evaluations
optimisation finished successfully after 14 iterations, 28 evaluations
create False (37, 4) (38, 5)
iter 164 T 0.0032552083333333703 sidx -1 index 3 move create M 4
did not create at 3
iter 165 T 0.0032552083333333703 sidx 0 index 0 move destroy M 4
iter 166 T 0.0032552083333333703 sidx 7 index 2 move destroy M 4
optimisation finished successfully after 93 iterations, 150 evaluations
destroy False (37, 4) (63, 3)
iter 167 T 0.0032552083333333703 sidx 18 index 1 move percolate M 4
optimisation finished successfully after 27 iterations, 57 evaluations
optimisation finished successfully after 28 iterations, 55 evaluations
iter 168 T 0.0026041666666666297 sidx -1 index 3 move destroy M 4
optimisation finished successfully after 132 iterations, 221 evaluations
destroy False (37, 4) (62, 3)
iter 169 T 0.0026041666666666297 sidx 0 index 0 move percolate M 4
iter 170 T 0.0026041666666666297 sidx 7 index 2 move create M 4
optimisation finished successfully after 179 iterations, 282 evaluations
optimisation finished successfully after 78 iterations, 124 evaluations
optimisation finished successfully after 20 iterations, 48 evaluations
create False (37, 4) (38, 5)
iter 171 T 0.0026041666666666297 sidx 18 index 1 move destroy M 4
optimisation finished successfully after 119 iterations, 185 evaluations
optimisation finished successfully after 28 iterations, 54 evaluations
optimisation finished successfully after 18 iterations, 37 evaluations
destroy False (37, 4) (52, 3)
iter 172 T 0.001953125 sidx -1 index 3 move create M 4
did not create at 3
iter 173 T 0.001953125 sidx 0 index 0 move percolate M 4
iter 174 T 0.001953125 sidx 7 index 2 move percolate M 4
optimisation finished successfully after 55 iterations, 91 evaluations
optimisation finished successfully after 20 iterations, 46 evaluations
iter 175 T 0.001953125 sidx 18 index 1 move create M 4
optimisation finished successfully after 68 iterations, 109 evaluations
optimisation finished successfully after 33 iterations, 59 evaluations
optimisation finished successfully after 14 iterations, 28 evaluations
create False (37, 4) (38, 5)
iter 176 T 0.0016276041666666297 sidx -1 index 3 move percolate M 4
iter 177 T 0.0016276041666666297 sidx 0 index 0 move create M 4
optimisation finished successfully after 32 iterations, 58 evaluations
create False (37, 4) (37, 5)
iter 178 T 0.0016276041666666297 sidx 7 index 2 move destroy M 4
optimisation finished successfully after 93 iterations, 150 evaluations
destroy False (37, 4) (63, 3)
iter 179 T 