0.11417499034036062 0.01632151637964687
0.2971982855160391 6.895774851271847
1.4737357390977188 0.01445862328357533
0.6469239929358994 0.014503497805464583
0.5438784194409235 0.017935822343932546
0.5456482917764193 0.024777083496835405
2.7711698607051916 0.794071260005029
0.13277550964971332 0.016330799500395114
0.9697310361606992 1.375530426677931
1.848458818837816 0.7550576078685897
0.7856986017107735 0.015836355645976227
0.40230954569634025 9.416079839623405
1.0347007104430699 0.01542132646590258
1.4078830534105207 0.015467992252653082
1.4622469531880704 0.017441429727115286
0.9953115197466623 0.017414677699410755
0.39930891273304964 0.16122549088280522
0.615576111495222 0.14336719580901128
0.3077542096186605 0.01594899453134978
0.5394531386404972 0.6740849707270218
0.38461680579128843 0.0158033225032663
0.783518671269019 0.015214635549674598
0.4731515852051532 0.1921458980720447
0.45237822858263727 0.01617487177426826
0.24109834117845527 0.29070066602663314
0.22291996171676592 0.02276295013106333
0.5737530195902082 0.014328261557511424
0.3645286726639498 0.01800858257910956
0.7963740757419109 0.014834850931147408
0.21245362546940114 0.01762895681462456
0.3097016830187239 0.10002159308845567
0.35924820423968157 0.10104162122860129
0.2031235155747718 0.016704914883017632
0.16685279076006929 2.091904665389392
0.2655898673796481 0.0171285350969037
0.08174010811960923 0.0157623652273669
0.12164428672213971 0.20410612894547986
0.35030462143144225 0.031370119076796904
0.1874320460888314 0.017284892920467174
0.1922944804374244 0.01720331070702621
0.1643439118731555 0.020670333145904635
0.3473753686285554 0.01584218495485127
0.15008059093173845 0.016388068206545012
0.12197097696310343 0.03362346073374554
0.15701359546480886 0.11720126635501463
0.12569736589363634 0.017314089918814096
0.2358260071168048 0.014490690469463337
0.12281613062589475 0.056794439802916055
0.17715963380074728 0.06553692836835126
0.10201734730524528 0.01734454854866195
0.27696598069568185 0.016451212416188462
0.12955280540351208 0.015938112832382896
0.12484296560625949 0.016625570803496633
0.12551797579546023 0.0159399145973797
0.19724423089669885 0.01606001151670918
0.09494979971038559 0.016066170917201247
0.10836061662245595 0.01615988703376915
0.23105089076470536 0.03796066515179722
0.09032768395737467 0.015977306514292786
0.10804445749667373 0.015081251842744052
0.08149264611391493 0.016134337971697593
0.10835305849284947 0.018244695065713842
0.1557449389445434 0.019042483499975484
0.08170132995905803 0.0167058434452083
0.11779928639042864 0.01580670987635232
0.08797950622377511 0.016695896709750524
0.1008795033882708 0.016409932358893965
0.12607808159783232 0.017101423536716134
0.08287606779622429 0.0483454531743507
0.07789773807338604 0.015951018546483627
0.08377984221010143 0.05263202839049935
0.08324362406819526 0.0626302775349703
0.08310031561633299 0.015826050423855948
0.08616010090931066 0.01596239655071763
0.08287939222880691 0.015795902432297358
0.08861047690674975 0.01616153669712869
0.08090932250049816 0.01551915701141899
0.08510993557527684 0.015717255208228947
0.07917099639181327 0.01586309006429299
0.08016867681189802 0.015533304357405185
0.08484447400817256 0.015660033653162306
0.07484768542317105 0.01577231535988221
0.07412579345189763 0.01598483666257467
0.08508180762996387 0.0162482540856999
0.07993303956927623 0.0830798839600338
0.0729382818586277 0.016038102480461627
0.07574491599796965 0.0892955654672031
0.07513940292552783 0.01558649267088362
0.0764942086298395 0.015589583145793666
0.07550953448400544 0.016132784238976218
0.07560817147775475 0.01592341574963531
0.07695414863094908 0.015821584137644385
0.07456766209504592 0.01561966525439653
0.0732399198309169 0.015696046922433766
0.07404855656341161 0.015649015869758268
0.07204007971135226 0.01569245195334238
0.07155265654343589 0.0156388880068448
0.07191355422237784 0.01614541946939403
0.07424962951654786 0.01569587658975722
0.07133488023668494 0.015607340983832077
0.07585949644004261 0.015499439161958556
0.0694144120053476 0.015965269364449586
0.06925366640540193 0.01621396232234528
0.0696310022633573 0.01618481695293795
0.073448470892179 0.01582420463056199
0.0715859920584023 0.016239696811622538
0.07467554861994706 0.016198408738251204
0.07089803557816962 0.01582516819676925
0.06975397229143818 0.015739612678815136
0.06876387422453437 0.016215445938257602
0.07160875495496018 0.016730082209201053
0.07180660737136504 0.015664404247696398
0.07309264803190753 0.01556814718851917
0.06950324898474795 0.01603637316693081
0.07176430739737799 0.01609387364538057
0.06967296424023288 0.01576291661811359
0.0706326165664484 0.016252554673950006
0.06887132171149181 0.016412215710150578
0.07066645117549858 0.01579250080483468
0.0697067508126443 0.0162880202185079
0.0722162058020599 0.01642219815823826
0.06884508284075341 0.015908766364017002
0.07058248213227922 0.015846362334008053
0.06879593370727666 0.016140553001562724
0.06996713872348401 0.015837214326875626
0.06888974458150812 0.015926325554521843
0.06888581942896096 0.015968246455028836
0.06843688421626701 0.016356618310712605
0.06882405755616823 0.016466513535794522
0.0691496366899102 0.016442412086217807
0.06843589680108142 0.01606466617539888
0.06968609487146471 0.015788136135240133
0.06825340873097864 0.016292221233589258
0.06926196749009367 0.015801826561859827
0.06854524055323474 0.01595200145601803
0.06888674124711372 0.015956109709834486
0.06956787344355841 0.015969606987008413
0.06831138191091159 0.016096296142672092
0.06963097346924883 0.01616644617529898
0.06831658346747782 0.01601734941259637
0.06870968035892776 0.016213439492140765
0.06837720258744262 0.01601234725959659
0.06784393313220026 0.016246211114826013
0.06804797584041385 0.016406736918221736
0.0691248891345977 0.015805783412070507
0.06809382978603411 0.01621516457545298
0.06826472482304996 0.016320356450024116
0.06806800893841544 0.016214099565605808
0.06851414843395338 0.015911314290416888
0.06818748236423482 0.016105366523125615
0.06792793800541816 0.016248893305199255
0.0681794591065438 0.016379908490006364
0.0681497465875163 0.016027098741195754
0.06783351153057446 0.016178237834905282
0.06800476678583948 0.016214951355003837
0.06807461076532793 0.016308092337032953
0.06795856718100876 0.016231181515241958
0.06792026773523438 0.016347052435824308
0.06788986826750931 0.016187720637453454
0.06834559487836425 0.016309755271770178
0.06794879512437312 0.01615822082309079
0.06765239400736295 0.0161939395869796
0.06758083105867427 0.016182456552513685
0.06810588305274112 0.016014815160894043
0.06790998467314766 0.016082582448445487
0.06753529755750677 0.016293762333841857
0.06778318087185681 0.01608430121594783
0.06765089255660192 0.016333974652849977
0.06779351474342821 0.016242089305315954
