12.91280545 35.53233804 13.07542222 35.73632816 13.63194141 35.53006030 14.02966064 35.39502457
13.55844572 35.53233804 13.07542222 35.73632816 13.63194141 35.53006030 14.02966064 35.39502457
12.91280545 36.00387625 13.07542222 35.73632816 13.63194141 35.53006030 14.02966064 35.39502457
12.91280545 35.53233804 13.72919333 35.73632816 13.63194141 35.53006030 14.02966064 35.39502457
12.91280545 35.53233804 13.07542222 36.00387625 13.63194141 35.53006030 14.02966064 35.39502457
12.91280545 35.53233804 13.07542222 35.73632816 14.20978426 35.53006030 14.02966064 35.39502457
12.91280545 35.53233804 13.07542222 35.73632816 13.63194141 36.00387625 14.02966064 35.39502457
12.91280545 35.53233804 13.07542222 35.73632816 13.63194141 35.53006030 14.20978426 35.39502457
12.91280545 35.53233804 13.07542222 35.73632816 13.63194141 35.53006030 14.02966064 36.00387625
12.26716518 35.65022259 13.23886499 35.80321518 13.77640212 35.64851428 14.07469154 35.54723749
12.75139538 35.67969373 13.27972569 35.81993693 13.81251730 35.39276677 14.08594927 35.58529072
13.51809321 35.56917696 13.12649808 35.75723035 13.67708538 35.39276677 14.04373280 35.44259110
12.57989718 35.62996118 13.21077327 35.79171897 13.75157294 35.58070644 14.06695186 35.52107589
12.78922587 35.71146730 13.32377862 35.83796508 13.85145398 35.50839845 14.09808651 35.39276677
12.75833097 35.39276677 13.38586773 35.86337431 13.90633212 35.50298299 14.11519297 35.47353949
12.79694959 35.39276677 13.30825635 35.83161277 13.83773444 35.50975232 14.09380989 35.45391076
12.88384148 35.39276677 13.13363075 35.76014931 13.68338967 35.52498330 14.04569795 35.49108328
13.16915624 35.40176818 13.22735048 35.79850300 13.76622489 35.43874452 14.07151913 35.39276677
13.04515550 35.64121295 13.10964093 35.75033176 13.66218600 35.49194670 14.03908840 35.40715514
13.16414974 35.39276677 13.09565040 35.74460630 13.64982031 35.63372724 14.03523380 35.39276677
12.85458397 35.59593674 13.23370687 35.80110428 13.77184305 35.45300688 14.07327040 35.49677836
12.66774581 35.67113348 13.14961471 35.76669055 13.69751726 35.59131507 14.05010177 35.44976814
13.04380363 35.46910951 13.20791653 35.79054989 13.74904798 35.47688716 14.06616479 35.40701711
12.79309842 35.60379216 13.16904865 35.77464367 13.71469417 35.55317243 14.05545611 35.43551780
12.89416984 35.55842715 12.50773569 35.83844427 13.85248893 35.50577733 14.09840912 35.45763365
12.88951094 35.56494943 13.01958517 35.86397330 13.18532225 35.49970659 14.11559624 35.47328592
12.88368731 35.57310228 13.00562590 35.56144948 13.65151031 35.49211816 14.13708014 35.49285125
12.90552592 35.54252910 13.05797314 35.89326955 13.63683363 35.52057476 14.05651552 35.41948124
12.91807239 35.75011414 12.92850297 35.83845648 13.58842305 35.49609302 14.12374722 35.39276677
12.89239921 35.48210361 13.08234880 35.77972610 13.65964801 35.51776073 14.06521027 35.46303547
12.90730137 35.56537286 13.69805131 35.74548197 13.37111355 35.51829484 14.06273634 35.41369212
13.03692353 35.51040304 13.16898901 35.80199215 13.42301316 35.46218034 14.10750941 35.43035155
12.97596726 35.53375032 13.16900392 35.79515503 13.49593341 35.48492837 14.09449608 35.43164311
12.93988705 35.54091669 12.50772451 35.84357212 13.79779874 35.48871631 14.10816912 35.45666497
12.91544779 35.55925882 13.40046961 35.77000451 13.47778485 35.51090021 14.07409453 35.42443533
13.00782041 35.50118333 13.01375963 35.78017487 13.32355469 35.56847760 14.09784108 35.39276677
13.08443863 35.45380663 12.90378602 35.76971016 13.09941051 35.62621297 14.11012642 35.39276677
12.98245208 35.54425454 13.17843998 35.65973592 13.38024437 35.51288544 14.12492736 35.42611148
12.96322054 35.54382318 13.14832327 35.71811933 13.44439169 35.51480777 14.10782440 35.42445392
12.82233876 35.42122324 13.13644278 35.79462060 13.30044343 35.54722876 14.15953848 35.44276227
12.92876921 35.46866848 12.77960740 35.78110188 13.44050923 35.53735739 14.14589333 35.43006381
12.96452063 35.43890762 13.10049739 35.66641523 13.79676857 35.55796372 14.11196589 35.39276677
12.90826336 35.53343898 13.03981322 35.81458378 13.33818383 35.51427087 14.11468865 35.44756636
12.96559840 35.53458729 13.02709986 35.75937685 13.24207676 35.53903711 14.17472146 35.39276677
12.87943814 35.48314983 12.90496873 35.73500337 13.34232720 35.58539666 14.16549199 35.39846415
12.95183498 35.52110019 13.10299512 35.78011712 13.45753186 35.51004544 14.11224506 35.42334837
13.06544069 35.62064614 12.92916795 35.73191193 13.57708929 35.51380043 14.08862625 35.39276677
12.88311424 35.47107897 13.08462407 35.77894344 13.36960490 35.53887168 14.14181042 35.42769458
12.90453233 35.47986015 12.90136266 35.82361924 13.41444433 35.55223740 14.14883683 35.40161003
12.94854849 35.52783242 13.08658312 35.74449430 13.43690485 35.52416518 14.11807751 35.41874295
12.94392848 35.56980584 13.34682247 35.75148479 13.41742570 35.52638973 14.10381394 35.39316992
12.93255903 35.49395282 12.92141116 35.77369761 13.43473835 35.53461548 14.13537348 35.42084034
13.00194465 35.57311381 13.00100256 35.75233178 13.50461339 35.52381139 14.10628762 35.39382559
13.00021585 35.52067250 13.03611075 35.70112842 13.57764185 35.55079733 14.13130912 35.39276677
12.95153517 35.51604550 13.05107684 35.74177325 13.75764019 35.52897114 14.06042323 35.41531821
12.96208259 35.52995184 13.03309410 35.75497595 13.37096762 35.53652062 14.14614690 35.39840463
13.01664741 35.51769820 12.99217245 35.76948389 13.30253209 35.53956303 14.00945110 35.41390543
13.01791593 35.56201977 13.16387383 35.73106101 13.46668359 35.53624474 14.05238128 35.39276677
12.95389825 35.51096955 12.98202683 35.76303846 13.44272466 35.53502279 14.11462543 35.41221924
12.99915580 35.53233973 12.95204780 35.72037184 13.44018828 35.56705912 14.07610479 35.39276677
12.94834892 35.47013259 13.04180166 35.74016720 13.37700047 35.56410510 14.07451652 35.41032368
12.93711098 35.50993892 13.00811620 35.80113024 13.25381167 35.54044611 14.03529687 35.41577174
13.03059776 35.49267361 12.95197823 35.78213103 13.10497967 35.56377959 14.13835441 35.41870073
12.94225353 35.52242193 13.04456122 35.74777888 13.50020097 35.53849012 14.05683408 35.40094361
13.00757787 35.51819348 13.02839550 35.70399110 13.54470674 35.55290478 14.13810248 35.39424653
12.95472770 35.51200256 13.01318603 35.77684546 13.32653544 35.54356078 14.06099827 35.41039044
12.91256151 35.50901029 13.04959265 35.73747784 13.50198715 35.55478729 14.17683505 35.39523409
12.90840455 35.48853640 13.11410352 35.79086640 13.37978068 35.52422325 14.13536392 35.41698958
12.97646799 35.52138890 12.99256173 35.73799548 13.42508638 35.55635015 14.09091957 35.39882247
12.97808466 35.48565796 13.02778065 35.76017103 13.35027758 35.56629135 14.08617880 35.40154522
12.97503697 35.51180263 13.02916043 35.76397687 13.41187783 35.55348386 14.07733758 35.39685519
12.98127406 35.50659295 13.01347283 35.77851016 13.32504506 35.55601919 14.07941968 35.40157860
12.98085933 35.50607644 12.99789323 35.77160666 13.38313967 35.55175020 14.10623326 35.40249300
12.98495150 35.51556759 13.02342687 35.76757541 13.34726115 35.55249911 14.12199399 35.39558570
12.96019096 35.50509681 13.03167614 35.75882636 13.41277092 35.56163245 14.13733807 35.39400043
12.97818445 35.51450788 13.05017138 35.76233458 13.38022977 35.54632139 14.10795929 35.40575486
13.00348810 35.51676153 12.98290371 35.75027335 13.38187149 35.56776836 14.08697294 35.39276677
12.98588004 35.50757060 13.02572018 35.75022462 13.42270071 35.56103689 14.12604408 35.39386338
12.99482790 35.50130290 13.00917252 35.76131985 13.33857366 35.56546048 14.14030279 35.39783884
12.99584128 35.49529642 12.97791186 35.76270845 13.35980770 35.57740772 14.11776696 35.39276677
12.99179667 35.48916891 12.99327761 35.75625089 13.39591295 35.57745715 14.10267550 35.39642460
12.99234729 35.49256548 12.98287366 35.77510824 13.31377645 35.57302444 14.09278327 35.39878722
12.99558091 35.48506292 12.96145040 35.78755006 13.25931432 35.57901821 14.07615287 35.40124914
12.98737672 35.50994067 13.00735942 35.77690677 13.30641456 35.55699444 14.10952119 35.39743214
12.99069168 35.49436185 12.99679806 35.76141486 13.37353835 35.57234148 14.10438692 35.39667648
12.98683279 35.48536044 12.99461552 35.77386054 13.30479595 35.57265478 14.08116584 35.40139718
12.99520440 35.49318291 12.98531146 35.77443495 13.29894399 35.57223935 14.10822783 35.39954399
12.99571109 35.49017967 12.96968113 35.77512925 13.30956101 35.57821297 14.09695991 35.39700795
12.99953451 35.50091223 12.97217706 35.76891170 13.32059291 35.57339329 14.08156290 35.39700795
13.00170066 35.49312313 12.98760502 35.78386246 13.29143451 35.57374791 14.08699698 35.39700795
12.97788593 35.49507987 12.99656327 35.77318821 13.33604262 35.57032533 14.10674547 35.39762478
12.98822012 35.49556968 12.97967182 35.77957836 13.32122700 35.56538421 14.09119306 35.40187107
12.99368879 35.48711592 12.97736401 35.77190047 13.32761364 35.57823768 14.08941419 35.39883687
12.98958430 35.48991805 12.97447059 35.77906031 13.31870150 35.57550425 14.06931997 35.39845673
12.98677424 35.48828562 12.96905016 35.78137299 13.32858025 35.57713670 14.04986604 35.39791310
12.99690962 35.48611837 12.97880993 35.77378739 13.29578712 35.58488940 14.08088647 35.39527607
13.00125437 35.48139272 12.97837899 35.77089191 13.28306717 35.59464200 14.07573317 35.39276677
12.98602520 35.47589595 12.98785517 35.78494910 13.28703978 35.58219250 14.08905920 35.39907889
12.97994019 35.47937826 12.97248976 35.77027000 13.31509949 35.58394902 14.08414068 35.39959662
13.00426847 35.47349612 12.95751312 35.78021471 13.26525559 35.59077752 14.05874099 35.39947275
13.01745974 35.46270424 12.93798805 35.78372796 13.22986208 35.60100362 14.03473875 35.40039674
12.98858266 35.47422543 12.98135326 35.77954502 13.28066085 35.58603103 14.05897181 35.40070579
12.98501845 35.46624830 12.98718933 35.78175291 13.26621077 35.58994005 14.03997776 35.40255470
12.98932843 35.47406656 12.97466770 35.78468494 13.25087003 35.58795464 14.05890695 35.39934410
12.98587320 35.47337046 12.99388563 35.76831908 13.31705827 35.58940822 14.06785678 35.39645557
13.00299717 35.47755317 12.98819525 35.78511140 13.26176279 35.58584221 14.05579800 35.39732282
13.00134515 35.48460665 12.96537677 35.79126041 13.24598015 35.57949151 14.06906720 35.40068068
12.98974118 35.47617951 12.98675842 35.77405441 13.29928874 35.58692904 14.06815938 35.39751185
13.00111266 35.47032143 12.96268260 35.78576741 13.25686566 35.59981351 14.05250653 35.39476775
13.00124325 35.46086467 12.97988054 35.78224441 13.22750116 35.60304136 14.06014903 35.39678595
13.00707272 35.44633798 12.98258551 35.78383646 13.18190099 35.61680992 14.05556356 35.39595055
13.00860685 35.47112895 12.96450230 35.77567945 13.24427822 35.60156533 14.03318227 35.39559055
12.99303730 35.46786567 12.95823899 35.77315916 13.26518406 35.60184640 14.06078954 35.39691356
13.00050720 35.47513130 12.98070618 35.78212334 13.26261811 35.58984326 14.05704588 35.39722050
12.98540271 35.47529048 12.98598291 35.78420208 13.28725361 35.58319276 14.08937117 35.39905331
13.00280581 35.47216933 12.96987245 35.77781011 13.25502207 35.59697219 14.04722949 35.39645624
12.99314305 35.46272086 12.96997958 35.79071918 13.24145338 35.59069864 14.03969435 35.40279947
12.98734759 35.46792365 12.99396206 35.78402250 13.25331440 35.59454340 14.05192487 35.39692516
12.99702415 35.47999960 12.98749122 35.77184386 13.28008188 35.59558347 14.07402914 35.39276677
13.00224676 35.46749599 12.97089559 35.78795599 13.21744480 35.60151667 14.04703154 35.39623121
12.99626944 35.46054998 12.96601387 35.79419457 13.22099239 35.59434555 14.03441238 35.40184241
12.99683547 35.47513720 12.98212189 35.77743154 13.26530950 35.59527399 14.06412495 35.39503568
12.98969402 35.47496390 12.98541608 35.77545133 13.29559564 35.58685167 14.06568334 35.39807908
12.99910857 35.46936297 12.97452571 35.78482982 13.23698251 35.59785042 14.05169449 35.39669318
13.00505737 35.46721744 12.98160847 35.77875860 13.25869854 35.60288765 14.05200482 35.39430346
13.00112514 35.46892972 12.97987328 35.78024018 13.25674141 35.59915440 14.05373035 35.39556362
12.99403309 35.46460230 12.97536177 35.78084941 13.24548128 35.60332682 14.05303700 35.39601283
12.99165773 35.46798238 12.99655513 35.77597584 13.24838763 35.59423489 14.05770897 35.39877686
12.98717756 35.46508775 12.99603596 35.78347457 13.24857262 35.59639188 14.06560588 35.39766852
13.00104944 35.46074723 12.98822582 35.78272205 13.21491178 35.60992326 14.05552207 35.39276677
12.99169936 35.47085588 12.98307140 35.78033928 13.26422358 35.59200408 14.05810938 35.39869426
13.00358499 35.47132694 12.97030198 35.77800867 13.25091275 35.59846546 14.04701389 35.39595336
12.99127942 35.46664755 12.98960247 35.78210810 13.24915765 35.59691028 14.06095788 35.39723973
13.00439792 35.46817201 12.97128599 35.77698215 13.24513178 35.60090566 14.06295315 35.39677537
13.00013533 35.46810992 12.97695500 35.77874223 13.24717744 35.59931509 14.06019608 35.39681282
12.99022528 35.47704231 12.98463613 35.77788469 13.27586410 35.59147613 14.05474074 35.39692130
12.99013913 35.47046385 12.99251855 35.77356299 13.27610314 35.59507349 14.06395685 35.39707110
12.99686621 35.46963819 12.97902392 35.78201312 13.24676267 35.59715619 14.05476008 35.39678766
12.99592290 35.47648348 12.99259804 35.77783434 13.26792472 35.58805445 14.06304511 35.39794515
12.99450554 35.46757260 12.97967083 35.78009564 13.25109214 35.59950872 14.05553903 35.39649591
13.00080077 35.46167605 12.98208236 35.78135179 13.23134891 35.60191328 14.06154094 35.39693034
12.99286915 35.47320074 12.98399768 35.77875146 13.26473530 35.59408542 14.05644079 35.39692356
12.98783692 35.47085640 12.98787630 35.77862412 13.25247007 35.59296777 14.06322894 35.39862800
12.98119281 35.47181974 12.99187782 35.77781609 13.25033440 35.58987445 14.06797823 35.40016019
12.99634912 35.47252223 12.96902474 35.78355053 13.26184445 35.59757050 14.06063031 35.39537754
12.99283058 35.46911735 12.98967254 35.77786951 13.25175184 35.59506879 14.05843931 35.39792703
12.99017015 35.46386246 12.98534565 35.78220433 13.24153317 35.59648010 14.05279292 35.39984156
12.99183648 35.46668114 12.98453971 35.78101113 13.24747725 35.59617857 14.05562592 35.39864009
12.99586548 35.47236051 12.97659938 35.77725353 13.25726492 35.59466088 14.05462700 35.39798760
12.99648707 35.46852833 12.98151244 35.77825091 13.24045932 35.60023127 14.05660491 35.39635641
12.98713902 35.47137889 12.98876820 35.77972512 13.25582594 35.59314931 14.05362042 35.39812375
12.98922727 35.46688290 12.99216602 35.78183172 13.24537871 35.59742563 14.05893785 35.39698300
12.99420592 35.47099111 12.98049104 35.77839808 13.25429337 35.59535207 14.05570471 35.39773645
12.98756146 35.46994345 12.99010827 35.77616838 13.25776364 35.59447929 14.05904093 35.39842014
12.98290908 35.47009608 12.99565044 35.77324601 13.26326413 35.59314084 14.06118135 35.39923639
12.99023159 35.46556657 12.98666215 35.77878426 13.23804809 35.59764853 14.05801025 35.39865839
12.99089098 35.46747511 12.98599603 35.77877606 13.24471989 35.59675775 14.05761788 35.39822468
12.98769157 35.47117035 12.99257030 35.77711019 13.25009819 35.59153748 14.05943173 35.39951823
12.98808178 35.47013885 12.98329304 35.77914648 13.24902508 35.59509459 14.05677955 35.39848491
12.98232397 35.47113049 12.99189828 35.77898898 13.26245904 35.58864793 14.05865761 35.40058765
12.99294629 35.46917887 12.98410890 35.77843542 13.24595925 35.59733544 14.05711808 35.39741422
12.98725200 35.47360212 12.98876331 35.77558483 13.25506161 35.59298985 14.06000964 35.39799750
12.98495976 35.47706260 12.99087511 35.77287168 13.25885379 35.59139550 14.06220149 35.39767621
12.99071397 35.47058597 12.98030893 35.77842615 13.25462956 35.59759545 14.05689627 35.39665886
12.98747030 35.47505892 12.98546141 35.77667280 13.26248528 35.59258460 14.05852971 35.39756095
12.98247145 35.47255988 12.99220900 35.77661946 13.25495979 35.59329841 14.06114914 35.39800531
12.98837146 35.47246735 12.98479204 35.77451600 13.25321067 35.59553845 14.06511561 35.39758840
12.98421089 35.47373061 12.99437209 35.77483744 13.25405233 35.59057807 14.06389459 35.39928567
12.97979471 35.47627564 12.99313791 35.77392866 13.26474591 35.58914873 14.06536691 35.39899818
