writing to  sigma_00.1500/initial_guess.pkl
iter 0 T 1 sidx 0 index 0 move create M 14
optimisation finished successfully after 79 iterations, 137 evaluations
create True (37, 14) (36, 15)
iter 1 T 1 sidx -1 index 14 move percolate M 15
iter 2 T 1.0 sidx 0 index 0 move percolate M 15
iter 3 T 1.0 sidx 1 index 2 move create M 15
optimisation finished successfully after 151 iterations, 230 evaluations
create False (36, 15) (37, 16)
iter 4 T 1 sidx 2 index 3 move destroy M 15
optimisation finished successfully after 161 iterations, 242 evaluations
destroy True (36, 15) (35, 14)
iter 5 T 1.0 sidx 1 index 2 move create M 14
optimisation finished successfully after 122 iterations, 179 evaluations
create False (35, 14) (36, 15)
iter 6 T 1.0 sidx 3 index 3 move create M 14
optimisation finished successfully after 260 iterations, 382 evaluations
create False (35, 14) (36, 15)
iter 7 T 1 sidx 4 index 4 move destroy M 14
optimisation finished successfully after 148 iterations, 224 evaluations
destroy True (35, 14) (35, 13)
iter 8 T 1.0 sidx 3 index 3 move percolate M 13
optimisation finished successfully after 269 iterations, 392 evaluations
optimisation finished successfully after 74 iterations, 114 evaluations
optimisation finished successfully after 41 iterations, 79 evaluations
optimisation finished successfully after 32 iterations, 63 evaluations
optimisation finished successfully after 29 iterations, 61 evaluations
optimisation finished successfully after 43 iterations, 81 evaluations
iter 9 T 1.0 sidx 5 index 4 move percolate M 13
optimisation finished successfully after 105 iterations, 164 evaluations
optimisation finished successfully after 102 iterations, 161 evaluations
optimisation finished successfully after 65 iterations, 105 evaluations
optimisation finished successfully after 55 iterations, 97 evaluations
optimisation finished successfully after 97 iterations, 155 evaluations
iter 10 T 1 sidx 6 index 5 move create M 13
optimisation finished successfully after 97 iterations, 155 evaluations
create False (33, 13) (33, 14)
iter 11 T 1 sidx 7 index 6 move destroy M 13
optimisation finished successfully after 67 iterations, 116 evaluations
destroy True (33, 13) (33, 12)
iter 12 T 1.0 sidx 6 index 5 move destroy M 12
optimisation finished successfully after 140 iterations, 214 evaluations
destroy False (33, 12) (37, 11)
iter 13 T 1.0 sidx 8 index 6 move destroy M 12
optimisation finished successfully after 161 iterations, 246 evaluations
destroy False (33, 12) (35, 11)
iter 14 T 1 sidx 9 index 7 move destroy M 12
optimisation finished successfully after 117 iterations, 189 evaluations
destroy True (33, 12) (30, 11)
iter 15 T 1.0 sidx 8 index 6 move percolate M 11
optimisation finished successfully after 221 iterations, 319 evaluations
optimisation finished successfully after 113 iterations, 183 evaluations
optimisation finished successfully after 55 iterations, 101 evaluations
optimisation finished successfully after 43 iterations, 84 evaluations
optimisation finished successfully after 61 iterations, 111 evaluations
iter 16 T 1.0 sidx 10 index 7 move destroy M 11
optimisation finished successfully after 309 iterations, 454 evaluations
destroy False (31, 11) (37, 10)
iter 17 T 1 sidx 11 index 8 move destroy M 11
optimisation finished successfully after 163 iterations, 243 evaluations
destroy False (31, 11) (33, 10)
iter 18 T 1 sidx 12 index 9 move create M 11
optimisation finished successfully after 137 iterations, 206 evaluations
create True (31, 11) (30, 12)
iter 19 T 1.0 sidx 12 index 9 move create M 12
optimisation finished successfully after 226 iterations, 343 evaluations
create False (30, 12) (30, 13)
iter 20 T 1.0 sidx 14 index 1 move percolate M 12
optimisation finished successfully after 91 iterations, 137 evaluations
optimisation finished successfully after 52 iterations, 87 evaluations
iter 21 T 1.0 sidx 15 index 10 move percolate M 12
optimisation finished successfully after 189 iterations, 288 evaluations
optimisation finished successfully after 38 iterations, 75 evaluations
optimisation finished successfully after 77 iterations, 130 evaluations
optimisation finished successfully after 59 iterations, 103 evaluations
optimisation finished successfully after 41 iterations, 77 evaluations
optimisation finished successfully after 35 iterations, 67 evaluations
iter 22 T 0.8333333333333334 sidx -1 index 11 move create M 12
iter 23 T 0.8333333333333334 sidx 0 index 0 move create M 12
optimisation finished successfully after 14 iterations, 28 evaluations
create False (28, 12) (29, 13)
iter 24 T 0.8333333333333334 sidx 1 index 2 move destroy M 12
optimisation finished successfully after 266 iterations, 384 evaluations
destroy True (28, 12) (27, 11)
iter 25 T 1.0 sidx 3 index 2 move destroy M 11
optimisation finished successfully after 141 iterations, 219 evaluations
destroy False (27, 11) (28, 10)
iter 26 T 1.0 sidx 14 index 1 move destroy M 11
optimisation finished successfully after 278 iterations, 421 evaluations
destroy False (27, 11) (32, 10)
iter 27 T 0.8333333333333334 sidx 3 index 2 move create M 11
optimisation finished successfully after 126 iterations, 188 evaluations
create False (27, 11) (28, 12)
iter 28 T 0.8333333333333334 sidx 5 index 3 move create M 11
optimisation finished successfully after 184 iterations, 281 evaluations
create False (27, 11) (28, 12)
iter 29 T 0.8333333333333334 sidx 6 index 4 move create M 11
optimisation finished successfully after 123 iterations, 189 evaluations
create False (27, 11) (28, 12)
iter 30 T 0.8333333333333334 sidx 8 index 5 move destroy M 11
optimisation finished successfully after 145 iterations, 224 evaluations
destroy False (27, 11) (30, 10)
iter 31 T 0.8333333333333334 sidx 10 index 6 move create M 11
optimisation finished successfully after 91 iterations, 149 evaluations
create False (27, 11) (29, 12)
iter 32 T 0.8333333333333334 sidx 11 index 7 move create M 11
optimisation finished successfully after 151 iterations, 226 evaluations
create False (27, 11) (28, 12)
iter 33 T 0.8333333333333334 sidx 12 index 8 move percolate M 11
optimisation finished successfully after 58 iterations, 106 evaluations
optimisation finished successfully after 73 iterations, 135 evaluations
optimisation finished successfully after 50 iterations, 98 evaluations
optimisation finished successfully after 55 iterations, 104 evaluations
optimisation finished successfully after 44 iterations, 87 evaluations
optimisation finished successfully after 50 iterations, 98 evaluations
iter 34 T 0.8333333333333334 sidx 14 index 1 move create M 11
optimisation finished successfully after 53 iterations, 90 evaluations
create False (27, 11) (28, 12)
iter 35 T 0.6666666666666666 sidx -1 index 10 move destroy M 11
optimisation finished successfully after 56 iterations, 97 evaluations
destroy False (27, 11) (28, 10)
iter 36 T 0.6666666666666666 sidx 0 index 0 move destroy M 11
iter 37 T 0.6666666666666666 sidx 3 index 2 move percolate M 11
optimisation finished successfully after 49 iterations, 89 evaluations
optimisation finished successfully after 32 iterations, 60 evaluations
optimisation finished successfully after 30 iterations, 60 evaluations
optimisation finished successfully after 73 iterations, 121 evaluations
iter 38 T 0.6666666666666666 sidx 5 index 3 move destroy M 11
optimisation finished successfully after 164 iterations, 251 evaluations
destroy True (27, 11) (27, 10)
iter 39 T 1.0 sidx 3 index 2 move percolate M 10
optimisation finished successfully after 70 iterations, 119 evaluations
optimisation finished successfully after 87 iterations, 140 evaluations
iter 40 T 1.0 sidx 6 index 3 move destroy M 10
optimisation finished successfully after 282 iterations, 431 evaluations
destroy False (27, 10) (35, 9)
iter 41 T 0.8333333333333334 sidx 3 index 2 move create M 10
optimisation finished successfully after 208 iterations, 309 evaluations
create False (27, 10) (29, 11)
iter 42 T 0.8333333333333334 sidx 6 index 3 move create M 10
optimisation finished successfully after 93 iterations, 148 evaluations
create True (27, 10) (26, 11)
iter 43 T 1.0 sidx 6 index 3 move percolate M 11
optimisation finished successfully after 146 iterations, 223 evaluations
optimisation finished successfully after 48 iterations, 88 evaluations
optimisation finished successfully after 215 iterations, 324 evaluations
optimisation finished successfully after 59 iterations, 103 evaluations
optimisation finished successfully after 77 iterations, 133 evaluations
optimisation finished successfully after 45 iterations, 85 evaluations
optimisation finished successfully after 82 iterations, 132 evaluations
iter 44 T 1.0 sidx 8 index 5 move create M 11
optimisation finished successfully after 292 iterations, 425 evaluations
create False (24, 11) (24, 12)
iter 45 T 0.8333333333333334 sidx 6 index 3 move destroy M 11
optimisation finished successfully after 53 iterations, 87 evaluations
destroy True (24, 11) (24, 10)
iter 46 T 1.0 sidx 3 index 2 move create M 10
optimisation finished successfully after 132 iterations, 201 evaluations
create False (24, 10) (25, 11)
iter 47 T 1.0 sidx 16 index 3 move destroy M 10
optimisation finished successfully after 436 iterations, 649 evaluations
destroy False (24, 10) (35, 9)
iter 48 T 0.8333333333333334 sidx 3 index 2 move destroy M 10
optimisation finished successfully after 95 iterations, 154 evaluations
destroy False (24, 10) (28, 9)
iter 49 T 0.8333333333333334 sidx 8 index 4 move destroy M 10
optimisation finished successfully after 258 iterations, 392 evaluations
destroy False (24, 10) (31, 9)
iter 50 T 0.8333333333333334 sidx 16 index 3 move percolate M 10
optimisation finished successfully after 76 iterations, 125 evaluations
optimisation finished successfully after 60 iterations, 106 evaluations
optimisation finished successfully after 42 iterations, 83 evaluations
optimisation finished successfully after 34 iterations, 68 evaluations
iter 51 T 0.6666666666666666 sidx 3 index 2 move percolate M 10
optimisation finished successfully after 24 iterations, 53 evaluations
optimisation finished successfully after 31 iterations, 63 evaluations
optimisation finished successfully after 40 iterations, 73 evaluations
optimisation finished successfully after 23 iterations, 51 evaluations
optimisation finished successfully after 26 iterations, 55 evaluations
optimisation finished successfully after 75 iterations, 118 evaluations
iter 52 T 0.6666666666666666 sidx 8 index 4 move percolate M 10
optimisation finished successfully after 57 iterations, 103 evaluations
optimisation finished successfully after 67 iterations, 116 evaluations
optimisation finished successfully after 79 iterations, 133 evaluations
optimisation finished successfully after 51 iterations, 95 evaluations
optimisation finished successfully after 148 iterations, 231 evaluations
optimisation finished successfully after 104 iterations, 166 evaluations
optimisation finished successfully after 71 iterations, 122 evaluations
optimisation finished successfully after 96 iterations, 155 evaluations
optimisation finished successfully after 45 iterations, 94 evaluations
optimisation finished successfully after 88 iterations, 154 evaluations
optimisation finished successfully after 86 iterations, 139 evaluations
optimisation finished successfully after 65 iterations, 115 evaluations
iter 53 T 0.6666666666666666 sidx 10 index 5 move percolate M 10
optimisation finished successfully after 69 iterations, 122 evaluations
optimisation finished successfully after 59 iterations, 109 evaluations
optimisation finished successfully after 65 iterations, 118 evaluations
iter 54 T 0.6666666666666666 sidx 11 index 6 move percolate M 10
optimisation finished successfully after 87 iterations, 152 evaluations
optimisation finished successfully after 73 iterations, 129 evaluations
optimisation finished successfully after 79 iterations, 136 evaluations
optimisation finished successfully after 84 iterations, 148 evaluations
iter 55 T 0.6666666666666666 sidx 12 index 7 move destroy M 10
optimisation finished successfully after 126 iterations, 196 evaluations
destroy True (25, 10) (25, 9)
iter 56 T 1.0 sidx 11 index 6 move destroy M 9
optimisation finished successfully after 405 iterations, 578 evaluations
destroy False (25, 9) (27, 8)
iter 57 T 1.0 sidx 15 index 7 move percolate M 9
optimisation finished successfully after 250 iterations, 368 evaluations
optimisation finished successfully after 61 iterations, 107 evaluations
optimisation finished successfully after 43 iterations, 80 evaluations
optimisation finished successfully after 35 iterations, 70 evaluations
iter 58 T 0.8333333333333334 sidx 11 index 6 move create M 9
optimisation finished successfully after 260 iterations, 383 evaluations
create False (24, 9) (27, 10)
iter 59 T 0.8333333333333334 sidx 15 index 7 move create M 9
optimisation finished successfully after 299 iterations, 452 evaluations
create False (24, 9) (24, 10)
iter 60 T 0.6666666666666666 sidx 11 index 6 move percolate M 9
optimisation finished successfully after 102 iterations, 165 evaluations
optimisation finished successfully after 84 iterations, 141 evaluations
iter 61 T 0.6666666666666666 sidx 14 index 1 move percolate M 9
optimisation finished successfully after 101 iterations, 158 evaluations
optimisation finished successfully after 49 iterations, 87 evaluations
optimisation finished successfully after 49 iterations, 83 evaluations
optimisation finished successfully after 114 iterations, 171 evaluations
optimisation finished successfully after 58 iterations, 100 evaluations
optimisation finished successfully after 43 iterations, 76 evaluations
iter 62 T 0.6666666666666666 sidx 15 index 7 move destroy M 9
optimisation finished successfully after 129 iterations, 200 evaluations
destroy True (24, 9) (24, 8)
iter 63 T 1.0 sidx 11 index 6 move destroy M 8
optimisation finished successfully after 178 iterations, 278 evaluations
destroy False (24, 8) (26, 7)
iter 64 T 0.8333333333333334 sidx 11 index 6 move create M 8
optimisation finished successfully after 394 iterations, 578 evaluations
create False (24, 8) (24, 9)
iter 65 T 0.6666666666666666 sidx 11 index 6 move percolate M 8
optimisation finished successfully after 50 iterations, 91 evaluations
optimisation finished successfully after 113 iterations, 178 evaluations
iter 66 T 0.6666666666666666 sidx 16 index 3 move create M 8
optimisation finished successfully after 80 iterations, 133 evaluations
create False (24, 8) (25, 9)
iter 67 T 0.5 sidx -1 index 7 move destroy M 8
optimisation finished successfully after 81 iterations, 137 evaluations
destroy False (24, 8) (28, 7)
iter 68 T 0.5 sidx 0 index 0 move destroy M 8
iter 69 T 0.5 sidx 3 index 2 move create M 8
optimisation finished successfully after 90 iterations, 145 evaluations
create False (24, 8) (24, 9)
iter 70 T 0.5 sidx 8 index 4 move create M 8
optimisation finished successfully after 238 iterations, 359 evaluations
create False (24, 8) (24, 9)
iter 71 T 0.5 sidx 10 index 5 move create M 8
optimisation finished successfully after 213 iterations, 324 evaluations
create False (24, 8) (25, 9)
iter 72 T 0.5 sidx 11 index 6 move create M 8
optimisation finished successfully after 394 iterations, 578 evaluations
create False (24, 8) (24, 9)
iter 73 T 0.5 sidx 14 index 1 move destroy M 8
optimisation finished successfully after 231 iterations, 353 evaluations
destroy False (24, 8) (28, 7)
iter 74 T 0.5 sidx 16 index 3 move create M 8
optimisation finished successfully after 80 iterations, 133 evaluations
create False (24, 8) (25, 9)
iter 75 T 0.41666666666666674 sidx -1 index 7 move percolate M 8
iter 76 T 0.41666666666666674 sidx 0 index 0 move create M 8
optimisation finished successfully after 63 iterations, 104 evaluations
create False (24, 8) (25, 9)
iter 77 T 0.41666666666666674 sidx 3 index 2 move percolate M 8
optimisation finished successfully after 82 iterations, 136 evaluations
optimisation finished successfully after 39 iterations, 76 evaluations
optimisation finished successfully after 38 iterations, 75 evaluations
iter 78 T 0.41666666666666674 sidx 8 index 4 move destroy M 8
optimisation finished successfully after 205 iterations, 312 evaluations
destroy False (24, 8) (30, 7)
iter 79 T 0.41666666666666674 sidx 10 index 5 move destroy M 8
optimisation finished successfully after 340 iterations, 501 evaluations
destroy False (24, 8) (26, 7)
iter 80 T 0.41666666666666674 sidx 11 index 6 move destroy M 8
optimisation finished successfully after 173 iterations, 267 evaluations
destroy False (24, 8) (26, 7)
iter 81 T 0.41666666666666674 sidx 14 index 1 move percolate M 8
optimisation finished successfully after 47 iterations, 84 evaluations
optimisation finished successfully after 40 iterations, 77 evaluations
iter 82 T 0.41666666666666674 sidx 16 index 3 move percolate M 8
optimisation finished successfully after 73 iterations, 125 evaluations
optimisation finished successfully after 49 iterations, 92 evaluations
optimisation finished successfully after 58 iterations, 110 evaluations
optimisation finished successfully after 108 iterations, 174 evaluations
optimisation finished successfully after 61 iterations, 111 evaluations
iter 83 T 0.33333333333333326 sidx -1 index 7 move create M 8
iter 84 T 0.33333333333333326 sidx 0 index 0 move percolate M 8
iter 85 T 0.33333333333333326 sidx 3 index 2 move destroy M 8
optimisation finished successfully after 145 iterations, 221 evaluations
destroy False (23, 8) (27, 7)
iter 86 T 0.33333333333333326 sidx 8 index 4 move percolate M 8
optimisation finished successfully after 60 iterations, 112 evaluations
optimisation finished successfully after 81 iterations, 137 evaluations
iter 87 T 0.33333333333333326 sidx 10 index 5 move percolate M 8
optimisation finished successfully after 75 iterations, 133 evaluations
optimisation finished successfully after 71 iterations, 122 evaluations
optimisation finished successfully after 62 iterations, 111 evaluations
optimisation finished successfully after 60 iterations, 113 evaluations
optimisation finished successfully after 49 iterations, 99 evaluations
optimisation finished successfully after 73 iterations, 129 evaluations
iter 88 T 0.33333333333333326 sidx 11 index 6 move percolate M 8
optimisation finished successfully after 60 iterations, 105 evaluations
optimisation finished successfully after 52 iterations, 95 evaluations
iter 89 T 0.33333333333333326 sidx 14 index 1 move create M 8
optimisation finished successfully after 129 iterations, 211 evaluations
create False (23, 8) (24, 9)
iter 90 T 0.33333333333333326 sidx 16 index 3 move destroy M 8
optimisation finished successfully after 443 iterations, 623 evaluations
destroy False (23, 8) (31, 7)
iter 91 T 0.25 sidx -1 index 7 move destroy M 8
optimisation finished successfully after 76 iterations, 126 evaluations
destroy False (23, 8) (30, 7)
iter 92 T 0.25 sidx 0 index 0 move create M 8
optimisation finished successfully after 56 iterations, 92 evaluations
create False (23, 8) (24, 9)
iter 93 T 0.25 sidx 3 index 2 move destroy M 8
optimisation finished successfully after 195 iterations, 299 evaluations
destroy False (23, 8) (28, 7)
iter 94 T 0.25 sidx 8 index 4 move percolate M 8
optimisation finished successfully after 102 iterations, 169 evaluations
optimisation finished successfully after 81 iterations, 139 evaluations
iter 95 T 0.25 sidx 10 index 5 move percolate M 8
optimisation finished successfully after 47 iterations, 93 evaluations
optimisation finished successfully after 73 iterations, 129 evaluations
iter 96 T 0.25 sidx 11 index 6 move destroy M 8
optimisation finished successfully after 152 iterations, 231 evaluations
destroy False (23, 8) (26, 7)
iter 97 T 0.25 sidx 14 index 1 move percolate M 8
optimisation finished successfully after 104 iterations, 170 evaluations
optimisation finished successfully after 33 iterations, 67 evaluations
iter 98 T 0.25 sidx 16 index 3 move percolate M 8
optimisation finished successfully after 112 iterations, 180 evaluations
optimisation finished successfully after 449 iterations, 655 evaluations
optimisation finished successfully after 353 iterations, 531 evaluations
iter 99 T 0.20833333333333337 sidx -1 index 7 move percolate M 8
iter 100 T 0.20833333333333337 sidx 0 index 0 move destroy M 8
iter 101 T 0.20833333333333337 sidx 3 index 2 move create M 8
optimisation finished successfully after 123 iterations, 193 evaluations
create False (23, 8) (24, 9)
iter 102 T 0.20833333333333337 sidx 8 index 4 move destroy M 8
optimisation finished successfully after 199 iterations, 311 evaluations
destroy False (23, 8) (32, 7)
iter 103 T 0.20833333333333337 sidx 10 index 5 move destroy M 8
optimisation finished successfully after 458 iterations, 666 evaluations
destroy False (23, 8) (26, 7)
iter 104 T 0.20833333333333337 sidx 11 index 6 move create M 8
optimisation finished successfully after 261 iterations, 391 evaluations
create False (23, 8) (24, 9)
iter 105 T 0.20833333333333337 sidx 14 index 1 move destroy M 8
optimisation finished successfully after 178 iterations, 285 evaluations
destroy False (23, 8) (28, 7)
iter 106 T 0.20833333333333337 sidx 16 index 3 move destroy M 8
optimisation finished successfully after 207 iterations, 311 evaluations
destroy False (23, 8) (31, 7)
iter 107 T 0.16666666666666663 sidx -1 index 7 move create M 8
iter 108 T 0.16666666666666663 sidx 0 index 0 move percolate M 8
iter 109 T 0.16666666666666663 sidx 3 index 2 move percolate M 8
optimisation finished successfully after 610 iterations, 853 evaluations
optimisation finished successfully after 334 iterations, 496 evaluations
optimisation finished successfully after 43 iterations, 83 evaluations
optimisation finished successfully after 92 iterations, 146 evaluations
optimisation finished successfully after 121 iterations, 190 evaluations
optimisation finished successfully after 112 iterations, 182 evaluations
optimisation finished successfully after 152 iterations, 226 evaluations
iter 110 T 0.16666666666666663 sidx 8 index 4 move create M 8
optimisation finished successfully after 307 iterations, 447 evaluations
create False (23, 8) (23, 9)
iter 111 T 0.16666666666666663 sidx 10 index 5 move create M 8
optimisation finished successfully after 492 iterations, 713 evaluations
create False (23, 8) (24, 9)
iter 112 T 0.16666666666666663 sidx 11 index 6 move percolate M 8
optimisation finished successfully after 69 iterations, 119 evaluations
optimisation finished successfully after 60 iterations, 107 evaluations
iter 113 T 0.16666666666666663 sidx 14 index 1 move create M 8
optimisation finished successfully after 58 iterations, 96 evaluations
create False (23, 8) (24, 9)
iter 114 T 0.16666666666666663 sidx 16 index 3 move create M 8
iter 115 T 0.125 sidx -1 index 7 move percolate M 8
iter 116 T 0.125 sidx 0 index 0 move destroy M 8
iter 117 T 0.125 sidx 3 index 2 move destroy M 8
optimisation finished successfully after 231 iterations, 364 evaluations
destroy False (23, 8) (24, 7)
iter 118 T 0.125 sidx 8 index 4 move destroy M 8
optimisation finished successfully after 181 iterations, 278 evaluations
destroy False (23, 8) (32, 7)
iter 119 T 0.125 sidx 10 index 5 move destroy M 8
optimisation finished successfully after 452 iterations, 656 evaluations
destroy False (23, 8) (26, 7)
iter 120 T 0.125 sidx 11 index 6 move percolate M 8
optimisation finished successfully after 69 iterations, 119 evaluations
optimisation finished successfully after 60 iterations, 107 evaluations
iter 121 T 0.125 sidx 14 index 1 move percolate M 8
optimisation finished successfully after 150 iterations, 228 evaluations
optimisation finished successfully after 205 iterations, 296 evaluations
iter 122 T 0.125 sidx 16 index 3 move create M 8
iter 123 T 0.10416666666666663 sidx -1 index 7 move create M 8
iter 124 T 0.10416666666666663 sidx 0 index 0 move percolate M 8
iter 125 T 0.10416666666666663 sidx 3 index 2 move create M 8
optimisation finished successfully after 199 iterations, 293 evaluations
create False (23, 8) (24, 9)
iter 126 T 0.10416666666666663 sidx 8 index 4 move percolate M 8
optimisation finished successfully after 73 iterations, 134 evaluations
optimisation finished successfully after 193 iterations, 304 evaluations
iter 127 T 0.10416666666666663 sidx 10 index 5 move create M 8
optimisation finished successfully after 492 iterations, 713 evaluations
create False (23, 8) (24, 9)
iter 128 T 0.10416666666666663 sidx 11 index 6 move create M 8
optimisation finished successfully after 396 iterations, 584 evaluations
create False (23, 8) (24, 9)
iter 129 T 0.10416666666666663 sidx 14 index 1 move destroy M 8
optimisation finished successfully after 258 iterations, 386 evaluations
destroy False (23, 8) (27, 7)
iter 130 T 0.10416666666666663 sidx 16 index 3 move percolate M 8
optimisation finished successfully after 158 iterations, 245 evaluations
optimisation finished successfully after 105 iterations, 166 evaluations
optimisation finished successfully after 60 iterations, 113 evaluations
iter 131 T 0.08333333333333337 sidx -1 index 7 move destroy M 8
optimisation finished successfully after 75 iterations, 122 evaluations
destroy False (23, 8) (28, 7)
iter 132 T 0.08333333333333337 sidx 0 index 0 move create M 8
optimisation finished successfully after 20 iterations, 37 evaluations
create False (23, 8) (24, 9)
iter 133 T 0.08333333333333337 sidx 3 index 2 move percolate M 8
optimisation finished successfully after 99 iterations, 153 evaluations
optimisation finished successfully after 127 iterations, 193 evaluations
iter 134 T 0.08333333333333337 sidx 8 index 4 move create M 8
optimisation finished successfully after 379 iterations, 560 evaluations
create False (23, 8) (23, 9)
iter 135 T 0.08333333333333337 sidx 10 index 5 move percolate M 8
optimisation finished successfully after 56 iterations, 105 evaluations
optimisation finished successfully after 70 iterations, 125 evaluations
iter 136 T 0.08333333333333337 sidx 11 index 6 move destroy M 8
optimisation finished successfully after 178 iterations, 276 evaluations
destroy False (23, 8) (26, 7)
iter 137 T 0.08333333333333337 sidx 14 index 1 move create M 8
optimisation finished successfully after 57 iterations, 93 evaluations
create False (23, 8) (24, 9)
iter 138 T 0.08333333333333337 sidx 16 index 3 move destroy M 8
optimisation finished successfully after 333 iterations, 488 evaluations
destroy False (23, 8) (33, 7)
iter 139 T 0.0625 sidx -1 index 7 move percolate M 8
iter 140 T 0.0625 sidx 0 index 0 move destroy M 8
iter 141 T 0.0625 sidx 3 index 2 move destroy M 8
optimisation finished successfully after 343 iterations, 501 evaluations
destroy False (23, 8) (27, 7)
iter 142 T 0.0625 sidx 8 index 4 move destroy M 8
optimisation finished successfully after 191 iterations, 293 evaluations
destroy False (23, 8) (31, 7)
iter 143 T 0.0625 sidx 10 index 5 move destroy M 8
optimisation finished successfully after 516 iterations, 752 evaluations
destroy False (23, 8) (26, 7)
iter 144 T 0.0625 sidx 11 index 6 move create M 8
optimisation finished successfully after 369 iterations, 525 evaluations
create False (23, 8) (24, 9)
iter 145 T 0.0625 sidx 14 index 1 move destroy M 8
optimisation finished successfully after 198 iterations, 309 evaluations
destroy False (23, 8) (27, 7)
iter 146 T 0.0625 sidx 16 index 3 move create M 8
optimisation finished successfully after 47 iterations, 85 evaluations
create False (23, 8) (24, 9)
iter 147 T 0.05208333333333337 sidx -1 index 7 move destroy M 8
optimisation finished successfully after 75 iterations, 122 evaluations
destroy False (23, 8) (28, 7)
iter 148 T 0.05208333333333337 sidx 0 index 0 move create M 8
optimisation finished successfully after 20 iterations, 37 evaluations
create False (23, 8) (24, 9)
iter 149 T 0.05208333333333337 sidx 3 index 2 move percolate M 8
optimisation finished successfully after 99 iterations, 153 evaluations
optimisation finished successfully after 127 iterations, 193 evaluations
iter 150 T 0.05208333333333337 sidx 8 index 4 move create M 8
optimisation finished successfully after 379 iterations, 560 evaluations
create False (23, 8) (23, 9)
iter 151 T 0.05208333333333337 sidx 10 index 5 move percolate M 8
optimisation finished successfully after 56 iterations, 105 evaluations
optimisation finished successfully after 70 iterations, 125 evaluations
iter 152 T 0.05208333333333337 sidx 11 index 6 move percolate M 8
optimisation finished successfully after 59 iterations, 104 evaluations
optimisation finished successfully after 52 iterations, 95 evaluations
iter 153 T 0.05208333333333337 sidx 14 index 1 move percolate M 8
optimisation finished successfully after 149 iterations, 232 evaluations
optimisation finished successfully after 149 iterations, 229 evaluations
iter 154 T 0.05208333333333337 sidx 16 index 3 move percolate M 8
optimisation finished successfully after 105 iterations, 166 evaluations
optimisation finished successfully after 60 iterations, 113 evaluations
iter 155 T 0.04166666666666663 sidx -1 index 7 move create M 8
iter 156 T 0.04166666666666663 sidx 0 index 0 move percolate M 8
iter 157 T 0.04166666666666663 sidx 3 index 2 move create M 8
optimisation finished successfully after 187 iterations, 276 evaluations
create False (23, 8) (24, 9)
iter 158 T 0.04166666666666663 sidx 8 index 4 move percolate M 8
optimisation finished successfully after 102 iterations, 171 evaluations
optimisation finished successfully after 104 iterations, 164 evaluations
iter 159 T 0.04166666666666663 sidx 10 index 5 move create M 8
optimisation finished successfully after 402 iterations, 590 evaluations
create False (23, 8) (24, 9)
iter 160 T 0.04166666666666663 sidx 11 index 6 move destroy M 8
optimisation finished successfully after 178 iterations, 276 evaluations
destroy False (23, 8) (26, 7)
iter 161 T 0.04166666666666663 sidx 14 index 1 move create M 8
optimisation finished successfully after 57 iterations, 93 evaluations
create False (23, 8) (24, 9)
iter 162 T 0.04166666666666663 sidx 16 index 3 move destroy M 8
optimisation finished successfully after 333 iterations, 488 evaluations
destroy False (23, 8) (33, 7)
iter 163 T 0.03125 sidx -1 index 7 move percolate M 8
iter 164 T 0.03125 sidx 0 index 0 move create M 8
optimisation finished successfully after 20 iterations, 37 evaluations
create False (23, 8) (24, 9)
iter 165 T 0.03125 sidx 3 index 2 move percolate M 8
optimisation finished successfully after 99 iterations, 153 evaluations
optimisation finished successfully after 127 iterations, 193 evaluations
iter 166 T 0.03125 sidx 8 index 4 move destroy M 8
optimisation finished successfully after 191 iterations, 293 evaluations
destroy False (23, 8) (31, 7)
iter 167 T 0.03125 sidx 10 index 5 move percolate M 8
optimisation finished successfully after 56 iterations, 105 evaluations
optimisation finished successfully after 70 iterations, 125 evaluations
iter 168 T 0.03125 sidx 11 index 6 move destroy M 8
optimisation finished successfully after 178 iterations, 276 evaluations
destroy False (23, 8) (26, 7)
iter 169 T 0.03125 sidx 14 index 1 move destroy M 8
optimisation finished successfully after 198 iterations, 309 evaluations
destroy False (23, 8) (27, 7)
iter 170 T 0.03125 sidx 16 index 3 move percolate M 8
optimisation finished successfully after 105 iterations, 166 evaluations
optimisation finished successfully after 60 iterations, 113 evaluations
iter 171 T 0.02604166666666663 sidx -1 index 7 move destroy M 8
optimisation finished successfully after 75 iterations, 122 evaluations
destroy False (23, 8) (28, 7)
iter 172 T 0.02604166666666663 sidx 0 index 0 move percolate M 8
iter 173 T 0.02604166666666663 sidx 3 index 2 move destroy M 8
optimisation finished successfully after 343 iterations, 501 evaluations
destroy False (23, 8) (27, 7)
iter 174 T 0.02604166666666663 sidx 8 index 4 move percolate M 8
optimisation finished successfully after 102 iterations, 171 evaluations
optimisation finished successfully after 104 iterations, 164 evaluations
iter 175 T 0.02604166666666663 sidx 10 index 5 move create M 8
optimisation finished successfully after 402 iterations, 590 evaluations
create False (23, 8) (24, 9)
iter 176 T 0.02604166666666663 sidx 11 index 6 move create M 8
optimisation finished successfully after 369 iterations, 525 evaluations
create False (23, 8) (24, 9)
iter 177 T 0.02604166666666663 sidx 14 index 1 move percolate M 8
optimisation finished successfully after 149 iterations, 232 evaluations
optimisation finished successfully after 149 iterations, 229 evaluations
iter 178 T 0.02604166666666663 sidx 16 index 3 move create M 8
