writing to  sigma_00.2000/initial_guess.pkl
optimisation finished successfully after 163 iterations, 229 evaluations
optimisation finished successfully after 322 iterations, 439 evaluations
optimisation finished successfully after 193 iterations, 285 evaluations
optimisation finished successfully after 402 iterations, 546 evaluations
optimisation finished successfully after 348 iterations, 463 evaluations
optimisation finished successfully after 8 iterations, 21 evaluations
optimisation finished successfully after 3 iterations, 13 evaluations
optimisation finished successfully after 75 iterations, 123 evaluations
optimisation finished successfully after 22 iterations, 45 evaluations
optimisation finished successfully after 347 iterations, 487 evaluations
optimisation finished successfully after 24 iterations, 54 evaluations
optimisation finished successfully after 68 iterations, 109 evaluations
optimisation finished successfully after 27 iterations, 58 evaluations
optimisation finished successfully after 19 iterations, 46 evaluations
optimisation finished successfully after 24 iterations, 55 evaluations
optimisation finished successfully after 27 iterations, 58 evaluations
optimisation finished successfully after 31 iterations, 67 evaluations
optimisation finished successfully after 14 iterations, 40 evaluations
optimisation finished successfully after 41 iterations, 73 evaluations
optimisation finished successfully after 47 iterations, 87 evaluations
optimisation finished successfully after 36 iterations, 71 evaluations
optimisation finished successfully after 19 iterations, 48 evaluations
optimisation finished successfully after 18 iterations, 38 evaluations
0 index 3 pvalue 0.2736699442353201
score (6, 23, 77.99248111649855)
optimisation finished successfully after 106 iterations, 158 evaluations
score (7, 22, 81.09333215159783)
optimisation finished successfully after 14 iterations, 32 evaluations
optimisation finished successfully after 60 iterations, 95 evaluations
score (7, 22, 81.09333215159783)
destroy False (6, 23, 77.99248111649855) (7, 22, 81.09333215159783)
score (6, 23, 77.99248111649855)
1 index 3 pvalue 0.2736699442353201
optimisation finished successfully after 14 iterations, 34 evaluations
optimisation finished successfully after 90 iterations, 142 evaluations
score (6, 23, 77.99248111649855)
2 index 7 pvalue 0.35522985626485765
optimisation finished successfully after 17 iterations, 37 evaluations
optimisation finished successfully after 10 iterations, 27 evaluations
optimisation finished successfully after 9 iterations, 25 evaluations
optimisation finished successfully after 8 iterations, 23 evaluations
optimisation finished successfully after 39 iterations, 64 evaluations
optimisation finished successfully after 7 iterations, 23 evaluations
score (6, 23, 77.99248111649855)
3 index 8 pvalue 0.20462027839180386
optimisation finished successfully after 32 iterations, 58 evaluations
optimisation finished successfully after 31 iterations, 56 evaluations
optimisation finished successfully after 19 iterations, 39 evaluations
score (6, 23, 77.99248111649855)
4 index 1 pvalue 0.2244022162813586
score (6, 23, 77.99248111649855)
optimisation finished successfully after 32 iterations, 54 evaluations
score (7, 22, 84.61290438860311)
optimisation finished successfully after 9 iterations, 24 evaluations
optimisation finished successfully after 13 iterations, 28 evaluations
optimisation finished successfully after 11 iterations, 25 evaluations
optimisation finished successfully after 10 iterations, 24 evaluations
score (7, 22, 84.58504349843776)
destroy False (6, 23, 77.99248111649855) (7, 22, 84.58504349843776)
score (6, 23, 77.99248111649855)
5 index 10 pvalue 0.010302066580993086
optimisation finished successfully after 28 iterations, 53 evaluations
optimisation finished successfully after 28 iterations, 54 evaluations
optimisation finished successfully after 40 iterations, 71 evaluations
optimisation finished successfully after 178 iterations, 258 evaluations
optimisation finished successfully after 16 iterations, 37 evaluations
optimisation finished successfully after 16 iterations, 37 evaluations
optimisation finished successfully after 15 iterations, 35 evaluations
score (6, 23, 77.99248111649855)
6 index 20 pvalue 0.2967575993351794
optimisation finished successfully after 24 iterations, 48 evaluations
optimisation finished successfully after 28 iterations, 53 evaluations
optimisation finished successfully after 16 iterations, 39 evaluations
score (6, 23, 77.99248111649855)
7 index 13 pvalue 0.0003873686485224015
score (6, 23, 77.99248111649855)
optimisation finished successfully after 21 iterations, 43 evaluations
optimisation finished successfully after 97 iterations, 153 evaluations
optimisation finished successfully after 70 iterations, 106 evaluations
score (5, 24, 71.55333028295642)
create True (6, 23, 77.99248111649855) (5, 24, 71.55333028295642)
score (5, 24, 71.55333028295642)
8 index 14 pvalue 0.20601591599822702
optimisation finished successfully after 214 iterations, 318 evaluations
optimisation finished successfully after 219 iterations, 320 evaluations
score (5, 24, 71.55333028295642)
9 index 9 pvalue 0.16138447007051016
score (5, 24, 71.55333028295642)
optimisation finished successfully after 123 iterations, 186 evaluations
score (5, 23, 69.72090053077999)
destroy without percolating (5, 24, 71.55333028295642) (5, 23, 69.72090053077999)
score (5, 23, 69.72090053077999)
10 index 3 pvalue 0.27366994423532065
score (5, 23, 69.72090053077999)
optimisation finished successfully after 106 iterations, 158 evaluations
score (6, 22, 72.82175156587927)
optimisation finished successfully after 89 iterations, 135 evaluations
optimisation finished successfully after 12 iterations, 29 evaluations
optimisation finished successfully after 7 iterations, 22 evaluations
optimisation finished successfully after 45 iterations, 75 evaluations
score (6, 22, 72.21955784684505)
destroy False (5, 23, 69.72090053077999) (6, 22, 72.21955784684505)
score (5, 23, 69.72090053077999)
11 index 14 pvalue 5.091974687931877e-05
optimisation finished successfully after 144 iterations, 214 evaluations
optimisation finished successfully after 243 iterations, 341 evaluations
score (5, 23, 69.72090053077999)
12 index 1 pvalue 0.2244022162813586
optimisation finished successfully after 20 iterations, 41 evaluations
optimisation finished successfully after 9 iterations, 23 evaluations
optimisation finished successfully after 7 iterations, 20 evaluations
score (5, 23, 69.72090053077999)
13 index 18 pvalue 0.11738011390423375
optimisation finished successfully after 21 iterations, 40 evaluations
optimisation finished successfully after 15 iterations, 34 evaluations
optimisation finished successfully after 19 iterations, 44 evaluations
optimisation finished successfully after 14 iterations, 37 evaluations
optimisation finished successfully after 17 iterations, 41 evaluations
score (5, 23, 69.72090053077999)
14 index 12 pvalue 0.32316172048899405
score (5, 23, 69.72090053077999)
optimisation finished successfully after 111 iterations, 171 evaluations
score (5, 22, 70.85859873266239)
destroy without percolating (5, 23, 69.72090053077999) (5, 22, 70.85859873266239)
score (5, 22, 70.85859873266239)
15 index 8 pvalue 0.0639039336166144
score (5, 22, 70.85859873266239)
optimisation finished successfully after 62 iterations, 100 evaluations
score (5, 21, 69.49759780551838)
destroy without percolating (5, 22, 70.85859873266239) (5, 21, 69.49759780551838)
score (5, 21, 69.49759780551838)
16 index 5 pvalue 0.1371790622400273
score (5, 21, 69.49759780551838)
optimisation finished successfully after 20 iterations, 40 evaluations
score (6, 20, 68.34834665569494)
optimisation finished successfully after 43 iterations, 77 evaluations
optimisation finished successfully after 18 iterations, 41 evaluations
optimisation finished successfully after 21 iterations, 47 evaluations
score (5, 20, 67.96727699631097)
destroy True (5, 21, 69.49759780551838) (5, 20, 67.96727699631097)
score (5, 20, 67.96727699631097)
17 index 10 pvalue 0.42152294556151615
optimisation finished successfully after 57 iterations, 93 evaluations
optimisation finished successfully after 185 iterations, 263 evaluations
optimisation finished successfully after 96 iterations, 150 evaluations
optimisation finished successfully after 28 iterations, 57 evaluations
optimisation finished successfully after 18 iterations, 42 evaluations
optimisation finished successfully after 20 iterations, 44 evaluations
optimisation finished successfully after 33 iterations, 65 evaluations
optimisation finished successfully after 31 iterations, 62 evaluations
optimisation finished successfully after 20 iterations, 45 evaluations
score (5, 20, 67.96727699631097)
18 index 4 pvalue 0.10314614860786864
score (5, 20, 67.96727699631097)
optimisation finished successfully after 169 iterations, 251 evaluations
score (5, 19, 68.7650121567807)
destroy without percolating (5, 20, 67.96727699631097) (5, 19, 68.7650121567807)
score (5, 19, 68.7650121567807)
19 index 17 pvalue 0.4617771271543033
score (5, 19, 68.7650121567807)
optimisation finished successfully after 36 iterations, 60 evaluations
score (6, 18, 80.63128314388534)
score (6, 18, 80.63128314388534)
destroy False (5, 19, 68.7650121567807) (6, 18, 80.63128314388534)
score (5, 19, 68.7650121567807)
20 index 14 pvalue 0.11738011390423375
score (5, 19, 68.7650121567807)
optimisation finished successfully after 39 iterations, 69 evaluations
score (6, 18, 72.55313438175587)
optimisation finished successfully after 13 iterations, 33 evaluations
optimisation finished successfully after 23 iterations, 43 evaluations
optimisation finished successfully after 13 iterations, 34 evaluations
score (6, 18, 70.39923418100368)
destroy False (5, 19, 68.7650121567807) (6, 18, 70.39923418100368)
score (5, 19, 68.7650121567807)
21 index 9 pvalue 0.42152294556151615
optimisation finished successfully after 57 iterations, 93 evaluations
optimisation finished successfully after 185 iterations, 263 evaluations
optimisation finished successfully after 96 iterations, 150 evaluations
optimisation finished successfully after 28 iterations, 57 evaluations
optimisation finished successfully after 18 iterations, 42 evaluations
optimisation finished successfully after 20 iterations, 44 evaluations
optimisation finished successfully after 33 iterations, 65 evaluations
optimisation finished successfully after 31 iterations, 62 evaluations
optimisation finished successfully after 20 iterations, 45 evaluations
score (5, 19, 68.7650121567807)
22 index 6 pvalue 0.0035167881231780163
optimisation finished successfully after 26 iterations, 48 evaluations
optimisation finished successfully after 20 iterations, 42 evaluations
optimisation finished successfully after 351 iterations, 484 evaluations
optimisation finished successfully after 18 iterations, 39 evaluations
optimisation finished successfully after 16 iterations, 38 evaluations
optimisation finished successfully after 16 iterations, 38 evaluations
score (5, 19, 68.7650121567807)
23 index 3 pvalue 0.02627488529939792
score (5, 19, 68.7650121567807)
optimisation finished successfully after 85 iterations, 133 evaluations
score (7, 18, 70.60130761667601)
optimisation finished successfully after 33 iterations, 60 evaluations
optimisation finished successfully after 197 iterations, 289 evaluations
optimisation finished successfully after 23 iterations, 50 evaluations
score (6, 18, 68.60771960812518)
destroy False (5, 19, 68.7650121567807) (6, 18, 68.60771960812518)
score (5, 19, 68.7650121567807)
24 index 7 pvalue 7.584911211144796e-05
score (5, 19, 68.7650121567807)
optimisation finished successfully after 295 iterations, 441 evaluations
optimisation finished successfully after 34 iterations, 69 evaluations
optimisation finished successfully after 36 iterations, 69 evaluations
optimisation finished successfully after 32 iterations, 63 evaluations
optimisation finished successfully after 43 iterations, 84 evaluations
optimisation finished successfully after 32 iterations, 67 evaluations
score (3, 20, 58.66710390709568)
create True (5, 19, 68.7650121567807) (3, 20, 58.66710390709568)
score (3, 20, 58.66710390709568)
25 index 15 pvalue 0.1173801139042342
optimisation finished successfully after 21 iterations, 40 evaluations
optimisation finished successfully after 15 iterations, 34 evaluations
optimisation finished successfully after 19 iterations, 44 evaluations
optimisation finished successfully after 14 iterations, 37 evaluations
optimisation finished successfully after 17 iterations, 41 evaluations
score (3, 20, 58.66710390709568)
26 index 17 pvalue 0.2967575993351801
score (3, 20, 58.66710390709568)
optimisation finished successfully after 60 iterations, 101 evaluations
score (3, 19, 58.979911898006236)
destroy without percolating (3, 20, 58.66710390709568) (3, 19, 58.979911898006236)
score (3, 19, 58.979911898006236)
27 index 7 pvalue 0.4049008052222419
optimisation finished successfully after 29 iterations, 58 evaluations
optimisation finished successfully after 32 iterations, 67 evaluations
score (3, 19, 58.979911898006236)
28 index 17 pvalue 0.43546088098563485
optimisation finished successfully after 19 iterations, 41 evaluations
optimisation finished successfully after 24 iterations, 48 evaluations
optimisation finished successfully after 12 iterations, 30 evaluations
score (3, 19, 58.979911898006236)
29 index 2 pvalue 0.16700919644409973
score (3, 19, 58.979911898006236)
optimisation finished successfully after 114 iterations, 174 evaluations
score (4, 18, 62.22536100664489)
optimisation finished successfully after 9 iterations, 24 evaluations
optimisation finished successfully after 17 iterations, 35 evaluations
optimisation finished successfully after 9 iterations, 26 evaluations
score (4, 18, 61.99290329089577)
destroy False (3, 19, 58.979911898006236) (4, 18, 61.99290329089577)
score (3, 19, 58.979911898006236)
30 index 8 pvalue 0.27148159670507216
score (3, 19, 58.979911898006236)
optimisation finished successfully after 85 iterations, 136 evaluations
score (4, 18, 66.38728755025272)
optimisation finished successfully after 13 iterations, 34 evaluations
optimisation finished successfully after 21 iterations, 44 evaluations
optimisation finished successfully after 25 iterations, 50 evaluations
score (4, 18, 66.0592583628532)
destroy False (3, 19, 58.979911898006236) (4, 18, 66.0592583628532)
score (3, 19, 58.979911898006236)
31 index 12 pvalue 0.35947137944957086
score (3, 19, 58.979911898006236)
optimisation finished successfully after 41 iterations, 72 evaluations
score (4, 18, 61.36619308711015)
optimisation finished successfully after 21 iterations, 43 evaluations
optimisation finished successfully after 32 iterations, 61 evaluations
optimisation finished successfully after 17 iterations, 37 evaluations
score (4, 18, 61.29687903392703)
destroy False (3, 19, 58.979911898006236) (4, 18, 61.29687903392703)
score (3, 19, 58.979911898006236)
32 index 7 pvalue 0.4049008052222419
optimisation finished successfully after 29 iterations, 58 evaluations
optimisation finished successfully after 32 iterations, 67 evaluations
score (3, 19, 58.979911898006236)
33 index 5 pvalue 0.10941660145002596
score (3, 19, 58.979911898006236)
optimisation finished successfully after 26 iterations, 47 evaluations
score (3, 18, 57.29203248537404)
destroy without percolating (3, 19, 58.979911898006236) (3, 18, 57.29203248537404)
score (3, 18, 57.29203248537404)
34 index 5 pvalue 0.029176331116467336
score (3, 18, 57.29203248537404)
optimisation finished successfully after 579 iterations, 835 evaluations
score (5, 17, 59.026699911307105)
optimisation finished successfully after 28 iterations, 58 evaluations
optimisation finished successfully after 26 iterations, 55 evaluations
score (5, 17, 59.026699911307105)
destroy False (3, 18, 57.29203248537404) (5, 17, 59.026699911307105)
score (3, 18, 57.29203248537404)
35 index 10 pvalue 4.432864824122085e-05
optimisation finished successfully after 17 iterations, 41 evaluations
optimisation finished successfully after 19 iterations, 41 evaluations
score (3, 18, 57.29203248537404)
36 index 0 pvalue 0.00019700787581278245
score (3, 18, 57.29203248537404)
optimisation finished successfully after 20 iterations, 36 evaluations
score (3, 19, 60.47841570909799)
create False (3, 18, 57.29203248537404) (3, 19, 60.47841570909799)
score (3, 18, 57.29203248537404)
37 index 15 pvalue 0.07112897000174612
score (3, 18, 57.29203248537404)
optimisation finished successfully after 69 iterations, 108 evaluations
score (3, 17, 57.565679941748144)
destroy without percolating (3, 18, 57.29203248537404) (3, 17, 57.565679941748144)
score (3, 17, 57.565679941748144)
38 index 5 pvalue 0.029176331116467336
score (3, 17, 57.565679941748144)
optimisation finished successfully after 579 iterations, 835 evaluations
score (5, 16, 59.30034736768101)
optimisation finished successfully after 28 iterations, 58 evaluations
optimisation finished successfully after 26 iterations, 55 evaluations
score (5, 16, 59.30034736768101)
destroy False (3, 17, 57.565679941748144) (5, 16, 59.30034736768101)
score (3, 17, 57.565679941748144)
39 index 8 pvalue 2.618887333716291e-05
score (3, 17, 57.565679941748144)
optimisation finished successfully after 34 iterations, 70 evaluations
optimisation finished successfully after 37 iterations, 73 evaluations
optimisation finished successfully after 43 iterations, 82 evaluations
optimisation finished successfully after 101 iterations, 164 evaluations
score (4, 18, 59.70733883033463)
create False (3, 17, 57.565679941748144) (4, 18, 59.70733883033463)
score (3, 17, 57.565679941748144)
40 index 5 pvalue 0.029176331116467336
score (3, 17, 57.565679941748144)
optimisation finished successfully after 579 iterations, 835 evaluations
score (5, 16, 59.300347367681006)
optimisation finished successfully after 28 iterations, 58 evaluations
optimisation finished successfully after 26 iterations, 55 evaluations
score (5, 16, 59.300347367681006)
destroy False (3, 17, 57.565679941748144) (5, 16, 59.300347367681006)
score (3, 17, 57.565679941748144)
41 index 3 pvalue 0.024579560199958772
optimisation finished successfully after 33 iterations, 62 evaluations
optimisation finished successfully after 38 iterations, 70 evaluations
optimisation finished successfully after 27 iterations, 54 evaluations
optimisation finished successfully after 30 iterations, 59 evaluations
optimisation finished successfully after 19 iterations, 41 evaluations
score (3, 17, 57.565679941748144)
42 index 7 pvalue 0.27148159670507216
score (3, 17, 57.565679941748144)
optimisation finished successfully after 28 iterations, 53 evaluations
score (4, 16, 66.21962811260887)
optimisation finished successfully after 71 iterations, 120 evaluations
optimisation finished successfully after 21 iterations, 45 evaluations
optimisation finished successfully after 19 iterations, 43 evaluations
optimisation finished successfully after 28 iterations, 56 evaluations
optimisation finished successfully after 24 iterations, 50 evaluations
score (4, 16, 63.41039986888381)
destroy False (3, 17, 57.565679941748144) (4, 16, 63.41039986888381)
score (3, 17, 57.565679941748144)
43 index 11 pvalue 0.35947137944957086
optimisation finished successfully after 76 iterations, 128 evaluations
optimisation finished successfully after 15 iterations, 35 evaluations
optimisation finished successfully after 16 iterations, 37 evaluations
optimisation finished successfully after 17 iterations, 40 evaluations
optimisation finished successfully after 14 iterations, 35 evaluations
score (3, 17, 57.565679941748144)
44 index 11 pvalue 0.35947137944957086
score (3, 17, 57.565679941748144)
optimisation finished successfully after 38 iterations, 66 evaluations
score (4, 16, 60.42792884595666)
optimisation finished successfully after 14 iterations, 35 evaluations
optimisation finished successfully after 60 iterations, 94 evaluations
optimisation finished successfully after 22 iterations, 46 evaluations
optimisation finished successfully after 45 iterations, 78 evaluations
optimisation finished successfully after 22 iterations, 49 evaluations
optimisation finished successfully after 13 iterations, 34 evaluations
score (3, 16, 56.96066509790248)
destroy True (3, 17, 57.565679941748144) (3, 16, 56.96066509790248)
score (3, 16, 56.96066509790248)
45 index 4 pvalue 0.022375640622555926
optimisation finished successfully after 72 iterations, 118 evaluations
optimisation finished successfully after 34 iterations, 67 evaluations
optimisation finished successfully after 31 iterations, 59 evaluations
optimisation finished successfully after 37 iterations, 73 evaluations
optimisation finished successfully after 24 iterations, 49 evaluations
optimisation finished successfully after 55 iterations, 95 evaluations
score (3, 16, 56.96066509790248)
46 index 12 pvalue 0.37931729061972885
optimisation finished successfully after 24 iterations, 49 evaluations
optimisation finished successfully after 17 iterations, 43 evaluations
optimisation finished successfully after 19 iterations, 44 evaluations
score (3, 16, 56.96066509790248)
47 index 12 pvalue 0.37931729061972885
optimisation finished successfully after 24 iterations, 49 evaluations
optimisation finished successfully after 17 iterations, 43 evaluations
optimisation finished successfully after 19 iterations, 44 evaluations
score (3, 16, 56.96066509790248)
48 index 6 pvalue 0.35702789312298266
score (3, 16, 56.96066509790248)
optimisation finished successfully after 710 iterations, 1024 evaluations
score (4, 15, 60.19726803424968)
optimisation finished successfully after 68 iterations, 124 evaluations
optimisation finished successfully after 54 iterations, 103 evaluations
score (4, 15, 60.19726803424968)
destroy False (3, 16, 56.96066509790248) (4, 15, 60.19726803424968)
score (3, 16, 56.96066509790248)
49 index 5 pvalue 0.029176331116467336
optimisation finished successfully after 418 iterations, 608 evaluations
optimisation finished successfully after 68 iterations, 119 evaluations
optimisation finished successfully after 127 iterations, 198 evaluations
optimisation finished successfully after 79 iterations, 135 evaluations
optimisation finished successfully after 77 iterations, 122 evaluations
score (3, 16, 56.96066509790248)
50 index 7 pvalue 0.27148159670507216
optimisation finished successfully after 45 iterations, 91 evaluations
optimisation finished successfully after 68 iterations, 118 evaluations
optimisation finished successfully after 36 iterations, 74 evaluations
score (3, 16, 56.96066509790248)
51 index 11 pvalue 0.3217426133164367
score (3, 16, 56.96066509790248)
optimisation finished successfully after 123 iterations, 188 evaluations
score (3, 15, 59.21803636824507)
destroy without percolating (3, 16, 56.96066509790248) (3, 15, 59.21803636824507)
score (3, 15, 59.21803636824507)
52 index 13 pvalue 0.05386373917644949
score (3, 15, 59.21803636824507)
optimisation finished successfully after 178 iterations, 275 evaluations
score (5, 14, 59.73651031943315)
score (5, 14, 59.73651031943315)
destroy False (3, 15, 59.21803636824507) (5, 14, 59.73651031943315)
score (3, 15, 59.21803636824507)
53 index 7 pvalue 0.27148159670507216
optimisation finished successfully after 61 iterations, 119 evaluations
optimisation finished successfully after 56 iterations, 101 evaluations
optimisation finished successfully after 52 iterations, 99 evaluations
score (3, 15, 59.21803636824507)
54 index 1 pvalue 0.20995352144974644
score (3, 15, 59.21803636824507)
optimisation finished successfully after 89 iterations, 141 evaluations
score (5, 14, 64.0473438373106)
optimisation finished successfully after 6 iterations, 19 evaluations
optimisation finished successfully after 14 iterations, 30 evaluations
optimisation finished successfully after 6 iterations, 19 evaluations
score (5, 14, 63.665670651900996)
destroy False (3, 15, 59.21803636824507) (5, 14, 63.665670651900996)
score (3, 15, 59.21803636824507)
55 index 1 pvalue 0.20995352144974644
score (3, 15, 59.21803636824507)
optimisation finished successfully after 89 iterations, 141 evaluations
score (5, 14, 64.0473438373106)
optimisation finished successfully after 6 iterations, 19 evaluations
optimisation finished successfully after 14 iterations, 30 evaluations
optimisation finished successfully after 6 iterations, 19 evaluations
score (5, 14, 63.665670651900996)
destroy False (3, 15, 59.21803636824507) (5, 14, 63.665670651900996)
score (3, 15, 59.21803636824507)
56 index 12 pvalue 0.05329581324157906
score (3, 15, 59.21803636824507)
optimisation finished successfully after 468 iterations, 689 evaluations
score (5, 14, 66.77054269710074)
optimisation finished successfully after 30 iterations, 60 evaluations
optimisation finished successfully after 22 iterations, 47 evaluations
optimisation finished successfully after 124 iterations, 192 evaluations
optimisation finished successfully after 20 iterations, 44 evaluations
optimisation finished successfully after 20 iterations, 44 evaluations
optimisation finished successfully after 18 iterations, 38 evaluations
optimisation finished successfully after 116 iterations, 184 evaluations
optimisation finished successfully after 22 iterations, 48 evaluations
optimisation finished successfully after 45 iterations, 77 evaluations
optimisation finished successfully after 41 iterations, 79 evaluations
score (4, 14, 59.24504137275067)
destroy False (3, 15, 59.21803636824507) (4, 14, 59.24504137275067)
score (3, 15, 59.21803636824507)
57 index 8 pvalue 4.281142027895424e-05
optimisation finished successfully after 211 iterations, 326 evaluations
optimisation finished successfully after 38 iterations, 80 evaluations
optimisation finished successfully after 39 iterations, 78 evaluations
score (3, 15, 59.21803636824507)
58 index 0 pvalue 0.00019700787581278245
score (3, 15, 59.21803636824507)
optimisation finished successfully after 20 iterations, 36 evaluations
score (3, 16, 62.40441959196903)
create False (3, 15, 59.21803636824507) (3, 16, 62.40441959196903)
score (3, 15, 59.21803636824507)
59 index 11 pvalue 0.11040901538212478
optimisation finished successfully after 231 iterations, 346 evaluations
optimisation finished successfully after 28 iterations, 61 evaluations
optimisation finished successfully after 18 iterations, 43 evaluations
optimisation finished successfully after 24 iterations, 51 evaluations
score (3, 15, 59.21803636824507)
60 index 6 pvalue 0.35702789312298266
optimisation finished successfully after 41 iterations, 77 evaluations
optimisation finished successfully after 52 iterations, 97 evaluations
score (3, 15, 59.21803636824507)
61 index 0 pvalue 0.00019700787581278245
score (3, 15, 59.21803636824507)
optimisation finished successfully after 20 iterations, 36 evaluations
score (3, 16, 62.40441959196903)
create False (3, 15, 59.21803636824507) (3, 16, 62.40441959196903)
score (3, 15, 59.21803636824507)
62 index 5 pvalue 0.029176331116467336
score (3, 15, 59.21803636824507)
optimisation finished successfully after 579 iterations, 835 evaluations
score (5, 14, 60.95270379417789)
optimisation finished successfully after 21 iterations, 46 evaluations
optimisation finished successfully after 23 iterations, 50 evaluations
score (5, 14, 60.95270379417789)
destroy False (3, 15, 59.21803636824507) (5, 14, 60.95270379417789)
score (3, 15, 59.21803636824507)
63 index 9 pvalue 0.3116516877996459
optimisation finished successfully after 230 iterations, 344 evaluations
optimisation finished successfully after 32 iterations, 72 evaluations
optimisation finished successfully after 33 iterations, 74 evaluations
optimisation finished successfully after 31 iterations, 67 evaluations
score (3, 15, 59.21803636824507)
64 index 1 pvalue 0.20995352144974644
optimisation finished successfully after 51 iterations, 85 evaluations
optimisation finished successfully after 4 iterations, 14 evaluations
optimisation finished successfully after 3 iterations, 13 evaluations
optimisation finished successfully after 3 iterations, 13 evaluations
optimisation finished successfully after 4 iterations, 14 evaluations
score (3, 15, 59.21803636824507)
65 index 9 pvalue 0.3116516877996459
score (3, 15, 59.21803636824507)
optimisation finished successfully after 32 iterations, 64 evaluations
score (3, 14, 58.655273359131925)
destroy without percolating (3, 15, 59.21803636824507) (3, 14, 58.655273359131925)
score (3, 14, 58.655273359131925)
66 index 11 pvalue 0.05329581324157906
score (3, 14, 58.655273359131925)
optimisation finished successfully after 157 iterations, 227 evaluations
score (5, 13, 70.91305705467995)
optimisation finished successfully after 15 iterations, 34 evaluations
optimisation finished successfully after 167 iterations, 256 evaluations
optimisation finished successfully after 19 iterations, 45 evaluations
score (5, 13, 67.23234279375839)
destroy False (3, 14, 58.655273359131925) (5, 13, 67.23234279375839)
score (3, 14, 58.655273359131925)
67 index 1 pvalue 0.20995352144974655
score (3, 14, 58.655273359131925)
optimisation finished successfully after 89 iterations, 141 evaluations
score (5, 13, 63.484580828197466)
optimisation finished successfully after 6 iterations, 19 evaluations
optimisation finished successfully after 14 iterations, 30 evaluations
optimisation finished successfully after 6 iterations, 19 evaluations
score (5, 13, 63.102907642787855)
destroy False (3, 14, 58.655273359131925) (5, 13, 63.102907642787855)
score (3, 14, 58.655273359131925)
68 index 4 pvalue 0.022375640622555926
score (3, 14, 58.655273359131925)
optimisation finished successfully after 94 iterations, 143 evaluations
score (4, 13, 58.41623632539998)
optimisation finished successfully after 318 iterations, 474 evaluations
optimisation finished successfully after 46 iterations, 95 evaluations
optimisation finished successfully after 60 iterations, 109 evaluations
optimisation finished successfully after 33 iterations, 69 evaluations
optimisation finished successfully after 81 iterations, 140 evaluations
score (4, 13, 57.75839680393413)
destroy False (3, 14, 58.655273359131925) (4, 13, 57.75839680393413)
score (3, 14, 58.655273359131925)
69 index 9 pvalue 3.8436790184004366e-07
score (3, 14, 58.655273359131925)
optimisation finished successfully after 97 iterations, 161 evaluations
optimisation finished successfully after 60 iterations, 101 evaluations
optimisation finished successfully after 26 iterations, 59 evaluations
optimisation finished successfully after 29 iterations, 63 evaluations
optimisation finished successfully after 46 iterations, 88 evaluations
score (4, 15, 58.57240575066961)
create False (3, 14, 58.655273359131925) (4, 15, 58.57240575066961)
score (3, 14, 58.655273359131925)
70 index 1 pvalue 0.20995352144974655
score (3, 14, 58.655273359131925)
optimisation finished successfully after 89 iterations, 141 evaluations
score (5, 13, 63.48458082819759)
optimisation finished successfully after 6 iterations, 19 evaluations
optimisation finished successfully after 14 iterations, 30 evaluations
optimisation finished successfully after 6 iterations, 19 evaluations
score (5, 13, 63.10290764278788)
destroy False (3, 14, 58.655273359131925) (5, 13, 63.10290764278788)
score (3, 14, 58.655273359131925)
71 index 5 pvalue 0.029176331116467336
optimisation finished successfully after 436 iterations, 629 evaluations
optimisation finished successfully after 190 iterations, 287 evaluations
optimisation finished successfully after 403 iterations, 572 evaluations
optimisation finished successfully after 70 iterations, 124 evaluations
optimisation finished successfully after 85 iterations, 133 evaluations
score (3, 14, 58.655273359131925)
72 index 0 pvalue 0.00019700787581278245
score (3, 14, 58.655273359131925)
optimisation finished successfully after 20 iterations, 36 evaluations
score (3, 15, 61.84165658285589)
create False (3, 14, 58.655273359131925) (3, 15, 61.84165658285589)
score (3, 14, 58.655273359131925)
73 index 2 pvalue 0.19506648683800298
score (3, 14, 58.655273359131925)
optimisation finished successfully after 88 iterations, 134 evaluations
score (4, 13, 61.562754617362515)
optimisation finished successfully after 21 iterations, 47 evaluations
optimisation finished successfully after 12 iterations, 32 evaluations
score (4, 13, 61.562754617362515)
destroy False (3, 14, 58.655273359131925) (4, 13, 61.562754617362515)
score (3, 14, 58.655273359131925)
74 index 4 pvalue 0.022375640622555926
score (3, 14, 58.655273359131925)
optimisation finished successfully after 94 iterations, 143 evaluations
score (4, 13, 58.41623632539999)
optimisation finished successfully after 318 iterations, 474 evaluations
optimisation finished successfully after 46 iterations, 95 evaluations
optimisation finished successfully after 60 iterations, 109 evaluations
optimisation finished successfully after 33 iterations, 69 evaluations
optimisation finished successfully after 81 iterations, 140 evaluations
score (4, 13, 57.75839680393396)
destroy False (3, 14, 58.655273359131925) (4, 13, 57.75839680393396)
score (3, 14, 58.655273359131925)
75 index 4 pvalue 0.022375640622555926
score (3, 14, 58.655273359131925)
optimisation finished successfully after 94 iterations, 143 evaluations
score (4, 13, 58.41623632539999)
optimisation finished successfully after 318 iterations, 474 evaluations
optimisation finished successfully after 46 iterations, 95 evaluations
optimisation finished successfully after 60 iterations, 109 evaluations
optimisation finished successfully after 33 iterations, 69 evaluations
optimisation finished successfully after 81 iterations, 140 evaluations
score (4, 13, 57.75839680393396)
destroy False (3, 14, 58.655273359131925) (4, 13, 57.75839680393396)
score (3, 14, 58.655273359131925)
76 index 12 pvalue 0.05386373917644949
score (3, 14, 58.655273359131925)
optimisation finished successfully after 152 iterations, 228 evaluations
score (5, 13, 60.40772568923832)
score (5, 13, 60.40772568923832)
destroy False (3, 14, 58.655273359131925) (5, 13, 60.40772568923832)
score (3, 14, 58.655273359131925)
77 index 10 pvalue 0.07782857380885022
optimisation finished successfully after 27 iterations, 57 evaluations
optimisation finished successfully after 33 iterations, 66 evaluations
optimisation finished successfully after 33 iterations, 62 evaluations
optimisation finished successfully after 18 iterations, 41 evaluations
score (3, 14, 58.655273359131925)
78 index 7 pvalue 0.21599857787159876
score (3, 14, 58.655273359131925)
optimisation finished successfully after 38 iterations, 66 evaluations
score (4, 13, 68.57339109312235)
optimisation finished successfully after 24 iterations, 50 evaluations
optimisation finished successfully after 47 iterations, 79 evaluations
optimisation finished successfully after 19 iterations, 43 evaluations
score (4, 13, 67.46987432717202)
destroy False (3, 14, 58.655273359131925) (4, 13, 67.46987432717202)
score (3, 14, 58.655273359131925)
79 index 3 pvalue 0.024579560199958883
score (3, 14, 58.655273359131925)
optimisation finished successfully after 149 iterations, 232 evaluations
score (5, 13, 60.29521901137599)
optimisation finished successfully after 123 iterations, 189 evaluations
optimisation finished successfully after 22 iterations, 48 evaluations
optimisation finished successfully after 21 iterations, 44 evaluations
optimisation finished successfully after 16 iterations, 36 evaluations
score (5, 13, 59.842126162502936)
destroy False (3, 14, 58.655273359131925) (5, 13, 59.842126162502936)
score (3, 14, 58.655273359131925)
80 index 8 pvalue 3.915296447742911e-05
optimisation finished successfully after 32 iterations, 71 evaluations
optimisation finished successfully after 38 iterations, 81 evaluations
optimisation finished successfully after 52 iterations, 99 evaluations
score (3, 14, 58.655273359131925)
81 index 8 pvalue 3.915296447742911e-05
score (3, 14, 58.655273359131925)
optimisation finished successfully after 38 iterations, 74 evaluations
optimisation finished successfully after 57 iterations, 99 evaluations
optimisation finished successfully after 155 iterations, 234 evaluations
optimisation finished successfully after 231 iterations, 355 evaluations
optimisation finished successfully after 32 iterations, 69 evaluations
score (4, 15, 60.686715757544505)
create False (3, 14, 58.655273359131925) (4, 15, 60.686715757544505)
score (3, 14, 58.655273359131925)
82 index 10 pvalue 0.07782857380885022
score (3, 14, 58.655273359131925)
optimisation finished successfully after 208 iterations, 306 evaluations
score (5, 13, 68.2816967428258)
optimisation finished successfully after 113 iterations, 179 evaluations
optimisation finished successfully after 26 iterations, 56 evaluations
optimisation finished successfully after 28 iterations, 59 evaluations
optimisation finished successfully after 139 iterations, 213 evaluations
optimisation finished successfully after 36 iterations, 66 evaluations
score (4, 13, 66.92952577898751)
destroy False (3, 14, 58.655273359131925) (4, 13, 66.92952577898751)
score (3, 14, 58.655273359131925)
83 index 12 pvalue 0.05386373917644949
score (3, 14, 58.655273359131925)
optimisation finished successfully after 152 iterations, 228 evaluations
score (5, 13, 60.40772568923832)
score (5, 13, 60.40772568923832)
destroy False (3, 14, 58.655273359131925) (5, 13, 60.40772568923832)
score (3, 14, 58.655273359131925)
84 index 6 pvalue 0.357336555886937
optimisation finished successfully after 36 iterations, 70 evaluations
optimisation finished successfully after 28 iterations, 61 evaluations
score (3, 14, 58.655273359131925)
85 index 5 pvalue 0.029176331116467336
score (3, 14, 58.655273359131925)
optimisation finished successfully after 177 iterations, 262 evaluations
score (5, 13, 60.507930104719506)
optimisation finished successfully after 33 iterations, 68 evaluations
optimisation finished successfully after 32 iterations, 68 evaluations
score (5, 13, 60.507930104719506)
destroy False (3, 14, 58.655273359131925) (5, 13, 60.507930104719506)
score (3, 14, 58.655273359131925)
86 index 12 pvalue 0.05386373917644949
score (3, 14, 58.655273359131925)
optimisation finished successfully after 152 iterations, 228 evaluations
score (5, 13, 60.40772568923832)
score (5, 13, 60.40772568923832)
destroy False (3, 14, 58.655273359131925) (5, 13, 60.40772568923832)
score (3, 14, 58.655273359131925)
87 index 6 pvalue 0.357336555886937
optimisation finished successfully after 36 iterations, 70 evaluations
optimisation finished successfully after 28 iterations, 61 evaluations
score (3, 14, 58.655273359131925)
88 index 5 pvalue 0.029176331116467336
optimisation finished successfully after 436 iterations, 629 evaluations
optimisation finished successfully after 190 iterations, 287 evaluations
optimisation finished successfully after 403 iterations, 572 evaluations
optimisation finished successfully after 70 iterations, 124 evaluations
optimisation finished successfully after 85 iterations, 133 evaluations
score (3, 14, 58.655273359131925)
89 index 9 pvalue 3.8436790184004366e-07
optimisation finished successfully after 39 iterations, 78 evaluations
optimisation finished successfully after 46 iterations, 83 evaluations
optimisation finished successfully after 35 iterations, 73 evaluations
optimisation finished successfully after 31 iterations, 67 evaluations
score (3, 14, 58.655273359131925)
90 index 3 pvalue 0.024579560199958883
score (3, 14, 58.655273359131925)
optimisation finished successfully after 149 iterations, 232 evaluations
score (5, 13, 60.29521901137599)
optimisation finished successfully after 123 iterations, 189 evaluations
optimisation finished successfully after 22 iterations, 48 evaluations
optimisation finished successfully after 21 iterations, 44 evaluations
optimisation finished successfully after 16 iterations, 36 evaluations
score (5, 13, 59.842126162502936)
destroy False (3, 14, 58.655273359131925) (5, 13, 59.842126162502936)
score (3, 14, 58.655273359131925)
91 index 9 pvalue 3.8436790184004366e-07
score (3, 14, 58.655273359131925)
optimisation finished successfully after 97 iterations, 161 evaluations
optimisation finished successfully after 60 iterations, 101 evaluations
optimisation finished successfully after 26 iterations, 59 evaluations
optimisation finished successfully after 29 iterations, 63 evaluations
optimisation finished successfully after 46 iterations, 88 evaluations
score (4, 15, 58.57240575066962)
create False (3, 14, 58.655273359131925) (4, 15, 58.57240575066962)
score (3, 14, 58.655273359131925)
92 index 10 pvalue 0.07782857380885022
optimisation finished successfully after 27 iterations, 57 evaluations
optimisation finished successfully after 33 iterations, 66 evaluations
optimisation finished successfully after 33 iterations, 62 evaluations
optimisation finished successfully after 18 iterations, 41 evaluations
score (3, 14, 58.655273359131925)
93 index 4 pvalue 0.022375640622555926
optimisation finished successfully after 75 iterations, 123 evaluations
optimisation finished successfully after 34 iterations, 67 evaluations
optimisation finished successfully after 31 iterations, 58 evaluations
optimisation finished successfully after 22 iterations, 48 evaluations
score (3, 14, 58.655273359131925)
94 index 2 pvalue 0.19506648683800298
score (3, 14, 58.655273359131925)
optimisation finished successfully after 88 iterations, 134 evaluations
score (4, 13, 61.56275461736247)
optimisation finished successfully after 21 iterations, 47 evaluations
optimisation finished successfully after 12 iterations, 32 evaluations
score (4, 13, 61.56275461736247)
destroy False (3, 14, 58.655273359131925) (4, 13, 61.56275461736247)
score (3, 14, 58.655273359131925)
95 index 11 pvalue 0.05329581324157906
score (3, 14, 58.655273359131925)
optimisation finished successfully after 157 iterations, 227 evaluations
score (5, 13, 70.91305705467995)
optimisation finished successfully after 15 iterations, 34 evaluations
optimisation finished successfully after 167 iterations, 256 evaluations
optimisation finished successfully after 19 iterations, 45 evaluations
score (5, 13, 67.2323427937584)
destroy False (3, 14, 58.655273359131925) (5, 13, 67.2323427937584)
score (3, 14, 58.655273359131925)
96 index 8 pvalue 3.915296447742911e-05
score (3, 14, 58.655273359131925)
optimisation finished successfully after 38 iterations, 74 evaluations
optimisation finished successfully after 57 iterations, 99 evaluations
optimisation finished successfully after 155 iterations, 234 evaluations
optimisation finished successfully after 231 iterations, 355 evaluations
optimisation finished successfully after 32 iterations, 69 evaluations
score (4, 15, 60.686715757544505)
create False (3, 14, 58.655273359131925) (4, 15, 60.686715757544505)
score (3, 14, 58.655273359131925)
97 index 7 pvalue 0.21599857787159876
score (3, 14, 58.655273359131925)
optimisation finished successfully after 38 iterations, 66 evaluations
score (4, 13, 68.57339109312235)
optimisation finished successfully after 24 iterations, 50 evaluations
optimisation finished successfully after 47 iterations, 79 evaluations
optimisation finished successfully after 19 iterations, 43 evaluations
score (4, 13, 67.46987432717204)
destroy False (3, 14, 58.655273359131925) (4, 13, 67.46987432717204)
score (3, 14, 58.655273359131925)
98 index 10 pvalue 0.07782857380885022
optimisation finished successfully after 27 iterations, 57 evaluations
optimisation finished successfully after 33 iterations, 66 evaluations
optimisation finished successfully after 33 iterations, 62 evaluations
optimisation finished successfully after 18 iterations, 41 evaluations
score (3, 14, 58.655273359131925)
99 index 3 pvalue 0.024579560199958883
score (3, 14, 58.655273359131925)
optimisation finished successfully after 149 iterations, 232 evaluations
score (5, 13, 60.29521901137609)
optimisation finished successfully after 123 iterations, 189 evaluations
optimisation finished successfully after 22 iterations, 48 evaluations
optimisation finished successfully after 21 iterations, 44 evaluations
optimisation finished successfully after 16 iterations, 36 evaluations
score (5, 13, 59.84212616250302)
destroy False (3, 14, 58.655273359131925) (5, 13, 59.84212616250302)
score (3, 14, 58.655273359131925)
100 index 9 pvalue 3.8436790184004366e-07
score (3, 14, 58.655273359131925)
optimisation finished successfully after 97 iterations, 161 evaluations
optimisation finished successfully after 60 iterations, 101 evaluations
optimisation finished successfully after 26 iterations, 59 evaluations
optimisation finished successfully after 29 iterations, 63 evaluations
optimisation finished successfully after 46 iterations, 88 evaluations
score (4, 15, 58.57240575066961)
create False (3, 14, 58.655273359131925) (4, 15, 58.57240575066961)
score (3, 14, 58.655273359131925)
101 index 7 pvalue 0.21599857787159876
score (3, 14, 58.655273359131925)
optimisation finished successfully after 38 iterations, 66 evaluations
score (4, 13, 68.57339109312235)
optimisation finished successfully after 24 iterations, 50 evaluations
optimisation finished successfully after 47 iterations, 79 evaluations
optimisation finished successfully after 19 iterations, 43 evaluations
score (4, 13, 67.46987432717204)
destroy False (3, 14, 58.655273359131925) (4, 13, 67.46987432717204)
score (3, 14, 58.655273359131925)
102 index 8 pvalue 3.915296447742911e-05
optimisation finished successfully after 32 iterations, 71 evaluations
optimisation finished successfully after 38 iterations, 81 evaluations
optimisation finished successfully after 52 iterations, 99 evaluations
score (3, 14, 58.655273359131925)
103 index 10 pvalue 0.07782857380885022
optimisation finished successfully after 27 iterations, 57 evaluations
optimisation finished successfully after 33 iterations, 66 evaluations
optimisation finished successfully after 33 iterations, 62 evaluations
optimisation finished successfully after 18 iterations, 41 evaluations
score (3, 14, 58.655273359131925)
104 index 5 pvalue 0.029176331116467336
score (3, 14, 58.655273359131925)
optimisation finished successfully after 177 iterations, 262 evaluations
score (5, 13, 60.50793010471949)
optimisation finished successfully after 33 iterations, 68 evaluations
optimisation finished successfully after 32 iterations, 68 evaluations
score (5, 13, 60.50793010471949)
destroy False (3, 14, 58.655273359131925) (5, 13, 60.50793010471949)
score (3, 14, 58.655273359131925)
105 index 7 pvalue 0.21599857787159876
score (3, 14, 58.655273359131925)
optimisation finished successfully after 38 iterations, 66 evaluations
score (4, 13, 68.57339109312237)
optimisation finished successfully after 24 iterations, 50 evaluations
optimisation finished successfully after 47 iterations, 79 evaluations
optimisation finished successfully after 19 iterations, 43 evaluations
score (4, 13, 67.46987432717205)
destroy False (3, 14, 58.655273359131925) (4, 13, 67.46987432717205)
score (3, 14, 58.655273359131925)
106 index 3 pvalue 0.024579560199958883
score (3, 14, 58.655273359131925)
optimisation finished successfully after 149 iterations, 232 evaluations
score (5, 13, 60.29521901137615)
optimisation finished successfully after 123 iterations, 189 evaluations
optimisation finished successfully after 22 iterations, 48 evaluations
optimisation finished successfully after 21 iterations, 44 evaluations
optimisation finished successfully after 16 iterations, 36 evaluations
score (5, 13, 59.84212616250298)
destroy False (3, 14, 58.655273359131925) (5, 13, 59.84212616250298)
score (3, 14, 58.655273359131925)
107 index 2 pvalue 0.19506648683800298
score (3, 14, 58.655273359131925)
optimisation finished successfully after 88 iterations, 134 evaluations
score (4, 13, 61.562754617362515)
optimisation finished successfully after 21 iterations, 47 evaluations
optimisation finished successfully after 12 iterations, 32 evaluations
score (4, 13, 61.562754617362515)
destroy False (3, 14, 58.655273359131925) (4, 13, 61.562754617362515)
score (3, 14, 58.655273359131925)
108 index 4 pvalue 0.022375640622555926
optimisation finished successfully after 75 iterations, 123 evaluations
optimisation finished successfully after 34 iterations, 67 evaluations
optimisation finished successfully after 31 iterations, 58 evaluations
optimisation finished successfully after 22 iterations, 48 evaluations
score (3, 14, 58.655273359131925)
109 index 11 pvalue 0.05329581324157906
optimisation finished successfully after 26 iterations, 54 evaluations
optimisation finished successfully after 159 iterations, 239 evaluations
optimisation finished successfully after 23 iterations, 51 evaluations
score (3, 14, 58.655273359131925)
110 index 3 pvalue 0.024579560199958883
optimisation finished successfully after 33 iterations, 62 evaluations
optimisation finished successfully after 38 iterations, 70 evaluations
optimisation finished successfully after 27 iterations, 54 evaluations
optimisation finished successfully after 30 iterations, 59 evaluations
optimisation finished successfully after 19 iterations, 41 evaluations
score (3, 14, 58.655273359131925)
111 index 3 pvalue 0.024579560199958883
optimisation finished successfully after 33 iterations, 62 evaluations
optimisation finished successfully after 38 iterations, 70 evaluations
optimisation finished successfully after 27 iterations, 54 evaluations
optimisation finished successfully after 30 iterations, 59 evaluations
optimisation finished successfully after 19 iterations, 41 evaluations
score (3, 14, 58.655273359131925)
112 index 11 pvalue 0.05329581324157906
score (3, 14, 58.655273359131925)
optimisation finished successfully after 157 iterations, 227 evaluations
score (5, 13, 70.91305705467995)
optimisation finished successfully after 15 iterations, 34 evaluations
optimisation finished successfully after 167 iterations, 256 evaluations
optimisation finished successfully after 19 iterations, 45 evaluations
score (5, 13, 67.2323427937584)
destroy False (3, 14, 58.655273359131925) (5, 13, 67.2323427937584)
score (3, 14, 58.655273359131925)
113 index 1 pvalue 0.20995352144974655
optimisation finished successfully after 51 iterations, 85 evaluations
optimisation finished successfully after 4 iterations, 14 evaluations
optimisation finished successfully after 3 iterations, 13 evaluations
optimisation finished successfully after 3 iterations, 13 evaluations
optimisation finished successfully after 4 iterations, 14 evaluations
score (3, 14, 58.655273359131925)
114 index 1 pvalue 0.20995352144974655
optimisation finished successfully after 51 iterations, 85 evaluations
optimisation finished successfully after 4 iterations, 14 evaluations
optimisation finished successfully after 3 iterations, 13 evaluations
optimisation finished successfully after 3 iterations, 13 evaluations
optimisation finished successfully after 4 iterations, 14 evaluations
score (3, 14, 58.655273359131925)
115 index 0 pvalue 0.00019700787581278245
score (3, 14, 58.655273359131925)
116 index 4 pvalue 0.022375640622555926
optimisation finished successfully after 75 iterations, 123 evaluations
optimisation finished successfully after 34 iterations, 67 evaluations
optimisation finished successfully after 31 iterations, 58 evaluations
optimisation finished successfully after 22 iterations, 48 evaluations
score (3, 14, 58.655273359131925)
117 index 3 pvalue 0.024579560199958883
score (3, 14, 58.655273359131925)
optimisation finished successfully after 149 iterations, 232 evaluations
score (5, 13, 60.29521901137615)
optimisation finished successfully after 123 iterations, 189 evaluations
optimisation finished successfully after 22 iterations, 48 evaluations
optimisation finished successfully after 21 iterations, 44 evaluations
optimisation finished successfully after 16 iterations, 36 evaluations
score (5, 13, 59.84212616250302)
destroy False (3, 14, 58.655273359131925) (5, 13, 59.84212616250302)
score (3, 14, 58.655273359131925)
118 index 2 pvalue 0.19506648683800298
optimisation finished successfully after 23 iterations, 48 evaluations
optimisation finished successfully after 81 iterations, 130 evaluations
optimisation finished successfully after 16 iterations, 33 evaluations
optimisation finished successfully after 13 iterations, 34 evaluations
optimisation finished successfully after 9 iterations, 26 evaluations
score (3, 14, 58.655273359131925)
119 index 4 pvalue 0.022375640622555926
score (3, 14, 58.655273359131925)
optimisation finished successfully after 94 iterations, 143 evaluations
score (4, 13, 58.41623632539999)
optimisation finished successfully after 318 iterations, 474 evaluations
optimisation finished successfully after 46 iterations, 95 evaluations
optimisation finished successfully after 60 iterations, 109 evaluations
optimisation finished successfully after 33 iterations, 69 evaluations
optimisation finished successfully after 81 iterations, 140 evaluations
score (4, 13, 57.75839680393392)
destroy False (3, 14, 58.655273359131925) (4, 13, 57.75839680393392)
score (3, 14, 58.655273359131925)
120 index 12 pvalue 0.05386373917644949
score (3, 14, 58.655273359131925)
optimisation finished successfully after 152 iterations, 228 evaluations
score (5, 13, 60.40772568923831)
score (5, 13, 60.40772568923831)
destroy False (3, 14, 58.655273359131925) (5, 13, 60.40772568923831)
score (3, 14, 58.655273359131925)
121 index 2 pvalue 0.19506648683800298
score (3, 14, 58.655273359131925)
optimisation finished successfully after 88 iterations, 134 evaluations
score (4, 13, 61.56275461736247)
optimisation finished successfully after 21 iterations, 47 evaluations
optimisation finished successfully after 12 iterations, 32 evaluations
score (4, 13, 61.56275461736247)
destroy False (3, 14, 58.655273359131925) (4, 13, 61.56275461736247)
score (3, 14, 58.655273359131925)
122 index 1 pvalue 0.20995352144974655
score (3, 14, 58.655273359131925)
optimisation finished successfully after 89 iterations, 141 evaluations
score (5, 13, 63.48458082819755)
optimisation finished successfully after 6 iterations, 19 evaluations
optimisation finished successfully after 14 iterations, 30 evaluations
optimisation finished successfully after 6 iterations, 19 evaluations
score (5, 13, 63.102907642788)
destroy False (3, 14, 58.655273359131925) (5, 13, 63.102907642788)
score (3, 14, 58.655273359131925)
123 index 0 pvalue 0.00019700787581278245
score (3, 14, 58.655273359131925)
124 index 5 pvalue 0.029176331116467336
optimisation finished successfully after 436 iterations, 629 evaluations
optimisation finished successfully after 190 iterations, 287 evaluations
optimisation finished successfully after 403 iterations, 572 evaluations
optimisation finished successfully after 70 iterations, 124 evaluations
optimisation finished successfully after 85 iterations, 133 evaluations
score (3, 14, 58.655273359131925)
125 index 0 pvalue 0.00019700787581278245
score (3, 14, 58.655273359131925)
126 index 2 pvalue 0.19506648683800298
score (3, 14, 58.655273359131925)
optimisation finished successfully after 88 iterations, 134 evaluations
score (4, 13, 61.5627546173625)
optimisation finished successfully after 21 iterations, 47 evaluations
optimisation finished successfully after 12 iterations, 32 evaluations
score (4, 13, 61.5627546173625)
destroy False (3, 14, 58.655273359131925) (4, 13, 61.5627546173625)
score (3, 14, 58.655273359131925)
127 index 6 pvalue 0.357336555886937
optimisation finished successfully after 36 iterations, 70 evaluations
optimisation finished successfully after 28 iterations, 61 evaluations
score (3, 14, 58.655273359131925)
128 index 3 pvalue 0.024579560199958883
optimisation finished successfully after 33 iterations, 62 evaluations
optimisation finished successfully after 38 iterations, 70 evaluations
optimisation finished successfully after 27 iterations, 54 evaluations
optimisation finished successfully after 30 iterations, 59 evaluations
optimisation finished successfully after 19 iterations, 41 evaluations
score (3, 14, 58.655273359131925)
129 index 4 pvalue 0.022375640622555926
optimisation finished successfully after 75 iterations, 123 evaluations
optimisation finished successfully after 34 iterations, 67 evaluations
optimisation finished successfully after 31 iterations, 58 evaluations
optimisation finished successfully after 22 iterations, 48 evaluations
score (3, 14, 58.655273359131925)
130 index 12 pvalue 0.05386373917644949
optimisation finished successfully after 70 iterations, 114 evaluations
optimisation finished successfully after 20 iterations, 42 evaluations
optimisation finished successfully after 16 iterations, 33 evaluations
score (3, 14, 58.655273359131925)
131 index 11 pvalue 0.05329581324157906
score (3, 14, 58.655273359131925)
optimisation finished successfully after 157 iterations, 227 evaluations
score (5, 13, 70.91305705467995)
optimisation finished successfully after 15 iterations, 34 evaluations
optimisation finished successfully after 167 iterations, 256 evaluations
optimisation finished successfully after 19 iterations, 45 evaluations
score (5, 13, 67.23234279375839)
destroy False (3, 14, 58.655273359131925) (5, 13, 67.23234279375839)
score (3, 14, 58.655273359131925)
132 index 12 pvalue 0.05386373917644949
score (3, 14, 58.655273359131925)
optimisation finished successfully after 152 iterations, 228 evaluations
score (5, 13, 60.40772568923831)
score (5, 13, 60.40772568923831)
destroy False (3, 14, 58.655273359131925) (5, 13, 60.40772568923831)
score (3, 14, 58.655273359131925)
133 index 1 pvalue 0.20995352144974655
optimisation finished successfully after 51 iterations, 85 evaluations
optimisation finished successfully after 4 iterations, 14 evaluations
optimisation finished successfully after 3 iterations, 13 evaluations
optimisation finished successfully after 3 iterations, 13 evaluations
optimisation finished successfully after 4 iterations, 14 evaluations
score (3, 14, 58.655273359131925)
134 index 11 pvalue 0.05329581324157906
score (3, 14, 58.655273359131925)
optimisation finished successfully after 157 iterations, 227 evaluations
score (5, 13, 70.91305705467995)
optimisation finished successfully after 15 iterations, 34 evaluations
optimisation finished successfully after 167 iterations, 256 evaluations
optimisation finished successfully after 19 iterations, 45 evaluations
score (5, 13, 67.23234279375839)
destroy False (3, 14, 58.655273359131925) (5, 13, 67.23234279375839)
score (3, 14, 58.655273359131925)
135 index 5 pvalue 0.029176331116467336
score (3, 14, 58.655273359131925)
optimisation finished successfully after 177 iterations, 262 evaluations
score (5, 13, 60.507930104719506)
optimisation finished successfully after 33 iterations, 68 evaluations
optimisation finished successfully after 32 iterations, 68 evaluations
score (5, 13, 60.507930104719506)
destroy False (3, 14, 58.655273359131925) (5, 13, 60.507930104719506)
score (3, 14, 58.655273359131925)
136 index 2 pvalue 0.19506648683800298
score (3, 14, 58.655273359131925)
optimisation finished successfully after 88 iterations, 134 evaluations
score (4, 13, 61.5627546173625)
optimisation finished successfully after 21 iterations, 47 evaluations
optimisation finished successfully after 12 iterations, 32 evaluations
score (4, 13, 61.5627546173625)
destroy False (3, 14, 58.655273359131925) (4, 13, 61.5627546173625)
score (3, 14, 58.655273359131925)
137 index 3 pvalue 0.024579560199958883
score (3, 14, 58.655273359131925)
optimisation finished successfully after 149 iterations, 232 evaluations
score (5, 13, 60.29521901137615)
optimisation finished successfully after 123 iterations, 189 evaluations
optimisation finished successfully after 22 iterations, 48 evaluations
optimisation finished successfully after 21 iterations, 44 evaluations
optimisation finished successfully after 16 iterations, 36 evaluations
score (5, 13, 59.842126162503064)
destroy False (3, 14, 58.655273359131925) (5, 13, 59.842126162503064)
score (3, 14, 58.655273359131925)
138 index 2 pvalue 0.19506648683800298
score (3, 14, 58.655273359131925)
optimisation finished successfully after 88 iterations, 134 evaluations
score (4, 13, 61.56275461736246)
optimisation finished successfully after 21 iterations, 47 evaluations
optimisation finished successfully after 12 iterations, 32 evaluations
score (4, 13, 61.56275461736246)
destroy False (3, 14, 58.655273359131925) (4, 13, 61.56275461736246)
score (3, 14, 58.655273359131925)
139 index 4 pvalue 0.022375640622555926
optimisation finished successfully after 75 iterations, 123 evaluations
optimisation finished successfully after 34 iterations, 67 evaluations
optimisation finished successfully after 31 iterations, 58 evaluations
optimisation finished successfully after 22 iterations, 48 evaluations
score (3, 14, 58.655273359131925)
140 index 8 pvalue 3.915296447742911e-05
score (3, 14, 58.655273359131925)
optimisation finished successfully after 38 iterations, 74 evaluations
optimisation finished successfully after 57 iterations, 99 evaluations
optimisation finished successfully after 155 iterations, 234 evaluations
optimisation finished successfully after 231 iterations, 355 evaluations
optimisation finished successfully after 32 iterations, 69 evaluations
score (4, 15, 60.686715757544505)
create False (3, 14, 58.655273359131925) (4, 15, 60.686715757544505)
score (3, 14, 58.655273359131925)
141 index 3 pvalue 0.024579560199958883
score (3, 14, 58.655273359131925)
optimisation finished successfully after 149 iterations, 232 evaluations
score (5, 13, 60.29521901137612)
optimisation finished successfully after 123 iterations, 189 evaluations
optimisation finished successfully after 22 iterations, 48 evaluations
optimisation finished successfully after 21 iterations, 44 evaluations
optimisation finished successfully after 16 iterations, 36 evaluations
score (5, 13, 59.84212616250291)
destroy False (3, 14, 58.655273359131925) (5, 13, 59.84212616250291)
score (3, 14, 58.655273359131925)
142 index 7 pvalue 0.21599857787159876
score (3, 14, 58.655273359131925)
optimisation finished successfully after 38 iterations, 66 evaluations
score (4, 13, 68.57339109312235)
optimisation finished successfully after 24 iterations, 50 evaluations
optimisation finished successfully after 47 iterations, 79 evaluations
optimisation finished successfully after 19 iterations, 43 evaluations
score (4, 13, 67.46987432717206)
destroy False (3, 14, 58.655273359131925) (4, 13, 67.46987432717206)
score (3, 14, 58.655273359131925)
143 index 5 pvalue 0.029176331116467336
score (3, 14, 58.655273359131925)
optimisation finished successfully after 177 iterations, 262 evaluations
score (5, 13, 60.507930104719506)
optimisation finished successfully after 33 iterations, 68 evaluations
optimisation finished successfully after 32 iterations, 68 evaluations
score (5, 13, 60.507930104719506)
destroy False (3, 14, 58.655273359131925) (5, 13, 60.507930104719506)
score (3, 14, 58.655273359131925)
144 index 3 pvalue 0.024579560199958883
optimisation finished successfully after 33 iterations, 62 evaluations
optimisation finished successfully after 38 iterations, 70 evaluations
optimisation finished successfully after 27 iterations, 54 evaluations
optimisation finished successfully after 30 iterations, 59 evaluations
optimisation finished successfully after 19 iterations, 41 evaluations
score (3, 14, 58.655273359131925)
145 index 9 pvalue 3.8436790184004366e-07
score (3, 14, 58.655273359131925)
optimisation finished successfully after 97 iterations, 161 evaluations
optimisation finished successfully after 60 iterations, 101 evaluations
optimisation finished successfully after 26 iterations, 59 evaluations
optimisation finished successfully after 29 iterations, 63 evaluations
optimisation finished successfully after 46 iterations, 88 evaluations
score (4, 15, 58.57240575066961)
create False (3, 14, 58.655273359131925) (4, 15, 58.57240575066961)
score (3, 14, 58.655273359131925)
146 index 7 pvalue 0.21599857787159876
optimisation finished successfully after 35 iterations, 77 evaluations
optimisation finished successfully after 46 iterations, 92 evaluations
optimisation finished successfully after 40 iterations, 82 evaluations
optimisation finished successfully after 52 iterations, 96 evaluations
score (3, 14, 58.655273359131925)
147 index 7 pvalue 0.21599857787159876
optimisation finished successfully after 35 iterations, 77 evaluations
optimisation finished successfully after 46 iterations, 92 evaluations
optimisation finished successfully after 40 iterations, 82 evaluations
optimisation finished successfully after 52 iterations, 96 evaluations
score (3, 14, 58.655273359131925)
148 index 2 pvalue 0.19506648683800298
score (3, 14, 58.655273359131925)
optimisation finished successfully after 88 iterations, 134 evaluations
score (4, 13, 61.562754617362515)
optimisation finished successfully after 21 iterations, 47 evaluations
optimisation finished successfully after 12 iterations, 32 evaluations
score (4, 13, 61.562754617362515)
destroy 