writing to  sigma_00.1500/initial_guess.pkl
iter 0 T 1 sidx 0 index 0 move percolate M 25
iter 1 T 1 sidx -1 index 24 move destroy M 25
optimisation finished successfully after 78 iterations, 130 evaluations
destroy False (92, 25) (93, 24)
iter 2 T 1 sidx 1 index 1 move percolate M 25
optimisation finished successfully after 324 iterations, 470 evaluations
optimisation finished successfully after 170 iterations, 254 evaluations
optimisation finished successfully after 20 iterations, 39 evaluations
optimisation finished successfully after 5 iterations, 17 evaluations
iter 3 T 1 sidx 2 index 2 move destroy M 25
optimisation finished successfully after 170 iterations, 261 evaluations
optimisation finished successfully after 111 iterations, 165 evaluations
optimisation finished successfully after 89 iterations, 135 evaluations
optimisation finished successfully after 12 iterations, 30 evaluations
destroy False (82, 25) (89, 24)
iter 4 T 1 sidx 3 index 3 move percolate M 25
optimisation finished successfully after 90 iterations, 135 evaluations
optimisation finished successfully after 26 iterations, 56 evaluations
optimisation finished successfully after 24 iterations, 50 evaluations
iter 5 T 1 sidx 4 index 4 move destroy M 25
optimisation finished successfully after 70 iterations, 111 evaluations
destroy without percolating (82, 25) (82, 24)
iter 6 T 1.0 sidx 3 index 3 move destroy M 24
optimisation finished successfully after 130 iterations, 199 evaluations
optimisation finished successfully after 24 iterations, 46 evaluations
optimisation finished successfully after 10 iterations, 27 evaluations
optimisation finished successfully after 21 iterations, 46 evaluations
destroy False (82, 24) (85, 23)
iter 7 T 1.0 sidx 5 index 4 move percolate M 24
optimisation finished successfully after 21 iterations, 45 evaluations
optimisation finished successfully after 96 iterations, 148 evaluations
optimisation finished successfully after 26 iterations, 51 evaluations
iter 8 T 1 sidx 6 index 5 move destroy M 24
optimisation finished successfully after 87 iterations, 140 evaluations
destroy without percolating (82, 24) (79, 23)
iter 9 T 1.0 sidx 5 index 4 move percolate M 23
optimisation finished successfully after 88 iterations, 138 evaluations
optimisation finished successfully after 24 iterations, 52 evaluations
optimisation finished successfully after 59 iterations, 98 evaluations
optimisation finished successfully after 19 iterations, 41 evaluations
iter 10 T 1.0 sidx 7 index 5 move create M 23
optimisation finished successfully after 113 iterations, 169 evaluations
optimisation finished successfully after 11 iterations, 28 evaluations
optimisation finished successfully after 62 iterations, 102 evaluations
optimisation finished successfully after 14 iterations, 35 evaluations
optimisation finished successfully after 126 iterations, 186 evaluations
create False (78, 23) (79, 24)
iter 11 T 1 sidx 8 index 6 move destroy M 23
optimisation finished successfully after 81 iterations, 130 evaluations
destroy without percolating (78, 23) (77, 22)
iter 12 T 1.0 sidx 7 index 5 move percolate M 22
optimisation finished successfully after 83 iterations, 123 evaluations
optimisation finished successfully after 94 iterations, 145 evaluations
optimisation finished successfully after 94 iterations, 149 evaluations
optimisation finished successfully after 21 iterations, 45 evaluations
iter 13 T 1.0 sidx 9 index 6 move percolate M 22
optimisation finished successfully after 45 iterations, 81 evaluations
optimisation finished successfully after 32 iterations, 60 evaluations
optimisation finished successfully after 140 iterations, 212 evaluations
optimisation finished successfully after 27 iterations, 55 evaluations
iter 14 T 1 sidx 10 index 7 move destroy M 22
optimisation finished successfully after 229 iterations, 340 evaluations
destroy without percolating (76, 22) (76, 21)
iter 15 T 1.0 sidx 9 index 6 move create M 21
optimisation finished successfully after 112 iterations, 171 evaluations
optimisation finished successfully after 231 iterations, 334 evaluations
optimisation finished successfully after 43 iterations, 77 evaluations
optimisation finished successfully after 14 iterations, 34 evaluations
optimisation finished successfully after 36 iterations, 69 evaluations
create True (76, 21) (74, 22)
iter 16 T 1.0 sidx 9 index 6 move percolate M 22
optimisation finished successfully after 14 iterations, 34 evaluations
optimisation finished successfully after 36 iterations, 69 evaluations
iter 17 T 1.0 sidx 11 index 8 move create M 22
optimisation finished successfully after 66 iterations, 108 evaluations
optimisation finished successfully after 182 iterations, 267 evaluations
optimisation finished successfully after 34 iterations, 66 evaluations
optimisation finished successfully after 165 iterations, 251 evaluations
optimisation finished successfully after 29 iterations, 60 evaluations
create True (74, 22) (70, 23)
iter 18 T 1.0 sidx 11 index 8 move create M 23
optimisation finished successfully after 159 iterations, 246 evaluations
optimisation finished successfully after 255 iterations, 365 evaluations
optimisation finished successfully after 49 iterations, 85 evaluations
optimisation finished successfully after 108 iterations, 178 evaluations
optimisation finished successfully after 292 iterations, 411 evaluations
optimisation finished successfully after 37 iterations, 74 evaluations
create False (70, 23) (72, 24)
iter 19 T 1.0 sidx 12 index 10 move create M 23
optimisation finished successfully after 155 iterations, 237 evaluations
optimisation finished successfully after 115 iterations, 176 evaluations
optimisation finished successfully after 48 iterations, 88 evaluations
optimisation finished successfully after 115 iterations, 186 evaluations
optimisation finished successfully after 38 iterations, 76 evaluations
optimisation finished successfully after 71 iterations, 122 evaluations
create False (70, 23) (71, 24)
iter 20 T 1 sidx 13 index 11 move create M 23
optimisation finished successfully after 391 iterations, 592 evaluations
optimisation finished successfully after 140 iterations, 209 evaluations
optimisation finished successfully after 51 iterations, 94 evaluations
optimisation finished successfully after 136 iterations, 205 evaluations
optimisation finished successfully after 32 iterations, 69 evaluations
create True (70, 23) (69, 24)
iter 21 T 1.0 sidx 13 index 11 move destroy M 24
optimisation finished successfully after 534 iterations, 788 evaluations
optimisation finished successfully after 29 iterations, 60 evaluations
optimisation finished successfully after 28 iterations, 61 evaluations
optimisation finished successfully after 32 iterations, 69 evaluations
optimisation finished successfully after 101 iterations, 165 evaluations
optimisation finished successfully after 240 iterations, 356 evaluations
optimisation finished successfully after 40 iterations, 81 evaluations
destroy True (69, 24) (69, 23)
iter 22 T 1.0 sidx 12 index 10 move destroy M 23
optimisation finished successfully after 536 iterations, 803 evaluations
optimisation finished successfully after 626 iterations, 894 evaluations
optimisation finished successfully after 740 iterations, 1048 evaluations
optimisation finished successfully after 138 iterations, 212 evaluations
optimisation finished successfully after 31 iterations, 66 evaluations
optimisation finished successfully after 39 iterations, 78 evaluations
optimisation finished successfully after 240 iterations, 349 evaluations
optimisation finished successfully after 32 iterations, 70 evaluations
destroy False (69, 23) (73, 22)
iter 23 T 1.0 sidx 14 index 12 move destroy M 23
optimisation finished successfully after 184 iterations, 272 evaluations
destroy without percolating (69, 23) (65, 22)
iter 24 T 1 sidx 16 index 13 move percolate M 22
optimisation finished successfully after 384 iterations, 529 evaluations
optimisation finished successfully after 586 iterations, 820 evaluations
optimisation finished successfully after 27 iterations, 54 evaluations
optimisation finished successfully after 25 iterations, 52 evaluations
optimisation finished successfully after 44 iterations, 81 evaluations
optimisation finished successfully after 27 iterations, 57 evaluations
optimisation finished successfully after 25 iterations, 56 evaluations
iter 25 T 1 sidx 17 index 14 move destroy M 22
optimisation finished successfully after 271 iterations, 397 evaluations
optimisation finished successfully after 307 iterations, 453 evaluations
optimisation finished successfully after 37 iterations, 72 evaluations
optimisation finished successfully after 45 iterations, 83 evaluations
destroy False (62, 22) (68, 21)
iter 26 T 1 sidx 18 index 15 move destroy M 22
optimisation finished successfully after 25 iterations, 49 evaluations
optimisation finished successfully after 60 iterations, 105 evaluations
optimisation finished successfully after 48 iterations, 92 evaluations
optimisation finished successfully after 60 iterations, 105 evaluations
destroy False (62, 22) (64, 21)
iter 27 T 1 sidx 19 index 16 move destroy M 22
optimisation finished successfully after 79 iterations, 129 evaluations
optimisation finished successfully after 472 iterations, 659 evaluations
optimisation finished successfully after 21 iterations, 44 evaluations
optimisation finished successfully after 31 iterations, 62 evaluations
destroy False (62, 22) (63, 21)
iter 28 T 1 sidx 20 index 17 move create M 22
optimisation finished successfully after 217 iterations, 321 evaluations
optimisation finished successfully after 97 iterations, 155 evaluations
optimisation finished successfully after 20 iterations, 45 evaluations
optimisation finished successfully after 39 iterations, 73 evaluations
optimisation finished successfully after 24 iterations, 54 evaluations
optimisation finished successfully after 121 iterations, 180 evaluations
optimisation finished successfully after 20 iterations, 47 evaluations
optimisation finished successfully after 25 iterations, 52 evaluations
create False (62, 22) (62, 23)
iter 29 T 1 sidx 21 index 18 move percolate M 22
optimisation finished successfully after 520 iterations, 737 evaluations
optimisation finished successfully after 44 iterations, 81 evaluations
optimisation finished successfully after 25 iterations, 50 evaluations
optimisation finished successfully after 44 iterations, 84 evaluations
iter 30 T 1 sidx 22 index 19 move percolate M 22
optimisation finished successfully after 130 iterations, 194 evaluations
optimisation finished successfully after 43 iterations, 77 evaluations
optimisation finished successfully after 32 iterations, 67 evaluations
iter 31 T 1 sidx 23 index 20 move create M 22
optimisation finished successfully after 32 iterations, 61 evaluations
optimisation finished successfully after 27 iterations, 53 evaluations
optimisation finished successfully after 142 iterations, 214 evaluations
optimisation finished successfully after 17 iterations, 40 evaluations
create False (58, 22) (58, 23)
iter 32 T 1.0 sidx 15 index 12 move percolate M 22
optimisation finished successfully after 28 iterations, 58 evaluations
optimisation finished successfully after 33 iterations, 63 evaluations
optimisation finished successfully after 56 iterations, 95 evaluations
optimisation finished successfully after 36 iterations, 70 evaluations
optimisation finished successfully after 35 iterations, 69 evaluations
iter 33 T 1.0 sidx 25 index 7 move percolate M 22
optimisation finished successfully after 431 iterations, 627 evaluations
optimisation finished successfully after 38 iterations, 75 evaluations
optimisation finished successfully after 689 iterations, 959 evaluations
optimisation finished successfully after 60 iterations, 99 evaluations
optimisation finished successfully after 72 iterations, 118 evaluations
iter 34 T 1.0 sidx 26 index 9 move percolate M 22
optimisation finished successfully after 41 iterations, 82 evaluations
optimisation finished successfully after 36 iterations, 75 evaluations
optimisation finished successfully after 33 iterations, 70 evaluations
optimisation finished successfully after 30 iterations, 63 evaluations
optimisation finished successfully after 59 iterations, 105 evaluations
iter 35 T 1.0 sidx 27 index 11 move create M 22
optimisation finished successfully after 223 iterations, 339 evaluations
optimisation finished successfully after 75 iterations, 121 evaluations
optimisation finished successfully after 53 iterations, 95 evaluations
optimisation finished successfully after 196 iterations, 297 evaluations
optimisation finished successfully after 48 iterations, 87 evaluations
create False (56, 22) (58, 23)
iter 36 T 0.8333333333333334 sidx -1 index 21 move percolate M 22
iter 37 T 0.8333333333333334 sidx 0 index 0 move create M 22
optimisation finished successfully after 30 iterations, 53 evaluations
create False (56, 22) (59, 23)
iter 38 T 0.8333333333333334 sidx 1 index 1 move create M 22
optimisation finished successfully after 13 iterations, 25 evaluations
optimisation finished successfully after 314 iterations, 460 evaluations
optimisation finished successfully after 12 iterations, 28 evaluations
optimisation finished successfully after 25 iterations, 49 evaluations
optimisation finished successfully after 14 iterations, 32 evaluations
create False (56, 22) (59, 23)
iter 39 T 0.8333333333333334 sidx 2 index 2 move create M 22
optimisation finished successfully after 21 iterations, 40 evaluations
optimisation finished successfully after 8 iterations, 23 evaluations
optimisation finished successfully after 14 iterations, 31 evaluations
optimisation finished successfully after 34 iterations, 60 evaluations
create False (56, 22) (58, 23)
iter 40 T 0.8333333333333334 sidx 3 index 3 move percolate M 22
optimisation finished successfully after 32 iterations, 62 evaluations
optimisation finished successfully after 84 iterations, 131 evaluations
iter 41 T 0.8333333333333334 sidx 5 index 4 move destroy M 22
optimisation finished successfully after 19 iterations, 40 evaluations
destroy without percolating (56, 22) (55, 21)
iter 42 T 1.0 sidx 3 index 3 move create M 21
optimisation finished successfully after 37 iterations, 67 evaluations
optimisation finished successfully after 19 iterations, 44 evaluations
optimisation finished successfully after 62 iterations, 101 evaluations
create False (55, 21) (56, 22)
iter 43 T 1.0 sidx 7 index 4 move destroy M 21
optimisation finished successfully after 91 iterations, 141 evaluations
destroy without percolating (55, 21) (55, 20)
iter 44 T 1.0 sidx 3 index 3 move create M 20
optimisation finished successfully after 44 iterations, 74 evaluations
optimisation finished successfully after 111 iterations, 174 evaluations
optimisation finished successfully after 23 iterations, 49 evaluations
optimisation finished successfully after 19 iterations, 43 evaluations
optimisation finished successfully after 30 iterations, 62 evaluations
create False (55, 20) (56, 21)
iter 45 T 1.0 sidx 9 index 4 move percolate M 20
optimisation finished successfully after 45 iterations, 83 evaluations
optimisation finished successfully after 63 iterations, 109 evaluations
optimisation finished successfully after 90 iterations, 144 evaluations
optimisation finished successfully after 25 iterations, 56 evaluations
iter 46 T 0.8333333333333334 sidx 3 index 3 move percolate M 20
optimisation finished successfully after 33 iterations, 68 evaluations
optimisation finished successfully after 36 iterations, 69 evaluations
iter 47 T 0.8333333333333334 sidx 9 index 4 move destroy M 20
optimisation finished successfully after 31 iterations, 57 evaluations
destroy without percolating (54, 20) (53, 19)
iter 48 T 1.0 sidx 3 index 3 move percolate M 19
optimisation finished successfully after 28 iterations, 59 evaluations
optimisation finished successfully after 27 iterations, 58 evaluations
iter 49 T 1.0 sidx 25 index 4 move destroy M 19
optimisation finished successfully after 59 iterations, 95 evaluations
optimisation finished successfully after 54 iterations, 94 evaluations
optimisation finished successfully after 29 iterations, 61 evaluations
destroy False (53, 19) (54, 18)
iter 50 T 0.8333333333333334 sidx 3 index 3 move destroy M 19
optimisation finished successfully after 343 iterations, 490 evaluations
optimisation finished successfully after 73 iterations, 124 evaluations
optimisation finished successfully after 91 iterations, 145 evaluations
destroy False (53, 19) (60, 18)
iter 51 T 0.8333333333333334 sidx 11 index 5 move percolate M 19
optimisation finished successfully after 39 iterations, 76 evaluations
optimisation finished successfully after 25 iterations, 53 evaluations
iter 52 T 0.8333333333333334 sidx 12 index 7 move create M 19
optimisation finished successfully after 224 iterations, 340 evaluations
optimisation finished successfully after 27 iterations, 61 evaluations
optimisation finished successfully after 31 iterations, 67 evaluations
optimisation finished successfully after 105 iterations, 170 evaluations
create False (53, 19) (54, 20)
iter 53 T 0.8333333333333334 sidx 15 index 9 move create M 19
optimisation finished successfully after 66 iterations, 111 evaluations
optimisation finished successfully after 464 iterations, 650 evaluations
optimisation finished successfully after 301 iterations, 450 evaluations
create False (53, 19) (56, 20)
iter 54 T 0.8333333333333334 sidx 16 index 10 move destroy M 19
optimisation finished successfully after 114 iterations, 171 evaluations
optimisation finished successfully after 24 iterations, 51 evaluations
optimisation finished successfully after 71 iterations, 116 evaluations
destroy False (53, 19) (57, 18)
iter 55 T 0.8333333333333334 sidx 17 index 11 move percolate M 19
optimisation finished successfully after 142 iterations, 212 evaluations
optimisation finished successfully after 22 iterations, 51 evaluations
optimisation finished successfully after 28 iterations, 58 evaluations
optimisation finished successfully after 37 iterations, 69 evaluations
optimisation finished successfully after 23 iterations, 51 evaluations
optimisation finished successfully after 33 iterations, 62 evaluations
iter 56 T 0.8333333333333334 sidx 18 index 12 move percolate M 19
optimisation finished successfully after 44 iterations, 76 evaluations
optimisation finished successfully after 95 iterations, 145 evaluations
optimisation finished successfully after 32 iterations, 66 evaluations
optimisation finished successfully after 123 iterations, 186 evaluations
iter 57 T 0.8333333333333334 sidx 19 index 13 move percolate M 19
optimisation finished successfully after 23 iterations, 49 evaluations
optimisation finished successfully after 31 iterations, 61 evaluations
optimisation finished successfully after 36 iterations, 73 evaluations
iter 58 T 0.8333333333333334 sidx 20 index 14 move percolate M 19
optimisation finished successfully after 122 iterations, 183 evaluations
optimisation finished successfully after 17 iterations, 43 evaluations
optimisation finished successfully after 22 iterations, 51 evaluations
optimisation finished successfully after 62 iterations, 104 evaluations
optimisation finished successfully after 22 iterations, 48 evaluations
optimisation finished successfully after 28 iterations, 58 evaluations
optimisation finished successfully after 172 iterations, 247 evaluations
optimisation finished successfully after 34 iterations, 67 evaluations
optimisation finished successfully after 81 iterations, 131 evaluations
optimisation finished successfully after 26 iterations, 56 evaluations
iter 59 T 0.8333333333333334 sidx 21 index 15 move create M 19
optimisation finished successfully after 37 iterations, 64 evaluations
optimisation finished successfully after 149 iterations, 226 evaluations
create False (51, 19) (52, 20)
iter 60 T 0.8333333333333334 sidx 22 index 16 move destroy M 19
optimisation finished successfully after 166 iterations, 246 evaluations
optimisation finished successfully after 65 iterations, 113 evaluations
optimisation finished successfully after 23 iterations, 49 evaluations
optimisation finished successfully after 51 iterations, 87 evaluations
optimisation finished successfully after 18 iterations, 39 evaluations
destroy True (51, 19) (50, 18)
iter 61 T 1.0 sidx 21 index 15 move destroy M 18
optimisation finished successfully after 21 iterations, 42 evaluations
destroy without percolating (50, 18) (49, 17)
iter 62 T 1.0 sidx 20 index 14 move percolate M 17
optimisation finished successfully after 30 iterations, 67 evaluations
optimisation finished successfully after 36 iterations, 76 evaluations
optimisation finished successfully after 49 iterations, 91 evaluations
optimisation finished successfully after 30 iterations, 62 evaluations
optimisation finished successfully after 26 iterations, 54 evaluations
optimisation finished successfully after 30 iterations, 65 evaluations
optimisation finished successfully after 40 iterations, 77 evaluations
iter 63 T 1.0 sidx 23 index 15 move destroy M 17
optimisation finished successfully after 130 iterations, 208 evaluations
destroy False (49, 17) (54, 16)
iter 64 T 0.8333333333333334 sidx 20 index 14 move create M 17
optimisation finished successfully after 76 iterations, 120 evaluations
optimisation finished successfully after 25 iterations, 52 evaluations
optimisation finished successfully after 22 iterations, 50 evaluations
optimisation finished successfully after 23 iterations, 50 evaluations
create False (49, 17) (51, 18)
iter 65 T 0.8333333333333334 sidx 23 index 15 move percolate M 17
optimisation finished successfully after 24 iterations, 48 evaluations
optimisation finished successfully after 23 iterations, 48 evaluations
iter 66 T 0.8333333333333334 sidx 25 index 4 move create M 17
optimisation finished successfully after 271 iterations, 394 evaluations
optimisation finished successfully after 62 iterations, 106 evaluations
optimisation finished successfully after 99 iterations, 156 evaluations
create False (49, 17) (51, 18)
iter 67 T 0.8333333333333334 sidx 27 index 8 move percolate M 17
optimisation finished successfully after 55 iterations, 99 evaluations
optimisation finished successfully after 146 iterations, 224 evaluations
optimisation finished successfully after 36 iterations, 73 evaluations
optimisation finished successfully after 136 iterations, 212 evaluations
optimisation finished successfully after 29 iterations, 59 evaluations
iter 68 T 0.6666666666666666 sidx -1 index 16 move create M 17
did not create at 16
iter 69 T 0.6666666666666666 sidx 0 index 0 move destroy M 17
iter 70 T 0.6666666666666666 sidx 1 index 1 move destroy M 17
optimisation finished successfully after 55 iterations, 91 evaluations
optimisation finished successfully after 130 iterations, 197 evaluations
optimisation finished successfully after 121 iterations, 192 evaluations
optimisation finished successfully after 54 iterations, 90 evaluations
destroy False (49, 17) (56, 16)
iter 71 T 0.6666666666666666 sidx 2 index 2 move percolate M 17
optimisation finished successfully after 47 iterations, 87 evaluations
optimisation finished successfully after 36 iterations, 75 evaluations
optimisation finished successfully after 30 iterations, 63 evaluations
iter 72 T 0.6666666666666666 sidx 3 index 3 move create M 17
optimisation finished successfully after 50 iterations, 84 evaluations
optimisation finished successfully after 85 iterations, 131 evaluations
optimisation finished successfully after 33 iterations, 66 evaluations
optimisation finished successfully after 36 iterations, 72 evaluations
optimisation finished successfully after 32 iterations, 70 evaluations
create False (49, 17) (52, 18)
iter 73 T 0.6666666666666666 sidx 11 index 5 move destroy M 17
optimisation finished successfully after 182 iterations, 273 evaluations
optimisation finished successfully after 166 iterations, 250 evaluations
optimisation finished successfully after 32 iterations, 68 evaluations
optimisation finished successfully after 31 iterations, 66 evaluations
destroy False (49, 17) (53, 16)
iter 74 T 0.6666666666666666 sidx 12 index 7 move percolate M 17
optimisation finished successfully after 55 iterations, 99 evaluations
optimisation finished successfully after 41 iterations, 79 evaluations
optimisation finished successfully after 79 iterations, 139 evaluations
iter 75 T 0.6666666666666666 sidx 15 index 9 move destroy M 17
optimisation finished successfully after 208 iterations, 305 evaluations
optimisation finished successfully after 205 iterations, 308 evaluations
optimisation finished successfully after 22 iterations, 48 evaluations
optimisation finished successfully after 29 iterations, 57 evaluations
optimisation finished successfully after 31 iterations, 61 evaluations
destroy False (50, 17) (52, 16)
iter 76 T 0.6666666666666666 sidx 16 index 10 move create M 17
optimisation finished successfully after 41 iterations, 74 evaluations
optimisation finished successfully after 27 iterations, 55 evaluations
optimisation finished successfully after 47 iterations, 82 evaluations
optimisation finished successfully after 30 iterations, 61 evaluations
optimisation finished successfully after 23 iterations, 52 evaluations
optimisation finished successfully after 30 iterations, 62 evaluations
create False (50, 17) (51, 18)
iter 77 T 0.6666666666666666 sidx 17 index 11 move create M 17
optimisation finished successfully after 18 iterations, 38 evaluations
optimisation finished successfully after 149 iterations, 228 evaluations
optimisation finished successfully after 24 iterations, 49 evaluations
create False (50, 17) (51, 18)
iter 78 T 0.6666666666666666 sidx 18 index 12 move create M 17
optimisation finished successfully after 43 iterations, 77 evaluations
optimisation finished successfully after 90 iterations, 145 evaluations
optimisation finished successfully after 17 iterations, 41 evaluations
create False (50, 17) (51, 18)
iter 79 T 0.6666666666666666 sidx 19 index 13 move create M 17
optimisation finished successfully after 20 iterations, 40 evaluations
optimisation finished successfully after 29 iterations, 54 evaluations
optimisation finished successfully after 51 iterations, 85 evaluations
create False (50, 17) (51, 18)
iter 80 T 0.6666666666666666 sidx 20 index 14 move destroy M 17
optimisation finished successfully after 265 iterations, 389 evaluations
optimisation finished successfully after 254 iterations, 374 evaluations
optimisation finished successfully after 21 iterations, 46 evaluations
optimisation finished successfully after 13 iterations, 33 evaluations
optimisation finished successfully after 14 iterations, 33 evaluations
destroy False (50, 17) (59, 16)
iter 81 T 0.6666666666666666 sidx 23 index 15 move create M 17
optimisation finished successfully after 16 iterations, 34 evaluations
optimisation finished successfully after 347 iterations, 489 evaluations
optimisation finished successfully after 144 iterations, 221 evaluations
optimisation finished successfully after 22 iterations, 52 evaluations
optimisation finished successfully after 28 iterations, 60 evaluations
optimisation finished successfully after 40 iterations, 76 evaluations
optimisation finished successfully after 26 iterations, 57 evaluations
create False (50, 17) (52, 18)
iter 82 T 0.6666666666666666 sidx 25 index 4 move percolate M 17
optimisation finished successfully after 59 iterations, 104 evaluations
optimisation finished successfully after 72 iterations, 117 evaluations
iter 83 T 0.6666666666666666 sidx 26 index 6 move destroy M 17
optimisation finished successfully after 105 iterations, 162 evaluations
optimisation finished successfully after 122 iterations, 187 evaluations
optimisation finished successfully after 53 iterations, 93 evaluations
optimisation finished successfully after 20 iterations, 48 evaluations
destroy False (50, 17) (53, 16)
iter 84 T 0.6666666666666666 sidx 27 index 8 move destroy M 17
optimisation finished successfully after 248 iterations, 365 evaluations
destroy without percolating (50, 17) (49, 16)
iter 85 T 1.0 sidx 12 index 7 move destroy M 16
optimisation finished successfully after 227 iterations, 346 evaluations
optimisation finished successfully after 132 iterations, 196 evaluations
optimisation finished successfully after 109 iterations, 170 evaluations
optimisation finished successfully after 221 iterations, 332 evaluations
optimisation finished successfully after 28 iterations, 57 evaluations
destroy False (49, 16) (55, 15)
iter 86 T 1.0 sidx 15 index 8 move destroy M 16
optimisation finished successfully after 151 iterations, 232 evaluations
destroy without percolating (49, 16) (49, 15)
iter 87 T 1.0 sidx 12 index 7 move percolate M 15
optimisation finished successfully after 144 iterations, 227 evaluations
optimisation finished successfully after 36 iterations, 75 evaluations
optimisation finished successfully after 32 iterations, 70 evaluations
iter 88 T 1.0 sidx 16 index 8 move percolate M 15
optimisation finished successfully after 29 iterations, 60 evaluations
optimisation finished successfully after 23 iterations, 52 evaluations
iter 89 T 0.8333333333333334 sidx 12 index 7 move destroy M 15
optimisation finished successfully after 296 iterations, 438 evaluations
optimisation finished successfully after 242 iterations, 355 evaluations
optimisation finished successfully after 36 iterations, 70 evaluations
optimisation finished successfully after 32 iterations, 65 evaluations
optimisation finished successfully after 41 iterations, 76 evaluations
destroy False (50, 15) (55, 14)
iter 90 T 0.8333333333333334 sidx 16 index 8 move create M 15
optimisation finished successfully after 27 iterations, 57 evaluations
optimisation finished successfully after 41 iterations, 77 evaluations
optimisation finished successfully after 24 iterations, 55 evaluations
create False (50, 15) (50, 16)
iter 91 T 0.6666666666666666 sidx 12 index 7 move create M 15
optimisation finished successfully after 56 iterations, 94 evaluations
optimisation finished successfully after 33 iterations, 67 evaluations
optimisation finished successfully after 178 iterations, 268 evaluations
optimisation finished successfully after 46 iterations, 85 evaluations
create False (50, 15) (51, 16)
iter 92 T 0.6666666666666666 sidx 16 index 8 move destroy M 15
optimisation finished successfully after 222 iterations, 339 evaluations
optimisation finished successfully after 31 iterations, 65 evaluations
optimisation finished successfully after 42 iterations, 78 evaluations
optimisation finished successfully after 40 iterations, 78 evaluations
destroy False (50, 15) (57, 14)
iter 93 T 0.5 sidx -1 index 14 move create M 15
did not create at 14
iter 94 T 0.5 sidx 0 index 0 move create M 15
optimisation finished successfully after 29 iterations, 52 evaluations
create False (50, 15) (53, 16)
iter 95 T 0.5 sidx 1 index 1 move create M 15
optimisation finished successfully after 25 iterations, 44 evaluations
optimisation finished successfully after 15 iterations, 33 evaluations
optimisation finished successfully after 139 iterations, 211 evaluations
create False (50, 15) (53, 16)
iter 96 T 0.5 sidx 2 index 2 move destroy M 15
optimisation finished successfully after 60 iterations, 101 evaluations
optimisation finished successfully after 19 iterations, 45 evaluations
optimisation finished successfully after 141 iterations, 210 evaluations
optimisation finished successfully after 28 iterations, 58 evaluations
optimisation finished successfully after 54 iterations, 97 evaluations
destroy False (50, 15) (59, 14)
iter 97 T 0.5 sidx 3 index 3 move percolate M 15
optimisation finished successfully after 25 iterations, 54 evaluations
optimisation finished successfully after 28 iterations, 59 evaluations
iter 98 T 0.5 sidx 11 index 5 move destroy M 15
optimisation finished successfully after 144 iterations, 222 evaluations
optimisation finished successfully after 40 iterations, 76 evaluations
optimisation finished successfully after 29 iterations, 61 evaluations
optimisation finished successfully after 27 iterations, 57 evaluations
destroy False (50, 15) (55, 14)
iter 99 T 0.5 sidx 12 index 7 move percolate M 15
optimisation finished successfully after 36 iterations, 75 evaluations
optimisation finished successfully after 32 iterations, 70 evaluations
iter 100 T 0.5 sidx 16 index 8 move percolate M 15
optimisation finished successfully after 29 iterations, 60 evaluations
optimisation finished successfully after 23 iterations, 52 evaluations
iter 101 T 0.5 sidx 17 index 9 move percolate M 15
optimisation finished successfully after 26 iterations, 56 evaluations
optimisation finished successfully after 44 iterations, 81 evaluations
iter 102 T 0.5 sidx 18 index 10 move create M 15
optimisation finished successfully after 32 iterations, 58 evaluations
optimisation finished successfully after 123 iterations, 190 evaluations
optimisation finished successfully after 42 iterations, 76 evaluations
optimisation finished successfully after 20 iterations, 46 evaluations
optimisation finished successfully after 21 iterations, 45 evaluations
create False (50, 15) (51, 16)
iter 103 T 0.5 sidx 19 index 11 move destroy M 15
optimisation finished successfully after 223 iterations, 334 evaluations
optimisation finished successfully after 62 iterations, 110 evaluations
optimisation finished successfully after 61 iterations, 104 evaluations
destroy False (50, 15) (56, 14)
iter 104 T 0.5 sidx 20 index 12 move create M 15
optimisation finished successfully after 50 iterations, 86 evaluations
optimisation finished successfully after 23 iterations, 50 evaluations
optimisation finished successfully after 23 iterations, 52 evaluations
optimisation finished successfully after 26 iterations, 55 evaluations
optimisation finished successfully after 25 iterations, 52 evaluations
create False (50, 15) (51, 16)
iter 105 T 0.5 sidx 23 index 13 move destroy M 15
optimisation finished successfully after 130 iterations, 208 evaluations
destroy False (50, 15) (55, 14)
iter 106 T 0.5 sidx 25 index 4 move create M 15
optimisation finished successfully after 149 iterations, 220 evaluations
optimisation finished successfully after 20 iterations, 47 evaluations
optimisation finished successfully after 135 iterations, 201 evaluations
create False (50, 15) (52, 16)
iter 107 T 0.5 sidx 26 index 6 move percolate M 15
optimisation finished successfully after 42 iterations, 84 evaluations
optimisation finished successfully after 30 iterations, 62 evaluations
iter 108 T 0.41666666666666674 sidx -1 index 14 move destroy M 15
optimisation finished successfully after 61 iterations, 103 evaluations
destroy False (50, 15) (54, 14)
iter 109 T 0.41666666666666674 sidx 0 index 0 move percolate M 15
iter 110 T 0.41666666666666674 sidx 1 index 1 move percolate M 15
optimisation finished successfully after 7 iterations, 21 evaluations
optimisation finished successfully after 9 iterations, 24 evaluations
iter 111 T 0.41666666666666674 sidx 2 index 2 move create M 15
optimisation finished successfully after 25 iterations, 47 evaluations
optimisation finished successfully after 16 iterations, 38 evaluations
optimisation finished successfully after 15 iterations, 35 evaluations
create False (50, 15) (52, 16)
iter 112 T 0.41666666666666674 sidx 3 index 3 move destroy M 15
optimisation finished successfully after 225 iterations, 343 evaluations
optimisation finished successfully after 79 iterations, 130 evaluations
optimisation finished successfully after 68 iterations, 108 evaluations
destroy False (50, 15) (57, 14)
iter 113 T 0.41666666666666674 sidx 11 index 5 move percolate M 15
optimisation finished successfully after 35 iterations, 69 evaluations
optimisation finished successfully after 27 iterations, 58 evaluations
iter 114 T 0.41666666666666674 sidx 12 index 7 move destroy M 15
optimisation finished successfully after 296 iterations, 438 evaluations
optimisation finished successfully after 242 iterations, 355 evaluations
optimisation finished successfully after 36 iterations, 70 evaluations
optimisation finished successfully after 32 iterations, 65 evaluations
optimisation finished successfully after 41 iterations, 76 evaluations
destroy False (50, 15) (55, 14)
iter 115 T 0.41666666666666674 sidx 16 index 8 move create M 15
optimisation finished successfully after 27 iterations, 57 evaluations
optimisation finished successfully after 41 iterations, 77 evaluations
optimisation finished successfully after 24 iterations, 55 evaluations
create False (50, 15) (50, 16)
iter 116 T 0.41666666666666674 sidx 17 index 9 move create M 15
optimisation finished successfully after 23 iterations, 48 evaluations
optimisation finished successfully after 171 iterations, 257 evaluations
optimisation finished successfully after 30 iterations, 61 evaluations
create False (50, 15) (50, 16)
iter 117 T 0.41666666666666674 sidx 18 index 10 move percolate M 15
optimisation finished successfully after 21 iterations, 49 evaluations
optimisation finished successfully after 26 iterations, 51 evaluations
iter 118 T 0.41666666666666674 sidx 19 index 11 move percolate M 15
optimisation finished successfully after 22 iterations, 48 evaluations
optimisation finished successfully after 23 iterations, 49 evaluations
iter 119 T 0.41666666666666674 sidx 20 index 12 move destroy M 15
optimisation finished successfully after 133 iterations, 206 evaluations
optimisation finished successfully after 232 iterations, 348 evaluations
optimisation finished successfully after 24 iterations, 48 evaluations
optimisation finished successfully after 97 iterations, 153 evaluations
optimisation finished successfully after 24 iterations, 53 evaluations
destroy False (50, 15) (59, 14)
iter 120 T 0.41666666666666674 sidx 23 index 13 move percolate M 15
optimisation finished successfully after 24 iterations, 48 evaluations
optimisation finished successfully after 23 iterations, 48 evaluations
iter 121 T 0.41666666666666674 sidx 25 index 4 move percolate M 15
optimisation finished successfully after 143 iterations, 233 evaluations
optimisation finished successfully after 116 iterations, 185 evaluations
iter 122 T 0.41666666666666674 sidx 26 index 6 move destroy M 15
optimisation finished successfully after 93 iterations, 140 evaluations
optimisation finished successfully after 38 iterations, 73 evaluations
optimisation finished successfully after 35 iterations, 71 evaluations
destroy False (50, 15) (54, 14)
iter 123 T 0.33333333333333326 sidx -1 index 14 move percolate M 15
iter 124 T 0.33333333333333326 sidx 0 index 0 move destroy M 15
iter 125 T 0.33333333333333326 sidx 1 index 1 move destroy M 15
optimisation finished successfully after 57 iterations, 96 evaluations
optimisation finished successfully after 124 iterations, 196 evaluations
optimisation finished successfully after 29 iterations, 55 evaluations
optimisation finished successfully after 17 iterations, 38 evaluations
destroy False (50, 15) (58, 14)
iter 126 T 0.33333333333333326 sidx 2 index 2 move percolate M 15
optimisation finished successfully after 39 iterations, 76 evaluations
optimisation finished successfully after 33 iterations, 68 evaluations
iter 127 T 0.33333333333333326 sidx 3 index 3 move create M 15
optimisation finished successfully after 50 iterations, 84 evaluations
optimisation finished successfully after 53 iterations, 95 evaluations
optimisation finished successfully after 80 iterations, 129 evaluations
optimisation finished successfully after 51 iterations, 91 evaluations
create False (50, 15) (52, 16)
iter 128 T 0.33333333333333326 sidx 11 index 5 move create M 15
optimisation finished successfully after 127 iterations, 193 evaluations
optimisation finished successfully after 246 iterations, 362 evaluations
optimisation finished successfully after 145 iterations, 214 evaluations
optimisation finished successfully after 85 iterations, 139 evaluations
optimisation finished successfully after 80 iterations, 136 evaluations
create False (50, 15) (51, 16)
iter 129 T 0.33333333333333326 sidx 12 index 7 move create M 15
optimisation finished successfully after 56 iterations, 94 evaluations
optimisation finished successfully after 33 iterations, 67 evaluations
optimisation finished successfully after 178 iterations, 268 evaluations
optimisation finished successfully after 46 iterations, 85 evaluations
create False (50, 15) (51, 16)
iter 130 T 0.33333333333333326 sidx 16 index 8 move destroy M 15
optimisation finished successfully after 222 iterations, 339 evaluations
optimisation finished successfully after 31 iterations, 65 evaluations
optimisation finished successfully after 42 iterations, 78 evaluations
optimisation finished successfully after 40 iterations, 78 evaluations
destroy False (50, 15) (57, 14)
iter 131 T 0.33333333333333326 sidx 17 index 9 move destroy M 15
optimisation finished successfully after 315 iterations, 453 evaluations
optimisation finished successfully after 30 iterations, 61 evaluations
optimisation finished successfully after 60 iterations, 104 evaluations
optimisation finished successfully after 27 iterations, 58 evaluations
optimisation finished successfully after 39 iterations, 72 evaluations
optimisation finished successfully after 20 iterations, 48 evaluations
optimisation finished successfully after 156 iterations, 239 evaluations
optimisation finished successfully after 33 iterations, 66 evaluations
destroy False (50, 15) (59, 14)
iter 132 T 0.33333333333333326 sidx 18 index 10 move destroy M 15
optimisation finished successfully after 116 iterations, 186 evaluations
optimisation finished successfully after 43 iterations, 77 evaluations
optimisation finished successfully after 28 iterations, 55 evaluations
optimisation finished successfully after 60 iterations, 103 evaluations
destroy False (50, 15) (54, 14)
iter 133 T 0.33333333333333326 sidx 19 index 11 move create M 15
optimisation finished successfully after 56 iterations, 94 evaluations
optimisation finished successfully after 25 iterations, 52 evaluations
optimisation finished successfully after 26 iterations, 53 evaluations
create False (50, 15) (51, 16)
iter 134 T 0.33333333333333326 sidx 20 index 12 move percolate M 15
optimisation finished successfully after 26 iterations, 56 evaluations
optimisation finished successfully after 45 iterations, 86 evaluations
optimisation finished successfully after 40 iterations, 77 evaluations
optimisation finished successfully after 35 iterations, 68 evaluations
iter 135 T 0.33333333333333326 sidx 23 index 13 move create M 15
optimisation finished successfully after 236 iterations, 349 evaluations
optimisation finished successfully after 42 iterations, 77 evaluations
optimisation finished successfully after 45 iterations, 81 evaluations
create False (51, 15) (53, 16)
iter 136 T 0.33333333333333326 sidx 25 index 4 move destroy M 15
optimisation finished successfully after 49 iterations, 87 evaluations
optimisation finished successfully after 40 iterations, 76 evaluations
optimisation finished successfully after 26 iterations, 59 evaluations
destroy False (51, 15) (53, 14)
iter 137 T 0.33333333333333326 sidx 26 index 6 move create M 15
optimisation finished successfully after 33 iterations, 62 evaluations
optimisation finished successfully after 100 iterations, 165 evaluations
create False (51, 15) (52, 16)
iter 138 T 0.25 sidx -1 index 14 move percolate M 15
iter 139 T 0.25 sidx 0 index 0 move percolate M 15
iter 140 T 0.25 sidx 1 index 1 move destroy M 15
optimisation finished successfully after 57 iterations, 96 evaluations
optimisation finished successfully after 124 iterations, 196 evaluations
optimisation finished successfully after 29 iterations, 55 evaluations
optimisation finished successfully after 17 iterations, 38 evaluations
destroy False (51, 15) (59, 14)
iter 141 T 0.25 sidx 2 index 2 move create M 15
optimisation finished successfully after 25 iterations, 47 evaluations
optimisation finished successfully after 16 iterations, 38 evaluations
optimisation finished successfully after 15 iterations, 35 evaluations
create False (51, 15) (53, 16)
iter 142 T 0.25 sidx 3 index 3 move percolate M 15
optimisation finished successfully after 25 iterations, 54 evaluations
optimisation finished successfully after 28 iterations, 59 evaluations
iter 143 T 0.25 sidx 11 index 5 move percolate M 15
optimisation finished successfully after 35 iterations, 69 evaluations
optimisation finished successfully after 27 iterations, 58 evaluations
iter 144 T 0.25 sidx 12 index 7 move create M 15
optimisation finished successfully after 56 iterations, 94 evaluations
optimisation finished successfully after 33 iterations, 67 evaluations
optimisation finished successfully after 178 iterations, 268 evaluations
optimisation finished successfully after 46 iterations, 85 evaluations
create False (51, 15) (52, 16)
iter 145 T 0.25 sidx 16 index 8 move percolate M 15
optimisation finished successfully after 24 iterations, 52 evaluations
optimisation finished successfully after 29 iterations, 61 evaluations
optimisation finished successfully after 27 iterations, 57 evaluations
iter 146 T 0.25 sidx 17 index 9 move percolate M 15
optimisation finished successfully after 33 iterations, 65 evaluations
optimisation finished successfully after 43 iterations, 78 evaluations
iter 147 T 0.25 sidx 18 index 10 move create M 15
optimisation finished successfully after 40 iterations, 71 evaluations
optimisation finished successfully after 143 iterations, 222 evaluations
optimisation finished successfully after 27 iterations, 55 evaluations
create False (51, 15) (51, 16)
iter 148 T 0.25 sidx 19 index 11 move destroy M 15
optimisation finished successfully after 187 iterations, 278 evaluations
optimisation finished successfully after 84 iterations, 140 evaluations
optimisation finished successfully after 29 iterations, 60 evaluations
optimisation finished successfully after 25 iterations, 53 evaluations
optimisation finished successfully after 18 iterations, 41 evaluations
destroy False (51, 15) (57, 14)
iter 149 T 0.25 sidx 20 index 12 move create M 15
optimisation finished successfully after 33 iterations, 61 evaluations
optimisation finished successfully after 26 iterations, 55 evaluations
optimisation finished successfully after 23 iterations, 50 evaluations
optimisation finished successfully after 22 iterations, 50 evaluations
optimisation finished successfully after 41 iterations, 75 evaluations
create False (51, 15) (51, 16)
iter 150 T 0.25 sidx 23 index 13 move percolate M 15
optimisation finished successfully after 32 iterations, 63 evaluations
optimisation finished successfully after 25 iterations, 51 evaluations
iter 151 T 0.25 sidx 25 index 4 move create M 15
optimisation finished successfully after 149 iterations, 220 evaluations
optimisation finished successfully after 42 iterations, 82 evaluations
optimisation finished successfully after 240 iterations, 343 evaluations
optimisation finished successfully after 19 iterations, 45 evaluations
create False (51, 15) (52, 16)
iter 152 T 0.25 sidx 26 index 6 move destroy M 15
optimisation finished successfully after 94 iterations, 147 evaluations
optimisation finished successfully after 36 iterations, 71 evaluations
optimisation finished successfully after 26 iterations, 55 evaluations
destroy False (51, 15) (55, 14)
iter 153 T 0.20833333333333337 sidx -1 index 14 move destroy M 15
optimisation finished successfully after 56 iterations, 97 evaluations
destroy False (51, 15) (54, 14)
iter 154 T 0.20833333333333337 sidx 0 index 0 move create M 15
optimisation finished successfully after 29 iterations, 52 evaluations
create False (51, 15) (54, 16)
iter 155 T 0.20833333333333337 sidx 1 index 1 move create M 15
optimisation finished successfully after 25 iterations, 44 evaluations
optimisation finished successfully after 15 iterations, 33 evaluations
optimisation finished successfully after 139 iterations, 211 evaluations
create False (51, 15) (54, 16)
iter 156 T 0.20833333333333337 sidx 2 index 2 move percolate M 15
optimisation finished successfully after 39 iterations, 76 evaluations
optimisation finished successfully after 33 iterations, 68 evaluations
iter 157 T 0.20833333333333337 sidx 3 index 3 move create M 15
optimisation finished successfully after 50 iterations, 84 evaluations
optimisation finished successfully after 53 iterations, 95 evaluations
optimisation finished successfully after 80 iterations, 129 evaluations
optimisation finished successfully after 51 iterations, 91 evaluations
create False (51, 15) (53, 16)
iter 158 T 0.20833333333333337 sidx 11 index 5 move destroy M 15
optimisation finished successfully after 222 iterations, 338 evaluations
optimisation finished successfully after 123 iterations, 195 evaluations
optimisation finished successfully after 28 iterations, 62 evaluations
optimisation finished successfully after 24 iterations, 53 evaluations
destroy False (51, 15) (54, 14)
iter 159 T 0.20833333333333337 sidx 12 index 7 move percolate M 15
optimisation finished successfully after 50 iterations, 93 evaluations
optimisation finished successfully after 37 iterations, 77 evaluations
iter 160 T 0.20833333333333337 sidx 16 index 8 move create M 15
optimisation finished successfully after 100 iterations, 153 evaluations
optimisation finished successfully after 42 iterations, 77 evaluations
optimisation finished successfully after 96 iterations, 160 evaluations
create False (51, 15) (52, 16)
iter 161 T 0.20833333333333337 sidx 17 index 9 move create M 15
optimisation finished successfully after 24 iterations, 51 evaluations
optimisation finished successfully after 27 iterations, 55 evaluations
optimisation finished successfully after 136 iterations, 206 evaluations
create False (51, 15) (52, 16)
iter 162 T 0.20833333333333337 sidx 18 index 10 move destroy M 15
optimisation finished successfully after 105 iterations, 164 evaluations
optimisation finished successfully after 29 iterations, 58 evaluations
optimisation finished successfully after 89 iterations, 138 evaluations
optimisation finished successfully after 29 iterations, 65 evaluations
destroy False (51, 15) (53, 14)
iter 163 T 0.20833333333333337 sidx 19 index 11 move create M 15
optimisation finished successfully after 50 iterations, 83 evaluations
optimisation finished successfully after 29 iterations, 61 evaluations
optimisation finished successfully after 31 iterations, 59 evaluations
create False (51, 15) (52, 16)
iter 164 T 0.20833333333333337 sidx 20 index 12 move percolate M 15
optimisation finished successfully after 27 iterations, 60 evaluations
optimisation finished successfully after 57 iterations, 93 evaluations
iter 165 T 0.20833333333333337 sidx 23 index 13 move destroy M 15
optimisation finished successfully after 51 iterations, 91 evaluations
destroy False (51, 15) (57, 14)
iter 166 T 0.20833333333333337 sidx 25 index 4 move destroy M 15
optimisation finished successfully after 51 iterations, 87 evaluations
optimisation finished successfully after 38 iterations, 73 evaluations
optimisation finished successfully after 24 iterations, 51 evaluations
destroy False (51, 15) (53, 14)
iter 167 T 0.20833333333333337 sidx 26 index 6 move percolate M 15
optimisation finished successfully after 43 iterations, 85 evaluations
optimisation finished successfully after 35 iterations, 74 evaluations
iter 168 T 0.16666666666666663 sidx -1 index 14 move create M 15
did not create at 14
iter 169 T 0.16666666666666663 sidx 0 index 0 move destroy M 15
iter 170 T 0.16666666666666663 sidx 1 index 1 move percolate M 15
optimisation finished successfully after 7 iterations, 21 evaluations
optimisation finished successfully after 9 iterations, 24 evaluations
iter 171 T 0.16666666666666663 sidx 2 index 2 move destroy M 15
optimisation finished successfully after 60 iterations, 101 evaluations
optimisation finished successfully after 19 iterations, 45 evaluations
optimisation finished successfully after 123 iterations, 187 evaluations
optimisation finished successfully after 35 iterations, 71 evaluations
optimisation finished successfully after 99 iterations, 156 evaluations
optimisation finished successfully after 42 iterations, 75 evaluations
destroy False (51, 15) (60, 14)
iter 172 T 0.16666666666666663 sidx 3 index 3 move destroy M 15
optimisation finished successfully after 216 iterations, 332 evaluations
optimisation finished successfully after 184 iterations, 269 evaluations
optimisation finished successfully after 215 iterations, 321 evaluations
destroy False (51, 15) (60, 14)
iter 173 T 0.16666666666666663 sidx 11 index 5 move create M 15
optimisation finished successfully after 137 iterations, 209 evaluations
optimisation finished successfully after 334 iterations, 481 evaluations
optimisation finished successfully after 53 iterations, 92 evaluations
optimisation finished successfully after 72 iterations, 121 evaluations
optimisation finished successfully after 28 iterations, 60 evaluations
create False (51, 15) (52, 16)
iter 174 T 0.16666666666666663 sidx 12 index 7 move destroy M 15
optimisation finished successfully after 249 iterations, 371 evaluations
optimisation finished successfully after 51 iterations, 90 evaluations
optimisation finished successfully after 247 iterations, 365 evaluations
optimisation finished successfully after 33 iterations, 68 evaluations
optimisation finished successfully after 23 iterations, 52 evaluations
optimisation finished successfully after 28 iterations, 55 evaluations
destroy False (51, 15) (55, 14)
iter 175 T 0.16666666666666663 sidx 16 index 8 move destroy M 15
optimisation finished successfully after 178 iterations, 261 evaluations
optimisation finished successfully after 27 iterations, 57 evaluations
optimisation finished successfully after 30 iterations, 60 evaluations
optimisation finished successfully after 34 iterations, 69 evaluations
destroy False (51, 15) (59, 14)
iter 176 T 0.16666666666666663 sidx 17 index 9 move destroy M 15
optimisation finished successfully after 171 iterations, 252 evaluations
optimisation finished successfully after 240 iterations, 353 evaluations
optimisation finished successfully after 18 iterations, 45 evaluations
optimisation finished successfully after 25 iterations, 54 evaluations
optimisation finished successfully after 215 iterations, 325 evaluations
optimisation finished successfully after 21 iterations, 49 evaluations
optimisation finished successfully after 21 iterations, 50 evaluations
optimisation finished successfully after 28 iterations, 62 evaluations
optimisation finished successfully after 259 iterations, 366 evaluations
optimisation finished successfully after 19 iterations, 47 evaluations
destroy False (51, 15) (55, 14)
iter 177 T 0.16666666666666663 sidx 18 index 10 move percolate M 15
optimisation finished successfully after 24 iterations, 55 evaluations
optimisation finished successfully after 29 iterations, 58 evaluations
iter 178 T 0.16666666666666663 sidx 19 index 11 move percolate M 15
optimisation finished successfully after 23 iterations, 51 evaluations
optimisation finished successfully after 23 iterations, 50 evaluations
iter 179 T 0.16666666666666663 sidx 20 index 12 move destroy M 15
optimisation finished successfully after 237 iterations, 335 evaluations
optimisation finished successfully after 361 iterations, 530 evaluations
optimisation finished successfully after 26 iterations, 53 evaluations
optimisation finished successfully after 14 iterations, 35 evaluations
optimisation finished successfully after 15 iterations, 34 evaluations
destroy False (51, 15) (59, 14)
iter 180 T 0.16666666666666663 sidx 23 index 13 move create M 15
optimisation finished successfully after 257 iterations, 387 evaluations
optimisation finished successfully after 33 iterations, 67 evaluations
optimisation finished successfully after 39 iterations, 75 evaluations
create False (51, 15) (53, 16)
iter 181 T 0.16666666666666663 sidx 25 index 4 move percolate M 15
optimisation finished successfully after 169 iterations, 248 evaluations
optimisation finished successfully after 114 iterations, 185 evaluations
iter 182 T 0.16666666666666663 sidx 26 index 6 move create M 15
optimisation finished successfully after 35 iterations, 65 evaluations
optimisation finished successfully after 82 iterations, 138 evaluations
create False (51, 15) (53, 16)
iter 183 T 0.125 sidx -1 index 14 move percolate M 15
iter 184 T 0.125 sidx 0 index 0 move create M 15
optimisation finished successfully after 29 iterations, 52 evaluations
create False (51, 15) (54, 16)
iter 185 T 0.125 sidx 1 index 1 move destroy M 15
optimisation finished successfully after 57 iterations, 96 evaluations
optimisation finished successfully after 124 iterations, 196 evaluations
optimisation finished successfully after 29 iterations, 55 evaluations
optimisation finished successfully after 17 iterations, 38 evaluations
destroy False (51, 15) (59, 14)
iter 186 T 0.125 sidx 2 index 2 move percolate M 15
optimisation finished successfully after 39 iterations, 76 evaluations
optimisation finished successfully after 33 iterations, 68 evaluations
iter 187 T 0.125 sidx 3 index 3 move destroy M 15
optimisation finished successfully after 216 iterations, 332 evaluations
optimisation finished successfully after 184 iterations, 269 evaluations
optimisation finished successfully after 215 iterations, 321 evaluations
destroy False (51, 15) (60, 14)
iter 188 T 0.125 sidx 11 index 5 move percolate M 15
optimisation finished successfully after 32 iterations, 64 evaluations
optimisation finished successfully after 24 iterations, 54 evaluations
iter 189 T 0.125 sidx 12 index 7 move destroy M 15
optimisation finished successfully after 249 iterations, 371 evaluations
optimisation finished successfully after 51 iterations, 90 evaluations
optimisation finished successfully after 247 iterations, 365 evaluations
optimisation finished successfully after 33 iterations, 68 evaluations
optimisation finished successfully after 23 iterations, 52 evaluations
optimisation finished successfully after 28 iterations, 55 evaluations
destroy False (51, 15) (55, 14)
iter 190 T 0.125 sidx 16 index 8 move create M 15
optimisation finished successfully after 100 iterations, 153 evaluations
optimisation finished successfully after 42 iterations, 77 evaluations
optimisation finished successfully after 96 iterations, 160 evaluations
create False (51, 15) (52, 16)
iter 191 T 0.125 sidx 17 index 9 move destroy M 15
optimisation finished successfully after 171 iterations, 252 evaluations
optimisation finished successfully after 240 iterations, 353 evaluations
optimisation finished successfully after 18 iterations, 45 evaluations
optimisation finished successfully after 25 iterations, 54 evaluations
optimisation finished successfully after 215 iterations, 325 evaluations
optimisation finished successfully after 21 iterations, 49 evaluations
optimisation finished successfully after 21 iterations, 50 evaluations
optimisation finished successfully after 28 iterations, 62 evaluations
optimisation finished successfully after 259 iterations, 366 evaluations
optimisation finished successfully after 19 iterations, 47 evaluations
destroy False (51, 15) (55, 14)
iter 192 T 0.125 sidx 18 index 10 move destroy M 15
optimisation finished successfully after 105 iterations, 164 evaluations
optimisation finished successfully after 29 iterations, 58 evaluations
optimisation finished successfully after 89 iterations, 138 evaluations
optimisation finished successfully after 29 iterations, 65 evaluations
destroy False (51, 15) (53, 14)
iter 193 T 0.125 sidx 19 index 11 move create M 15
optimisation finished successfully after 50 iterations, 83 evaluations
optimisation finished successfully after 29 iterations, 61 evaluations
optimisation finished successfully after 31 iterations, 59 evaluations
create False (51, 15) (52, 16)
iter 194 T 0.125 sidx 20 index 12 move percolate M 15
optimisation finished successfully after 27 iterations, 60 evaluations
optimisation finished successfully after 57 iterations, 93 evaluations
iter 195 T 0.125 sidx 23 index 13 move create M 15
optimisation finished successfully after 257 iterations, 387 evaluations
optimisation finished successfully after 33 iterations, 67 evaluations
optimisation finished successfully after 39 iterations, 75 evaluations
create False (51, 15) (53, 16)
iter 196 T 0.125 sidx 25 index 4 move destroy M 15
optimisation finished successfully after 51 iterations, 87 evaluations
optimisation finished successfully after 38 iterations, 73 evaluations
optimisation finished successfully after 24 iterations, 51 evaluations
destroy False (51, 15) (53, 14)
iter 197 T 0.125 sidx 26 index 6 move create M 15
optimisation finished successfully after 35 iterations, 65 evaluations
optimisation finished successfully after 82 iterations, 138 evaluations
create False (51, 15) (53, 16)
iter 198 T 0.10416666666666663 sidx -1 index 14 move create M 15
did not create at 14
iter 199 T 0.10416666666666663 sidx 0 index 0 move destroy M 15
iter 200 T 0.10416666666666663 sidx 1 index 1 move create M 15
optimisation finished successfully after 25 iterations, 44 evaluations
optimisation finished successfully after 15 iterations, 33 evaluations
optimisation finished successfully after 139 iterations, 211 evaluations
create False (51, 15) (54, 16)
iter 201 T 0.10416666666666663 sidx 2 index 2 move create M 15
optimisation finished successfully after 25 iterations, 47 evaluations
optimisation finished successfully after 16 iterations, 38 evaluations
optimisation finished successfully after 15 iterations, 35 evaluations
create False (51, 15) (53, 16)
iter 202 T 0.10416666666666663 sidx 3 index 3 move percolate M 15
optimisation finished successfully after 25 iterations, 54 evaluations
optimisation finished successfully after 31 iterations, 63 evaluations
iter 203 T 0.10416666666666663 sidx 11 index 5 move create M 15
optimisation finished successfully after 137 iterations, 209 evaluations
optimisation finished successfully after 334 iterations, 481 evaluations
optimisation finished successfully after 53 iterations, 92 evaluations
optimisation finished successfully after 72 iterations, 121 evaluations
optimisation finished successfully after 28 iterations, 60 evaluations
create False (51, 15) (52, 16)
iter 204 T 0.10416666666666663 sidx 12 index 7 move create M 15
optimisation finished successfully after 237 iterations, 365 evaluations
optimisation finished successfully after 44 iterations, 88 evaluations
optimisation finished successfully after 39 iterations, 81 evaluations
create False (51, 15) (52, 16)
iter 205 T 0.10416666666666663 sidx 16 index 8 move percolate M 15
optimisation finished successfully after 22 iterations, 52 evaluations
optimisation finished successfully after 27 iterations, 57 evaluations
iter 206 T 0.10416666666666663 sidx 17 index 9 move percolate M 15
optimisation finished successfully after 33 iterations, 65 evaluations
optimisation finished successfully after 43 iterations, 78 evaluations
iter 207 T 0.10416666666666663 sidx 18 index 10 move percolate M 15
optimisation finished successfully after 24 iterations, 55 evaluations
optimisation finished successfully after 29 iterations, 58 evaluations
iter 208 T 0.10416666666666663 sidx 19 index 11 move percolate M 15
optimisation finished successfully after 23 iterations, 51 evaluations
optimisation finished successfully after 23 iterations, 50 evaluations
iter 209 T 0.10416666666666663 sidx 20 index 12 move destroy M 15
optimisation finished successfully after 237 iterations, 335 evaluations
optimisation finished successfully after 361 iterations, 530 evaluations
optimisation finished successfully after 26 iterations, 53 evaluations
optimisation finished successfully after 14 iterations, 35 evaluations
optimisation finished successfully after 15 iterations, 34 evaluations
destroy False (51, 15) (59, 14)
iter 210 T 0.10416666666666663 sidx 23 index 13 move destroy M 15
optimisation finished successfully after 51 iterations, 91 evaluations
destroy False (51, 15) (57, 14)
iter 211 T 0.10416666666666663 sidx 25 index 4 move percolate M 15
optimisation finished successfully after 169 iterations, 248 evaluations
optimisation finished successfully after 114 iterations, 185 evaluations
iter 212 T 0.10416666666666663 sidx 26 index 6 move destroy M 15
optimisation finished successfully after 94 iterations, 147 evaluations
optimisation finished successfully after 36 iterations, 71 evaluations
optimisation finished successfully after 26 iterations, 55 evaluations
destroy False (51, 15) (55, 14)
iter 213 T 0.08333333333333337 sidx -1 index 14 move destroy M 15
optimisation finished successfully after 56 iterations, 97 evaluations
destroy False (51, 15) (54, 14)
iter 214 T 0.08333333333333337 sidx 0 index 0 move percolate M 15
iter 215 T 0.08333333333333337 sidx 1 index 1 move percolate M 15
optimisation finished successfully after 7 iterations, 21 evaluations
optimisation finished successfully after 9 iterations, 24 evaluations
iter 216 T 0.08333333333333337 sidx 2 index 2 