writing to  sigma_00.0500/initial_guess.pkl
iter 0 T 1 sidx 0 index 0 move percolate M 44
iter 1 T 1 sidx -1 index 43 move destroy M 44
optimisation finished successfully after 105 iterations, 166 evaluations
destroy True (97, 44) (94, 43)
iter 2 T 1 sidx 1 index 1 move percolate M 43
optimisation finished successfully after 160 iterations, 254 evaluations
optimisation finished successfully after 95 iterations, 147 evaluations
optimisation finished successfully after 91 iterations, 134 evaluations
optimisation finished successfully after 9 iterations, 25 evaluations
optimisation finished successfully after 76 iterations, 118 evaluations
optimisation finished successfully after 12 iterations, 28 evaluations
iter 3 T 1 sidx 2 index 2 move destroy M 43
optimisation finished successfully after 135 iterations, 202 evaluations
destroy True (89, 43) (87, 42)
iter 4 T 1.0 sidx 1 index 1 move destroy M 42
optimisation finished successfully after 127 iterations, 193 evaluations
destroy True (87, 42) (86, 41)
iter 5 T 1.0 sidx 3 index 1 move create M 41
optimisation finished successfully after 55 iterations, 90 evaluations
create False (86, 41) (87, 42)
iter 6 T 1 sidx 4 index 2 move destroy M 41
optimisation finished successfully after 133 iterations, 211 evaluations
destroy False (86, 41) (87, 40)
iter 7 T 1 sidx 5 index 3 move destroy M 41
optimisation finished successfully after 160 iterations, 240 evaluations
destroy True (86, 41) (82, 40)
iter 8 T 1.0 sidx 4 index 2 move destroy M 40
optimisation finished successfully after 162 iterations, 249 evaluations
destroy False (82, 40) (93, 39)
iter 9 T 1.0 sidx 6 index 3 move create M 40
optimisation finished successfully after 55 iterations, 92 evaluations
create False (82, 40) (83, 41)
iter 10 T 1 sidx 7 index 4 move destroy M 40
optimisation finished successfully after 103 iterations, 158 evaluations
destroy True (82, 40) (81, 39)
iter 11 T 1.0 sidx 6 index 3 move percolate M 39
optimisation finished successfully after 74 iterations, 125 evaluations
optimisation finished successfully after 64 iterations, 111 evaluations
optimisation finished successfully after 66 iterations, 113 evaluations
optimisation finished successfully after 65 iterations, 113 evaluations
iter 12 T 1.0 sidx 8 index 4 move percolate M 39
optimisation finished successfully after 105 iterations, 164 evaluations
optimisation finished successfully after 200 iterations, 287 evaluations
optimisation finished successfully after 68 iterations, 116 evaluations
optimisation finished successfully after 34 iterations, 70 evaluations
iter 13 T 1 sidx 9 index 5 move destroy M 39
optimisation finished successfully after 107 iterations, 175 evaluations
destroy True (79, 39) (75, 38)
iter 14 T 1.0 sidx 8 index 4 move create M 38
optimisation finished successfully after 71 iterations, 115 evaluations
create False (75, 38) (76, 39)
iter 15 T 1.0 sidx 10 index 5 move percolate M 38
optimisation finished successfully after 113 iterations, 179 evaluations
optimisation finished successfully after 67 iterations, 112 evaluations
optimisation finished successfully after 118 iterations, 194 evaluations
optimisation finished successfully after 47 iterations, 86 evaluations
optimisation finished successfully after 58 iterations, 103 evaluations
optimisation finished successfully after 163 iterations, 247 evaluations
optimisation finished successfully after 57 iterations, 100 evaluations
optimisation finished successfully after 48 iterations, 91 evaluations
iter 16 T 1 sidx 11 index 6 move create M 38
optimisation finished successfully after 42 iterations, 78 evaluations
create False (75, 38) (76, 39)
iter 17 T 1 sidx 12 index 7 move create M 38
optimisation finished successfully after 91 iterations, 144 evaluations
create False (75, 38) (75, 39)
iter 18 T 1 sidx 13 index 8 move destroy M 38
optimisation finished successfully after 102 iterations, 167 evaluations
destroy True (75, 38) (72, 37)
iter 19 T 1.0 sidx 12 index 7 move percolate M 37
optimisation finished successfully after 139 iterations, 207 evaluations
optimisation finished successfully after 76 iterations, 130 evaluations
optimisation finished successfully after 113 iterations, 171 evaluations
optimisation finished successfully after 91 iterations, 147 evaluations
optimisation finished successfully after 56 iterations, 102 evaluations
iter 20 T 1.0 sidx 14 index 8 move destroy M 37
optimisation finished successfully after 63 iterations, 104 evaluations
destroy True (71, 37) (70, 36)
iter 21 T 1.0 sidx 12 index 7 move create M 36
optimisation finished successfully after 45 iterations, 84 evaluations
create False (70, 36) (71, 37)
iter 22 T 1.0 sidx 15 index 8 move create M 36
optimisation finished successfully after 68 iterations, 113 evaluations
create False (70, 36) (71, 37)
iter 23 T 1 sidx 16 index 9 move destroy M 36
optimisation finished successfully after 69 iterations, 123 evaluations
destroy True (70, 36) (67, 35)
iter 24 T 1.0 sidx 15 index 8 move percolate M 35
optimisation finished successfully after 409 iterations, 579 evaluations
optimisation finished successfully after 90 iterations, 147 evaluations
optimisation finished successfully after 51 iterations, 95 evaluations
optimisation finished successfully after 58 iterations, 103 evaluations
optimisation finished successfully after 55 iterations, 103 evaluations
optimisation finished successfully after 56 iterations, 104 evaluations
iter 25 T 1.0 sidx 17 index 9 move create M 35
optimisation finished successfully after 37 iterations, 71 evaluations
create False (65, 35) (66, 36)
iter 26 T 1 sidx 18 index 10 move destroy M 35
optimisation finished successfully after 266 iterations, 402 evaluations
destroy True (65, 35) (65, 34)
iter 27 T 1.0 sidx 17 index 9 move create M 34
optimisation finished successfully after 181 iterations, 281 evaluations
create True (65, 34) (62, 35)
iter 28 T 1.0 sidx 17 index 9 move create M 35
optimisation finished successfully after 43 iterations, 79 evaluations
create False (62, 35) (63, 36)
iter 29 T 1.0 sidx 19 index 11 move create M 35
optimisation finished successfully after 87 iterations, 138 evaluations
create False (62, 35) (63, 36)
iter 30 T 1 sidx 20 index 12 move percolate M 35
optimisation finished successfully after 264 iterations, 382 evaluations
optimisation finished successfully after 100 iterations, 161 evaluations
optimisation finished successfully after 94 iterations, 160 evaluations
optimisation finished successfully after 82 iterations, 131 evaluations
iter 31 T 1 sidx 21 index 13 move destroy M 35
optimisation finished successfully after 253 iterations, 383 evaluations
destroy True (61, 35) (59, 34)
iter 32 T 1.0 sidx 20 index 12 move destroy M 34
optimisation finished successfully after 112 iterations, 184 evaluations
destroy False (59, 34) (60, 33)
iter 33 T 1.0 sidx 22 index 13 move create M 34
optimisation finished successfully after 38 iterations, 74 evaluations
create False (59, 34) (60, 35)
iter 34 T 1 sidx 23 index 14 move percolate M 34
optimisation finished successfully after 480 iterations, 693 evaluations
optimisation finished successfully after 53 iterations, 102 evaluations
optimisation finished successfully after 195 iterations, 287 evaluations
optimisation finished successfully after 45 iterations, 86 evaluations
optimisation finished successfully after 81 iterations, 135 evaluations
iter 35 T 1 sidx 24 index 15 move destroy M 34
optimisation finished successfully after 54 iterations, 100 evaluations
destroy True (56, 34) (55, 33)
iter 36 T 1.0 sidx 23 index 14 move create M 33
optimisation finished successfully after 57 iterations, 101 evaluations
create False (55, 33) (56, 34)
iter 37 T 1.0 sidx 25 index 15 move create M 33
optimisation finished successfully after 68 iterations, 113 evaluations
create False (55, 33) (56, 34)
iter 38 T 1 sidx 26 index 16 move create M 33
optimisation finished successfully after 64 iterations, 106 evaluations
create False (55, 33) (56, 34)
iter 39 T 1 sidx 27 index 17 move destroy M 33
optimisation finished successfully after 249 iterations, 370 evaluations
destroy True (55, 33) (47, 32)
iter 40 T 1.0 sidx 26 index 16 move percolate M 32
optimisation finished successfully after 230 iterations, 335 evaluations
optimisation finished successfully after 55 iterations, 103 evaluations
optimisation finished successfully after 59 iterations, 110 evaluations
optimisation finished successfully after 40 iterations, 79 evaluations
optimisation finished successfully after 451 iterations, 632 evaluations
optimisation finished successfully after 66 iterations, 117 evaluations
iter 41 T 1.0 sidx 28 index 17 move destroy M 32
optimisation finished successfully after 84 iterations, 145 evaluations
destroy True (47, 32) (46, 31)
iter 42 T 1.0 sidx 26 index 16 move create M 31
optimisation finished successfully after 50 iterations, 86 evaluations
create False (46, 31) (47, 32)
iter 43 T 1.0 sidx 29 index 17 move destroy M 31
optimisation finished successfully after 94 iterations, 159 evaluations
destroy True (46, 31) (44, 30)
iter 44 T 1.0 sidx 26 index 16 move percolate M 30
optimisation finished successfully after 355 iterations, 514 evaluations
optimisation finished successfully after 106 iterations, 180 evaluations
optimisation finished successfully after 63 iterations, 116 evaluations
iter 45 T 1.0 sidx 30 index 17 move destroy M 30
optimisation finished successfully after 346 iterations, 506 evaluations
destroy False (43, 30) (46, 29)
iter 46 T 1 sidx 31 index 18 move destroy M 30
optimisation finished successfully after 177 iterations, 272 evaluations
destroy True (43, 30) (40, 29)
iter 47 T 1.0 sidx 30 index 17 move create M 29
optimisation finished successfully after 70 iterations, 116 evaluations
create False (40, 29) (41, 30)
iter 48 T 1.0 sidx 32 index 18 move destroy M 29
optimisation finished successfully after 245 iterations, 367 evaluations
destroy False (40, 29) (50, 28)
iter 49 T 1 sidx 33 index 19 move create M 29
optimisation finished successfully after 75 iterations, 123 evaluations
create False (40, 29) (41, 30)
iter 50 T 1 sidx 34 index 20 move create M 29
optimisation finished successfully after 139 iterations, 220 evaluations
create False (40, 29) (40, 30)
iter 51 T 1 sidx 35 index 21 move percolate M 29
optimisation finished successfully after 371 iterations, 531 evaluations
optimisation finished successfully after 185 iterations, 287 evaluations
optimisation finished successfully after 55 iterations, 100 evaluations
optimisation finished successfully after 48 iterations, 94 evaluations
optimisation finished successfully after 165 iterations, 254 evaluations
iter 52 T 1 sidx 36 index 22 move create M 29
optimisation finished successfully after 47 iterations, 87 evaluations
create False (35, 29) (36, 30)
iter 53 T 1 sidx 37 index 23 move create M 29
optimisation finished successfully after 45 iterations, 83 evaluations
create False (35, 29) (36, 30)
iter 54 T 1 sidx 38 index 24 move create M 29
optimisation finished successfully after 29 iterations, 75 evaluations
create False (35, 29) (36, 30)
iter 55 T 1 sidx 39 index 25 move destroy M 29
optimisation finished successfully after 180 iterations, 280 evaluations
destroy True (35, 29) (33, 28)
iter 56 T 1.0 sidx 38 index 24 move destroy M 28
optimisation finished successfully after 196 iterations, 288 evaluations
destroy False (33, 28) (35, 27)
iter 57 T 1.0 sidx 40 index 25 move create M 28
optimisation finished successfully after 166 iterations, 260 evaluations
create False (33, 28) (33, 29)
iter 58 T 1 sidx 41 index 26 move destroy M 28
optimisation finished successfully after 238 iterations, 376 evaluations
destroy False (33, 28) (34, 27)
iter 59 T 1 sidx 42 index 27 move percolate M 28
iter 60 T 1.0 sidx 44 index 10 move destroy M 28
optimisation finished successfully after 267 iterations, 391 evaluations
destroy False (33, 28) (35, 27)
iter 61 T 0.8333333333333334 sidx 0 index 0 move create M 28
optimisation finished successfully after 79 iterations, 134 evaluations
create False (33, 28) (33, 29)
iter 62 T 0.8333333333333334 sidx 3 index 1 move destroy M 28
optimisation finished successfully after 163 iterations, 249 evaluations
destroy False (33, 28) (46, 27)
iter 63 T 0.8333333333333334 sidx 4 index 2 move percolate M 28
optimisation finished successfully after 63 iterations, 104 evaluations
optimisation finished successfully after 68 iterations, 115 evaluations
iter 64 T 0.8333333333333334 sidx 6 index 3 move create M 28
optimisation finished successfully after 81 iterations, 132 evaluations
create False (33, 28) (34, 29)
iter 65 T 0.8333333333333334 sidx 8 index 4 move percolate M 28
optimisation finished successfully after 70 iterations, 120 evaluations
optimisation finished successfully after 41 iterations, 84 evaluations
iter 66 T 0.8333333333333334 sidx 10 index 5 move create M 28
optimisation finished successfully after 39 iterations, 74 evaluations
create False (33, 28) (34, 29)
iter 67 T 0.8333333333333334 sidx 11 index 6 move destroy M 28
optimisation finished successfully after 446 iterations, 643 evaluations
destroy False (33, 28) (49, 27)
iter 68 T 0.8333333333333334 sidx 12 index 7 move percolate M 28
optimisation finished successfully after 89 iterations, 147 evaluations
optimisation finished successfully after 63 iterations, 106 evaluations
iter 69 T 0.8333333333333334 sidx 15 index 8 move create M 28
optimisation finished successfully after 57 iterations, 99 evaluations
create False (33, 28) (34, 29)
iter 70 T 0.8333333333333334 sidx 17 index 9 move percolate M 28
optimisation finished successfully after 84 iterations, 140 evaluations
optimisation finished successfully after 227 iterations, 329 evaluations
optimisation finished successfully after 39 iterations, 77 evaluations
optimisation finished successfully after 33 iterations, 70 evaluations
optimisation finished successfully after 79 iterations, 129 evaluations
iter 71 T 0.8333333333333334 sidx 19 index 11 move percolate M 28
optimisation finished successfully after 76 iterations, 131 evaluations
optimisation finished successfully after 51 iterations, 95 evaluations
optimisation finished successfully after 45 iterations, 86 evaluations
optimisation finished successfully after 230 iterations, 344 evaluations
optimisation finished successfully after 91 iterations, 146 evaluations
optimisation finished successfully after 42 iterations, 84 evaluations
optimisation finished successfully after 72 iterations, 128 evaluations
iter 72 T 0.8333333333333334 sidx 20 index 12 move percolate M 28
optimisation finished successfully after 43 iterations, 83 evaluations
optimisation finished successfully after 81 iterations, 137 evaluations
iter 73 T 0.8333333333333334 sidx 22 index 13 move destroy M 28
optimisation finished successfully after 110 iterations, 171 evaluations
destroy True (33, 28) (32, 27)
iter 74 T 1.0 sidx 20 index 12 move percolate M 27
optimisation finished successfully after 76 iterations, 132 evaluations
optimisation finished successfully after 67 iterations, 121 evaluations
optimisation finished successfully after 45 iterations, 92 evaluations
iter 75 T 1.0 sidx 23 index 13 move percolate M 27
optimisation finished successfully after 44 iterations, 86 evaluations
optimisation finished successfully after 83 iterations, 134 evaluations
optimisation finished successfully after 71 iterations, 121 evaluations
optimisation finished successfully after 82 iterations, 140 evaluations
iter 76 T 0.8333333333333334 sidx 20 index 12 move destroy M 27
optimisation finished successfully after 280 iterations, 421 evaluations
destroy False (32, 27) (46, 26)
iter 77 T 0.8333333333333334 sidx 23 index 13 move destroy M 27
optimisation finished successfully after 129 iterations, 202 evaluations
destroy False (32, 27) (49, 26)
iter 78 T 0.8333333333333334 sidx 25 index 14 move destroy M 27
optimisation finished successfully after 249 iterations, 387 evaluations
destroy False (32, 27) (50, 26)
iter 79 T 0.8333333333333334 sidx 26 index 15 move destroy M 27
optimisation finished successfully after 280 iterations, 411 evaluations
destroy False (32, 27) (53, 26)
iter 80 T 0.8333333333333334 sidx 30 index 16 move destroy M 27
optimisation finished successfully after 165 iterations, 253 evaluations
destroy False (32, 27) (48, 26)
iter 81 T 0.8333333333333334 sidx 32 index 17 move percolate M 27
optimisation finished successfully after 84 iterations, 145 evaluations
optimisation finished successfully after 71 iterations, 125 evaluations
optimisation finished successfully after 50 iterations, 99 evaluations
optimisation finished successfully after 81 iterations, 137 evaluations
iter 82 T 0.8333333333333334 sidx 33 index 18 move destroy M 27
optimisation finished successfully after 63 iterations, 111 evaluations
destroy True (32, 27) (31, 26)
iter 83 T 1.0 sidx 32 index 17 move destroy M 26
optimisation finished successfully after 249 iterations, 374 evaluations
destroy False (31, 26) (41, 25)
iter 84 T 1.0 sidx 34 index 18 move create M 26
optimisation finished successfully after 45 iterations, 86 evaluations
create False (31, 26) (32, 27)
iter 85 T 0.8333333333333334 sidx 32 index 17 move percolate M 26
optimisation finished successfully after 59 iterations, 110 evaluations
optimisation finished successfully after 69 iterations, 128 evaluations
optimisation finished successfully after 65 iterations, 120 evaluations
iter 86 T 0.8333333333333334 sidx 34 index 18 move destroy M 26
optimisation finished successfully after 258 iterations, 379 evaluations
destroy True (31, 26) (31, 25)
iter 87 T 1.0 sidx 32 index 17 move create M 25
optimisation finished successfully after 61 iterations, 109 evaluations
create False (31, 25) (31, 26)
iter 88 T 1.0 sidx 35 index 18 move create M 25
optimisation finished successfully after 42 iterations, 80 evaluations
create False (31, 25) (32, 26)
iter 89 T 0.8333333333333334 sidx 32 index 17 move destroy M 25
optimisation finished successfully after 281 iterations, 414 evaluations
destroy False (31, 25) (49, 24)
iter 90 T 0.8333333333333334 sidx 35 index 18 move destroy M 25
optimisation finished successfully after 181 iterations, 287 evaluations
destroy False (31, 25) (41, 24)
iter 91 T 0.8333333333333334 sidx 36 index 19 move destroy M 25
optimisation finished successfully after 176 iterations, 273 evaluations
destroy True (31, 25) (31, 24)
iter 92 T 1.0 sidx 35 index 18 move destroy M 24
optimisation finished successfully after 294 iterations, 433 evaluations
destroy False (31, 24) (44, 23)
iter 93 T 1.0 sidx 37 index 19 move destroy M 24
optimisation finished successfully after 316 iterations, 461 evaluations
destroy False (31, 24) (40, 23)
iter 94 T 0.8333333333333334 sidx 35 index 18 move create M 24
optimisation finished successfully after 61 iterations, 107 evaluations
create False (31, 24) (32, 25)
iter 95 T 0.8333333333333334 sidx 37 index 19 move percolate M 24
optimisation finished successfully after 363 iterations, 511 evaluations
optimisation finished successfully after 75 iterations, 131 evaluations
optimisation finished successfully after 82 iterations, 138 evaluations
optimisation finished successfully after 67 iterations, 122 evaluations
iter 96 T 0.8333333333333334 sidx 38 index 20 move create M 24
optimisation finished successfully after 55 iterations, 99 evaluations
create False (29, 24) (30, 25)
iter 97 T 0.8333333333333334 sidx 40 index 21 move destroy M 24
optimisation finished successfully after 69 iterations, 113 evaluations
destroy True (29, 24) (27, 23)
iter 98 T 1.0 sidx 38 index 20 move create M 23
optimisation finished successfully after 42 iterations, 83 evaluations
create False (27, 23) (29, 24)
iter 99 T 1.0 sidx 41 index 21 move percolate M 23
optimisation finished successfully after 42 iterations, 78 evaluations
optimisation finished successfully after 48 iterations, 85 evaluations
optimisation finished successfully after 36 iterations, 71 evaluations
optimisation finished successfully after 39 iterations, 74 evaluations
iter 100 T 0.8333333333333334 sidx 38 index 20 move destroy M 23
optimisation finished successfully after 166 iterations, 258 evaluations
destroy False (27, 23) (41, 22)
iter 101 T 0.8333333333333334 sidx 41 index 21 move destroy M 23
optimisation finished successfully after 240 iterations, 358 evaluations
destroy False (27, 23) (38, 22)
iter 102 T 0.8333333333333334 sidx 42 index 22 move create M 23
iter 103 T 0.6666666666666666 sidx 0 index 0 move destroy M 23
iter 104 T 0.6666666666666666 sidx 3 index 1 move percolate M 23
optimisation finished successfully after 39 iterations, 68 evaluations
optimisation finished successfully after 33 iterations, 60 evaluations
optimisation finished successfully after 30 iterations, 57 evaluations
optimisation finished successfully after 29 iterations, 56 evaluations
optimisation finished successfully after 68 iterations, 105 evaluations
optimisation finished successfully after 49 iterations, 79 evaluations
optimisation finished successfully after 34 iterations, 64 evaluations
iter 105 T 0.6666666666666666 sidx 4 index 2 move create M 23
optimisation finished successfully after 19 iterations, 41 evaluations
create False (25, 23) (26, 24)
iter 106 T 0.6666666666666666 sidx 6 index 3 move destroy M 23
optimisation finished successfully after 290 iterations, 419 evaluations
destroy True (25, 23) (25, 22)
iter 107 T 1.0 sidx 4 index 2 move create M 22
optimisation finished successfully after 45 iterations, 78 evaluations
create False (25, 22) (27, 23)
iter 108 T 1.0 sidx 8 index 3 move create M 22
optimisation finished successfully after 92 iterations, 149 evaluations
create False (25, 22) (26, 23)
iter 109 T 0.8333333333333334 sidx 4 index 2 move percolate M 22
optimisation finished successfully after 39 iterations, 69 evaluations
optimisation finished successfully after 55 iterations, 94 evaluations
optimisation finished successfully after 59 iterations, 101 evaluations
optimisation finished successfully after 33 iterations, 61 evaluations
optimisation finished successfully after 22 iterations, 50 evaluations
iter 110 T 0.8333333333333334 sidx 8 index 3 move destroy M 22
optimisation finished successfully after 189 iterations, 284 evaluations
destroy False (25, 22) (32, 21)
iter 111 T 0.6666666666666666 sidx 4 index 2 move destroy M 22
optimisation finished successfully after 202 iterations, 302 evaluations
destroy False (25, 22) (42, 21)
iter 112 T 0.6666666666666666 sidx 8 index 3 move percolate M 22
optimisation finished successfully after 83 iterations, 137 evaluations
optimisation finished successfully after 68 iterations, 116 evaluations
optimisation finished successfully after 45 iterations, 82 evaluations
optimisation finished successfully after 43 iterations, 83 evaluations
optimisation finished successfully after 66 iterations, 113 evaluations
optimisation finished successfully after 42 iterations, 77 evaluations
optimisation finished successfully after 72 iterations, 128 evaluations
optimisation finished successfully after 31 iterations, 67 evaluations
optimisation finished successfully after 73 iterations, 124 evaluations
iter 113 T 0.6666666666666666 sidx 10 index 4 move destroy M 22
optimisation finished successfully after 173 iterations, 263 evaluations
destroy False (24, 22) (39, 21)
iter 114 T 0.6666666666666666 sidx 11 index 5 move percolate M 22
optimisation finished successfully after 57 iterations, 105 evaluations
optimisation finished successfully after 60 iterations, 109 evaluations
optimisation finished successfully after 42 iterations, 80 evaluations
iter 115 T 0.6666666666666666 sidx 12 index 6 move destroy M 22
optimisation finished successfully after 123 iterations, 198 evaluations
destroy False (24, 22) (41, 21)
iter 116 T 0.6666666666666666 sidx 15 index 7 move destroy M 22
optimisation finished successfully after 369 iterations, 536 evaluations
destroy False (24, 22) (33, 21)
iter 117 T 0.6666666666666666 sidx 17 index 8 move destroy M 22
optimisation finished successfully after 57 iterations, 99 evaluations
destroy True (24, 22) (23, 21)
iter 118 T 1.0 sidx 15 index 7 move percolate M 21
optimisation finished successfully after 49 iterations, 91 evaluations
optimisation finished successfully after 59 iterations, 104 evaluations
iter 119 T 1.0 sidx 44 index 8 move create M 21
iter 120 T 0.8333333333333334 sidx 15 index 7 move create M 21
optimisation finished successfully after 50 iterations, 92 evaluations
create False (23, 21) (25, 22)
iter 121 T 0.8333333333333334 sidx 44 index 8 move destroy M 21
optimisation finished successfully after 54 iterations, 96 evaluations
destroy False (23, 21) (24, 20)
iter 122 T 0.6666666666666666 sidx 15 index 7 move destroy M 21
optimisation finished successfully after 193 iterations, 289 evaluations
destroy False (23, 21) (44, 20)
iter 123 T 0.6666666666666666 sidx 19 index 9 move destroy M 21
optimisation finished successfully after 120 iterations, 187 evaluations
destroy True (23, 21) (23, 20)
iter 124 T 1.0 sidx 20 index 9 move destroy M 20
optimisation finished successfully after 244 iterations, 359 evaluations
destroy False (23, 20) (36, 19)
iter 125 T 1.0 sidx 44 index 8 move percolate M 20
optimisation finished successfully after 76 iterations, 129 evaluations
optimisation finished successfully after 53 iterations, 103 evaluations
optimisation finished successfully after 85 iterations, 139 evaluations
optimisation finished successfully after 52 iterations, 98 evaluations
iter 126 T 0.8333333333333334 sidx 20 index 9 move create M 20
optimisation finished successfully after 46 iterations, 87 evaluations
create False (22, 20) (23, 21)
iter 127 T 0.8333333333333334 sidx 44 index 8 move create M 20
optimisation finished successfully after 47 iterations, 85 evaluations
create False (22, 20) (23, 21)
iter 128 T 0.6666666666666666 sidx 20 index 9 move percolate M 20
optimisation finished successfully after 65 iterations, 115 evaluations
optimisation finished successfully after 61 iterations, 111 evaluations
iter 129 T 0.6666666666666666 sidx 23 index 10 move create M 20
optimisation finished successfully after 59 iterations, 103 evaluations
create False (22, 20) (23, 21)
iter 130 T 0.6666666666666666 sidx 25 index 11 move percolate M 20
optimisation finished successfully after 54 iterations, 101 evaluations
optimisation finished successfully after 53 iterations, 100 evaluations
iter 131 T 0.6666666666666666 sidx 26 index 12 move create M 20
optimisation finished successfully after 45 iterations, 88 evaluations
create False (22, 20) (23, 21)
iter 132 T 0.6666666666666666 sidx 30 index 13 move percolate M 20
optimisation finished successfully after 73 iterations, 129 evaluations
optimisation finished successfully after 68 iterations, 118 evaluations
optimisation finished successfully after 68 iterations, 121 evaluations
optimisation finished successfully after 96 iterations, 157 evaluations
optimisation finished successfully after 61 iterations, 108 evaluations
iter 133 T 0.6666666666666666 sidx 32 index 14 move percolate M 20
optimisation finished successfully after 65 iterations, 113 evaluations
optimisation finished successfully after 65 iterations, 114 evaluations
iter 134 T 0.6666666666666666 sidx 35 index 15 move percolate M 20
optimisation finished successfully after 73 iterations, 127 evaluations
optimisation finished successfully after 70 iterations, 120 evaluations
optimisation finished successfully after 82 iterations, 145 evaluations
optimisation finished successfully after 70 iterations, 123 evaluations
optimisation finished successfully after 69 iterations, 126 evaluations
iter 135 T 0.6666666666666666 sidx 37 index 16 move create M 20
optimisation finished successfully after 65 iterations, 111 evaluations
create False (21, 20) (22, 21)
iter 136 T 0.6666666666666666 sidx 38 index 17 move percolate M 20
optimisation finished successfully after 74 iterations, 131 evaluations
optimisation finished successfully after 72 iterations, 126 evaluations
optimisation finished successfully after 73 iterations, 124 evaluations
optimisation finished successfully after 75 iterations, 130 evaluations
optimisation finished successfully after 52 iterations, 99 evaluations
optimisation finished successfully after 86 iterations, 147 evaluations
iter 137 T 0.6666666666666666 sidx 41 index 18 move create M 20
optimisation finished successfully after 60 iterations, 109 evaluations
create False (20, 20) (21, 21)
iter 138 T 0.6666666666666666 sidx 42 index 19 move destroy M 20
optimisation finished successfully after 67 iterations, 109 evaluations
destroy False (20, 20) (31, 19)
iter 139 T 0.6666666666666666 sidx 44 index 8 move destroy M 20
optimisation finished successfully after 132 iterations, 210 evaluations
destroy False (20, 20) (38, 19)
iter 140 T 0.5 sidx 0 index 0 move percolate M 20
iter 141 T 0.5 sidx 3 index 1 move destroy M 20
optimisation finished successfully after 233 iterations, 358 evaluations
destroy False (20, 20) (36, 19)
iter 142 T 0.5 sidx 4 index 2 move create M 20
optimisation finished successfully after 35 iterations, 65 evaluations
create False (20, 20) (21, 21)
iter 143 T 0.5 sidx 8 index 3 move create M 20
optimisation finished successfully after 102 iterations, 165 evaluations
create False (20, 20) (21, 21)
iter 144 T 0.5 sidx 10 index 4 move destroy M 20
optimisation finished successfully after 152 iterations, 231 evaluations
destroy False (20, 20) (36, 19)
iter 145 T 0.5 sidx 11 index 5 move create M 20
optimisation finished successfully after 45 iterations, 87 evaluations
create False (20, 20) (21, 21)
iter 146 T 0.5 sidx 12 index 6 move create M 20
optimisation finished successfully after 67 iterations, 112 evaluations
create False (20, 20) (21, 21)
iter 147 T 0.5 sidx 15 index 7 move percolate M 20
optimisation finished successfully after 55 iterations, 100 evaluations
optimisation finished successfully after 53 iterations, 99 evaluations
optimisation finished successfully after 51 iterations, 93 evaluations
optimisation finished successfully after 51 iterations, 97 evaluations
iter 148 T 0.5 sidx 20 index 9 move create M 20
optimisation finished successfully after 46 iterations, 86 evaluations
create False (20, 20) (21, 21)
iter 149 T 0.5 sidx 23 index 10 move percolate M 20
optimisation finished successfully after 74 iterations, 130 evaluations
optimisation finished successfully after 85 iterations, 142 evaluations
iter 150 T 0.5 sidx 25 index 11 move percolate M 20
optimisation finished successfully after 58 iterations, 106 evaluations
optimisation finished successfully after 62 iterations, 108 evaluations
iter 151 T 0.5 sidx 26 index 12 move create M 20
optimisation finished successfully after 43 iterations, 82 evaluations
create False (20, 20) (21, 21)
iter 152 T 0.5 sidx 30 index 13 move create M 20
optimisation finished successfully after 43 iterations, 81 evaluations
create False (20, 20) (21, 21)
iter 153 T 0.5 sidx 32 index 14 move percolate M 20
optimisation finished successfully after 62 iterations, 111 evaluations
optimisation finished successfully after 53 iterations, 106 evaluations
iter 154 T 0.5 sidx 35 index 15 move create M 20
optimisation finished successfully after 41 iterations, 78 evaluations
create False (20, 20) (21, 21)
iter 155 T 0.5 sidx 37 index 16 move percolate M 20
optimisation finished successfully after 78 iterations, 138 evaluations
optimisation finished successfully after 49 iterations, 95 evaluations
iter 156 T 0.5 sidx 38 index 17 move create M 20
optimisation finished successfully after 41 iterations, 81 evaluations
create False (20, 20) (21, 21)
iter 157 T 0.5 sidx 41 index 18 move percolate M 20
optimisation finished successfully after 52 iterations, 93 evaluations
optimisation finished successfully after 45 iterations, 87 evaluations
optimisation finished successfully after 38 iterations, 73 evaluations
optimisation finished successfully after 43 iterations, 81 evaluations
iter 158 T 0.5 sidx 42 index 19 move destroy M 20
optimisation finished successfully after 61 iterations, 102 evaluations
destroy False (20, 20) (32, 19)
iter 159 T 0.5 sidx 44 index 8 move destroy M 20
optimisation finished successfully after 272 iterations, 399 evaluations
destroy False (20, 20) (39, 19)
iter 160 T 0.41666666666666674 sidx 0 index 0 move destroy M 20
iter 161 T 0.41666666666666674 sidx 3 index 1 move create M 20
optimisation finished successfully after 44 iterations, 70 evaluations
create False (20, 20) (21, 21)
iter 162 T 0.41666666666666674 sidx 4 index 2 move destroy M 20
optimisation finished successfully after 246 iterations, 360 evaluations
destroy False (20, 20) (38, 19)
iter 163 T 0.41666666666666674 sidx 8 index 3 move percolate M 20
optimisation finished successfully after 60 iterations, 102 evaluations
optimisation finished successfully after 51 iterations, 94 evaluations
optimisation finished successfully after 43 iterations, 81 evaluations
optimisation finished successfully after 67 iterations, 115 evaluations
iter 164 T 0.41666666666666674 sidx 10 index 4 move create M 20
optimisation finished successfully after 39 iterations, 72 evaluations
create False (20, 20) (21, 21)
iter 165 T 0.41666666666666674 sidx 11 index 5 move destroy M 20
optimisation finished successfully after 322 iterations, 476 evaluations
destroy False (20, 20) (36, 19)
iter 166 T 0.41666666666666674 sidx 12 index 6 move percolate M 20
optimisation finished successfully after 63 iterations, 115 evaluations
optimisation finished successfully after 61 iterations, 108 evaluations
iter 167 T 0.41666666666666674 sidx 15 index 7 move create M 20
optimisation finished successfully after 48 iterations, 89 evaluations
create False (20, 20) (21, 21)
iter 168 T 0.41666666666666674 sidx 20 index 9 move percolate M 20
optimisation finished successfully after 65 iterations, 115 evaluations
optimisation finished successfully after 71 iterations, 127 evaluations
iter 169 T 0.41666666666666674 sidx 23 index 10 move create M 20
optimisation finished successfully after 47 iterations, 87 evaluations
create False (20, 20) (21, 21)
iter 170 T 0.41666666666666674 sidx 25 index 11 move destroy M 20
optimisation finished successfully after 169 iterations, 257 evaluations
destroy False (20, 20) (38, 19)
iter 171 T 0.41666666666666674 sidx 26 index 12 move destroy M 20
optimisation finished successfully after 246 iterations, 370 evaluations
destroy False (20, 20) (42, 19)
iter 172 T 0.41666666666666674 sidx 30 index 13 move destroy M 20
optimisation finished successfully after 298 iterations, 433 evaluations
destroy False (20, 20) (38, 19)
iter 173 T 0.41666666666666674 sidx 32 index 14 move create M 20
optimisation finished successfully after 49 iterations, 92 evaluations
create False (20, 20) (21, 21)
iter 174 T 0.41666666666666674 sidx 35 index 15 move destroy M 20
optimisation finished successfully after 355 iterations, 544 evaluations
destroy False (20, 20) (37, 19)
iter 175 T 0.41666666666666674 sidx 37 index 16 move destroy M 20
optimisation finished successfully after 384 iterations, 575 evaluations
destroy False (20, 20) (28, 19)
iter 176 T 0.41666666666666674 sidx 38 index 17 move percolate M 20
optimisation finished successfully after 42 iterations, 88 evaluations
optimisation finished successfully after 81 iterations, 139 evaluations
iter 177 T 0.41666666666666674 sidx 41 index 18 move create M 20
optimisation finished successfully after 59 iterations, 106 evaluations
create False (20, 20) (21, 21)
iter 178 T 0.41666666666666674 sidx 42 index 19 move create M 20
iter 179 T 0.41666666666666674 sidx 44 index 8 move create M 20
optimisation finished successfully after 44 iterations, 85 evaluations
create False (20, 20) (21, 21)
iter 180 T 0.33333333333333326 sidx 0 index 0 move create M 20
optimisation finished successfully after 17 iterations, 33 evaluations
create False (20, 20) (21, 21)
iter 181 T 0.33333333333333326 sidx 3 index 1 move percolate M 20
optimisation finished successfully after 47 iterations, 80 evaluations
optimisation finished successfully after 33 iterations, 59 evaluations
iter 182 T 0.33333333333333326 sidx 4 index 2 move percolate M 20
optimisation finished successfully after 30 iterations, 57 evaluations
optimisation finished successfully after 25 iterations, 53 evaluations
optimisation finished successfully after 29 iterations, 58 evaluations
iter 183 T 0.33333333333333326 sidx 8 index 3 move destroy M 20
optimisation finished successfully after 133 iterations, 210 evaluations
destroy False (20, 20) (28, 19)
iter 184 T 0.33333333333333326 sidx 10 index 4 move percolate M 20
optimisation finished successfully after 81 iterations, 132 evaluations
optimisation finished successfully after 63 iterations, 111 evaluations
optimisation finished successfully after 57 iterations, 95 evaluations
iter 185 T 0.33333333333333326 sidx 11 index 5 move percolate M 20
optimisation finished successfully after 68 iterations, 116 evaluations
optimisation finished successfully after 47 iterations, 88 evaluations
iter 186 T 0.33333333333333326 sidx 12 index 6 move destroy M 20
optimisation finished successfully after 146 iterations, 223 evaluations
destroy False (20, 20) (37, 19)
iter 187 T 0.33333333333333326 sidx 15 index 7 move destroy M 20
optimisation finished successfully after 417 iterations, 609 evaluations
destroy False (20, 20) (41, 19)
iter 188 T 0.33333333333333326 sidx 20 index 9 move destroy M 20
optimisation finished successfully after 451 iterations, 672 evaluations
destroy False (20, 20) (37, 19)
iter 189 T 0.33333333333333326 sidx 23 index 10 move destroy M 20
optimisation finished successfully after 177 iterations, 273 evaluations
destroy False (20, 20) (35, 19)
iter 190 T 0.33333333333333326 sidx 25 index 11 move create M 20
optimisation finished successfully after 36 iterations, 68 evaluations
create False (20, 20) (21, 21)
iter 191 T 0.33333333333333326 sidx 26 index 12 move percolate M 20
optimisation finished successfully after 102 iterations, 169 evaluations
optimisation finished successfully after 62 iterations, 115 evaluations
iter 192 T 0.33333333333333326 sidx 30 index 13 move percolate M 20
optimisation finished successfully after 71 iterations, 123 evaluations
optimisation finished successfully after 54 iterations, 100 evaluations
iter 193 T 0.33333333333333326 sidx 32 index 14 move destroy M 20
optimisation finished successfully after 498 iterations, 727 evaluations
destroy False (20, 20) (39, 19)
iter 194 T 0.33333333333333326 sidx 35 index 15 move percolate M 20
optimisation finished successfully after 64 iterations, 114 evaluations
optimisation finished successfully after 79 iterations, 141 evaluations
iter 195 T 0.33333333333333326 sidx 37 index 16 move create M 20
optimisation finished successfully after 51 iterations, 95 evaluations
create False (20, 20) (21, 21)
iter 196 T 0.33333333333333326 sidx 38 index 17 move destroy M 20
optimisation finished successfully after 297 iterations, 432 evaluations
destroy False (20, 20) (33, 19)
iter 197 T 0.33333333333333326 sidx 41 index 18 move destroy M 20
optimisation finished successfully after 199 iterations, 313 evaluations
destroy False (20, 20) (32, 19)
iter 198 T 0.33333333333333326 sidx 42 index 19 move percolate M 20
iter 199 T 0.33333333333333326 sidx 44 index 8 move percolate M 20
optimisation finished successfully after 96 iterations, 160 evaluations
optimisation finished successfully after 38 iterations, 79 evaluations
iter 200 T 0.25 sidx 0 index 0 move percolate M 20
iter 201 T 0.25 sidx 3 index 1 move create M 20
optimisation finished successfully after 41 iterations, 65 evaluations
create False (20, 20) (21, 21)
iter 202 T 0.25 sidx 4 index 2 move percolate M 20
optimisation finished successfully after 120 iterations, 172 evaluations
optimisation finished successfully after 28 iterations, 54 evaluations
optimisation finished successfully after 27 iterations, 56 evaluations
optimisation finished successfully after 36 iterations, 68 evaluations
iter 203 T 0.25 sidx 8 index 3 move create M 20
optimisation finished successfully after 40 iterations, 76 evaluations
create False (20, 20) (21, 21)
iter 204 T 0.25 sidx 10 index 4 move percolate M 20
optimisation finished successfully after 59 iterations, 103 evaluations
optimisation finished successfully after 42 iterations, 81 evaluations
iter 205 T 0.25 sidx 11 index 5 move create M 20
optimisation finished successfully after 46 iterations, 85 evaluations
create False (20, 20) (21, 21)
iter 206 T 0.25 sidx 12 index 6 move percolate M 20
optimisation finished successfully after 73 iterations, 123 evaluations
optimisation finished successfully after 67 iterations, 115 evaluations
iter 207 T 0.25 sidx 15 index 7 move destroy M 20
optimisation finished successfully after 419 iterations, 593 evaluations
destroy False (20, 20) (41, 19)
iter 208 T 0.25 sidx 20 index 9 move destroy M 20
optimisation finished successfully after 451 iterations, 672 evaluations
destroy False (20, 20) (37, 19)
iter 209 T 0.25 sidx 23 index 10 move destroy M 20
optimisation finished successfully after 177 iterations, 273 evaluations
destroy False (20, 20) (35, 19)
iter 210 T 0.25 sidx 25 index 11 move destroy M 20
optimisation finished successfully after 169 iterations, 257 evaluations
destroy False (20, 20) (38, 19)
iter 211 T 0.25 sidx 26 index 12 move create M 20
optimisation finished successfully after 43 iterations, 82 evaluations
create False (20, 20) (21, 21)
iter 212 T 0.25 sidx 30 index 13 move destroy M 20
optimisation finished successfully after 298 iterations, 433 evaluations
destroy False (20, 20) (38, 19)
iter 213 T 0.25 sidx 32 index 14 move create M 20
optimisation finished successfully after 49 iterations, 92 evaluations
create False (20, 20) (21, 21)
iter 214 T 0.25 sidx 35 index 15 move destroy M 20
optimisation finished successfully after 355 iterations, 544 evaluations
destroy False (20, 20) (37, 19)
iter 215 T 0.25 sidx 37 index 16 move create M 20
optimisation finished successfully after 51 iterations, 95 evaluations
create False (20, 20) (21, 21)
iter 216 T 0.25 sidx 38 index 17 move percolate M 20
optimisation finished successfully after 42 iterations, 88 evaluations
optimisation finished successfully after 81 iterations, 139 evaluations
iter 217 T 0.25 sidx 41 index 18 move destroy M 20
optimisation finished successfully after 199 iterations, 313 evaluations
destroy False (20, 20) (32, 19)
iter 218 T 0.25 sidx 42 index 19 move create M 20
iter 219 T 0.25 sidx 44 index 8 move percolate M 20
optimisation finished successfully after 96 iterations, 160 evaluations
optimisation finished successfully after 38 iterations, 79 evaluations
iter 220 T 0.20833333333333337 sidx 0 index 0 move destroy M 20
iter 221 T 0.20833333333333337 sidx 3 index 1 move percolate M 20
optimisation finished successfully after 45 iterations, 80 evaluations
optimisation finished successfully after 28 iterations, 53 evaluations
iter 222 T 0.20833333333333337 sidx 4 index 2 move create M 20
optimisation finished successfully after 24 iterations, 47 evaluations
create False (20, 20) (21, 21)
iter 223 T 0.20833333333333337 sidx 8 index 3 move percolate M 20
optimisation finished successfully after 50 iterations, 95 evaluations
optimisation finished successfully after 52 iterations, 96 evaluations
optimisation finished successfully after 42 iterations, 82 evaluations
iter 224 T 0.20833333333333337 sidx 10 index 4 move create M 20
optimisation finished successfully after 42 iterations, 78 evaluations
create False (20, 20) (21, 21)
iter 225 T 0.20833333333333337 sidx 11 index 5 move destroy M 20
optimisation finished successfully after 344 iterations, 514 evaluations
destroy False (20, 20) (40, 19)
iter 226 T 0.20833333333333337 sidx 12 index 6 move destroy M 20
optimisation finished successfully after 124 iterations, 195 evaluations
destroy False (20, 20) (37, 19)
iter 227 T 0.20833333333333337 sidx 15 index 7 move create M 20
optimisation finished successfully after 49 iterations, 88 evaluations
create False (20, 20) (21, 21)
iter 228 T 0.20833333333333337 sidx 20 index 9 move percolate M 20
optimisation finished successfully after 59 iterations, 108 evaluations
optimisation finished successfully after 58 iterations, 106 evaluations
iter 229 T 0.20833333333333337 sidx 23 index 10 move create M 20
optimisation finished successfully after 47 iterations, 87 evaluations
create False (20, 20) (21, 21)
iter 230 T 0.20833333333333337 sidx 25 index 11 move create M 20
optimisation finished successfully after 36 iterations, 68 evaluations
create False (20, 20) (21, 21)
iter 231 T 0.20833333333333337 sidx 26 index 12 move destroy M 20
optimisation finished successfully after 246 iterations, 370 evaluations
destroy False (20, 20) (42, 19)
iter 232 T 0.20833333333333337 sidx 30 index 13 move create M 20
optimisation finished successfully after 43 iterations, 81 evaluations
create False (20, 20) (21, 21)
iter 233 T 0.20833333333333337 sidx 32 index 14 move percolate M 20
optimisation finished successfully after 69 iterations, 122 evaluations
optimisation finished successfully after 58 iterations, 108 evaluations
optimisation finished successfully after 79 iterations, 139 evaluations
iter 234 T 0.20833333333333337 sidx 35 index 15 move create M 20
optimisation finished successfully after 47 iterations, 88 evaluations
create False (20, 20) (21, 21)
iter 235 T 0.20833333333333337 sidx 37 index 16 move destroy M 20
optimisation finished successfully after 466 iterations, 677 evaluations
destroy False (20, 20) (28, 19)
iter 236 T 0.20833333333333337 sidx 38 index 17 move destroy M 20
optimisation finished successfully after 229 iterations, 341 evaluations
destroy False (20, 20) (34, 19)
iter 237 T 0.20833333333333337 sidx 41 index 18 move create M 20
optimisation finished successfully after 75 iterations, 129 evaluations
create False (20, 20) (21, 21)
iter 238 T 0.20833333333333337 sidx 42 index 19 move percolate M 20
iter 239 T 0.20833333333333337 sidx 44 index 8 move create M 20
optimisation finished successfully after 49 iterations, 88 evaluations
create False (20, 20) (21, 21)
iter 240 T 0.16666666666666663 sidx 0 index 0 move create M 20
optimisation finished successfully after 11 iterations, 22 evaluations
create False (20, 20) (21, 21)
iter 241 T 0.16666666666666663 sidx 3 index 1 move destroy M 20
optimisation finished successfully after 418 iterations, 637 evaluations
destroy False (20, 20) (35, 19)
iter 242 T 0.16666666666666663 sidx 4 index 2 move destroy M 20
optimisation finished successfully after 212 iterations, 312 evaluations
destroy False (20, 20) (37, 19)
iter 243 T 0.16666666666666663 sidx 8 index 3 move destroy M 20
optimisation finished successfully after 194 iterations, 299 evaluations
destroy False (20, 20) (28, 19)
iter 244 T 0.16666666666666663 sidx 10 index 4 move destroy M 20
optimisation finished successfully after 320 iterations, 474 evaluations
destroy False (20, 20) (36, 19)
iter 245 T 0.16666666666666663 sidx 11 index 5 move percolate M 20
optimisation finished successfully after 60 iterations, 107 evaluations
optimisation finished successfully after 45 iterations, 86 evaluations
iter 246 T 0.16666666666666663 sidx 12 index 6 move create M 20
optimisation finished successfully after 81 iterations, 133 evaluations
create False (20, 20) (21, 21)
iter 247 T 0.16666666666666663 sidx 15 index 7 move percolate M 20
optimisation finished successfully after 45 iterations, 85 evaluations
optimisation finished successfully after 53 iterations, 99 evaluations
iter 248 T 0.16666666666666663 sidx 20 index 9 move create M 20
optimisation finished successfully after 42 iterations, 81 evaluations
create False (20, 20) (21, 21)
iter 249 T 0.16666666666666663 sidx 23 index 10 move percolate M 20
optimisation finished successfully after 71 iterations, 122 evaluations
optimisation finished successfully after 84 iterations, 135 evaluations
iter 250 T 0.16666666666666663 sidx 25 index 11 move percolate M 20
optimisation finished successfully after 65 iterations, 114 evaluations
optimisation finished successfully after 64 iterations, 118 evaluations
iter 251 T 0.16666666666666663 sidx 26 index 12 move percolate M 20
optimisation finished successfully after 125 iterations, 196 evaluations
optimisation finished successfully after 52 iterations, 100 evaluations
iter 252 T 0.16666666666666663 sidx 30 index 13 move percolate M 20
optimisation finished successfully after 78 iterations, 133 evaluations
optimisation finished successfully after 53 iterations, 100 evaluations
iter 253 T 0.16666666666666663 sidx 32 index 14 move destroy M 20
optimisation finished successfully after 173 iterations, 272 evaluations
destroy False (20, 20) (37, 19)
iter 254 T 0.16666666666666663 sidx 35 index 15 move percolate M 20
optimisation finished successfully after 67 iterations, 121 evaluations
optimisation finished successfully after 68 iterations, 125 evaluations
iter 255 T 0.16666666666666663 sidx 37 index 16 move percolate M 20
optimisation finished successfully after 63 iterations, 117 evaluations
optimisation finished successfully after 52 iterations, 101 evaluations
iter 256 T 0.16666666666666663 sidx 38 index 17 move create M 20
optimisation finished successfully after 48 iterations, 90 evaluations
create False (20, 20) (21, 21)
iter 257 T 0.16666666666666663 sidx 41 index 18 move percolate M 20
optimisation finished successfully after 33 iterations, 69 evaluations
optimisation finished successfully after 42 iterations, 80 evaluations
iter 258 T 0.16666666666666663 sidx 42 index 19 move destroy M 20
optimisation finished successfully after 63 iterations, 105 evaluations
destroy False (20, 20) (32, 19)
iter 259 T 0.16666666666666663 sidx 44 index 8 move destroy M 20
optimisation finished successfully after 184 iterations, 276 evaluations
destroy False (20, 20) (38, 19)
iter 260 T 0.125 sidx 0 index 0 move destroy M 20
iter 261 T 0.125 sidx 3 index 1 move create M 20
optimisation finished successfully after 51 iterations, 79 evaluations
create False (20, 20) (21, 21)
iter 262 T 0.125 sidx 4 index 2 move destroy M 20
optimisation finished successfully after 212 iterations, 312 evaluations
destroy False (20, 20) (37, 19)
iter 263 T 0.125 sidx 8 index 3 move percolate M 20
optimisation finished successfully after 52 iterations, 96 evaluations
optimisation finished successfully after 42 iterations, 82 evaluations
iter 264 T 0.125 sidx 10 index 4 move percolate M 20
optimisation finished successfully after 58 iterations, 99 evaluations
optimisation finished successfully after 60 iterations, 105 evaluations
iter 265 T 0.125 sidx 11 index 5 move destroy M 20
optimisation finished successfully after 344 iterations, 514 evaluations
destroy False (20, 20) (40, 19)
iter 266 T 0.125 sidx 12 index 6 move destroy M 20
optimisation finished successfully after 124 iterations, 195 evaluations
destroy False (20, 20) (37, 19)
iter 267 T 0.125 sidx 15 index 7 move destroy M 20
optimisation finished successfully after 380 iterations, 568 evaluations
destroy False (20, 20) (41, 19)
iter 268 T 0.125 sidx 20 index 9 move percolate M 20
optimisation finished successfully after 59 iterations, 107 evaluations
optimisation finished successfully after 58 iterations, 107 evaluations
iter 269 T 0.125 sidx 23 index 10 move create M 20
optimisation finished successfully after 47 iterations, 87 evaluations
create False (20, 20) (21, 21)
iter 270 T 0.125 sidx 25 index 11 move create M 20
optimisation finished successfully after 38 iterations, 72 evaluations
create False (20, 20) (21, 21)
iter 271 T 0.125 sidx 26 index 12 move create M 20
optimisation finished successfully after 44 iterations, 82 evaluations
create False (20, 20) (21, 21)
iter 272 T 0.125 sidx 30 index 13 move destroy M 20
optimisation finished successfully after 644 iterations, 931 evaluations
destroy False (20, 20) (39, 19)
iter 273 T 0.125 sidx 32 index 14 move create M 20
optimisation finished successfully after 56 iterations, 104 evaluations
create False (20, 20) (21, 21)
iter 274 T 0.125 sidx 35 index 15 move percolate M 20
optimisation finished successfully after 67 iterations, 121 evaluations
optimisation finished successfully after 68 iterations, 125 evaluations
iter 275 T 0.125 sidx 37 index 16 move create M 20
optimisation finished successfully after 58 iterations, 103 evaluations
create False (20, 20) (21, 21)
iter 276 T 0.125 sidx 38 index 17 move create M 20
optimisation finished successfully after 48 iterations, 90 evaluations
create False (20, 20) (21, 21)
iter 277 T 0.125 sidx 41 index 18 move percolate M 20
optimisation finished successfully after 33 iterations, 69 evaluations
optimisation finished successfully after 42 iterations, 80 evaluations
iter 278 T 0.125 sidx 42 index 19 move percolate M 20
iter 279 T 0.125 sidx 44 index 8 move destroy M 20
optimisation finished successfully after 184 iterations, 276 evaluations
destroy False (20, 20) (38, 19)
iter 280 T 0.10416666666666663 sidx 0 index 0 move percolate M 20
iter 281 T 0.10416666666666663 sidx 3 index 1 move destroy M 20
optimisation finished successfully after 418 iterations, 637 evaluations
destroy False (20, 20) (35, 19)
iter 282 T 0.10416666666666663 sidx 4 index 2 move percolate M 20
optimisation finished successfully after 32 iterations, 62 evaluations
optimisation finished successfully after 37 iterations, 70 evaluations
iter 283 T 0.10416666666666663 sidx 8 index 3 move destroy M 20
optimisation finished successfully after 194 iterations, 299 evaluations
destroy False (20, 20) (28, 19)
iter 284 T 0.10416666666666663 sidx 10 index 4 move create M 20
optimisation finished successfully after 42 iterations, 78 evaluations
create False (20, 20) (21, 21)
iter 285 T 0.10416666666666663 sidx 11 index 5 move percolate M 20
optimisation finished successfully after 60 iterations, 107 evaluations
optimisation finished successfully after 45 iterations, 86 evaluations
iter 286 T 0.10416666666666663 sidx 12 index 6 move create M 20
optimisation finished successfully after 81 iterations, 133 evaluations
create False (20, 20) (21, 21)
iter 287 T 0.10416666666666663 sidx 15 index 7 move create M 20
optimisation finished successfully after 49 iterations, 88 evaluations
create False (20, 20) (21, 21)
iter 288 T 0.10416666666666663 sidx 20 index 9 move create M 20
optimisation finished successfully after 42 iterations, 81 evaluations
create False (20, 20) (21, 21)
iter 289 T 0.10416666666666663 sidx 23 index 10 move percolate M 20
optimisation finished successfully after 71 iterations, 122 evaluations
optimisation finished successfully after 84 iterations, 135 evaluations
iter 290 T 0.10416666666666663 sidx 25 index 11 move destroy M 20
optimisation finished successfully after 282 iterations, 423 evaluations
destroy False (20, 20) (38, 19)
iter 291 T 0.10416666666666663 sidx 26 index 12 move destroy M 20
optimisation finished successfully after 388 iterations, 574 evaluations
destroy False (20, 20) (42, 19)
iter 292 T 0.10416666666666663 sidx 30 index 13 move percolate M 20
optimisation finished successfully after 78 iterations, 133 evaluations
optimisation finished successfully after 53 iterations, 100 evaluations
iter 293 T 0.10416666666666663 sidx 32 index 14 move percolate M 20
optimisation finished successfully after 55 iterations, 103 evaluations
optimisation finished successfully after 79 iterations, 139 evaluations
iter 294 T 0.10416666666666663 sidx 35 index 15 move create M 20
optimisation finished successfully after 47 iterations, 88 evaluations
create False (20, 20) (21, 21)
iter 295 T 0.10416666666666663 sidx 37 index 16 move destroy M 20
optimisation finished successfully after 466 iterations, 677 evaluations
destroy False (20, 20) (28, 19)
iter 296 T 0.10416666666666663 sidx 38 index 17 move percolate M 20
optimisation finished successfully after 43 iterations, 87 evaluations
optimisation finished successfully after 78 iterations, 133 evaluations
iter 297 T 0.10416666666666663 sidx 41 index 18 move destroy M 20
optimisation finished successfully after 260 iterations, 401 evaluations
destroy False (20, 20) (32, 19)
iter 298 T 0.10416666666666663 sidx 42 index 19 move destroy M 20
optimisation finished successfully after 63 iterations, 105 evaluations
destroy False (20, 20) (32, 19)
iter 299 T 0.10416666666666663 sidx 44 index 8 move create M 20
optimisation finished successfully after 49 iterations, 88 evaluations
create False (20, 20) (21, 21)
iter 300 T 0.08333333333333337 sidx 0 index 0 move create M 20
optimisation finished successfully after 11 iterations, 22 evaluations
create False (20, 20) (21, 21)
iter 301 T 0.08333333333333337 sidx 3 index 1 move percolate M 20
optimisation finished successfully after 38 iterations, 67 evaluations
optimisation finished successfully after 32 iterations, 59 evaluations
iter 302 T 0.08333333333333337 sidx 4 index 2 move create M 20
optimisation finished successfully after 30 iterations, 56 evaluations
create False (20, 20) (21, 21)
iter 303 T 0.08333333333333337 sidx 8 